extraction = gigapath, seed = 123, fold = 1, lr = 0.0001, weight_decay = 0.0005, epochs = 8
train 1: loss = 0.7169
val 1: loss = 0.6863 | acc = 0.5000 | precision = 0.4286 | recall = 0.5000 | f1 = 0.4615 | auc = 0.6042
train 2: loss = 0.6387
val 2: loss = 0.6670 | acc = 0.5000 | precision = 0.4444 | recall = 0.6667 | f1 = 0.5333 | auc = 0.6667
train 3: loss = 0.5687
val 3: loss = 0.6512 | acc = 0.5000 | precision = 0.4444 | recall = 0.6667 | f1 = 0.5333 | auc = 0.6458
train 4: loss = 0.5064
val 4: loss = 0.6395 | acc = 0.5714 | precision = 0.5000 | recall = 0.5000 | f1 = 0.5000 | auc = 0.6250
train 5: loss = 0.4433
val 5: loss = 0.6599 | acc = 0.5714 | precision = 0.5000 | recall = 0.6667 | f1 = 0.5714 | auc = 0.6667
train 6: loss = 0.3987
val 6: loss = 0.6612 | acc = 0.5714 | precision = 0.5000 | recall = 0.6667 | f1 = 0.5714 | auc = 0.6667
train 7: loss = 0.3679
val 7: loss = 0.6836 | acc = 0.5000 | precision = 0.4286 | recall = 0.5000 | f1 = 0.4615 | auc = 0.6458
train 8: loss = 0.3499
val 8: loss = 0.6888 | acc = 0.5000 | precision = 0.4286 | recall = 0.5000 | f1 = 0.4615 | auc = 0.6458
test: loss = 0.5990 | acc = 0.6786 | precision = 0.7143 | recall = 0.6667 | f1 = 0.6897 | auc = 0.7282

extraction = gigapath, seed = 123, fold = 2, lr = 0.0001, weight_decay = 0.0005, epochs = 8
train 1: loss = 0.7306
val 1: loss = 0.6869 | acc = 0.5714 | precision = 0.5556 | recall = 0.7143 | f1 = 0.6250 | auc = 0.5510
train 2: loss = 0.6304
val 2: loss = 0.6430 | acc = 0.5000 | precision = 0.5000 | recall = 0.7143 | f1 = 0.5882 | auc = 0.7551
train 3: loss = 0.5651
val 3: loss = 0.6206 | acc = 0.5000 | precision = 0.5000 | recall = 0.7143 | f1 = 0.5882 | auc = 0.7347
train 4: loss = 0.5097
val 4: loss = 0.6041 | acc = 0.5714 | precision = 0.5556 | recall = 0.7143 | f1 = 0.6250 | auc = 0.7755
train 5: loss = 0.4507
val 5: loss = 0.5856 | acc = 0.7143 | precision = 0.7143 | recall = 0.7143 | f1 = 0.7143 | auc = 0.7755
train 6: loss = 0.4070
val 6: loss = 0.5783 | acc = 0.7143 | precision = 0.7143 | recall = 0.7143 | f1 = 0.7143 | auc = 0.7551
train 7: loss = 0.3741
val 7: loss = 0.5754 | acc = 0.7143 | precision = 0.7143 | recall = 0.7143 | f1 = 0.7143 | auc = 0.7551
train 8: loss = 0.3572
val 8: loss = 0.5762 | acc = 0.7143 | precision = 0.7143 | recall = 0.7143 | f1 = 0.7143 | auc = 0.7551
test: loss = 0.6137 | acc = 0.6786 | precision = 0.5833 | recall = 0.6364 | f1 = 0.6087 | auc = 0.7219

extraction = gigapath, seed = 123, fold = 3, lr = 0.0001, weight_decay = 0.0005, epochs = 8
train 1: loss = 0.7299
val 1: loss = 0.6645 | acc = 0.5714 | precision = 0.5000 | recall = 0.5000 | f1 = 0.5000 | auc = 0.6250
train 2: loss = 0.6398
val 2: loss = 0.6041 | acc = 0.6429 | precision = 0.5714 | recall = 0.6667 | f1 = 0.6154 | auc = 0.7708
train 3: loss = 0.5781
val 3: loss = 0.5807 | acc = 0.6429 | precision = 0.5714 | recall = 0.6667 | f1 = 0.6154 | auc = 0.8542
train 4: loss = 0.4955
val 4: loss = 0.5707 | acc = 0.6429 | precision = 0.5714 | recall = 0.6667 | f1 = 0.6154 | auc = 0.8750
train 5: loss = 0.4176
val 5: loss = 0.5545 | acc = 0.7143 | precision = 0.6250 | recall = 0.8333 | f1 = 0.7143 | auc = 0.8333
train 6: loss = 0.3446
val 6: loss = 0.5503 | acc = 0.7143 | precision = 0.6250 | recall = 0.8333 | f1 = 0.7143 | auc = 0.8333
train 7: loss = 0.3066
val 7: loss = 0.5532 | acc = 0.7143 | precision = 0.6250 | recall = 0.8333 | f1 = 0.7143 | auc = 0.8542
train 8: loss = 0.2873
val 8: loss = 0.5504 | acc = 0.7143 | precision = 0.6250 | recall = 0.8333 | f1 = 0.7143 | auc = 0.8542
test: loss = 0.6318 | acc = 0.6786 | precision = 0.6923 | recall = 0.6429 | f1 = 0.6667 | auc = 0.6888

extraction = gigapath, seed = 123, fold = 4, lr = 0.0001, weight_decay = 0.0005, epochs = 8
train 1: loss = 0.7163
val 1: loss = 0.7130 | acc = 0.5000 | precision = 0.6667 | recall = 0.2500 | f1 = 0.3636 | auc = 0.6042
train 2: loss = 0.6135
val 2: loss = 0.7973 | acc = 0.5000 | precision = 0.6667 | recall = 0.2500 | f1 = 0.3636 | auc = 0.4792
train 3: loss = 0.5284
val 3: loss = 0.8330 | acc = 0.5714 | precision = 0.7500 | recall = 0.3750 | f1 = 0.5000 | auc = 0.4375
train 4: loss = 0.4646
val 4: loss = 0.8185 | acc = 0.5714 | precision = 0.7500 | recall = 0.3750 | f1 = 0.5000 | auc = 0.4792
train 5: loss = 0.4092
val 5: loss = 0.7748 | acc = 0.5714 | precision = 0.6667 | recall = 0.5000 | f1 = 0.5714 | auc = 0.5625
train 6: loss = 0.3711
val 6: loss = 0.8863 | acc = 0.5000 | precision = 0.6000 | recall = 0.3750 | f1 = 0.4615 | auc = 0.5000
train 7: loss = 0.3417
val 7: loss = 0.8964 | acc = 0.5714 | precision = 0.6667 | recall = 0.5000 | f1 = 0.5714 | auc = 0.5000
train 8: loss = 0.3288
val 8: loss = 0.9012 | acc = 0.5714 | precision = 0.6667 | recall = 0.5000 | f1 = 0.5714 | auc = 0.5000
test: loss = 0.7234 | acc = 0.5357 | precision = 0.6667 | recall = 0.2667 | f1 = 0.3810 | auc = 0.5949

extraction = gigapath, seed = 123, fold = 5, lr = 0.0001, weight_decay = 0.0005, epochs = 8
train 1: loss = 0.6933
val 1: loss = 0.6698 | acc = 0.6429 | precision = 1.0000 | recall = 0.3750 | f1 = 0.5455 | auc = 0.6667
train 2: loss = 0.6179
val 2: loss = 0.7009 | acc = 0.6429 | precision = 1.0000 | recall = 0.3750 | f1 = 0.5455 | auc = 0.5417
train 3: loss = 0.5188
val 3: loss = 0.7048 | acc = 0.5714 | precision = 0.6667 | recall = 0.5000 | f1 = 0.5714 | auc = 0.6042
train 4: loss = 0.4372
val 4: loss = 0.7521 | acc = 0.5714 | precision = 0.6667 | recall = 0.5000 | f1 = 0.5714 | auc = 0.5625
train 5: loss = 0.3675
val 5: loss = 0.7258 | acc = 0.5714 | precision = 0.6667 | recall = 0.5000 | f1 = 0.5714 | auc = 0.6042
train 6: loss = 0.3093
val 6: loss = 0.7127 | acc = 0.6429 | precision = 0.7143 | recall = 0.6250 | f1 = 0.6667 | auc = 0.6875
train 7: loss = 0.2798
val 7: loss = 0.7071 | acc = 0.7143 | precision = 0.8333 | recall = 0.6250 | f1 = 0.7143 | auc = 0.6875
train 8: loss = 0.2635
val 8: loss = 0.7125 | acc = 0.7143 | precision = 0.8333 | recall = 0.6250 | f1 = 0.7143 | auc = 0.6875
test: loss = 0.7166 | acc = 0.5556 | precision = 0.4545 | recall = 0.4545 | f1 = 0.4545 | auc = 0.4205

extraction = uni, seed = 123, fold = 1, lr = 0.0001, weight_decay = 0.0005, epochs = 8
train 1: loss = 0.7293
val 1: loss = 0.7211 | acc = 0.4286 | precision = 0.4000 | recall = 0.6667 | f1 = 0.5000 | auc = 0.5208
train 2: loss = 0.5941
val 2: loss = 0.7005 | acc = 0.5714 | precision = 0.5000 | recall = 0.8333 | f1 = 0.6250 | auc = 0.6250
train 3: loss = 0.5044
val 3: loss = 0.6447 | acc = 0.6429 | precision = 0.5714 | recall = 0.6667 | f1 = 0.6154 | auc = 0.6875
train 4: loss = 0.4205
val 4: loss = 0.6455 | acc = 0.5714 | precision = 0.5000 | recall = 0.6667 | f1 = 0.5714 | auc = 0.7500
train 5: loss = 0.3581
val 5: loss = 0.6261 | acc = 0.5714 | precision = 0.5000 | recall = 0.6667 | f1 = 0.5714 | auc = 0.7292
train 6: loss = 0.3180
val 6: loss = 0.6426 | acc = 0.5714 | precision = 0.5000 | recall = 0.6667 | f1 = 0.5714 | auc = 0.7292
train 7: loss = 0.2847
val 7: loss = 0.6714 | acc = 0.5714 | precision = 0.5000 | recall = 0.6667 | f1 = 0.5714 | auc = 0.7500
train 8: loss = 0.2741
val 8: loss = 0.6599 | acc = 0.5714 | precision = 0.5000 | recall = 0.6667 | f1 = 0.5714 | auc = 0.7500
test: loss = 0.6374 | acc = 0.6429 | precision = 0.7273 | recall = 0.5333 | f1 = 0.6154 | auc = 0.7077

extraction = uni, seed = 123, fold = 2, lr = 0.0001, weight_decay = 0.0005, epochs = 8
train 1: loss = 0.7361
val 1: loss = 0.7393 | acc = 0.4286 | precision = 0.4444 | recall = 0.5714 | f1 = 0.5000 | auc = 0.4898
train 2: loss = 0.5879
val 2: loss = 0.7034 | acc = 0.5714 | precision = 0.5714 | recall = 0.5714 | f1 = 0.5714 | auc = 0.6327
train 3: loss = 0.5143
val 3: loss = 0.6648 | acc = 0.5714 | precision = 0.5714 | recall = 0.5714 | f1 = 0.5714 | auc = 0.6735
train 4: loss = 0.4444
val 4: loss = 0.6526 | acc = 0.5714 | precision = 0.5714 | recall = 0.5714 | f1 = 0.5714 | auc = 0.6939
train 5: loss = 0.3968
val 5: loss = 0.6586 | acc = 0.5000 | precision = 0.5000 | recall = 0.5714 | f1 = 0.5333 | auc = 0.6735
train 6: loss = 0.3590
val 6: loss = 0.6407 | acc = 0.7143 | precision = 0.8000 | recall = 0.5714 | f1 = 0.6667 | auc = 0.6735
train 7: loss = 0.3357
val 7: loss = 0.6504 | acc = 0.5714 | precision = 0.5714 | recall = 0.5714 | f1 = 0.5714 | auc = 0.6735
train 8: loss = 0.3252
val 8: loss = 0.6479 | acc = 0.6429 | precision = 0.6667 | recall = 0.5714 | f1 = 0.6154 | auc = 0.6735
test: loss = 0.5403 | acc = 0.7143 | precision = 0.6154 | recall = 0.7273 | f1 = 0.6667 | auc = 0.7968

extraction = uni, seed = 123, fold = 3, lr = 0.0001, weight_decay = 0.0005, epochs = 8
train 1: loss = 0.7452
val 1: loss = 0.8080 | acc = 0.2143 | precision = 0.2222 | recall = 0.3333 | f1 = 0.2667 | auc = 0.2708
train 2: loss = 0.6243
val 2: loss = 0.7620 | acc = 0.5000 | precision = 0.4000 | recall = 0.3333 | f1 = 0.3636 | auc = 0.3750
train 3: loss = 0.5564
val 3: loss = 0.7325 | acc = 0.5000 | precision = 0.4000 | recall = 0.3333 | f1 = 0.3636 | auc = 0.4792
train 4: loss = 0.4960
val 4: loss = 0.7321 | acc = 0.4286 | precision = 0.3333 | recall = 0.3333 | f1 = 0.3333 | auc = 0.5417
train 5: loss = 0.4561
val 5: loss = 0.7305 | acc = 0.4286 | precision = 0.3333 | recall = 0.3333 | f1 = 0.3333 | auc = 0.5417
train 6: loss = 0.4104
val 6: loss = 0.7173 | acc = 0.5000 | precision = 0.4000 | recall = 0.3333 | f1 = 0.3636 | auc = 0.5625
train 7: loss = 0.3860
val 7: loss = 0.7254 | acc = 0.5714 | precision = 0.5000 | recall = 0.5000 | f1 = 0.5000 | auc = 0.5625
train 8: loss = 0.3737
val 8: loss = 0.7236 | acc = 0.5714 | precision = 0.5000 | recall = 0.5000 | f1 = 0.5000 | auc = 0.5625
test: loss = 0.4788 | acc = 0.7500 | precision = 0.7059 | recall = 0.8571 | f1 = 0.7742 | auc = 0.8622

extraction = uni, seed = 123, fold = 4, lr = 0.0001, weight_decay = 0.0005, epochs = 8
train 1: loss = 0.7279
val 1: loss = 0.7733 | acc = 0.3571 | precision = 0.4286 | recall = 0.3750 | f1 = 0.4000 | auc = 0.3333
train 2: loss = 0.5917
val 2: loss = 0.7638 | acc = 0.5000 | precision = 0.6667 | recall = 0.2500 | f1 = 0.3636 | auc = 0.5000
train 3: loss = 0.4898
val 3: loss = 0.7049 | acc = 0.5714 | precision = 0.7500 | recall = 0.3750 | f1 = 0.5000 | auc = 0.6042
train 4: loss = 0.4068
val 4: loss = 0.7166 | acc = 0.5714 | precision = 0.7500 | recall = 0.3750 | f1 = 0.5000 | auc = 0.6458
train 5: loss = 0.3646
val 5: loss = 0.7177 | acc = 0.5714 | precision = 0.6667 | recall = 0.5000 | f1 = 0.5714 | auc = 0.6875
train 6: loss = 0.3123
val 6: loss = 0.7011 | acc = 0.6429 | precision = 0.7143 | recall = 0.6250 | f1 = 0.6667 | auc = 0.6875
train 7: loss = 0.2881
val 7: loss = 0.6961 | acc = 0.6429 | precision = 0.7143 | recall = 0.6250 | f1 = 0.6667 | auc = 0.6667
train 8: loss = 0.2729
val 8: loss = 0.7092 | acc = 0.6429 | precision = 0.7143 | recall = 0.6250 | f1 = 0.6667 | auc = 0.7083
test: loss = 0.5913 | acc = 0.6786 | precision = 0.7500 | recall = 0.6000 | f1 = 0.6667 | auc = 0.7692

extraction = uni, seed = 123, fold = 5, lr = 0.0001, weight_decay = 0.0005, epochs = 8
train 1: loss = 0.7477
val 1: loss = 0.7849 | acc = 0.4286 | precision = 0.0000 | recall = 0.0000 | f1 = 0.0000 | auc = 0.4792
train 2: loss = 0.6159
val 2: loss = 0.6746 | acc = 0.5714 | precision = 0.6000 | recall = 0.7500 | f1 = 0.6667 | auc = 0.5625
train 3: loss = 0.5585
val 3: loss = 0.6849 | acc = 0.5714 | precision = 0.7500 | recall = 0.3750 | f1 = 0.5000 | auc = 0.5833
train 4: loss = 0.4961
val 4: loss = 0.6551 | acc = 0.5000 | precision = 0.6000 | recall = 0.3750 | f1 = 0.4615 | auc = 0.6042
train 5: loss = 0.4299
val 5: loss = 0.6444 | acc = 0.5714 | precision = 0.6667 | recall = 0.5000 | f1 = 0.5714 | auc = 0.6042
train 6: loss = 0.3888
val 6: loss = 0.6600 | acc = 0.5714 | precision = 0.6667 | recall = 0.5000 | f1 = 0.5714 | auc = 0.6250
train 7: loss = 0.3614
val 7: loss = 0.6747 | acc = 0.5714 | precision = 0.6667 | recall = 0.5000 | f1 = 0.5714 | auc = 0.6458
train 8: loss = 0.3475
val 8: loss = 0.6782 | acc = 0.5714 | precision = 0.6667 | recall = 0.5000 | f1 = 0.5714 | auc = 0.6458
test: loss = 0.5001 | acc = 0.7407 | precision = 0.6667 | recall = 0.7273 | f1 = 0.6957 | auc = 0.8295

extraction = resnet50, seed = 123, fold = 1, lr = 0.0001, weight_decay = 0.0005, epochs = 8
train 1: loss = 0.6940
val 1: loss = 0.6871 | acc = 0.5714 | precision = 0.0000 | recall = 0.0000 | f1 = 0.0000 | auc = 0.6250
train 2: loss = 0.6920
val 2: loss = 0.6867 | acc = 0.5714 | precision = 0.0000 | recall = 0.0000 | f1 = 0.0000 | auc = 0.6667
train 3: loss = 0.6916
val 3: loss = 0.6857 | acc = 0.5714 | precision = 0.0000 | recall = 0.0000 | f1 = 0.0000 | auc = 0.6875
train 4: loss = 0.6912
val 4: loss = 0.6854 | acc = 0.5714 | precision = 0.0000 | recall = 0.0000 | f1 = 0.0000 | auc = 0.6875
train 5: loss = 0.6910
val 5: loss = 0.6852 | acc = 0.5714 | precision = 0.0000 | recall = 0.0000 | f1 = 0.0000 | auc = 0.6875
train 6: loss = 0.6904
val 6: loss = 0.6849 | acc = 0.5714 | precision = 0.0000 | recall = 0.0000 | f1 = 0.0000 | auc = 0.7083
train 7: loss = 0.6896
val 7: loss = 0.6848 | acc = 0.5714 | precision = 0.0000 | recall = 0.0000 | f1 = 0.0000 | auc = 0.7083
train 8: loss = 0.6892
val 8: loss = 0.6847 | acc = 0.5714 | precision = 0.0000 | recall = 0.0000 | f1 = 0.0000 | auc = 0.7083
test: loss = 0.6994 | acc = 0.4643 | precision = 0.0000 | recall = 0.0000 | f1 = 0.0000 | auc = 0.5897

extraction = resnet50, seed = 123, fold = 2, lr = 0.0001, weight_decay = 0.0005, epochs = 8
train 1: loss = 0.6958
val 1: loss = 0.6934 | acc = 0.5000 | precision = 0.0000 | recall = 0.0000 | f1 = 0.0000 | auc = 0.4490
train 2: loss = 0.6935
val 2: loss = 0.6930 | acc = 0.5000 | precision = 0.0000 | recall = 0.0000 | f1 = 0.0000 | auc = 0.5510
train 3: loss = 0.6946
val 3: loss = 0.6928 | acc = 0.5000 | precision = 0.0000 | recall = 0.0000 | f1 = 0.0000 | auc = 0.5918
train 4: loss = 0.6933
val 4: loss = 0.6926 | acc = 0.5000 | precision = 0.0000 | recall = 0.0000 | f1 = 0.0000 | auc = 0.6122
train 5: loss = 0.6932
val 5: loss = 0.6924 | acc = 0.5000 | precision = 0.0000 | recall = 0.0000 | f1 = 0.0000 | auc = 0.6327
train 6: loss = 0.6925
val 6: loss = 0.6923 | acc = 0.5000 | precision = 0.0000 | recall = 0.0000 | f1 = 0.0000 | auc = 0.6531
train 7: loss = 0.6915
val 7: loss = 0.6922 | acc = 0.5000 | precision = 0.0000 | recall = 0.0000 | f1 = 0.0000 | auc = 0.6531
train 8: loss = 0.6914
val 8: loss = 0.6922 | acc = 0.5000 | precision = 0.0000 | recall = 0.0000 | f1 = 0.0000 | auc = 0.6531
test: loss = 0.6910 | acc = 0.6071 | precision = 0.0000 | recall = 0.0000 | f1 = 0.0000 | auc = 0.4332

extraction = resnet50, seed = 123, fold = 3, lr = 0.0001, weight_decay = 0.0005, epochs = 8
train 1: loss = 0.6960
val 1: loss = 0.6885 | acc = 0.5714 | precision = 0.0000 | recall = 0.0000 | f1 = 0.0000 | auc = 0.4375
train 2: loss = 0.6931
val 2: loss = 0.6887 | acc = 0.5714 | precision = 0.0000 | recall = 0.0000 | f1 = 0.0000 | auc = 0.4792
train 3: loss = 0.6935
val 3: loss = 0.6871 | acc = 0.5714 | precision = 0.0000 | recall = 0.0000 | f1 = 0.0000 | auc = 0.5833
train 4: loss = 0.6929
val 4: loss = 0.6868 | acc = 0.5714 | precision = 0.0000 | recall = 0.0000 | f1 = 0.0000 | auc = 0.6250
train 5: loss = 0.6934
val 5: loss = 0.6868 | acc = 0.5714 | precision = 0.0000 | recall = 0.0000 | f1 = 0.0000 | auc = 0.6250
train 6: loss = 0.6920
val 6: loss = 0.6864 | acc = 0.5714 | precision = 0.0000 | recall = 0.0000 | f1 = 0.0000 | auc = 0.6458
train 7: loss = 0.6914
val 7: loss = 0.6866 | acc = 0.5714 | precision = 0.0000 | recall = 0.0000 | f1 = 0.0000 | auc = 0.6458
train 8: loss = 0.6914
val 8: loss = 0.6865 | acc = 0.5714 | precision = 0.0000 | recall = 0.0000 | f1 = 0.0000 | auc = 0.6458
test: loss = 0.6930 | acc = 0.5000 | precision = 0.0000 | recall = 0.0000 | f1 = 0.0000 | auc = 0.6990

extraction = resnet50, seed = 123, fold = 4, lr = 0.0001, weight_decay = 0.0005, epochs = 8
train 1: loss = 0.6934
val 1: loss = 0.7003 | acc = 0.4286 | precision = 0.0000 | recall = 0.0000 | f1 = 0.0000 | auc = 0.5417
train 2: loss = 0.6899
val 2: loss = 0.7041 | acc = 0.4286 | precision = 0.0000 | recall = 0.0000 | f1 = 0.0000 | auc = 0.6875
train 3: loss = 0.6886
val 3: loss = 0.7086 | acc = 0.4286 | precision = 0.0000 | recall = 0.0000 | f1 = 0.0000 | auc = 0.7292
train 4: loss = 0.6878
val 4: loss = 0.7096 | acc = 0.4286 | precision = 0.0000 | recall = 0.0000 | f1 = 0.0000 | auc = 0.7292
train 5: loss = 0.6876
val 5: loss = 0.7103 | acc = 0.4286 | precision = 0.0000 | recall = 0.0000 | f1 = 0.0000 | auc = 0.7292
train 6: loss = 0.6866
val 6: loss = 0.7116 | acc = 0.4286 | precision = 0.0000 | recall = 0.0000 | f1 = 0.0000 | auc = 0.7500
train 7: loss = 0.6862
val 7: loss = 0.7113 | acc = 0.4286 | precision = 0.0000 | recall = 0.0000 | f1 = 0.0000 | auc = 0.7500
train 8: loss = 0.6860
val 8: loss = 0.7113 | acc = 0.4286 | precision = 0.0000 | recall = 0.0000 | f1 = 0.0000 | auc = 0.7500
test: loss = 0.6971 | acc = 0.4643 | precision = 0.0000 | recall = 0.0000 | f1 = 0.0000 | auc = 0.4667

extraction = resnet50, seed = 123, fold = 5, lr = 0.0001, weight_decay = 0.0005, epochs = 8
train 1: loss = 0.6963
val 1: loss = 0.6950 | acc = 0.4286 | precision = 0.0000 | recall = 0.0000 | f1 = 0.0000 | auc = 0.4792
train 2: loss = 0.6961
val 2: loss = 0.6951 | acc = 0.4286 | precision = 0.0000 | recall = 0.0000 | f1 = 0.0000 | auc = 0.5417
train 3: loss = 0.6932
val 3: loss = 0.6948 | acc = 0.4286 | precision = 0.0000 | recall = 0.0000 | f1 = 0.0000 | auc = 0.6458
train 4: loss = 0.6936
val 4: loss = 0.6970 | acc = 0.4286 | precision = 0.0000 | recall = 0.0000 | f1 = 0.0000 | auc = 0.6667
train 5: loss = 0.6923
val 5: loss = 0.6954 | acc = 0.4286 | precision = 0.0000 | recall = 0.0000 | f1 = 0.0000 | auc = 0.6458
train 6: loss = 0.6919
val 6: loss = 0.6954 | acc = 0.4286 | precision = 0.0000 | recall = 0.0000 | f1 = 0.0000 | auc = 0.6458
train 7: loss = 0.6918
val 7: loss = 0.6959 | acc = 0.4286 | precision = 0.0000 | recall = 0.0000 | f1 = 0.0000 | auc = 0.6458
train 8: loss = 0.6916
val 8: loss = 0.6960 | acc = 0.4286 | precision = 0.0000 | recall = 0.0000 | f1 = 0.0000 | auc = 0.6458
test: loss = 0.6897 | acc = 0.5926 | precision = 0.0000 | recall = 0.0000 | f1 = 0.0000 | auc = 0.5170

