extraction = gigapath, seed = 123, fold = 1, lr = 0.0001, weight_decay = 0.001, epochs = 10
train 1: loss = 0.6011
val 1: loss = 0.5733 | acc = 0.7857 | precision = 0.8000 | recall = 0.8889 | f1 = 0.8421 | auc = 0.8444
train 2: loss = 0.4921
val 2: loss = 0.5797 | acc = 0.7143 | precision = 0.8571 | recall = 0.6667 | f1 = 0.7500 | auc = 0.8667
train 3: loss = 0.3387
val 3: loss = 0.5895 | acc = 0.7143 | precision = 1.0000 | recall = 0.5556 | f1 = 0.7143 | auc = 0.9111
train 4: loss = 0.2566
val 4: loss = 0.4660 | acc = 0.7143 | precision = 0.8571 | recall = 0.6667 | f1 = 0.7500 | auc = 0.9333
train 5: loss = 0.2086
val 5: loss = 0.4116 | acc = 0.7143 | precision = 0.8571 | recall = 0.6667 | f1 = 0.7500 | auc = 0.9333
train 6: loss = 0.1401
val 6: loss = 0.3886 | acc = 0.7143 | precision = 0.8571 | recall = 0.6667 | f1 = 0.7500 | auc = 0.9333
train 7: loss = 0.1080
val 7: loss = 0.4109 | acc = 0.7857 | precision = 0.8750 | recall = 0.7778 | f1 = 0.8235 | auc = 0.9333
train 8: loss = 0.0755
val 8: loss = 0.4258 | acc = 0.8571 | precision = 0.8889 | recall = 0.8889 | f1 = 0.8889 | auc = 0.9111
train 9: loss = 0.0605
val 9: loss = 0.4234 | acc = 0.8571 | precision = 0.8889 | recall = 0.8889 | f1 = 0.8889 | auc = 0.8667
train 10: loss = 0.0537
val 10: loss = 0.4364 | acc = 0.8571 | precision = 0.8889 | recall = 0.8889 | f1 = 0.8889 | auc = 0.8667
test: loss = 0.5942 | acc = 0.7500 | precision = 0.7857 | recall = 0.7333 | f1 = 0.7586 | auc = 0.8154

extraction = gigapath, seed = 123, fold = 2, lr = 0.0001, weight_decay = 0.001, epochs = 10
train 1: loss = 0.6093
val 1: loss = 0.5992 | acc = 0.6429 | precision = 0.7778 | recall = 0.7000 | f1 = 0.7368 | auc = 0.7750
train 2: loss = 0.5206
val 2: loss = 0.5237 | acc = 0.7857 | precision = 0.8889 | recall = 0.8000 | f1 = 0.8421 | auc = 0.8500
train 3: loss = 0.3363
val 3: loss = 0.5189 | acc = 0.7143 | precision = 0.8750 | recall = 0.7000 | f1 = 0.7778 | auc = 0.8750
train 4: loss = 0.2708
val 4: loss = 0.4357 | acc = 0.7857 | precision = 0.8889 | recall = 0.8000 | f1 = 0.8421 | auc = 0.9000
train 5: loss = 0.2451
val 5: loss = 0.4404 | acc = 0.7857 | precision = 1.0000 | recall = 0.7000 | f1 = 0.8235 | auc = 0.9500
train 6: loss = 0.1866
val 6: loss = 0.3301 | acc = 0.8571 | precision = 0.9000 | recall = 0.9000 | f1 = 0.9000 | auc = 0.9750
train 7: loss = 0.1624
val 7: loss = 0.3619 | acc = 0.8571 | precision = 1.0000 | recall = 0.8000 | f1 = 0.8889 | auc = 0.9500
train 8: loss = 0.1333
val 8: loss = 0.2799 | acc = 0.9286 | precision = 0.9091 | recall = 1.0000 | f1 = 0.9524 | auc = 0.9750
train 9: loss = 0.1227
val 9: loss = 0.2743 | acc = 0.8571 | precision = 0.9000 | recall = 0.9000 | f1 = 0.9000 | auc = 0.9750
train 10: loss = 0.1123
val 10: loss = 0.2603 | acc = 0.9286 | precision = 0.9091 | recall = 1.0000 | f1 = 0.9524 | auc = 0.9750
test: loss = 0.3322 | acc = 0.8929 | precision = 0.7778 | recall = 0.8750 | f1 = 0.8235 | auc = 0.9250

extraction = gigapath, seed = 123, fold = 3, lr = 0.0001, weight_decay = 0.001, epochs = 10
train 1: loss = 0.5873
val 1: loss = 0.6930 | acc = 0.5714 | precision = 1.0000 | recall = 0.3333 | f1 = 0.5000 | auc = 0.7778
train 2: loss = 0.5001
val 2: loss = 0.5225 | acc = 0.7857 | precision = 0.8750 | recall = 0.7778 | f1 = 0.8235 | auc = 0.9111
train 3: loss = 0.3323
val 3: loss = 0.4683 | acc = 0.8571 | precision = 1.0000 | recall = 0.7778 | f1 = 0.8750 | auc = 0.9333
train 4: loss = 0.2602
val 4: loss = 0.3881 | acc = 0.7857 | precision = 0.8000 | recall = 0.8889 | f1 = 0.8421 | auc = 0.9333
train 5: loss = 0.2236
val 5: loss = 0.3470 | acc = 0.9286 | precision = 1.0000 | recall = 0.8889 | f1 = 0.9412 | auc = 0.9333
train 6: loss = 0.1623
val 6: loss = 0.4023 | acc = 0.9286 | precision = 1.0000 | recall = 0.8889 | f1 = 0.9412 | auc = 0.9333
train 7: loss = 0.1412
val 7: loss = 0.3620 | acc = 0.9286 | precision = 1.0000 | recall = 0.8889 | f1 = 0.9412 | auc = 0.9333
train 8: loss = 0.1182
val 8: loss = 0.2929 | acc = 0.9286 | precision = 1.0000 | recall = 0.8889 | f1 = 0.9412 | auc = 0.9333
train 9: loss = 0.1012
val 9: loss = 0.3050 | acc = 0.9286 | precision = 1.0000 | recall = 0.8889 | f1 = 0.9412 | auc = 0.9333
train 10: loss = 0.0930
val 10: loss = 0.2871 | acc = 0.9286 | precision = 1.0000 | recall = 0.8889 | f1 = 0.9412 | auc = 0.9333
test: loss = 0.7943 | acc = 0.6786 | precision = 0.6471 | recall = 0.7857 | f1 = 0.7097 | auc = 0.7602

extraction = gigapath, seed = 123, fold = 4, lr = 0.0001, weight_decay = 0.001, epochs = 10
train 1: loss = 0.6119
val 1: loss = 0.6136 | acc = 0.7857 | precision = 1.0000 | recall = 0.5714 | f1 = 0.7273 | auc = 0.7959
train 2: loss = 0.4888
val 2: loss = 0.5230 | acc = 0.7857 | precision = 0.7500 | recall = 0.8571 | f1 = 0.8000 | auc = 0.8776
train 3: loss = 0.3334
val 3: loss = 0.4883 | acc = 0.8571 | precision = 1.0000 | recall = 0.7143 | f1 = 0.8333 | auc = 0.8776
train 4: loss = 0.2753
val 4: loss = 0.4501 | acc = 0.7143 | precision = 0.6667 | recall = 0.8571 | f1 = 0.7500 | auc = 0.8776
train 5: loss = 0.2350
val 5: loss = 0.4000 | acc = 0.8571 | precision = 1.0000 | recall = 0.7143 | f1 = 0.8333 | auc = 0.8980
train 6: loss = 0.1821
val 6: loss = 0.4075 | acc = 0.8571 | precision = 1.0000 | recall = 0.7143 | f1 = 0.8333 | auc = 0.8776
train 7: loss = 0.1628
val 7: loss = 0.3871 | acc = 0.8571 | precision = 1.0000 | recall = 0.7143 | f1 = 0.8333 | auc = 0.9388
train 8: loss = 0.1358
val 8: loss = 0.3303 | acc = 0.7857 | precision = 0.7500 | recall = 0.8571 | f1 = 0.8000 | auc = 0.9388
train 9: loss = 0.1197
val 9: loss = 0.3370 | acc = 0.9286 | precision = 1.0000 | recall = 0.8571 | f1 = 0.9231 | auc = 0.9388
train 10: loss = 0.1099
val 10: loss = 0.3246 | acc = 0.9286 | precision = 1.0000 | recall = 0.8571 | f1 = 0.9231 | auc = 0.9388
test: loss = 0.5968 | acc = 0.6429 | precision = 0.7500 | recall = 0.5625 | f1 = 0.6429 | auc = 0.7656

extraction = gigapath, seed = 123, fold = 5, lr = 0.0001, weight_decay = 0.001, epochs = 10
train 1: loss = 0.6061
val 1: loss = 0.5961 | acc = 0.6429 | precision = 0.0000 | recall = 0.0000 | f1 = 0.0000 | auc = 0.7556
train 2: loss = 0.4611
val 2: loss = 0.5715 | acc = 0.6429 | precision = 0.5000 | recall = 0.4000 | f1 = 0.4444 | auc = 0.7333
train 3: loss = 0.3523
val 3: loss = 0.5899 | acc = 0.7143 | precision = 0.6667 | recall = 0.4000 | f1 = 0.5000 | auc = 0.6889
train 4: loss = 0.2848
val 4: loss = 0.6227 | acc = 0.6429 | precision = 0.5000 | recall = 0.8000 | f1 = 0.6154 | auc = 0.6889
train 5: loss = 0.2444
val 5: loss = 0.5580 | acc = 0.6429 | precision = 0.5000 | recall = 0.4000 | f1 = 0.4444 | auc = 0.7333
train 6: loss = 0.1905
val 6: loss = 0.5981 | acc = 0.7857 | precision = 1.0000 | recall = 0.4000 | f1 = 0.5714 | auc = 0.7778
train 7: loss = 0.1452
val 7: loss = 0.6298 | acc = 0.6429 | precision = 0.5000 | recall = 0.8000 | f1 = 0.6154 | auc = 0.8444
train 8: loss = 0.1230
val 8: loss = 0.5378 | acc = 0.6429 | precision = 0.5000 | recall = 0.8000 | f1 = 0.6154 | auc = 0.8444
train 9: loss = 0.1047
val 9: loss = 0.5093 | acc = 0.7143 | precision = 0.5714 | recall = 0.8000 | f1 = 0.6667 | auc = 0.8667
train 10: loss = 0.0941
val 10: loss = 0.5173 | acc = 0.7143 | precision = 0.5714 | recall = 0.8000 | f1 = 0.6667 | auc = 0.8889
test: loss = 0.4655 | acc = 0.7407 | precision = 0.8000 | recall = 0.6154 | f1 = 0.6957 | auc = 0.8462

extraction = uni, seed = 123, fold = 1, lr = 0.0001, weight_decay = 0.001, epochs = 10
train 1: loss = 0.6099
val 1: loss = 0.7089 | acc = 0.5714 | precision = 0.8000 | recall = 0.4444 | f1 = 0.5714 | auc = 0.7778
train 2: loss = 0.4576
val 2: loss = 0.5559 | acc = 0.6429 | precision = 0.6667 | recall = 0.8889 | f1 = 0.7619 | auc = 0.8667
train 3: loss = 0.3329
val 3: loss = 0.5672 | acc = 0.8571 | precision = 0.8889 | recall = 0.8889 | f1 = 0.8889 | auc = 0.8889
train 4: loss = 0.2686
val 4: loss = 0.4625 | acc = 0.7857 | precision = 0.8000 | recall = 0.8889 | f1 = 0.8421 | auc = 0.8667
train 5: loss = 0.2151
val 5: loss = 0.5062 | acc = 0.7857 | precision = 0.8750 | recall = 0.7778 | f1 = 0.8235 | auc = 0.8667
train 6: loss = 0.1591
val 6: loss = 0.3942 | acc = 0.8571 | precision = 0.8889 | recall = 0.8889 | f1 = 0.8889 | auc = 0.8889
train 7: loss = 0.1149
val 7: loss = 0.5658 | acc = 0.7143 | precision = 0.8571 | recall = 0.6667 | f1 = 0.7500 | auc = 0.8667
train 8: loss = 0.0913
val 8: loss = 0.3718 | acc = 0.8571 | precision = 0.8889 | recall = 0.8889 | f1 = 0.8889 | auc = 0.8889
train 9: loss = 0.0703
val 9: loss = 0.3652 | acc = 0.8571 | precision = 0.8889 | recall = 0.8889 | f1 = 0.8889 | auc = 0.8889
train 10: loss = 0.0610
val 10: loss = 0.3630 | acc = 0.7857 | precision = 0.8750 | recall = 0.7778 | f1 = 0.8235 | auc = 0.8889
test: loss = 0.5140 | acc = 0.8214 | precision = 0.8125 | recall = 0.8667 | f1 = 0.8387 | auc = 0.8615

extraction = uni, seed = 123, fold = 2, lr = 0.0001, weight_decay = 0.001, epochs = 10
train 1: loss = 0.6274
val 1: loss = 0.6622 | acc = 0.7857 | precision = 0.8889 | recall = 0.8000 | f1 = 0.8421 | auc = 0.7250
train 2: loss = 0.4471
val 2: loss = 0.5205 | acc = 0.7143 | precision = 0.8000 | recall = 0.8000 | f1 = 0.8000 | auc = 0.7500
train 3: loss = 0.3319
val 3: loss = 0.6737 | acc = 0.7857 | precision = 0.8889 | recall = 0.8000 | f1 = 0.8421 | auc = 0.8500
train 4: loss = 0.2657
val 4: loss = 0.4578 | acc = 0.7143 | precision = 0.7500 | recall = 0.9000 | f1 = 0.8182 | auc = 0.8500
train 5: loss = 0.2333
val 5: loss = 0.5826 | acc = 0.7857 | precision = 0.8889 | recall = 0.8000 | f1 = 0.8421 | auc = 0.8750
train 6: loss = 0.2003
val 6: loss = 0.5746 | acc = 0.7857 | precision = 0.8889 | recall = 0.8000 | f1 = 0.8421 | auc = 0.8750
train 7: loss = 0.1653
val 7: loss = 0.6553 | acc = 0.7143 | precision = 0.8750 | recall = 0.7000 | f1 = 0.7778 | auc = 0.8750
train 8: loss = 0.1394
val 8: loss = 0.5377 | acc = 0.7857 | precision = 0.8889 | recall = 0.8000 | f1 = 0.8421 | auc = 0.8750
train 9: loss = 0.1220
val 9: loss = 0.5419 | acc = 0.7857 | precision = 0.8889 | recall = 0.8000 | f1 = 0.8421 | auc = 0.8750
train 10: loss = 0.1144
val 10: loss = 0.5603 | acc = 0.7857 | precision = 0.8889 | recall = 0.8000 | f1 = 0.8421 | auc = 0.8750
test: loss = 0.6358 | acc = 0.6429 | precision = 0.4444 | recall = 1.0000 | f1 = 0.6154 | auc = 0.9000

extraction = uni, seed = 123, fold = 3, lr = 0.0001, weight_decay = 0.001, epochs = 10
train 1: loss = 0.6504
val 1: loss = 0.5517 | acc = 0.7857 | precision = 0.8000 | recall = 0.8889 | f1 = 0.8421 | auc = 0.9556
train 2: loss = 0.4218
val 2: loss = 0.4768 | acc = 0.7857 | precision = 0.8000 | recall = 0.8889 | f1 = 0.8421 | auc = 0.9333
train 3: loss = 0.3161
val 3: loss = 0.4574 | acc = 0.8571 | precision = 0.8889 | recall = 0.8889 | f1 = 0.8889 | auc = 0.9333
train 4: loss = 0.2514
val 4: loss = 0.4201 | acc = 0.7857 | precision = 0.8000 | recall = 0.8889 | f1 = 0.8421 | auc = 0.9333
train 5: loss = 0.1882
val 5: loss = 0.4183 | acc = 0.7857 | precision = 0.8000 | recall = 0.8889 | f1 = 0.8421 | auc = 0.9333
train 6: loss = 0.1504
val 6: loss = 0.4363 | acc = 0.7143 | precision = 0.7273 | recall = 0.8889 | f1 = 0.8000 | auc = 0.8667
train 7: loss = 0.1172
val 7: loss = 0.4289 | acc = 0.7143 | precision = 0.7273 | recall = 0.8889 | f1 = 0.8000 | auc = 0.8889
train 8: loss = 0.0935
val 8: loss = 0.4794 | acc = 0.7857 | precision = 0.8750 | recall = 0.7778 | f1 = 0.8235 | auc = 0.8444
train 9: loss = 0.0800
val 9: loss = 0.4493 | acc = 0.7143 | precision = 0.7273 | recall = 0.8889 | f1 = 0.8000 | auc = 0.8222
train 10: loss = 0.0750
val 10: loss = 0.4513 | acc = 0.7857 | precision = 0.8750 | recall = 0.7778 | f1 = 0.8235 | auc = 0.8222
test: loss = 0.6410 | acc = 0.6429 | precision = 0.6250 | recall = 0.7143 | f1 = 0.6667 | auc = 0.7755

extraction = uni, seed = 123, fold = 4, lr = 0.0001, weight_decay = 0.001, epochs = 10
train 1: loss = 0.6013
val 1: loss = 0.4864 | acc = 0.8571 | precision = 1.0000 | recall = 0.7143 | f1 = 0.8333 | auc = 0.9592
train 2: loss = 0.4006
val 2: loss = 0.4196 | acc = 0.9286 | precision = 1.0000 | recall = 0.8571 | f1 = 0.9231 | auc = 0.9592
train 3: loss = 0.2784
val 3: loss = 0.4542 | acc = 0.7143 | precision = 1.0000 | recall = 0.4286 | f1 = 0.6000 | auc = 0.9592
train 4: loss = 0.2325
val 4: loss = 0.3284 | acc = 0.8571 | precision = 0.8571 | recall = 0.8571 | f1 = 0.8571 | auc = 0.9184
train 5: loss = 0.1870
val 5: loss = 0.2840 | acc = 0.9286 | precision = 1.0000 | recall = 0.8571 | f1 = 0.9231 | auc = 0.9388
train 6: loss = 0.1599
val 6: loss = 0.2806 | acc = 0.9286 | precision = 1.0000 | recall = 0.8571 | f1 = 0.9231 | auc = 0.9388
train 7: loss = 0.1289
val 7: loss = 0.2481 | acc = 0.9286 | precision = 1.0000 | recall = 0.8571 | f1 = 0.9231 | auc = 0.9796
train 8: loss = 0.1199
val 8: loss = 0.2300 | acc = 0.9286 | precision = 1.0000 | recall = 0.8571 | f1 = 0.9231 | auc = 0.9796
train 9: loss = 0.1009
val 9: loss = 0.2476 | acc = 0.9286 | precision = 1.0000 | recall = 0.8571 | f1 = 0.9231 | auc = 0.9796
train 10: loss = 0.0927
val 10: loss = 0.2255 | acc = 0.9286 | precision = 1.0000 | recall = 0.8571 | f1 = 0.9231 | auc = 0.9796
test: loss = 0.8849 | acc = 0.5000 | precision = 0.5714 | recall = 0.5000 | f1 = 0.5333 | auc = 0.5990

extraction = uni, seed = 123, fold = 5, lr = 0.0001, weight_decay = 0.001, epochs = 10
train 1: loss = 0.6359
val 1: loss = 0.5534 | acc = 0.6429 | precision = 0.0000 | recall = 0.0000 | f1 = 0.0000 | auc = 0.8000
train 2: loss = 0.4543
val 2: loss = 0.5364 | acc = 0.6429 | precision = 0.5000 | recall = 0.4000 | f1 = 0.4444 | auc = 0.7778
train 3: loss = 0.3502
val 3: loss = 0.5817 | acc = 0.7143 | precision = 1.0000 | recall = 0.2000 | f1 = 0.3333 | auc = 0.7333
train 4: loss = 0.2871
val 4: loss = 0.6410 | acc = 0.6429 | precision = 0.5000 | recall = 0.2000 | f1 = 0.2857 | auc = 0.6889
train 5: loss = 0.2479
val 5: loss = 0.6598 | acc = 0.5714 | precision = 0.4000 | recall = 0.4000 | f1 = 0.4000 | auc = 0.6667
train 6: loss = 0.2108
val 6: loss = 0.6581 | acc = 0.5714 | precision = 0.4286 | recall = 0.6000 | f1 = 0.5000 | auc = 0.6889
train 7: loss = 0.1810
val 7: loss = 0.6243 | acc = 0.6429 | precision = 0.5000 | recall = 0.4000 | f1 = 0.4444 | auc = 0.7333
train 8: loss = 0.1443
val 8: loss = 0.6389 | acc = 0.6429 | precision = 0.5000 | recall = 0.4000 | f1 = 0.4444 | auc = 0.7333
train 9: loss = 0.1242
val 9: loss = 0.6576 | acc = 0.6429 | precision = 0.5000 | recall = 0.6000 | f1 = 0.5455 | auc = 0.7556
train 10: loss = 0.1146
val 10: loss = 0.6691 | acc = 0.6429 | precision = 0.5000 | recall = 0.6000 | f1 = 0.5455 | auc = 0.7556
test: loss = 0.4421 | acc = 0.8889 | precision = 0.9167 | recall = 0.8462 | f1 = 0.8800 | auc = 0.9121

extraction = resnet50, seed = 123, fold = 1, lr = 0.0001, weight_decay = 0.001, epochs = 10
train 1: loss = 0.6910
val 1: loss = 0.7513 | acc = 0.3571 | precision = 0.0000 | recall = 0.0000 | f1 = 0.0000 | auc = 0.6667
train 2: loss = 0.6807
val 2: loss = 0.7290 | acc = 0.3571 | precision = 0.0000 | recall = 0.0000 | f1 = 0.0000 | auc = 0.6444
train 3: loss = 0.6508
val 3: loss = 0.7376 | acc = 0.3571 | precision = 0.0000 | recall = 0.0000 | f1 = 0.0000 | auc = 0.6000
train 4: loss = 0.6098
val 4: loss = 0.7272 | acc = 0.3571 | precision = 0.0000 | recall = 0.0000 | f1 = 0.0000 | auc = 0.6222
train 5: loss = 0.5857
val 5: loss = 0.7417 | acc = 0.3571 | precision = 0.0000 | recall = 0.0000 | f1 = 0.0000 | auc = 0.6000
train 6: loss = 0.5691
val 6: loss = 0.7473 | acc = 0.3571 | precision = 0.0000 | recall = 0.0000 | f1 = 0.0000 | auc = 0.6222
train 7: loss = 0.5591
val 7: loss = 0.7435 | acc = 0.3571 | precision = 0.0000 | recall = 0.0000 | f1 = 0.0000 | auc = 0.6000
train 8: loss = 0.5492
val 8: loss = 0.7439 | acc = 0.3571 | precision = 0.0000 | recall = 0.0000 | f1 = 0.0000 | auc = 0.6000
train 9: loss = 0.5428
val 9: loss = 0.7407 | acc = 0.3571 | precision = 0.0000 | recall = 0.0000 | f1 = 0.0000 | auc = 0.6000
train 10: loss = 0.5403
val 10: loss = 0.7407 | acc = 0.3571 | precision = 0.0000 | recall = 0.0000 | f1 = 0.0000 | auc = 0.6000
test: loss = 0.7016 | acc = 0.4643 | precision = 0.0000 | recall = 0.0000 | f1 = 0.0000 | auc = 0.7077

extraction = resnet50, seed = 123, fold = 2, lr = 0.0001, weight_decay = 0.001, epochs = 10
train 1: loss = 0.6920
val 1: loss = 0.6989 | acc = 0.2857 | precision = 0.0000 | recall = 0.0000 | f1 = 0.0000 | auc = 0.6500
train 2: loss = 0.6776
val 2: loss = 0.6877 | acc = 0.7857 | precision = 0.7692 | recall = 1.0000 | f1 = 0.8696 | auc = 0.7000
train 3: loss = 0.6433
val 3: loss = 0.6911 | acc = 0.5000 | precision = 0.8000 | recall = 0.4000 | f1 = 0.5333 | auc = 0.7000
train 4: loss = 0.5898
val 4: loss = 0.6815 | acc = 0.7143 | precision = 0.7143 | recall = 1.0000 | f1 = 0.8333 | auc = 0.7250
train 5: loss = 0.5385
val 5: loss = 0.6766 | acc = 0.7143 | precision = 0.7143 | recall = 1.0000 | f1 = 0.8333 | auc = 0.7000
train 6: loss = 0.5173
val 6: loss = 0.6916 | acc = 0.5000 | precision = 0.8000 | recall = 0.4000 | f1 = 0.5333 | auc = 0.7250
train 7: loss = 0.5075
val 7: loss = 0.6966 | acc = 0.5000 | precision = 1.0000 | recall = 0.3000 | f1 = 0.4615 | auc = 0.7250
train 8: loss = 0.5037
val 8: loss = 0.6969 | acc = 0.5000 | precision = 1.0000 | recall = 0.3000 | f1 = 0.4615 | auc = 0.7250
train 9: loss = 0.4999
val 9: loss = 0.6942 | acc = 0.5000 | precision = 0.8000 | recall = 0.4000 | f1 = 0.5333 | auc = 0.7250
train 10: loss = 0.4979
val 10: loss = 0.6942 | acc = 0.5000 | precision = 0.8000 | recall = 0.4000 | f1 = 0.5333 | auc = 0.7250
test: loss = 0.7021 | acc = 0.2857 | precision = 0.2857 | recall = 1.0000 | f1 = 0.4444 | auc = 0.8375

extraction = resnet50, seed = 123, fold = 3, lr = 0.0001, weight_decay = 0.001, epochs = 10
train 1: loss = 0.6960
val 1: loss = 0.7122 | acc = 0.3571 | precision = 0.0000 | recall = 0.0000 | f1 = 0.0000 | auc = 0.7778
train 2: loss = 0.6785
val 2: loss = 0.7044 | acc = 0.3571 | precision = 0.0000 | recall = 0.0000 | f1 = 0.0000 | auc = 0.8222
train 3: loss = 0.6420
val 3: loss = 0.7108 | acc = 0.3571 | precision = 0.0000 | recall = 0.0000 | f1 = 0.0000 | auc = 0.8222
train 4: loss = 0.5934
val 4: loss = 0.7265 | acc = 0.3571 | precision = 0.0000 | recall = 0.0000 | f1 = 0.0000 | auc = 0.8222
train 5: loss = 0.5592
val 5: loss = 0.7163 | acc = 0.3571 | precision = 0.0000 | recall = 0.0000 | f1 = 0.0000 | auc = 0.8222
train 6: loss = 0.5404
val 6: loss = 0.7178 | acc = 0.3571 | precision = 0.0000 | recall = 0.0000 | f1 = 0.0000 | auc = 0.8222
train 7: loss = 0.5250
val 7: loss = 0.7201 | acc = 0.3571 | precision = 0.0000 | recall = 0.0000 | f1 = 0.0000 | auc = 0.8222
train 8: loss = 0.5224
val 8: loss = 0.7223 | acc = 0.3571 | precision = 0.0000 | recall = 0.0000 | f1 = 0.0000 | auc = 0.8222
train 9: loss = 0.5239
val 9: loss = 0.7217 | acc = 0.3571 | precision = 0.0000 | recall = 0.0000 | f1 = 0.0000 | auc = 0.8222
train 10: loss = 0.5177
val 10: loss = 0.7222 | acc = 0.3571 | precision = 0.0000 | recall = 0.0000 | f1 = 0.0000 | auc = 0.8222
test: loss = 0.6922 | acc = 0.5000 | precision = 0.0000 | recall = 0.0000 | f1 = 0.0000 | auc = 0.7500

extraction = resnet50, seed = 123, fold = 4, lr = 0.0001, weight_decay = 0.001, epochs = 10
train 1: loss = 0.6925
val 1: loss = 0.6935 | acc = 0.5000 | precision = 0.0000 | recall = 0.0000 | f1 = 0.0000 | auc = 0.8163
train 2: loss = 0.6837
val 2: loss = 0.6918 | acc = 0.5000 | precision = 0.0000 | recall = 0.0000 | f1 = 0.0000 | auc = 0.8367
train 3: loss = 0.6603
val 3: loss = 0.6940 | acc = 0.5000 | precision = 0.0000 | recall = 0.0000 | f1 = 0.0000 | auc = 0.7959
train 4: loss = 0.6240
val 4: loss = 0.6990 | acc = 0.5000 | precision = 0.0000 | recall = 0.0000 | f1 = 0.0000 | auc = 0.7959
train 5: loss = 0.5846
val 5: loss = 0.6924 | acc = 0.5000 | precision = 0.0000 | recall = 0.0000 | f1 = 0.0000 | auc = 0.7959
train 6: loss = 0.5636
val 6: loss = 0.6921 | acc = 0.5000 | precision = 0.0000 | recall = 0.0000 | f1 = 0.0000 | auc = 0.7959
train 7: loss = 0.5507
val 7: loss = 0.6917 | acc = 0.5000 | precision = 0.0000 | recall = 0.0000 | f1 = 0.0000 | auc = 0.7959
train 8: loss = 0.5403
val 8: loss = 0.6902 | acc = 0.5000 | precision = 0.0000 | recall = 0.0000 | f1 = 0.0000 | auc = 0.7959
train 9: loss = 0.5353
val 9: loss = 0.6903 | acc = 0.5000 | precision = 0.0000 | recall = 0.0000 | f1 = 0.0000 | auc = 0.7959
train 10: loss = 0.5342
val 10: loss = 0.6904 | acc = 0.5000 | precision = 0.0000 | recall = 0.0000 | f1 = 0.0000 | auc = 0.7959
test: loss = 0.7090 | acc = 0.4286 | precision = 0.0000 | recall = 0.0000 | f1 = 0.0000 | auc = 0.5729

extraction = resnet50, seed = 123, fold = 5, lr = 0.0001, weight_decay = 0.001, epochs = 10
train 1: loss = 0.6958
val 1: loss = 0.6928 | acc = 0.3571 | precision = 0.3571 | recall = 1.0000 | f1 = 0.5263 | auc = 0.8667
train 2: loss = 0.6882
val 2: loss = 0.6824 | acc = 0.6429 | precision = 0.0000 | recall = 0.0000 | f1 = 0.0000 | auc = 0.8667
train 3: loss = 0.6702
val 3: loss = 0.6909 | acc = 0.5714 | precision = 0.4444 | recall = 0.8000 | f1 = 0.5714 | auc = 0.8444
train 4: loss = 0.6265
val 4: loss = 0.6698 | acc = 0.6429 | precision = 0.0000 | recall = 0.0000 | f1 = 0.0000 | auc = 0.8444
train 5: loss = 0.5742
val 5: loss = 0.6880 | acc = 0.8571 | precision = 1.0000 | recall = 0.6000 | f1 = 0.7500 | auc = 0.8222
train 6: loss = 0.5407
val 6: loss = 0.6885 | acc = 0.7857 | precision = 0.6667 | recall = 0.8000 | f1 = 0.7273 | auc = 0.8222
train 7: loss = 0.5242
val 7: loss = 0.6805 | acc = 0.6429 | precision = 0.0000 | recall = 0.0000 | f1 = 0.0000 | auc = 0.8222
train 8: loss = 0.5158
val 8: loss = 0.6805 | acc = 0.6429 | precision = 0.0000 | recall = 0.0000 | f1 = 0.0000 | auc = 0.8222
train 9: loss = 0.5112
val 9: loss = 0.6822 | acc = 0.6429 | precision = 0.0000 | recall = 0.0000 | f1 = 0.0000 | auc = 0.8222
train 10: loss = 0.5088
val 10: loss = 0.6821 | acc = 0.6429 | precision = 0.0000 | recall = 0.0000 | f1 = 0.0000 | auc = 0.8222
test: loss = 0.6895 | acc = 0.5185 | precision = 0.0000 | recall = 0.0000 | f1 = 0.0000 | auc = 0.8791

extraction = gigapath, seed = 460, fold = 1, lr = 0.0001, weight_decay = 0.001, epochs = 10
train 1: loss = 0.5576
val 1: loss = 0.5326 | acc = 0.8667 | precision = 0.8571 | recall = 0.8571 | f1 = 0.8571 | auc = 0.8929
train 2: loss = 0.3506
val 2: loss = 0.4737 | acc = 0.7333 | precision = 0.6364 | recall = 1.0000 | f1 = 0.7778 | auc = 0.9107
train 3: loss = 0.2569
val 3: loss = 0.3764 | acc = 0.8000 | precision = 0.7500 | recall = 0.8571 | f1 = 0.8000 | auc = 0.9286
train 4: loss = 0.1762
val 4: loss = 0.3591 | acc = 0.8000 | precision = 0.8333 | recall = 0.7143 | f1 = 0.7692 | auc = 0.9107
train 5: loss = 0.1237
val 5: loss = 0.4462 | acc = 0.7333 | precision = 0.8000 | recall = 0.5714 | f1 = 0.6667 | auc = 0.9107
train 6: loss = 0.0857
val 6: loss = 0.4058 | acc = 0.7333 | precision = 0.8000 | recall = 0.5714 | f1 = 0.6667 | auc = 0.9286
train 7: loss = 0.0674
val 7: loss = 0.4235 | acc = 0.7333 | precision = 0.8000 | recall = 0.5714 | f1 = 0.6667 | auc = 0.9286
train 8: loss = 0.0436
val 8: loss = 0.4308 | acc = 0.7333 | precision = 0.8000 | recall = 0.5714 | f1 = 0.6667 | auc = 0.9286
train 9: loss = 0.0348
val 9: loss = 0.4415 | acc = 0.7333 | precision = 0.8000 | recall = 0.5714 | f1 = 0.6667 | auc = 0.9107
train 10: loss = 0.0307
val 10: loss = 0.4481 | acc = 0.7333 | precision = 0.8000 | recall = 0.5714 | f1 = 0.6667 | auc = 0.9107
test: loss = 0.4565 | acc = 0.7586 | precision = 0.8125 | recall = 0.7647 | f1 = 0.7879 | auc = 0.8529

extraction = gigapath, seed = 460, fold = 2, lr = 0.0001, weight_decay = 0.001, epochs = 10
train 1: loss = 0.5777
val 1: loss = 0.5600 | acc = 0.8667 | precision = 0.8571 | recall = 0.8571 | f1 = 0.8571 | auc = 0.8750
train 2: loss = 0.3896
val 2: loss = 0.4615 | acc = 0.8667 | precision = 0.8571 | recall = 0.8571 | f1 = 0.8571 | auc = 0.8929
train 3: loss = 0.2951
val 3: loss = 0.4196 | acc = 0.8667 | precision = 0.7778 | recall = 1.0000 | f1 = 0.8750 | auc = 0.9286
train 4: loss = 0.2024
val 4: loss = 0.4172 | acc = 0.8000 | precision = 1.0000 | recall = 0.5714 | f1 = 0.7273 | auc = 0.9107
train 5: loss = 0.1488
val 5: loss = 0.4887 | acc = 0.8000 | precision = 1.0000 | recall = 0.5714 | f1 = 0.7273 | auc = 0.8571
train 6: loss = 0.0988
val 6: loss = 0.3946 | acc = 0.8000 | precision = 1.0000 | recall = 0.5714 | f1 = 0.7273 | auc = 0.8571
train 7: loss = 0.0633
val 7: loss = 0.3777 | acc = 0.8000 | precision = 1.0000 | recall = 0.5714 | f1 = 0.7273 | auc = 0.8750
train 8: loss = 0.0473
val 8: loss = 0.3614 | acc = 0.8000 | precision = 1.0000 | recall = 0.5714 | f1 = 0.7273 | auc = 0.9286
train 9: loss = 0.0385
val 9: loss = 0.3819 | acc = 0.8000 | precision = 1.0000 | recall = 0.5714 | f1 = 0.7273 | auc = 0.9286
train 10: loss = 0.0343
val 10: loss = 0.3877 | acc = 0.8000 | precision = 1.0000 | recall = 0.5714 | f1 = 0.7273 | auc = 0.9286
test: loss = 0.2236 | acc = 0.9310 | precision = 0.8462 | recall = 1.0000 | f1 = 0.9167 | auc = 0.9697

extraction = gigapath, seed = 460, fold = 3, lr = 0.0001, weight_decay = 0.001, epochs = 10
train 1: loss = 0.5483
val 1: loss = 0.5167 | acc = 0.8000 | precision = 0.7778 | recall = 0.8750 | f1 = 0.8235 | auc = 0.8750
train 2: loss = 0.3549
val 2: loss = 0.4296 | acc = 0.7333 | precision = 0.7500 | recall = 0.7500 | f1 = 0.7500 | auc = 0.8929
train 3: loss = 0.2347
val 3: loss = 0.4772 | acc = 0.8667 | precision = 0.8000 | recall = 1.0000 | f1 = 0.8889 | auc = 0.8750
train 4: loss = 0.1696
val 4: loss = 0.4593 | acc = 0.6667 | precision = 0.7143 | recall = 0.6250 | f1 = 0.6667 | auc = 0.8750
train 5: loss = 0.1584
val 5: loss = 0.6745 | acc = 0.6667 | precision = 1.0000 | recall = 0.3750 | f1 = 0.5455 | auc = 0.8750
train 6: loss = 0.1030
val 6: loss = 0.5783 | acc = 0.7333 | precision = 0.7500 | recall = 0.7500 | f1 = 0.7500 | auc = 0.8214
train 7: loss = 0.0660
val 7: loss = 0.5836 | acc = 0.6667 | precision = 0.7143 | recall = 0.6250 | f1 = 0.6667 | auc = 0.8393
train 8: loss = 0.0482
val 8: loss = 0.5779 | acc = 0.7333 | precision = 0.7500 | recall = 0.7500 | f1 = 0.7500 | auc = 0.8393
train 9: loss = 0.0411
val 9: loss = 0.5919 | acc = 0.7333 | precision = 0.7500 | recall = 0.7500 | f1 = 0.7500 | auc = 0.8393
train 10: loss = 0.0374
val 10: loss = 0.5975 | acc = 0.7333 | precision = 0.7500 | recall = 0.7500 | f1 = 0.7500 | auc = 0.8393
test: loss = 0.4701 | acc = 0.8621 | precision = 0.8571 | recall = 0.6667 | f1 = 0.7500 | auc = 0.8278

extraction = gigapath, seed = 460, fold = 4, lr = 0.0001, weight_decay = 0.001, epochs = 10
train 1: loss = 0.5407
val 1: loss = 0.5921 | acc = 0.8000 | precision = 0.6667 | recall = 1.0000 | f1 = 0.8000 | auc = 0.8889
train 2: loss = 0.3559
val 2: loss = 0.4761 | acc = 0.8000 | precision = 0.7143 | recall = 0.8333 | f1 = 0.7692 | auc = 0.8519
train 3: loss = 0.2412
val 3: loss = 0.4600 | acc = 0.8000 | precision = 0.7143 | recall = 0.8333 | f1 = 0.7692 | auc = 0.8519
train 4: loss = 0.2513
val 4: loss = 0.4960 | acc = 0.7333 | precision = 0.7500 | recall = 0.5000 | f1 = 0.6000 | auc = 0.8889
train 5: loss = 0.1440
val 5: loss = 0.5148 | acc = 0.6667 | precision = 0.6000 | recall = 0.5000 | f1 = 0.5455 | auc = 0.8704
train 6: loss = 0.0869
val 6: loss = 0.5571 | acc = 0.7333 | precision = 0.6667 | recall = 0.6667 | f1 = 0.6667 | auc = 0.8704
train 7: loss = 0.0682
val 7: loss = 0.5539 | acc = 0.7333 | precision = 0.6667 | recall = 0.6667 | f1 = 0.6667 | auc = 0.8704
train 8: loss = 0.0519
val 8: loss = 0.5862 | acc = 0.7333 | precision = 0.6667 | recall = 0.6667 | f1 = 0.6667 | auc = 0.8704
train 9: loss = 0.0427
val 9: loss = 0.5923 | acc = 0.7333 | precision = 0.6667 | recall = 0.6667 | f1 = 0.6667 | auc = 0.8704
train 10: loss = 0.0368
val 10: loss = 0.6014 | acc = 0.7333 | precision = 0.6667 | recall = 0.6667 | f1 = 0.6667 | auc = 0.8704
test: loss = 0.3524 | acc = 0.8966 | precision = 1.0000 | recall = 0.7273 | f1 = 0.8421 | auc = 0.9545

extraction = gigapath, seed = 460, fold = 5, lr = 0.0001, weight_decay = 0.001, epochs = 10
train 1: loss = 0.5635
val 1: loss = 0.5740 | acc = 0.8000 | precision = 0.5714 | recall = 1.0000 | f1 = 0.7273 | auc = 1.0000
train 2: loss = 0.3578
val 2: loss = 0.3393 | acc = 0.8667 | precision = 1.0000 | recall = 0.5000 | f1 = 0.6667 | auc = 0.9773
train 3: loss = 0.2525
val 3: loss = 0.2993 | acc = 0.9333 | precision = 0.8000 | recall = 1.0000 | f1 = 0.8889 | auc = 0.9773
train 4: loss = 0.1421
val 4: loss = 0.2619 | acc = 0.9333 | precision = 1.0000 | recall = 0.7500 | f1 = 0.8571 | auc = 0.9773
train 5: loss = 0.0958
val 5: loss = 0.2258 | acc = 0.8667 | precision = 0.7500 | recall = 0.7500 | f1 = 0.7500 | auc = 0.9773
train 6: loss = 0.0553
val 6: loss = 0.2417 | acc = 0.8667 | precision = 0.7500 | recall = 0.7500 | f1 = 0.7500 | auc = 0.9773
train 7: loss = 0.0325
val 7: loss = 0.2274 | acc = 0.8667 | precision = 0.7500 | recall = 0.7500 | f1 = 0.7500 | auc = 0.9773
train 8: loss = 0.0244
val 8: loss = 0.2286 | acc = 0.8667 | precision = 0.7500 | recall = 0.7500 | f1 = 0.7500 | auc = 0.9773
train 9: loss = 0.0203
val 9: loss = 0.2314 | acc = 0.8667 | precision = 0.7500 | recall = 0.7500 | f1 = 0.7500 | auc = 0.9773
train 10: loss = 0.0185
val 10: loss = 0.2330 | acc = 0.8667 | precision = 0.7500 | recall = 0.7500 | f1 = 0.7500 | auc = 0.9773
test: loss = 0.5360 | acc = 0.7241 | precision = 0.7000 | recall = 0.5833 | f1 = 0.6364 | auc = 0.8039

extraction = uni, seed = 460, fold = 1, lr = 0.0001, weight_decay = 0.001, epochs = 10
train 1: loss = 0.5699
val 1: loss = 0.6082 | acc = 0.7333 | precision = 0.8000 | recall = 0.5714 | f1 = 0.6667 | auc = 0.7321
train 2: loss = 0.3461
val 2: loss = 0.5433 | acc = 0.8000 | precision = 1.0000 | recall = 0.5714 | f1 = 0.7273 | auc = 0.8571
train 3: loss = 0.2386
val 3: loss = 0.4305 | acc = 0.8000 | precision = 0.8333 | recall = 0.7143 | f1 = 0.7692 | auc = 0.8750
train 4: loss = 0.1925
val 4: loss = 0.3569 | acc = 0.8667 | precision = 0.8571 | recall = 0.8571 | f1 = 0.8571 | auc = 0.9286
train 5: loss = 0.1335
val 5: loss = 0.3350 | acc = 0.8667 | precision = 0.8571 | recall = 0.8571 | f1 = 0.8571 | auc = 0.9286
train 6: loss = 0.0908
val 6: loss = 0.3263 | acc = 0.8000 | precision = 0.7500 | recall = 0.8571 | f1 = 0.8000 | auc = 0.9286
train 7: loss = 0.0801
val 7: loss = 0.3329 | acc = 0.9333 | precision = 1.0000 | recall = 0.8571 | f1 = 0.9231 | auc = 0.9464
train 8: loss = 0.0567
val 8: loss = 0.3331 | acc = 0.9333 | precision = 1.0000 | recall = 0.8571 | f1 = 0.9231 | auc = 0.9464
train 9: loss = 0.0490
val 9: loss = 0.3348 | acc = 0.9333 | precision = 1.0000 | recall = 0.8571 | f1 = 0.9231 | auc = 0.9464
train 10: loss = 0.0424
val 10: loss = 0.3278 | acc = 0.9333 | precision = 1.0000 | recall = 0.8571 | f1 = 0.9231 | auc = 0.9464
test: loss = 0.5120 | acc = 0.7931 | precision = 0.7619 | recall = 0.9412 | f1 = 0.8421 | auc = 0.8676

extraction = uni, seed = 460, fold = 2, lr = 0.0001, weight_decay = 0.001, epochs = 10
train 1: loss = 0.6040
val 1: loss = 0.6095 | acc = 0.7333 | precision = 0.8000 | recall = 0.5714 | f1 = 0.6667 | auc = 0.7143
train 2: loss = 0.3956
val 2: loss = 0.5406 | acc = 0.8000 | precision = 1.0000 | recall = 0.5714 | f1 = 0.7273 | auc = 0.8036
train 3: loss = 0.2976
val 3: loss = 0.4699 | acc = 0.8000 | precision = 1.0000 | recall = 0.5714 | f1 = 0.7273 | auc = 0.8571
train 4: loss = 0.2558
val 4: loss = 0.4276 | acc = 0.7333 | precision = 0.7143 | recall = 0.7143 | f1 = 0.7143 | auc = 0.8750
train 5: loss = 0.1906
val 5: loss = 0.4344 | acc = 0.8667 | precision = 1.0000 | recall = 0.7143 | f1 = 0.8333 | auc = 0.8750
train 6: loss = 0.1443
val 6: loss = 0.3810 | acc = 0.8000 | precision = 0.7500 | recall = 0.8571 | f1 = 0.8000 | auc = 0.8750
train 7: loss = 0.1282
val 7: loss = 0.4740 | acc = 0.8000 | precision = 1.0000 | recall = 0.5714 | f1 = 0.7273 | auc = 0.9286
train 8: loss = 0.1157
val 8: loss = 0.3529 | acc = 0.8667 | precision = 1.0000 | recall = 0.7143 | f1 = 0.8333 | auc = 0.9286
train 9: loss = 0.0906
val 9: loss = 0.3608 | acc = 0.8667 | precision = 1.0000 | recall = 0.7143 | f1 = 0.8333 | auc = 0.9286
train 10: loss = 0.0779
val 10: loss = 0.3615 | acc = 0.8667 | precision = 1.0000 | recall = 0.7143 | f1 = 0.8333 | auc = 0.9286
test: loss = 0.2553 | acc = 0.8621 | precision = 0.7692 | recall = 0.9091 | f1 = 0.8333 | auc = 0.9697

extraction = uni, seed = 460, fold = 3, lr = 0.0001, weight_decay = 0.001, epochs = 10
train 1: loss = 0.5821
val 1: loss = 0.5611 | acc = 0.6667 | precision = 0.8000 | recall = 0.5000 | f1 = 0.6154 | auc = 0.7857
train 2: loss = 0.3532
val 2: loss = 0.5289 | acc = 0.6000 | precision = 0.6667 | recall = 0.5000 | f1 = 0.5714 | auc = 0.7679
train 3: loss = 0.2699
val 3: loss = 0.5050 | acc = 0.6667 | precision = 0.8000 | recall = 0.5000 | f1 = 0.6154 | auc = 0.8571
train 4: loss = 0.1996
val 4: loss = 0.4882 | acc = 0.8667 | precision = 0.8750 | recall = 0.8750 | f1 = 0.8750 | auc = 0.8571
train 5: loss = 0.1544
val 5: loss = 0.5660 | acc = 0.6667 | precision = 0.8000 | recall = 0.5000 | f1 = 0.6154 | auc = 0.8571
train 6: loss = 0.1139
val 6: loss = 0.5333 | acc = 0.8000 | precision = 0.7778 | recall = 0.8750 | f1 = 0.8235 | auc = 0.8571
train 7: loss = 0.0732
val 7: loss = 0.7996 | acc = 0.6667 | precision = 0.8000 | recall = 0.5000 | f1 = 0.6154 | auc = 0.8571
train 8: loss = 0.0690
val 8: loss = 0.5897 | acc = 0.8667 | precision = 0.8750 | recall = 0.8750 | f1 = 0.8750 | auc = 0.8750
train 9: loss = 0.0500
val 9: loss = 0.6919 | acc = 0.6667 | precision = 0.8000 | recall = 0.5000 | f1 = 0.6154 | auc = 0.8750
train 10: loss = 0.0464
val 10: loss = 0.6638 | acc = 0.7333 | precision = 0.8333 | recall = 0.6250 | f1 = 0.7143 | auc = 0.8750
test: loss = 0.3781 | acc = 0.7586 | precision = 0.6000 | recall = 0.6667 | f1 = 0.6316 | auc = 0.8944

extraction = uni, seed = 460, fold = 4, lr = 0.0001, weight_decay = 0.001, epochs = 10
train 1: loss = 0.5752
val 1: loss = 0.5197 | acc = 0.8000 | precision = 0.8000 | recall = 0.6667 | f1 = 0.7273 | auc = 0.8148
train 2: loss = 0.3859
val 2: loss = 0.4231 | acc = 0.8000 | precision = 0.8000 | recall = 0.6667 | f1 = 0.7273 | auc = 0.8889
train 3: loss = 0.2726
val 3: loss = 0.4257 | acc = 0.8667 | precision = 1.0000 | recall = 0.6667 | f1 = 0.8000 | auc = 0.8889
train 4: loss = 0.1992
val 4: loss = 0.4034 | acc = 0.8000 | precision = 0.8000 | recall = 0.6667 | f1 = 0.7273 | auc = 0.8889
train 5: loss = 0.1351
val 5: loss = 0.5153 | acc = 0.8000 | precision = 0.8000 | recall = 0.6667 | f1 = 0.7273 | auc = 0.8889
train 6: loss = 0.0919
val 6: loss = 0.4824 | acc = 0.7333 | precision = 0.6667 | recall = 0.6667 | f1 = 0.6667 | auc = 0.8704
train 7: loss = 0.0528
val 7: loss = 0.6549 | acc = 0.8000 | precision = 0.8000 | recall = 0.6667 | f1 = 0.7273 | auc = 0.8704
train 8: loss = 0.0455
val 8: loss = 0.5757 | acc = 0.7333 | precision = 0.6667 | recall = 0.6667 | f1 = 0.6667 | auc = 0.8519
train 9: loss = 0.0305
val 9: loss = 0.6260 | acc = 0.7333 | precision = 0.6667 | recall = 0.6667 | f1 = 0.6667 | auc = 0.8704
train 10: loss = 0.0280
val 10: loss = 0.6359 | acc = 0.7333 | precision = 0.6667 | recall = 0.6667 | f1 = 0.6667 | auc = 0.8704
test: loss = 0.3596 | acc = 0.8966 | precision = 1.0000 | recall = 0.7273 | f1 = 0.8421 | auc = 0.8939

extraction = uni, seed = 460, fold = 5, lr = 0.0001, weight_decay = 0.001, epochs = 10
train 1: loss = 0.5756
val 1: loss = 0.5401 | acc = 0.7333 | precision = 0.5000 | recall = 1.0000 | f1 = 0.6667 | auc = 0.9545
train 2: loss = 0.3744
val 2: loss = 0.2877 | acc = 0.9333 | precision = 1.0000 | recall = 0.7500 | f1 = 0.8571 | auc = 1.0000
train 3: loss = 0.2627
val 3: loss = 0.2369 | acc = 0.9333 | precision = 1.0000 | recall = 0.7500 | f1 = 0.8571 | auc = 0.9773
train 4: loss = 0.1853
val 4: loss = 0.2256 | acc = 0.9333 | precision = 0.8000 | recall = 1.0000 | f1 = 0.8889 | auc = 0.9773
train 5: loss = 0.1313
val 5: loss = 0.2012 | acc = 0.8667 | precision = 0.7500 | recall = 0.7500 | f1 = 0.7500 | auc = 0.9773
train 6: loss = 0.0955
val 6: loss = 0.2767 | acc = 0.8667 | precision = 0.7500 | recall = 0.7500 | f1 = 0.7500 | auc = 0.9773
train 7: loss = 0.0545
val 7: loss = 0.2407 | acc = 0.8667 | precision = 0.7500 | recall = 0.7500 | f1 = 0.7500 | auc = 0.9773
train 8: loss = 0.0409
val 8: loss = 0.2952 | acc = 0.8667 | precision = 0.7500 | recall = 0.7500 | f1 = 0.7500 | auc = 0.9773
train 9: loss = 0.0319
val 9: loss = 0.2872 | acc = 0.8667 | precision = 0.7500 | recall = 0.7500 | f1 = 0.7500 | auc = 0.9773
train 10: loss = 0.0277
val 10: loss = 0.2886 | acc = 0.8667 | precision = 0.7500 | recall = 0.7500 | f1 = 0.7500 | auc = 0.9773
test: loss = 0.5314 | acc = 0.6897 | precision = 0.6667 | recall = 0.5000 | f1 = 0.5714 | auc = 0.8137

extraction = resnet50, seed = 460, fold = 1, lr = 0.0001, weight_decay = 0.001, epochs = 10
train 1: loss = 0.6788
val 1: loss = 0.7016 | acc = 0.5333 | precision = 0.0000 | recall = 0.0000 | f1 = 0.0000 | auc = 0.7321
train 2: loss = 0.6542
val 2: loss = 0.7227 | acc = 0.5333 | precision = 0.0000 | recall = 0.0000 | f1 = 0.0000 | auc = 0.6786
train 3: loss = 0.6203
val 3: loss = 0.6968 | acc = 0.5333 | precision = 0.0000 | recall = 0.0000 | f1 = 0.0000 | auc = 0.7321
train 4: loss = 0.5607
val 4: loss = 0.7023 | acc = 0.5333 | precision = 0.0000 | recall = 0.0000 | f1 = 0.0000 | auc = 0.6964
train 5: loss = 0.5172
val 5: loss = 0.6985 | acc = 0.5333 | precision = 0.0000 | recall = 0.0000 | f1 = 0.0000 | auc = 0.6786
train 6: loss = 0.4972
val 6: loss = 0.7045 | acc = 0.5333 | precision = 0.0000 | recall = 0.0000 | f1 = 0.0000 | auc = 0.6607
train 7: loss = 0.4854
val 7: loss = 0.7062 | acc = 0.5333 | precision = 0.0000 | recall = 0.0000 | f1 = 0.0000 | auc = 0.6607
train 8: loss = 0.4758
val 8: loss = 0.7095 | acc = 0.5333 | precision = 0.0000 | recall = 0.0000 | f1 = 0.0000 | auc = 0.6607
train 9: loss = 0.4730
val 9: loss = 0.7108 | acc = 0.5333 | precision = 0.0000 | recall = 0.0000 | f1 = 0.0000 | auc = 0.6607
train 10: loss = 0.4708
val 10: loss = 0.7115 | acc = 0.5333 | precision = 0.0000 | recall = 0.0000 | f1 = 0.0000 | auc = 0.6607
test: loss = 0.7408 | acc = 0.4138 | precision = 0.0000 | recall = 0.0000 | f1 = 0.0000 | auc = 0.7451

extraction = resnet50, seed = 460, fold = 2, lr = 0.0001, weight_decay = 0.001, epochs = 10
train 1: loss = 0.6900
val 1: loss = 0.6906 | acc = 0.5333 | precision = 0.0000 | recall = 0.0000 | f1 = 0.0000 | auc = 0.7679
train 2: loss = 0.6492
val 2: loss = 0.6998 | acc = 0.5333 | precision = 0.0000 | recall = 0.0000 | f1 = 0.0000 | auc = 0.7500
train 3: loss = 0.6352
val 3: loss = 0.6886 | acc = 0.5333 | precision = 0.0000 | recall = 0.0000 | f1 = 0.0000 | auc = 0.7143
train 4: loss = 0.5700
val 4: loss = 0.6898 | acc = 0.5333 | precision = 0.0000 | recall = 0.0000 | f1 = 0.0000 | auc = 0.7143
train 5: loss = 0.5346
val 5: loss = 0.6889 | acc = 0.5333 | precision = 0.0000 | recall = 0.0000 | f1 = 0.0000 | auc = 0.7143
train 6: loss = 0.5189
val 6: loss = 0.6892 | acc = 0.5333 | precision = 0.0000 | recall = 0.0000 | f1 = 0.0000 | auc = 0.6964
train 7: loss = 0.5078
val 7: loss = 0.6895 | acc = 0.5333 | precision = 0.0000 | recall = 0.0000 | f1 = 0.0000 | auc = 0.6964
train 8: loss = 0.5003
val 8: loss = 0.6907 | acc = 0.5333 | precision = 0.0000 | recall = 0.0000 | f1 = 0.0000 | auc = 0.6964
train 9: loss = 0.4972
val 9: loss = 0.6910 | acc = 0.5333 | precision = 0.0000 | recall = 0.0000 | f1 = 0.0000 | auc = 0.6786
train 10: loss = 0.4950
val 10: loss = 0.6914 | acc = 0.5333 | precision = 0.0000 | recall = 0.0000 | f1 = 0.0000 | auc = 0.6786
test: loss = 0.6745 | acc = 0.6207 | precision = 0.0000 | recall = 0.0000 | f1 = 0.0000 | auc = 0.8788

extraction = resnet50, seed = 460, fold = 3, lr = 0.0001, weight_decay = 0.001, epochs = 10
train 1: loss = 0.6865
val 1: loss = 0.7042 | acc = 0.4667 | precision = 0.0000 | recall = 0.0000 | f1 = 0.0000 | auc = 0.8036
train 2: loss = 0.6557
val 2: loss = 0.7194 | acc = 0.4667 | precision = 0.0000 | recall = 0.0000 | f1 = 0.0000 | auc = 0.8036
train 3: loss = 0.6000
val 3: loss = 0.6960 | acc = 0.4667 | precision = 0.0000 | recall = 0.0000 | f1 = 0.0000 | auc = 0.7679
train 4: loss = 0.5370
val 4: loss = 0.7017 | acc = 0.4667 | precision = 0.0000 | recall = 0.0000 | f1 = 0.0000 | auc = 0.6964
train 5: loss = 0.5083
val 5: loss = 0.6985 | acc = 0.4667 | precision = 0.0000 | recall = 0.0000 | f1 = 0.0000 | auc = 0.6786
train 6: loss = 0.4988
val 6: loss = 0.6969 | acc = 0.4667 | precision = 0.0000 | recall = 0.0000 | f1 = 0.0000 | auc = 0.6786
train 7: loss = 0.4942
val 7: loss = 0.6990 | acc = 0.4667 | precision = 0.0000 | recall = 0.0000 | f1 = 0.0000 | auc = 0.6786
train 8: loss = 0.4884
val 8: loss = 0.7044 | acc = 0.4667 | precision = 0.0000 | recall = 0.0000 | f1 = 0.0000 | auc = 0.6786
train 9: loss = 0.4852
val 9: loss = 0.7036 | acc = 0.4667 | precision = 0.0000 | recall = 0.0000 | f1 = 0.0000 | auc = 0.6786
train 10: loss = 0.4833
val 10: loss = 0.7053 | acc = 0.4667 | precision = 0.0000 | recall = 0.0000 | f1 = 0.0000 | auc = 0.6786
test: loss = 0.6659 | acc = 0.6897 | precision = 0.0000 | recall = 0.0000 | f1 = 0.0000 | auc = 0.7444

extraction = resnet50, seed = 460, fold = 4, lr = 0.0001, weight_decay = 0.001, epochs = 10
train 1: loss = 0.6869
val 1: loss = 0.6722 | acc = 0.6000 | precision = 0.0000 | recall = 0.0000 | f1 = 0.0000 | auc = 0.9259
train 2: loss = 0.6591
val 2: loss = 0.6691 | acc = 0.6000 | precision = 0.0000 | recall = 0.0000 | f1 = 0.0000 | auc = 0.9259
train 3: loss = 0.5933
val 3: loss = 0.6696 | acc = 0.6000 | precision = 0.0000 | recall = 0.0000 | f1 = 0.0000 | auc = 0.9259
train 4: loss = 0.5310
val 4: loss = 0.6680 | acc = 0.6000 | precision = 0.0000 | recall = 0.0000 | f1 = 0.0000 | auc = 0.9074
train 5: loss = 0.5063
val 5: loss = 0.6683 | acc = 0.6000 | precision = 0.0000 | recall = 0.0000 | f1 = 0.0000 | auc = 0.8333
train 6: loss = 0.4975
val 6: loss = 0.6680 | acc = 0.6000 | precision = 0.0000 | recall = 0.0000 | f1 = 0.0000 | auc = 0.8333
train 7: loss = 0.4923
val 7: loss = 0.6676 | acc = 0.6000 | precision = 0.0000 | recall = 0.0000 | f1 = 0.0000 | auc = 0.8333
train 8: loss = 0.4874
val 8: loss = 0.6651 | acc = 0.6000 | precision = 0.0000 | recall = 0.0000 | f1 = 0.0000 | auc = 0.8333
train 9: loss = 0.4846
val 9: loss = 0.6652 | acc = 0.6000 | precision = 0.0000 | recall = 0.0000 | f1 = 0.0000 | auc = 0.8333
train 10: loss = 0.4836
val 10: loss = 0.6645 | acc = 0.6000 | precision = 0.0000 | recall = 0.0000 | f1 = 0.0000 | auc = 0.8333
test: loss = 0.6605 | acc = 0.6207 | precision = 0.0000 | recall = 0.0000 | f1 = 0.0000 | auc = 0.8182

extraction = resnet50, seed = 460, fold = 5, lr = 0.0001, weight_decay = 0.001, epochs = 10
train 1: loss = 0.6880
val 1: loss = 0.6440 | acc = 0.7333 | precision = 0.0000 | recall = 0.0000 | f1 = 0.0000 | auc = 0.9091
train 2: loss = 0.6596
val 2: loss = 0.6354 | acc = 0.7333 | precision = 0.0000 | recall = 0.0000 | f1 = 0.0000 | auc = 0.9545
train 3: loss = 0.5917
val 3: loss = 0.6162 | acc = 0.7333 | precision = 0.0000 | recall = 0.0000 | f1 = 0.0000 | auc = 0.9545
train 4: loss = 0.5321
val 4: loss = 0.6303 | acc = 0.7333 | precision = 0.0000 | recall = 0.0000 | f1 = 0.0000 | auc = 0.9091
train 5: loss = 0.5060
val 5: loss = 0.6403 | acc = 0.7333 | precision = 0.0000 | recall = 0.0000 | f1 = 0.0000 | auc = 0.8864
train 6: loss = 0.4964
val 6: loss = 0.6379 | acc = 0.7333 | precision = 0.0000 | recall = 0.0000 | f1 = 0.0000 | auc = 0.9091
train 7: loss = 0.4913
val 7: loss = 0.6385 | acc = 0.7333 | precision = 0.0000 | recall = 0.0000 | f1 = 0.0000 | auc = 0.9091
train 8: loss = 0.4878
val 8: loss = 0.6345 | acc = 0.7333 | precision = 0.0000 | recall = 0.0000 | f1 = 0.0000 | auc = 0.9091
train 9: loss = 0.4851
val 9: loss = 0.6357 | acc = 0.7333 | precision = 0.0000 | recall = 0.0000 | f1 = 0.0000 | auc = 0.8864
train 10: loss = 0.4836
val 10: loss = 0.6343 | acc = 0.7333 | precision = 0.0000 | recall = 0.0000 | f1 = 0.0000 | auc = 0.8864
test: loss = 0.6757 | acc = 0.5862 | precision = 0.0000 | recall = 0.0000 | f1 = 0.0000 | auc = 0.7108

extraction = gigapath, seed = 2025, fold = 1, lr = 0.0001, weight_decay = 0.001, epochs = 10
train 1: loss = 0.5094
val 1: loss = 0.5240 | acc = 0.7143 | precision = 0.6154 | recall = 0.8889 | f1 = 0.7273 | auc = 0.9167
train 2: loss = 0.3242
val 2: loss = 0.4215 | acc = 0.8571 | precision = 0.7500 | recall = 1.0000 | f1 = 0.8571 | auc = 0.9815
train 3: loss = 0.2520
val 3: loss = 0.5420 | acc = 0.6667 | precision = 1.0000 | recall = 0.2222 | f1 = 0.3636 | auc = 1.0000
train 4: loss = 0.2270
val 4: loss = 0.2772 | acc = 0.9524 | precision = 1.0000 | recall = 0.8889 | f1 = 0.9412 | auc = 0.9907
train 5: loss = 0.1655
val 5: loss = 0.2361 | acc = 0.9524 | precision = 1.0000 | recall = 0.8889 | f1 = 0.9412 | auc = 0.9907
train 6: loss = 0.1193
val 6: loss = 0.6080 | acc = 0.7143 | precision = 1.0000 | recall = 0.3333 | f1 = 0.5000 | auc = 0.9907
train 7: loss = 0.0953
val 7: loss = 0.2994 | acc = 0.8571 | precision = 1.0000 | recall = 0.6667 | f1 = 0.8000 | auc = 0.9907
train 8: loss = 0.0645
val 8: loss = 0.1788 | acc = 0.9524 | precision = 1.0000 | recall = 0.8889 | f1 = 0.9412 | auc = 0.9907
train 9: loss = 0.0473
val 9: loss = 0.2011 | acc = 0.9048 | precision = 1.0000 | recall = 0.7778 | f1 = 0.8750 | auc = 0.9907
train 10: loss = 0.0408
val 10: loss = 0.2083 | acc = 0.9048 | precision = 1.0000 | recall = 0.7778 | f1 = 0.8750 | auc = 0.9907
test: loss = 0.5800 | acc = 0.7561 | precision = 0.6923 | recall = 0.6000 | f1 = 0.6429 | auc = 0.8179

extraction = gigapath, seed = 2025, fold = 2, lr = 0.0001, weight_decay = 0.001, epochs = 10
train 1: loss = 0.5661
val 1: loss = 0.5428 | acc = 0.8095 | precision = 0.6923 | recall = 1.0000 | f1 = 0.8182 | auc = 0.9630
train 2: loss = 0.3900
val 2: loss = 0.4100 | acc = 0.9048 | precision = 0.8182 | recall = 1.0000 | f1 = 0.9000 | auc = 1.0000
train 3: loss = 0.2566
val 3: loss = 0.3368 | acc = 0.8571 | precision = 1.0000 | recall = 0.6667 | f1 = 0.8000 | auc = 1.0000
train 4: loss = 0.1967
val 4: loss = 0.2298 | acc = 1.0000 | precision = 1.0000 | recall = 1.0000 | f1 = 1.0000 | auc = 1.0000
train 5: loss = 0.1478
val 5: loss = 0.2153 | acc = 0.9048 | precision = 0.8182 | recall = 1.0000 | f1 = 0.9000 | auc = 1.0000
train 6: loss = 0.1096
val 6: loss = 0.2006 | acc = 0.9524 | precision = 1.0000 | recall = 0.8889 | f1 = 0.9412 | auc = 0.9815
train 7: loss = 0.0806
val 7: loss = 0.1869 | acc = 0.9524 | precision = 1.0000 | recall = 0.8889 | f1 = 0.9412 | auc = 0.9907
train 8: loss = 0.0579
val 8: loss = 0.1626 | acc = 0.9524 | precision = 1.0000 | recall = 0.8889 | f1 = 0.9412 | auc = 0.9907
train 9: loss = 0.0433
val 9: loss = 0.1537 | acc = 0.9524 | precision = 1.0000 | recall = 0.8889 | f1 = 0.9412 | auc = 0.9907
train 10: loss = 0.0357
val 10: loss = 0.1716 | acc = 0.9524 | precision = 1.0000 | recall = 0.8889 | f1 = 0.9412 | auc = 0.9907
test: loss = 0.8507 | acc = 0.6829 | precision = 0.4375 | recall = 0.6364 | f1 = 0.5185 | auc = 0.7485

extraction = gigapath, seed = 2025, fold = 3, lr = 0.0001, weight_decay = 0.001, epochs = 10
train 1: loss = 0.5788
val 1: loss = 0.5562 | acc = 0.6667 | precision = 1.0000 | recall = 0.1250 | f1 = 0.2222 | auc = 0.9231
train 2: loss = 0.3804
val 2: loss = 0.4624 | acc = 0.8571 | precision = 1.0000 | recall = 0.6250 | f1 = 0.7692 | auc = 0.9327
train 3: loss = 0.3094
val 3: loss = 0.4193 | acc = 0.8571 | precision = 1.0000 | recall = 0.6250 | f1 = 0.7692 | auc = 0.9327
train 4: loss = 0.2304
val 4: loss = 0.3476 | acc = 0.8095 | precision = 0.7500 | recall = 0.7500 | f1 = 0.7500 | auc = 0.9135
train 5: loss = 0.1949
val 5: loss = 0.3721 | acc = 0.8095 | precision = 0.7000 | recall = 0.8750 | f1 = 0.7778 | auc = 0.9231
train 6: loss = 0.1462
val 6: loss = 0.4190 | acc = 0.8571 | precision = 1.0000 | recall = 0.6250 | f1 = 0.7692 | auc = 0.8942
train 7: loss = 0.1129
val 7: loss = 0.4092 | acc = 0.8571 | precision = 1.0000 | recall = 0.6250 | f1 = 0.7692 | auc = 0.8846
train 8: loss = 0.1022
val 8: loss = 0.3807 | acc = 0.7619 | precision = 0.7143 | recall = 0.6250 | f1 = 0.6667 | auc = 0.8846
train 9: loss = 0.0727
val 9: loss = 0.3842 | acc = 0.7619 | precision = 0.7143 | recall = 0.6250 | f1 = 0.6667 | auc = 0.8942
train 10: loss = 0.0632
val 10: loss = 0.3922 | acc = 0.8095 | precision = 0.8333 | recall = 0.6250 | f1 = 0.7143 | auc = 0.9038
test: loss = 0.3924 | acc = 0.8049 | precision = 0.7647 | recall = 0.7647 | f1 = 0.7647 | auc = 0.9142

extraction = gigapath, seed = 2025, fold = 4, lr = 0.0001, weight_decay = 0.001, epochs = 10
train 1: loss = 0.5929
val 1: loss = 0.5508 | acc = 0.8095 | precision = 1.0000 | recall = 0.5556 | f1 = 0.7143 | auc = 0.8796
train 2: loss = 0.3699
val 2: loss = 0.4672 | acc = 0.8095 | precision = 1.0000 | recall = 0.5556 | f1 = 0.7143 | auc = 0.9444
train 3: loss = 0.2987
val 3: loss = 0.4164 | acc = 0.8095 | precision = 1.0000 | recall = 0.5556 | f1 = 0.7143 | auc = 0.9444
train 4: loss = 0.2298
val 4: loss = 0.3292 | acc = 0.8095 | precision = 1.0000 | recall = 0.5556 | f1 = 0.7143 | auc = 0.9630
train 5: loss = 0.2211
val 5: loss = 0.3534 | acc = 0.8571 | precision = 1.0000 | recall = 0.6667 | f1 = 0.8000 | auc = 0.9537
train 6: loss = 0.1428
val 6: loss = 0.4144 | acc = 0.8095 | precision = 1.0000 | recall = 0.5556 | f1 = 0.7143 | auc = 0.9630
train 7: loss = 0.1245
val 7: loss = 0.3264 | acc = 0.8095 | precision = 1.0000 | recall = 0.5556 | f1 = 0.7143 | auc = 0.9722
train 8: loss = 0.0933
val 8: loss = 0.3062 | acc = 0.8095 | precision = 1.0000 | recall = 0.5556 | f1 = 0.7143 | auc = 0.9722
train 9: loss = 0.0739
val 9: loss = 0.2711 | acc = 0.8571 | precision = 1.0000 | recall = 0.6667 | f1 = 0.8000 | auc = 0.9722
train 10: loss = 0.0625
val 10: loss = 0.3316 | acc = 0.8095 | precision = 1.0000 | recall = 0.5556 | f1 = 0.7143 | auc = 0.9722
test: loss = 0.4235 | acc = 0.8049 | precision = 0.7778 | recall = 0.5385 | f1 = 0.6364 | auc = 0.8764

extraction = gigapath, seed = 2025, fold = 5, lr = 0.0001, weight_decay = 0.001, epochs = 10
train 1: loss = 0.5375
val 1: loss = 0.6253 | acc = 0.5714 | precision = 1.0000 | recall = 0.1000 | f1 = 0.1818 | auc = 0.8818
train 2: loss = 0.3766
val 2: loss = 0.5026 | acc = 0.7619 | precision = 1.0000 | recall = 0.5000 | f1 = 0.6667 | auc = 0.9455
train 3: loss = 0.3071
val 3: loss = 0.4480 | acc = 0.8095 | precision = 1.0000 | recall = 0.6000 | f1 = 0.7500 | auc = 0.9364
train 4: loss = 0.2346
val 4: loss = 0.5047 | acc = 0.7143 | precision = 1.0000 | recall = 0.4000 | f1 = 0.5714 | auc = 0.9182
train 5: loss = 0.1806
val 5: loss = 0.4298 | acc = 0.8095 | precision = 0.7500 | recall = 0.9000 | f1 = 0.8182 | auc = 0.9091
train 6: loss = 0.1376
val 6: loss = 0.4779 | acc = 0.8095 | precision = 0.8750 | recall = 0.7000 | f1 = 0.7778 | auc = 0.8545
train 7: loss = 0.0987
val 7: loss = 0.5165 | acc = 0.7143 | precision = 0.7000 | recall = 0.7000 | f1 = 0.7000 | auc = 0.8545
train 8: loss = 0.0849
val 8: loss = 0.6427 | acc = 0.7619 | precision = 0.8571 | recall = 0.6000 | f1 = 0.7059 | auc = 0.8273
train 9: loss = 0.0615
val 9: loss = 0.5643 | acc = 0.7619 | precision = 0.7778 | recall = 0.7000 | f1 = 0.7368 | auc = 0.8364
train 10: loss = 0.0550
val 10: loss = 0.6024 | acc = 0.7619 | precision = 0.8571 | recall = 0.6000 | f1 = 0.7059 | auc = 0.8273
test: loss = 0.3675 | acc = 0.8750 | precision = 0.7059 | recall = 1.0000 | f1 = 0.8276 | auc = 0.9435

extraction = uni, seed = 2025, fold = 1, lr = 0.0001, weight_decay = 0.001, epochs = 10
train 1: loss = 0.5012
val 1: loss = 0.6033 | acc = 0.5714 | precision = 0.0000 | recall = 0.0000 | f1 = 0.0000 | auc = 0.9537
train 2: loss = 0.3461
val 2: loss = 0.4060 | acc = 0.7143 | precision = 1.0000 | recall = 0.3333 | f1 = 0.5000 | auc = 1.0000
train 3: loss = 0.2761
val 3: loss = 0.3606 | acc = 0.7619 | precision = 1.0000 | recall = 0.4444 | f1 = 0.6154 | auc = 1.0000
train 4: loss = 0.2098
val 4: loss = 0.2363 | acc = 0.9524 | precision = 1.0000 | recall = 0.8889 | f1 = 0.9412 | auc = 1.0000
train 5: loss = 0.1491
val 5: loss = 0.1414 | acc = 1.0000 | precision = 1.0000 | recall = 1.0000 | f1 = 1.0000 | auc = 1.0000
train 6: loss = 0.1114
val 6: loss = 0.3213 | acc = 0.7619 | precision = 1.0000 | recall = 0.4444 | f1 = 0.6154 | auc = 1.0000
train 7: loss = 0.0760
val 7: loss = 0.0943 | acc = 1.0000 | precision = 1.0000 | recall = 1.0000 | f1 = 1.0000 | auc = 1.0000
train 8: loss = 0.0575
val 8: loss = 0.0778 | acc = 1.0000 | precision = 1.0000 | recall = 1.0000 | f1 = 1.0000 | auc = 1.0000
train 9: loss = 0.0439
val 9: loss = 0.0675 | acc = 1.0000 | precision = 1.0000 | recall = 1.0000 | f1 = 1.0000 | auc = 1.0000
train 10: loss = 0.0387
val 10: loss = 0.0649 | acc = 1.0000 | precision = 1.0000 | recall = 1.0000 | f1 = 1.0000 | auc = 1.0000
test: loss = 0.8663 | acc = 0.7073 | precision = 0.6364 | recall = 0.4667 | f1 = 0.5385 | auc = 0.8205

extraction = uni, seed = 2025, fold = 2, lr = 0.0001, weight_decay = 0.001, epochs = 10
train 1: loss = 0.4978
val 1: loss = 0.6458 | acc = 0.5714 | precision = 0.0000 | recall = 0.0000 | f1 = 0.0000 | auc = 0.9167
train 2: loss = 0.3312
val 2: loss = 0.4193 | acc = 0.7619 | precision = 1.0000 | recall = 0.4444 | f1 = 0.6154 | auc = 0.9722
train 3: loss = 0.2494
val 3: loss = 0.3763 | acc = 0.8095 | precision = 1.0000 | recall = 0.5556 | f1 = 0.7143 | auc = 1.0000
train 4: loss = 0.2204
val 4: loss = 0.3157 | acc = 0.9048 | precision = 1.0000 | recall = 0.7778 | f1 = 0.8750 | auc = 1.0000
train 5: loss = 0.1593
val 5: loss = 0.1610 | acc = 1.0000 | precision = 1.0000 | recall = 1.0000 | f1 = 1.0000 | auc = 1.0000
train 6: loss = 0.1162
val 6: loss = 0.1499 | acc = 0.9524 | precision = 1.0000 | recall = 0.8889 | f1 = 0.9412 | auc = 1.0000
train 7: loss = 0.0794
val 7: loss = 0.1125 | acc = 1.0000 | precision = 1.0000 | recall = 1.0000 | f1 = 1.0000 | auc = 1.0000
train 8: loss = 0.0521
val 8: loss = 0.1323 | acc = 0.9524 | precision = 1.0000 | recall = 0.8889 | f1 = 0.9412 | auc = 1.0000
train 9: loss = 0.0411
val 9: loss = 0.1128 | acc = 0.9524 | precision = 1.0000 | recall = 0.8889 | f1 = 0.9412 | auc = 1.0000
train 10: loss = 0.0351
val 10: loss = 0.1091 | acc = 0.9524 | precision = 1.0000 | recall = 0.8889 | f1 = 0.9412 | auc = 1.0000
test: loss = 0.9404 | acc = 0.6341 | precision = 0.3750 | recall = 0.5455 | f1 = 0.4444 | auc = 0.7091

extraction = uni, seed = 2025, fold = 3, lr = 0.0001, weight_decay = 0.001, epochs = 10
train 1: loss = 0.5387
val 1: loss = 0.7122 | acc = 0.6190 | precision = 0.0000 | recall = 0.0000 | f1 = 0.0000 | auc = 0.7212
train 2: loss = 0.3526
val 2: loss = 0.5306 | acc = 0.7619 | precision = 1.0000 | recall = 0.3750 | f1 = 0.5455 | auc = 0.8462
train 3: loss = 0.2711
val 3: loss = 0.5354 | acc = 0.8095 | precision = 1.0000 | recall = 0.5000 | f1 = 0.6667 | auc = 0.8462
train 4: loss = 0.2337
val 4: loss = 0.5945 | acc = 0.7143 | precision = 1.0000 | recall = 0.2500 | f1 = 0.4000 | auc = 0.8846
train 5: loss = 0.1679
val 5: loss = 0.4184 | acc = 0.8095 | precision = 1.0000 | recall = 0.5000 | f1 = 0.6667 | auc = 0.8654
train 6: loss = 0.1283
val 6: loss = 0.4702 | acc = 0.8095 | precision = 0.8333 | recall = 0.6250 | f1 = 0.7143 | auc = 0.8365
train 7: loss = 0.1030
val 7: loss = 0.4514 | acc = 0.8095 | precision = 0.8333 | recall = 0.6250 | f1 = 0.7143 | auc = 0.8558
train 8: loss = 0.0733
val 8: loss = 0.4717 | acc = 0.8095 | precision = 0.8333 | recall = 0.6250 | f1 = 0.7143 | auc = 0.8462
train 9: loss = 0.0659
val 9: loss = 0.4744 | acc = 0.8095 | precision = 0.8333 | recall = 0.6250 | f1 = 0.7143 | auc = 0.8462
train 10: loss = 0.0582
val 10: loss = 0.4854 | acc = 0.8095 | precision = 0.8333 | recall = 0.6250 | f1 = 0.7143 | auc = 0.8365
test: loss = 0.5459 | acc = 0.7805 | precision = 0.8333 | recall = 0.5882 | f1 = 0.6897 | auc = 0.8235

extraction = uni, seed = 2025, fold = 4, lr = 0.0001, weight_decay = 0.001, epochs = 10
train 1: loss = 0.5121
val 1: loss = 0.6720 | acc = 0.5714 | precision = 0.0000 | recall = 0.0000 | f1 = 0.0000 | auc = 0.8333
train 2: loss = 0.3494
val 2: loss = 0.5386 | acc = 0.7143 | precision = 1.0000 | recall = 0.3333 | f1 = 0.5000 | auc = 0.8981
train 3: loss = 0.2826
val 3: loss = 0.4956 | acc = 0.7143 | precision = 1.0000 | recall = 0.3333 | f1 = 0.5000 | auc = 0.9074
train 4: loss = 0.2633
val 4: loss = 0.5037 | acc = 0.6190 | precision = 1.0000 | recall = 0.1111 | f1 = 0.2000 | auc = 0.9444
train 5: loss = 0.2164
val 5: loss = 0.4109 | acc = 0.9048 | precision = 1.0000 | recall = 0.7778 | f1 = 0.8750 | auc = 0.9444
train 6: loss = 0.1787
val 6: loss = 0.4612 | acc = 0.7143 | precision = 1.0000 | recall = 0.3333 | f1 = 0.5000 | auc = 0.9444
train 7: loss = 0.1521
val 7: loss = 0.3941 | acc = 0.9048 | precision = 0.8889 | recall = 0.8889 | f1 = 0.8889 | auc = 0.9167
train 8: loss = 0.1276
val 8: loss = 0.3850 | acc = 0.9048 | precision = 0.8889 | recall = 0.8889 | f1 = 0.8889 | auc = 0.9352
train 9: loss = 0.1062
val 9: loss = 0.3714 | acc = 0.9048 | precision = 0.8889 | recall = 0.8889 | f1 = 0.8889 | auc = 0.9167
train 10: loss = 0.1018
val 10: loss = 0.3784 | acc = 0.9048 | precision = 0.8889 | recall = 0.8889 | f1 = 0.8889 | auc = 0.9074
test: loss = 0.3721 | acc = 0.8049 | precision = 0.8571 | recall = 0.4615 | f1 = 0.6000 | auc = 0.9038

extraction = uni, seed = 2025, fold = 5, lr = 0.0001, weight_decay = 0.001, epochs = 10
train 1: loss = 0.5860
val 1: loss = 0.5993 | acc = 0.5238 | precision = 0.0000 | recall = 0.0000 | f1 = 0.0000 | auc = 0.8818
train 2: loss = 0.3933
val 2: loss = 0.4602 | acc = 0.8095 | precision = 0.7500 | recall = 0.9000 | f1 = 0.8182 | auc = 0.9455
train 3: loss = 0.3409
val 3: loss = 0.3902 | acc = 0.9048 | precision = 0.9000 | recall = 0.9000 | f1 = 0.9000 | auc = 0.9727
train 4: loss = 0.2929
val 4: loss = 0.3469 | acc = 0.8571 | precision = 0.8889 | recall = 0.8000 | f1 = 0.8421 | auc = 0.9727
train 5: loss = 0.2331
val 5: loss = 0.3369 | acc = 0.9048 | precision = 1.0000 | recall = 0.8000 | f1 = 0.8889 | auc = 0.9727
train 6: loss = 0.1927
val 6: loss = 0.3053 | acc = 0.9048 | precision = 0.9000 | recall = 0.9000 | f1 = 0.9000 | auc = 0.9636
train 7: loss = 0.1572
val 7: loss = 0.3268 | acc = 0.8571 | precision = 1.0000 | recall = 0.7000 | f1 = 0.8235 | auc = 0.9727
train 8: loss = 0.1229
val 8: loss = 0.2905 | acc = 0.8571 | precision = 0.8889 | recall = 0.8000 | f1 = 0.8421 | auc = 0.9545
train 9: loss = 0.1078
val 9: loss = 0.2960 | acc = 0.8571 | precision = 1.0000 | recall = 0.7000 | f1 = 0.8235 | auc = 0.9545
train 10: loss = 0.0966
val 10: loss = 0.2946 | acc = 0.8571 | precision = 1.0000 | recall = 0.7000 | f1 = 0.8235 | auc = 0.9545
test: loss = 0.2975 | acc = 0.8500 | precision = 0.6875 | recall = 0.9167 | f1 = 0.7857 | auc = 0.9494

extraction = resnet50, seed = 2025, fold = 1, lr = 0.0001, weight_decay = 0.001, epochs = 10
train 1: loss = 0.6409
val 1: loss = 0.7216 | acc = 0.5714 | precision = 0.0000 | recall = 0.0000 | f1 = 0.0000 | auc = 0.4537
train 2: loss = 0.6071
val 2: loss = 0.7311 | acc = 0.5714 | precision = 0.0000 | recall = 0.0000 | f1 = 0.0000 | auc = 0.5278
train 3: loss = 0.5739
val 3: loss = 0.7000 | acc = 0.5714 | precision = 0.0000 | recall = 0.0000 | f1 = 0.0000 | auc = 0.6019
train 4: loss = 0.6147
val 4: loss = 0.7236 | acc = 0.5714 | precision = 0.0000 | recall = 0.0000 | f1 = 0.0000 | auc = 0.5741
train 5: loss = 0.5464
val 5: loss = 0.7205 | acc = 0.5714 | precision = 0.0000 | recall = 0.0000 | f1 = 0.0000 | auc = 0.6019
train 6: loss = 0.5203
val 6: loss = 0.7134 | acc = 0.5714 | precision = 0.0000 | recall = 0.0000 | f1 = 0.0000 | auc = 0.6389
train 7: loss = 0.5019
val 7: loss = 0.7179 | acc = 0.5714 | precision = 0.0000 | recall = 0.0000 | f1 = 0.0000 | auc = 0.6481
train 8: loss = 0.4871
val 8: loss = 0.7107 | acc = 0.5714 | precision = 0.0000 | recall = 0.0000 | f1 = 0.0000 | auc = 0.6574
train 9: loss = 0.4895
val 9: loss = 0.7051 | acc = 0.5714 | precision = 0.0000 | recall = 0.0000 | f1 = 0.0000 | auc = 0.6759
train 10: loss = 0.4868
val 10: loss = 0.7057 | acc = 0.5714 | precision = 0.0000 | recall = 0.0000 | f1 = 0.0000 | auc = 0.6759
test: loss = 0.6559 | acc = 0.6341 | precision = 0.0000 | recall = 0.0000 | f1 = 0.0000 | auc = 0.6846

extraction = resnet50, seed = 2025, fold = 2, lr = 0.0001, weight_decay = 0.001, epochs = 10
train 1: loss = 0.6578
val 1: loss = 0.7060 | acc = 0.5714 | precision = 0.0000 | recall = 0.0000 | f1 = 0.0000 | auc = 0.4352
train 2: loss = 0.6384
val 2: loss = 0.7029 | acc = 0.5714 | precision = 0.0000 | recall = 0.0000 | f1 = 0.0000 | auc = 0.5093
train 3: loss = 0.5839
val 3: loss = 0.6918 | acc = 0.5714 | precision = 0.0000 | recall = 0.0000 | f1 = 0.0000 | auc = 0.5463
train 4: loss = 0.5132
val 4: loss = 0.7105 | acc = 0.5714 | precision = 0.0000 | recall = 0.0000 | f1 = 0.0000 | auc = 0.5556
train 5: loss = 0.4837
val 5: loss = 0.7077 | acc = 0.5714 | precision = 0.0000 | recall = 0.0000 | f1 = 0.0000 | auc = 0.5648
train 6: loss = 0.4682
val 6: loss = 0.6958 | acc = 0.5714 | precision = 0.0000 | recall = 0.0000 | f1 = 0.0000 | auc = 0.5648
train 7: loss = 0.4957
val 7: loss = 0.6960 | acc = 0.5714 | precision = 0.0000 | recall = 0.0000 | f1 = 0.0000 | auc = 0.5833
train 8: loss = 0.4802
val 8: loss = 0.6947 | acc = 0.5714 | precision = 0.0000 | recall = 0.0000 | f1 = 0.0000 | auc = 0.5926
train 9: loss = 0.5040
val 9: loss = 0.6909 | acc = 0.5714 | precision = 0.0000 | recall = 0.0000 | f1 = 0.0000 | auc = 0.6111
train 10: loss = 0.5231
val 10: loss = 0.6918 | acc = 0.5714 | precision = 0.0000 | recall = 0.0000 | f1 = 0.0000 | auc = 0.6111
test: loss = 0.5914 | acc = 0.7317 | precision = 0.0000 | recall = 0.0000 | f1 = 0.0000 | auc = 0.5667

extraction = resnet50, seed = 2025, fold = 3, lr = 0.0001, weight_decay = 0.001, epochs = 10
train 1: loss = 0.6415
val 1: loss = 0.6770 | acc = 0.6190 | precision = 0.0000 | recall = 0.0000 | f1 = 0.0000 | auc = 0.5673
train 2: loss = 0.6008
val 2: loss = 0.6778 | acc = 0.6190 | precision = 0.0000 | recall = 0.0000 | f1 = 0.0000 | auc = 0.6058
train 3: loss = 0.5979
val 3: loss = 0.6678 | acc = 0.6190 | precision = 0.0000 | recall = 0.0000 | f1 = 0.0000 | auc = 0.6635
train 4: loss = 0.6011
val 4: loss = 0.6827 | acc = 0.6190 | precision = 0.0000 | recall = 0.0000 | f1 = 0.0000 | auc = 0.6442
train 5: loss = 0.5473
val 5: loss = 0.6847 | acc = 0.6190 | precision = 0.0000 | recall = 0.0000 | f1 = 0.0000 | auc = 0.6346
train 6: loss = 0.5061
val 6: loss = 0.6745 | acc = 0.6190 | precision = 0.0000 | recall = 0.0000 | f1 = 0.0000 | auc = 0.6538
train 7: loss = 0.4817
val 7: loss = 0.6687 | acc = 0.6190 | precision = 0.0000 | recall = 0.0000 | f1 = 0.0000 | auc = 0.6923
train 8: loss = 0.4722
val 8: loss = 0.6721 | acc = 0.6190 | precision = 0.0000 | recall = 0.0000 | f1 = 0.0000 | auc = 0.6827
train 9: loss = 0.4638
val 9: loss = 0.6712 | acc = 0.6190 | precision = 0.0000 | recall = 0.0000 | f1 = 0.0000 | auc = 0.6923
train 10: loss = 0.4615
val 10: loss = 0.6717 | acc = 0.6190 | precision = 0.0000 | recall = 0.0000 | f1 = 0.0000 | auc = 0.6923
test: loss = 0.6906 | acc = 0.5854 | precision = 0.0000 | recall = 0.0000 | f1 = 0.0000 | auc = 0.6667

extraction = resnet50, seed = 2025, fold = 4, lr = 0.0001, weight_decay = 0.001, epochs = 10
train 1: loss = 0.6524
val 1: loss = 0.7068 | acc = 0.5714 | precision = 0.0000 | recall = 0.0000 | f1 = 0.0000 | auc = 0.6389
train 2: loss = 0.6378
val 2: loss = 0.6974 | acc = 0.5714 | precision = 0.0000 | recall = 0.0000 | f1 = 0.0000 | auc = 0.6574
train 3: loss = 0.5875
val 3: loss = 0.6944 | acc = 0.5714 | precision = 0.0000 | recall = 0.0000 | f1 = 0.0000 | auc = 0.6852
train 4: loss = 0.5319
val 4: loss = 0.7266 | acc = 0.5714 | precision = 0.0000 | recall = 0.0000 | f1 = 0.0000 | auc = 0.6944
train 5: loss = 0.4873
val 5: loss = 0.7416 | acc = 0.5714 | precision = 0.0000 | recall = 0.0000 | f1 = 0.0000 | auc = 0.6852
train 6: loss = 0.4647
val 6: loss = 0.6984 | acc = 0.5714 | precision = 0.0000 | recall = 0.0000 | f1 = 0.0000 | auc = 0.6852
train 7: loss = 0.4569
val 7: loss = 0.6950 | acc = 0.5714 | precision = 0.0000 | recall = 0.0000 | f1 = 0.0000 | auc = 0.6852
train 8: loss = 0.4546
val 8: loss = 0.6978 | acc = 0.5714 | precision = 0.0000 | recall = 0.0000 | f1 = 0.0000 | auc = 0.6852
train 9: loss = 0.4488
val 9: loss = 0.6991 | acc = 0.5714 | precision = 0.0000 | recall = 0.0000 | f1 = 0.0000 | auc = 0.6759
train 10: loss = 0.4479
val 10: loss = 0.6984 | acc = 0.5714 | precision = 0.0000 | recall = 0.0000 | f1 = 0.0000 | auc = 0.6852
test: loss = 0.6267 | acc = 0.6829 | precision = 0.0000 | recall = 0.0000 | f1 = 0.0000 | auc = 0.4863

extraction = resnet50, seed = 2025, fold = 5, lr = 0.0001, weight_decay = 0.001, epochs = 10
train 1: loss = 0.6578
val 1: loss = 0.7457 | acc = 0.5238 | precision = 0.0000 | recall = 0.0000 | f1 = 0.0000 | auc = 0.5091
train 2: loss = 0.6310
val 2: loss = 0.7201 | acc = 0.5238 | precision = 0.0000 | recall = 0.0000 | f1 = 0.0000 | auc = 0.5909
train 3: loss = 0.6019
val 3: loss = 0.7190 | acc = 0.5238 | precision = 0.0000 | recall = 0.0000 | f1 = 0.0000 | auc = 0.6091
train 4: loss = 0.5338
val 4: loss = 0.7534 | acc = 0.5238 | precision = 0.0000 | recall = 0.0000 | f1 = 0.0000 | auc = 0.6000
train 5: loss = 0.4808
val 5: loss = 0.7316 | acc = 0.5238 | precision = 0.0000 | recall = 0.0000 | f1 = 0.0000 | auc = 0.6364
train 6: loss = 0.4666
val 6: loss = 0.7503 | acc = 0.5238 | precision = 0.0000 | recall = 0.0000 | f1 = 0.0000 | auc = 0.6273
train 7: loss = 0.4555
val 7: loss = 0.7316 | acc = 0.5238 | precision = 0.0000 | recall = 0.0000 | f1 = 0.0000 | auc = 0.6545
train 8: loss = 0.4527
val 8: loss = 0.7256 | acc = 0.5238 | precision = 0.0000 | recall = 0.0000 | f1 = 0.0000 | auc = 0.6727
train 9: loss = 0.4502
val 9: loss = 0.7281 | acc = 0.5238 | precision = 0.0000 | recall = 0.0000 | f1 = 0.0000 | auc = 0.6727
train 10: loss = 0.4486
val 10: loss = 0.7334 | acc = 0.5238 | precision = 0.0000 | recall = 0.0000 | f1 = 0.0000 | auc = 0.6727
test: loss = 0.6137 | acc = 0.7000 | precision = 0.0000 | recall = 0.0000 | f1 = 0.0000 | auc = 0.8363

