extraction = gigapath, seed = 123, fold = 1, lr = 0.0001, weight_decay = 0.001, epochs = 10
train 1: loss = 0.5952
val 1: loss = 0.6050 | acc = 0.7857 | precision = 0.8750 | recall = 0.7778 | f1 = 0.8235 | auc = 0.7778
train 2: loss = 0.3951
val 2: loss = 0.5217 | acc = 0.8571 | precision = 0.8889 | recall = 0.8889 | f1 = 0.8889 | auc = 0.8889
train 3: loss = 0.3187
val 3: loss = 0.4586 | acc = 0.7857 | precision = 0.8750 | recall = 0.7778 | f1 = 0.8235 | auc = 0.9333
train 4: loss = 0.2327
val 4: loss = 0.3841 | acc = 0.7857 | precision = 0.7500 | recall = 1.0000 | f1 = 0.8571 | auc = 0.9556
train 5: loss = 0.1700
val 5: loss = 0.3514 | acc = 0.8571 | precision = 0.8889 | recall = 0.8889 | f1 = 0.8889 | auc = 0.9333
train 6: loss = 0.1043
val 6: loss = 0.4294 | acc = 0.7857 | precision = 0.8750 | recall = 0.7778 | f1 = 0.8235 | auc = 0.9111
train 7: loss = 0.0699
val 7: loss = 0.4137 | acc = 0.7857 | precision = 0.8750 | recall = 0.7778 | f1 = 0.8235 | auc = 0.9111
train 8: loss = 0.0495
val 8: loss = 0.4216 | acc = 0.8571 | precision = 0.8889 | recall = 0.8889 | f1 = 0.8889 | auc = 0.8667
train 9: loss = 0.0355
val 9: loss = 0.4222 | acc = 0.8571 | precision = 0.8889 | recall = 0.8889 | f1 = 0.8889 | auc = 0.8889
train 10: loss = 0.0304
val 10: loss = 0.4285 | acc = 0.8571 | precision = 0.8889 | recall = 0.8889 | f1 = 0.8889 | auc = 0.8889
test: loss = 0.6010 | acc = 0.7143 | precision = 0.7333 | recall = 0.7333 | f1 = 0.7333 | auc = 0.8154

extraction = gigapath, seed = 123, fold = 2, lr = 0.0001, weight_decay = 0.001, epochs = 10
train 1: loss = 0.5857
val 1: loss = 0.5627 | acc = 0.7143 | precision = 0.7500 | recall = 0.9000 | f1 = 0.8182 | auc = 0.7750
train 2: loss = 0.4079
val 2: loss = 0.5106 | acc = 0.7857 | precision = 0.8182 | recall = 0.9000 | f1 = 0.8571 | auc = 0.8500
train 3: loss = 0.3174
val 3: loss = 0.4335 | acc = 0.7857 | precision = 0.8889 | recall = 0.8000 | f1 = 0.8421 | auc = 0.9250
train 4: loss = 0.2493
val 4: loss = 0.2795 | acc = 0.7857 | precision = 0.7692 | recall = 1.0000 | f1 = 0.8696 | auc = 1.0000
train 5: loss = 0.2033
val 5: loss = 0.2787 | acc = 0.9286 | precision = 0.9091 | recall = 1.0000 | f1 = 0.9524 | auc = 0.9500
train 6: loss = 0.1470
val 6: loss = 0.2745 | acc = 0.7857 | precision = 0.8889 | recall = 0.8000 | f1 = 0.8421 | auc = 0.9500
train 7: loss = 0.1031
val 7: loss = 0.2851 | acc = 0.7857 | precision = 0.8889 | recall = 0.8000 | f1 = 0.8421 | auc = 0.9500
train 8: loss = 0.0821
val 8: loss = 0.2269 | acc = 0.9286 | precision = 0.9091 | recall = 1.0000 | f1 = 0.9524 | auc = 0.9750
train 9: loss = 0.0680
val 9: loss = 0.2295 | acc = 0.8571 | precision = 0.9000 | recall = 0.9000 | f1 = 0.9000 | auc = 0.9500
train 10: loss = 0.0591
val 10: loss = 0.2218 | acc = 0.8571 | precision = 0.9000 | recall = 0.9000 | f1 = 0.9000 | auc = 0.9750
test: loss = 0.3252 | acc = 0.8571 | precision = 0.7000 | recall = 0.8750 | f1 = 0.7778 | auc = 0.9187

extraction = gigapath, seed = 123, fold = 3, lr = 0.0001, weight_decay = 0.001, epochs = 10
train 1: loss = 0.5791
val 1: loss = 0.5904 | acc = 0.7143 | precision = 0.7778 | recall = 0.7778 | f1 = 0.7778 | auc = 0.8667
train 2: loss = 0.3773
val 2: loss = 0.6097 | acc = 0.7143 | precision = 1.0000 | recall = 0.5556 | f1 = 0.7143 | auc = 0.8444
train 3: loss = 0.3114
val 3: loss = 0.4512 | acc = 0.7857 | precision = 0.8000 | recall = 0.8889 | f1 = 0.8421 | auc = 0.9111
train 4: loss = 0.2419
val 4: loss = 0.3801 | acc = 0.7857 | precision = 0.8000 | recall = 0.8889 | f1 = 0.8421 | auc = 0.9333
train 5: loss = 0.1701
val 5: loss = 0.4039 | acc = 0.9286 | precision = 1.0000 | recall = 0.8889 | f1 = 0.9412 | auc = 0.9333
train 6: loss = 0.1362
val 6: loss = 0.2635 | acc = 0.8571 | precision = 0.8889 | recall = 0.8889 | f1 = 0.8889 | auc = 0.9333
train 7: loss = 0.0932
val 7: loss = 0.3277 | acc = 0.9286 | precision = 1.0000 | recall = 0.8889 | f1 = 0.9412 | auc = 0.9333
train 8: loss = 0.0668
val 8: loss = 0.2692 | acc = 0.9286 | precision = 1.0000 | recall = 0.8889 | f1 = 0.9412 | auc = 0.9333
train 9: loss = 0.0536
val 9: loss = 0.3017 | acc = 0.9286 | precision = 1.0000 | recall = 0.8889 | f1 = 0.9412 | auc = 0.9333
train 10: loss = 0.0451
val 10: loss = 0.3009 | acc = 0.9286 | precision = 1.0000 | recall = 0.8889 | f1 = 0.9412 | auc = 0.9333
test: loss = 0.6942 | acc = 0.7500 | precision = 0.7059 | recall = 0.8571 | f1 = 0.7742 | auc = 0.8010

extraction = gigapath, seed = 123, fold = 4, lr = 0.0001, weight_decay = 0.001, epochs = 10
train 1: loss = 0.5744
val 1: loss = 0.6042 | acc = 0.7857 | precision = 0.7500 | recall = 0.8571 | f1 = 0.8000 | auc = 0.8367
train 2: loss = 0.3762
val 2: loss = 0.6568 | acc = 0.6429 | precision = 1.0000 | recall = 0.2857 | f1 = 0.4444 | auc = 0.7755
train 3: loss = 0.2922
val 3: loss = 0.4016 | acc = 0.7857 | precision = 0.8333 | recall = 0.7143 | f1 = 0.7692 | auc = 0.9184
train 4: loss = 0.2254
val 4: loss = 0.4169 | acc = 0.7857 | precision = 1.0000 | recall = 0.5714 | f1 = 0.7273 | auc = 0.9184
train 5: loss = 0.1677
val 5: loss = 0.4061 | acc = 0.7857 | precision = 1.0000 | recall = 0.5714 | f1 = 0.7273 | auc = 0.9388
train 6: loss = 0.1105
val 6: loss = 0.3027 | acc = 0.7857 | precision = 0.7500 | recall = 0.8571 | f1 = 0.8000 | auc = 0.9388
train 7: loss = 0.0676
val 7: loss = 0.3831 | acc = 0.8571 | precision = 1.0000 | recall = 0.7143 | f1 = 0.8333 | auc = 0.9184
train 8: loss = 0.0555
val 8: loss = 0.3544 | acc = 0.8571 | precision = 0.8571 | recall = 0.8571 | f1 = 0.8571 | auc = 0.9388
train 9: loss = 0.0407
val 9: loss = 0.3726 | acc = 0.8571 | precision = 0.8571 | recall = 0.8571 | f1 = 0.8571 | auc = 0.9184
train 10: loss = 0.0352
val 10: loss = 0.3753 | acc = 0.8571 | precision = 0.8571 | recall = 0.8571 | f1 = 0.8571 | auc = 0.9184
test: loss = 0.6898 | acc = 0.5714 | precision = 0.6250 | recall = 0.6250 | f1 = 0.6250 | auc = 0.7083

extraction = gigapath, seed = 123, fold = 5, lr = 0.0001, weight_decay = 0.001, epochs = 10
train 1: loss = 0.5961
val 1: loss = 0.6828 | acc = 0.6429 | precision = 0.0000 | recall = 0.0000 | f1 = 0.0000 | auc = 0.6444
train 2: loss = 0.4398
val 2: loss = 0.5938 | acc = 0.6429 | precision = 0.5000 | recall = 0.6000 | f1 = 0.5455 | auc = 0.6889
train 3: loss = 0.3448
val 3: loss = 0.5727 | acc = 0.7143 | precision = 1.0000 | recall = 0.2000 | f1 = 0.3333 | auc = 0.7333
train 4: loss = 0.2933
val 4: loss = 0.6119 | acc = 0.5714 | precision = 0.4000 | recall = 0.4000 | f1 = 0.4000 | auc = 0.6889
train 5: loss = 0.2323
val 5: loss = 0.6474 | acc = 0.6429 | precision = 0.5000 | recall = 0.8000 | f1 = 0.6154 | auc = 0.6889
train 6: loss = 0.1755
val 6: loss = 0.5960 | acc = 0.6429 | precision = 0.5000 | recall = 0.8000 | f1 = 0.6154 | auc = 0.7556
train 7: loss = 0.1326
val 7: loss = 0.5372 | acc = 0.7857 | precision = 0.6667 | recall = 0.8000 | f1 = 0.7273 | auc = 0.8000
train 8: loss = 0.1015
val 8: loss = 0.5193 | acc = 0.7857 | precision = 0.6667 | recall = 0.8000 | f1 = 0.7273 | auc = 0.8444
train 9: loss = 0.0841
val 9: loss = 0.5374 | acc = 0.7143 | precision = 0.5714 | recall = 0.8000 | f1 = 0.6667 | auc = 0.8444
train 10: loss = 0.0744
val 10: loss = 0.5511 | acc = 0.7143 | precision = 0.5714 | recall = 0.8000 | f1 = 0.6667 | auc = 0.8444
test: loss = 0.5241 | acc = 0.8148 | precision = 0.8333 | recall = 0.7692 | f1 = 0.8000 | auc = 0.8407

extraction = uni, seed = 123, fold = 1, lr = 0.0001, weight_decay = 0.001, epochs = 10
train 1: loss = 0.5750
val 1: loss = 0.6485 | acc = 0.7857 | precision = 1.0000 | recall = 0.6667 | f1 = 0.8000 | auc = 0.7556
train 2: loss = 0.3544
val 2: loss = 0.7331 | acc = 0.5714 | precision = 1.0000 | recall = 0.3333 | f1 = 0.5000 | auc = 0.7556
train 3: loss = 0.2853
val 3: loss = 0.5675 | acc = 0.7143 | precision = 0.7778 | recall = 0.7778 | f1 = 0.7778 | auc = 0.8000
train 4: loss = 0.2593
val 4: loss = 0.4814 | acc = 0.7143 | precision = 0.7778 | recall = 0.7778 | f1 = 0.7778 | auc = 0.8222
train 5: loss = 0.1815
val 5: loss = 0.7592 | acc = 0.5714 | precision = 0.8000 | recall = 0.4444 | f1 = 0.5714 | auc = 0.7778
train 6: loss = 0.1422
val 6: loss = 0.3953 | acc = 0.7857 | precision = 0.8000 | recall = 0.8889 | f1 = 0.8421 | auc = 0.8667
train 7: loss = 0.1055
val 7: loss = 0.3994 | acc = 0.7857 | precision = 0.8000 | recall = 0.8889 | f1 = 0.8421 | auc = 0.8667
train 8: loss = 0.0823
val 8: loss = 0.3714 | acc = 0.8571 | precision = 0.8182 | recall = 1.0000 | f1 = 0.9000 | auc = 0.8444
train 9: loss = 0.0653
val 9: loss = 0.3927 | acc = 0.7857 | precision = 0.8000 | recall = 0.8889 | f1 = 0.8421 | auc = 0.8667
train 10: loss = 0.0558
val 10: loss = 0.4087 | acc = 0.7857 | precision = 0.8000 | recall = 0.8889 | f1 = 0.8421 | auc = 0.8667
test: loss = 0.5395 | acc = 0.7500 | precision = 0.8333 | recall = 0.6667 | f1 = 0.7407 | auc = 0.8667

extraction = uni, seed = 123, fold = 2, lr = 0.0001, weight_decay = 0.001, epochs = 10
train 1: loss = 0.5889
val 1: loss = 0.5844 | acc = 0.7143 | precision = 0.8000 | recall = 0.8000 | f1 = 0.8000 | auc = 0.8500
train 2: loss = 0.3866
val 2: loss = 0.7398 | acc = 0.5000 | precision = 1.0000 | recall = 0.3000 | f1 = 0.4615 | auc = 0.8250
train 3: loss = 0.3035
val 3: loss = 0.5393 | acc = 0.7857 | precision = 0.8889 | recall = 0.8000 | f1 = 0.8421 | auc = 0.7500
train 4: loss = 0.2777
val 4: loss = 0.5689 | acc = 0.7857 | precision = 0.8889 | recall = 0.8000 | f1 = 0.8421 | auc = 0.7250
train 5: loss = 0.2092
val 5: loss = 0.6848 | acc = 0.7143 | precision = 0.8750 | recall = 0.7000 | f1 = 0.7778 | auc = 0.8000
train 6: loss = 0.1701
val 6: loss = 0.5296 | acc = 0.7143 | precision = 0.8000 | recall = 0.8000 | f1 = 0.8000 | auc = 0.8500
train 7: loss = 0.1400
val 7: loss = 0.6211 | acc = 0.7143 | precision = 0.8000 | recall = 0.8000 | f1 = 0.8000 | auc = 0.8250
train 8: loss = 0.1140
val 8: loss = 0.6159 | acc = 0.7143 | precision = 0.8000 | recall = 0.8000 | f1 = 0.8000 | auc = 0.8250
train 9: loss = 0.1000
val 9: loss = 0.6622 | acc = 0.7143 | precision = 0.8750 | recall = 0.7000 | f1 = 0.7778 | auc = 0.8250
train 10: loss = 0.0860
val 10: loss = 0.6863 | acc = 0.7143 | precision = 0.8750 | recall = 0.7000 | f1 = 0.7778 | auc = 0.8250
test: loss = 0.4886 | acc = 0.7857 | precision = 0.5714 | recall = 1.0000 | f1 = 0.7273 | auc = 0.9313

extraction = uni, seed = 123, fold = 3, lr = 0.0001, weight_decay = 0.001, epochs = 10
train 1: loss = 0.5938
val 1: loss = 0.5105 | acc = 0.7857 | precision = 0.8000 | recall = 0.8889 | f1 = 0.8421 | auc = 0.9111
train 2: loss = 0.3641
val 2: loss = 0.7000 | acc = 0.4286 | precision = 1.0000 | recall = 0.1111 | f1 = 0.2000 | auc = 0.9333
train 3: loss = 0.2987
val 3: loss = 0.6463 | acc = 0.6429 | precision = 1.0000 | recall = 0.4444 | f1 = 0.6154 | auc = 0.8444
train 4: loss = 0.2498
val 4: loss = 0.5694 | acc = 0.7143 | precision = 1.0000 | recall = 0.5556 | f1 = 0.7143 | auc = 0.8889
train 5: loss = 0.1834
val 5: loss = 0.5181 | acc = 0.7857 | precision = 1.0000 | recall = 0.6667 | f1 = 0.8000 | auc = 0.8889
train 6: loss = 0.1333
val 6: loss = 0.5042 | acc = 0.7857 | precision = 0.8000 | recall = 0.8889 | f1 = 0.8421 | auc = 0.8444
train 7: loss = 0.0958
val 7: loss = 0.5155 | acc = 0.7857 | precision = 0.8000 | recall = 0.8889 | f1 = 0.8421 | auc = 0.8667
train 8: loss = 0.0719
val 8: loss = 0.5095 | acc = 0.7857 | precision = 0.8750 | recall = 0.7778 | f1 = 0.8235 | auc = 0.8444
train 9: loss = 0.0557
val 9: loss = 0.5310 | acc = 0.7143 | precision = 0.8571 | recall = 0.6667 | f1 = 0.7500 | auc = 0.8222
train 10: loss = 0.0458
val 10: loss = 0.5387 | acc = 0.7143 | precision = 0.7778 | recall = 0.7778 | f1 = 0.7778 | auc = 0.8222
test: loss = 0.6745 | acc = 0.6786 | precision = 0.6667 | recall = 0.7143 | f1 = 0.6897 | auc = 0.7959

extraction = uni, seed = 123, fold = 4, lr = 0.0001, weight_decay = 0.001, epochs = 10
train 1: loss = 0.5554
val 1: loss = 0.5224 | acc = 0.5714 | precision = 1.0000 | recall = 0.1429 | f1 = 0.2500 | auc = 0.9592
train 2: loss = 0.3199
val 2: loss = 0.5806 | acc = 0.5714 | precision = 1.0000 | recall = 0.1429 | f1 = 0.2500 | auc = 0.9388
train 3: loss = 0.2755
val 3: loss = 0.4681 | acc = 0.7143 | precision = 1.0000 | recall = 0.4286 | f1 = 0.6000 | auc = 0.9184
train 4: loss = 0.2145
val 4: loss = 0.5260 | acc = 0.6429 | precision = 1.0000 | recall = 0.2857 | f1 = 0.4444 | auc = 0.9184
train 5: loss = 0.1817
val 5: loss = 0.3712 | acc = 0.9286 | precision = 1.0000 | recall = 0.8571 | f1 = 0.9231 | auc = 0.9388
train 6: loss = 0.1285
val 6: loss = 0.2653 | acc = 0.9286 | precision = 1.0000 | recall = 0.8571 | f1 = 0.9231 | auc = 0.9388
train 7: loss = 0.1107
val 7: loss = 0.2230 | acc = 0.9286 | precision = 1.0000 | recall = 0.8571 | f1 = 0.9231 | auc = 0.9796
train 8: loss = 0.0897
val 8: loss = 0.2077 | acc = 0.9286 | precision = 1.0000 | recall = 0.8571 | f1 = 0.9231 | auc = 1.0000
train 9: loss = 0.0808
val 9: loss = 0.2381 | acc = 0.9286 | precision = 1.0000 | recall = 0.8571 | f1 = 0.9231 | auc = 1.0000
train 10: loss = 0.0691
val 10: loss = 0.2535 | acc = 0.9286 | precision = 1.0000 | recall = 0.8571 | f1 = 0.9231 | auc = 1.0000
test: loss = 0.8830 | acc = 0.6071 | precision = 0.6471 | recall = 0.6875 | f1 = 0.6667 | auc = 0.6510

extraction = uni, seed = 123, fold = 5, lr = 0.0001, weight_decay = 0.001, epochs = 10
train 1: loss = 0.5624
val 1: loss = 0.6077 | acc = 0.6429 | precision = 0.5000 | recall = 0.4000 | f1 = 0.4444 | auc = 0.6222
train 2: loss = 0.3782
val 2: loss = 0.5606 | acc = 0.7143 | precision = 0.6667 | recall = 0.4000 | f1 = 0.5000 | auc = 0.6667
train 3: loss = 0.3125
val 3: loss = 0.5911 | acc = 0.5714 | precision = 0.4286 | recall = 0.6000 | f1 = 0.5000 | auc = 0.7111
train 4: loss = 0.2452
val 4: loss = 0.6228 | acc = 0.7857 | precision = 0.7500 | recall = 0.6000 | f1 = 0.6667 | auc = 0.7111
train 5: loss = 0.1989
val 5: loss = 0.6377 | acc = 0.6429 | precision = 0.5000 | recall = 0.8000 | f1 = 0.6154 | auc = 0.7556
train 6: loss = 0.1787
val 6: loss = 0.5904 | acc = 0.7143 | precision = 0.6000 | recall = 0.6000 | f1 = 0.6000 | auc = 0.7556
train 7: loss = 0.1259
val 7: loss = 0.6294 | acc = 0.7143 | precision = 0.6000 | recall = 0.6000 | f1 = 0.6000 | auc = 0.7333
train 8: loss = 0.0959
val 8: loss = 0.6547 | acc = 0.7143 | precision = 0.6000 | recall = 0.6000 | f1 = 0.6000 | auc = 0.7556
train 9: loss = 0.0794
val 9: loss = 0.6812 | acc = 0.7143 | precision = 0.6000 | recall = 0.6000 | f1 = 0.6000 | auc = 0.7556
train 10: loss = 0.0711
val 10: loss = 0.7029 | acc = 0.7143 | precision = 0.6000 | recall = 0.6000 | f1 = 0.6000 | auc = 0.7333
test: loss = 0.4393 | acc = 0.8148 | precision = 0.9000 | recall = 0.6923 | f1 = 0.7826 | auc = 0.8901

extraction = resnet50, seed = 123, fold = 1, lr = 0.0001, weight_decay = 0.001, epochs = 10
train 1: loss = 0.6854
val 1: loss = 0.7339 | acc = 0.3571 | precision = 0.0000 | recall = 0.0000 | f1 = 0.0000 | auc = 0.6000
train 2: loss = 0.6387
val 2: loss = 0.7181 | acc = 0.3571 | precision = 0.0000 | recall = 0.0000 | f1 = 0.0000 | auc = 0.6000
train 3: loss = 0.5641
val 3: loss = 0.7194 | acc = 0.3571 | precision = 0.0000 | recall = 0.0000 | f1 = 0.0000 | auc = 0.6000
train 4: loss = 0.5273
val 4: loss = 0.7284 | acc = 0.3571 | precision = 0.0000 | recall = 0.0000 | f1 = 0.0000 | auc = 0.6222
train 5: loss = 0.5055
val 5: loss = 0.7338 | acc = 0.3571 | precision = 0.0000 | recall = 0.0000 | f1 = 0.0000 | auc = 0.6000
train 6: loss = 0.4960
val 6: loss = 0.7537 | acc = 0.3571 | precision = 0.0000 | recall = 0.0000 | f1 = 0.0000 | auc = 0.6222
train 7: loss = 0.4895
val 7: loss = 0.7372 | acc = 0.3571 | precision = 0.0000 | recall = 0.0000 | f1 = 0.0000 | auc = 0.6000
train 8: loss = 0.4882
val 8: loss = 0.7352 | acc = 0.3571 | precision = 0.0000 | recall = 0.0000 | f1 = 0.0000 | auc = 0.6000
train 9: loss = 0.4852
val 9: loss = 0.7310 | acc = 0.3571 | precision = 0.0000 | recall = 0.0000 | f1 = 0.0000 | auc = 0.6000
train 10: loss = 0.4841
val 10: loss = 0.7319 | acc = 0.3571 | precision = 0.0000 | recall = 0.0000 | f1 = 0.0000 | auc = 0.6000
test: loss = 0.6991 | acc = 0.4643 | precision = 0.0000 | recall = 0.0000 | f1 = 0.0000 | auc = 0.6718

extraction = resnet50, seed = 123, fold = 2, lr = 0.0001, weight_decay = 0.001, epochs = 10
train 1: loss = 0.6957
val 1: loss = 0.7119 | acc = 0.2857 | precision = 0.0000 | recall = 0.0000 | f1 = 0.0000 | auc = 0.6750
train 2: loss = 0.6876
val 2: loss = 0.6686 | acc = 0.7143 | precision = 0.7143 | recall = 1.0000 | f1 = 0.8333 | auc = 0.5500
train 3: loss = 0.6534
val 3: loss = 0.6792 | acc = 0.7143 | precision = 0.7143 | recall = 1.0000 | f1 = 0.8333 | auc = 0.5750
train 4: loss = 0.6177
val 4: loss = 0.6859 | acc = 0.7143 | precision = 0.7143 | recall = 1.0000 | f1 = 0.8333 | auc = 0.6250
train 5: loss = 0.5625
val 5: loss = 0.6953 | acc = 0.4286 | precision = 0.7500 | recall = 0.3000 | f1 = 0.4286 | auc = 0.6500
train 6: loss = 0.5295
val 6: loss = 0.7047 | acc = 0.2857 | precision = 0.0000 | recall = 0.0000 | f1 = 0.0000 | auc = 0.6750
train 7: loss = 0.5129
val 7: loss = 0.6948 | acc = 0.5000 | precision = 0.8000 | recall = 0.4000 | f1 = 0.5333 | auc = 0.6750
train 8: loss = 0.5059
val 8: loss = 0.6885 | acc = 0.5714 | precision = 0.8333 | recall = 0.5000 | f1 = 0.6250 | auc = 0.6750
train 9: loss = 0.5016
val 9: loss = 0.6880 | acc = 0.5714 | precision = 0.7500 | recall = 0.6000 | f1 = 0.6667 | auc = 0.6750
train 10: loss = 0.4992
val 10: loss = 0.6887 | acc = 0.5714 | precision = 0.8333 | recall = 0.5000 | f1 = 0.6250 | auc = 0.6750
test: loss = 0.7192 | acc = 0.2857 | precision = 0.2857 | recall = 1.0000 | f1 = 0.4444 | auc = 0.7937

extraction = resnet50, seed = 123, fold = 3, lr = 0.0001, weight_decay = 0.001, epochs = 10
train 1: loss = 0.6881
val 1: loss = 0.7290 | acc = 0.3571 | precision = 0.0000 | recall = 0.0000 | f1 = 0.0000 | auc = 0.7556
train 2: loss = 0.6687
val 2: loss = 0.6944 | acc = 0.4286 | precision = 1.0000 | recall = 0.1111 | f1 = 0.2000 | auc = 0.7333
train 3: loss = 0.6138
val 3: loss = 0.7101 | acc = 0.3571 | precision = 0.0000 | recall = 0.0000 | f1 = 0.0000 | auc = 0.7778
train 4: loss = 0.6736
val 4: loss = 0.7216 | acc = 0.3571 | precision = 0.0000 | recall = 0.0000 | f1 = 0.0000 | auc = 0.7556
train 5: loss = 0.5894
val 5: loss = 0.7394 | acc = 0.3571 | precision = 0.0000 | recall = 0.0000 | f1 = 0.0000 | auc = 0.7556
train 6: loss = 0.5728
val 6: loss = 0.7288 | acc = 0.3571 | precision = 0.0000 | recall = 0.0000 | f1 = 0.0000 | auc = 0.7556
train 7: loss = 0.5736
val 7: loss = 0.7343 | acc = 0.3571 | precision = 0.0000 | recall = 0.0000 | f1 = 0.0000 | auc = 0.7556
train 8: loss = 0.5542
val 8: loss = 0.7246 | acc = 0.3571 | precision = 0.0000 | recall = 0.0000 | f1 = 0.0000 | auc = 0.7778
train 9: loss = 0.5878
val 9: loss = 0.7239 | acc = 0.3571 | precision = 0.0000 | recall = 0.0000 | f1 = 0.0000 | auc = 0.7778
train 10: loss = 0.5755
val 10: loss = 0.7241 | acc = 0.3571 | precision = 0.0000 | recall = 0.0000 | f1 = 0.0000 | auc = 0.7778
test: loss = 0.6916 | acc = 0.5000 | precision = 0.0000 | recall = 0.0000 | f1 = 0.0000 | auc = 0.7041

extraction = resnet50, seed = 123, fold = 4, lr = 0.0001, weight_decay = 0.001, epochs = 10
train 1: loss = 0.6929
val 1: loss = 0.6972 | acc = 0.5000 | precision = 0.0000 | recall = 0.0000 | f1 = 0.0000 | auc = 0.8163
train 2: loss = 0.6695
val 2: loss = 0.6944 | acc = 0.5000 | precision = 0.0000 | recall = 0.0000 | f1 = 0.0000 | auc = 0.7755
train 3: loss = 0.5972
val 3: loss = 0.6922 | acc = 0.5000 | precision = 0.0000 | recall = 0.0000 | f1 = 0.0000 | auc = 0.8163
train 4: loss = 0.5368
val 4: loss = 0.6993 | acc = 0.5000 | precision = 0.0000 | recall = 0.0000 | f1 = 0.0000 | auc = 0.7959
train 5: loss = 0.5113
val 5: loss = 0.6925 | acc = 0.5000 | precision = 0.0000 | recall = 0.0000 | f1 = 0.0000 | auc = 0.7959
train 6: loss = 0.5003
val 6: loss = 0.6868 | acc = 0.5000 | precision = 0.0000 | recall = 0.0000 | f1 = 0.0000 | auc = 0.8367
train 7: loss = 0.4935
val 7: loss = 0.6890 | acc = 0.5000 | precision = 0.0000 | recall = 0.0000 | f1 = 0.0000 | auc = 0.8367
train 8: loss = 0.4896
val 8: loss = 0.6891 | acc = 0.5000 | precision = 0.0000 | recall = 0.0000 | f1 = 0.0000 | auc = 0.8367
train 9: loss = 0.4873
val 9: loss = 0.6893 | acc = 0.5000 | precision = 0.0000 | recall = 0.0000 | f1 = 0.0000 | auc = 0.8367
train 10: loss = 0.4856
val 10: loss = 0.6895 | acc = 0.5000 | precision = 0.0000 | recall = 0.0000 | f1 = 0.0000 | auc = 0.8367
test: loss = 0.7010 | acc = 0.4286 | precision = 0.0000 | recall = 0.0000 | f1 = 0.0000 | auc = 0.5938

extraction = resnet50, seed = 123, fold = 5, lr = 0.0001, weight_decay = 0.001, epochs = 10
train 1: loss = 0.6965
val 1: loss = 0.6763 | acc = 0.6429 | precision = 0.0000 | recall = 0.0000 | f1 = 0.0000 | auc = 0.8444
train 2: loss = 0.6890
val 2: loss = 0.6893 | acc = 0.6429 | precision = 0.0000 | recall = 0.0000 | f1 = 0.0000 | auc = 0.8000
train 3: loss = 0.6635
val 3: loss = 0.6997 | acc = 0.3571 | precision = 0.3571 | recall = 1.0000 | f1 = 0.5263 | auc = 0.8222
train 4: loss = 0.6240
val 4: loss = 0.6958 | acc = 0.3571 | precision = 0.3571 | recall = 1.0000 | f1 = 0.5263 | auc = 0.8667
train 5: loss = 0.5922
val 5: loss = 0.6925 | acc = 0.5000 | precision = 0.4167 | recall = 1.0000 | f1 = 0.5882 | auc = 0.8444
train 6: loss = 0.5575
val 6: loss = 0.6915 | acc = 0.5000 | precision = 0.4167 | recall = 1.0000 | f1 = 0.5882 | auc = 0.8444
train 7: loss = 0.5386
val 7: loss = 0.6920 | acc = 0.5000 | precision = 0.4167 | recall = 1.0000 | f1 = 0.5882 | auc = 0.8444
train 8: loss = 0.5292
val 8: loss = 0.6852 | acc = 0.7143 | precision = 1.0000 | recall = 0.2000 | f1 = 0.3333 | auc = 0.8444
train 9: loss = 0.5236
val 9: loss = 0.6851 | acc = 0.7143 | precision = 1.0000 | recall = 0.2000 | f1 = 0.3333 | auc = 0.8444
train 10: loss = 0.5209
val 10: loss = 0.6849 | acc = 0.7143 | precision = 1.0000 | recall = 0.2000 | f1 = 0.3333 | auc = 0.8444
test: loss = 0.6906 | acc = 0.5185 | precision = 0.0000 | recall = 0.0000 | f1 = 0.0000 | auc = 0.8132

extraction = gigapath, seed = 460, fold = 1, lr = 0.0001, weight_decay = 0.001, epochs = 10
train 1: loss = 0.5592
val 1: loss = 0.5711 | acc = 0.5333 | precision = 0.0000 | recall = 0.0000 | f1 = 0.0000 | auc = 0.9821
train 2: loss = 0.3378
val 2: loss = 0.3892 | acc = 0.8000 | precision = 0.8333 | recall = 0.7143 | f1 = 0.7692 | auc = 0.9464
train 3: loss = 0.2463
val 3: loss = 0.3477 | acc = 0.8000 | precision = 1.0000 | recall = 0.5714 | f1 = 0.7273 | auc = 0.9643
train 4: loss = 0.1564
val 4: loss = 0.3324 | acc = 0.8667 | precision = 0.8571 | recall = 0.8571 | f1 = 0.8571 | auc = 0.9286
train 5: loss = 0.1220
val 5: loss = 0.2963 | acc = 0.8667 | precision = 0.8571 | recall = 0.8571 | f1 = 0.8571 | auc = 0.9643
train 6: loss = 0.0728
val 6: loss = 0.3355 | acc = 0.8667 | precision = 0.8571 | recall = 0.8571 | f1 = 0.8571 | auc = 0.9464
train 7: loss = 0.0450
val 7: loss = 0.4369 | acc = 0.8000 | precision = 1.0000 | recall = 0.5714 | f1 = 0.7273 | auc = 0.9107
train 8: loss = 0.0327
val 8: loss = 0.4140 | acc = 0.7333 | precision = 0.7143 | recall = 0.7143 | f1 = 0.7143 | auc = 0.9107
train 9: loss = 0.0232
val 9: loss = 0.4246 | acc = 0.7333 | precision = 0.8000 | recall = 0.5714 | f1 = 0.6667 | auc = 0.9107
train 10: loss = 0.0207
val 10: loss = 0.4263 | acc = 0.8000 | precision = 0.8333 | recall = 0.7143 | f1 = 0.7692 | auc = 0.9107
test: loss = 0.4376 | acc = 0.7586 | precision = 0.7778 | recall = 0.8235 | f1 = 0.8000 | auc = 0.8480

extraction = gigapath, seed = 460, fold = 2, lr = 0.0001, weight_decay = 0.001, epochs = 10
train 1: loss = 0.5724
val 1: loss = 0.5449 | acc = 0.8000 | precision = 1.0000 | recall = 0.5714 | f1 = 0.7273 | auc = 0.9286
train 2: loss = 0.3707
val 2: loss = 0.4420 | acc = 0.8000 | precision = 0.8333 | recall = 0.7143 | f1 = 0.7692 | auc = 0.9107
train 3: loss = 0.2791
val 3: loss = 0.4588 | acc = 0.7333 | precision = 0.8000 | recall = 0.5714 | f1 = 0.6667 | auc = 0.9107
train 4: loss = 0.2199
val 4: loss = 0.4267 | acc = 0.8000 | precision = 0.8333 | recall = 0.7143 | f1 = 0.7692 | auc = 0.9107
train 5: loss = 0.1745
val 5: loss = 0.3460 | acc = 0.8000 | precision = 0.8333 | recall = 0.7143 | f1 = 0.7692 | auc = 0.9286
train 6: loss = 0.1158
val 6: loss = 0.4315 | acc = 0.8000 | precision = 0.8333 | recall = 0.7143 | f1 = 0.7692 | auc = 0.9107
train 7: loss = 0.0826
val 7: loss = 0.4605 | acc = 0.8000 | precision = 0.8333 | recall = 0.7143 | f1 = 0.7692 | auc = 0.9107
train 8: loss = 0.0642
val 8: loss = 0.4783 | acc = 0.8000 | precision = 0.8333 | recall = 0.7143 | f1 = 0.7692 | auc = 0.8929
train 9: loss = 0.0439
val 9: loss = 0.4944 | acc = 0.8000 | precision = 0.8333 | recall = 0.7143 | f1 = 0.7692 | auc = 0.9107
train 10: loss = 0.0411
val 10: loss = 0.5032 | acc = 0.8000 | precision = 0.8333 | recall = 0.7143 | f1 = 0.7692 | auc = 0.9107
test: loss = 0.1864 | acc = 0.9310 | precision = 0.8462 | recall = 1.0000 | f1 = 0.9167 | auc = 0.9949

extraction = gigapath, seed = 460, fold = 3, lr = 0.0001, weight_decay = 0.001, epochs = 10
train 1: loss = 0.5640
val 1: loss = 0.5239 | acc = 0.8000 | precision = 0.7778 | recall = 0.8750 | f1 = 0.8235 | auc = 0.9107
train 2: loss = 0.3413
val 2: loss = 0.4584 | acc = 0.7333 | precision = 0.7500 | recall = 0.7500 | f1 = 0.7500 | auc = 0.8571
train 3: loss = 0.2426
val 3: loss = 0.4900 | acc = 0.6667 | precision = 0.8000 | recall = 0.5000 | f1 = 0.6154 | auc = 0.8929
train 4: loss = 0.1816
val 4: loss = 0.4292 | acc = 0.8000 | precision = 0.7778 | recall = 0.8750 | f1 = 0.8235 | auc = 0.8750
train 5: loss = 0.1441
val 5: loss = 0.5016 | acc = 0.8000 | precision = 0.7778 | recall = 0.8750 | f1 = 0.8235 | auc = 0.8571
train 6: loss = 0.0865
val 6: loss = 0.5497 | acc = 0.7333 | precision = 0.7500 | recall = 0.7500 | f1 = 0.7500 | auc = 0.8214
train 7: loss = 0.0694
val 7: loss = 0.5669 | acc = 0.6667 | precision = 0.7143 | recall = 0.6250 | f1 = 0.6667 | auc = 0.8571
train 8: loss = 0.0618
val 8: loss = 0.5583 | acc = 0.7333 | precision = 0.7500 | recall = 0.7500 | f1 = 0.7500 | auc = 0.8393
train 9: loss = 0.0427
val 9: loss = 0.5855 | acc = 0.7333 | precision = 0.7500 | recall = 0.7500 | f1 = 0.7500 | auc = 0.8393
train 10: loss = 0.0380
val 10: loss = 0.5978 | acc = 0.7333 | precision = 0.7500 | recall = 0.7500 | f1 = 0.7500 | auc = 0.8393
test: loss = 0.3422 | acc = 0.8966 | precision = 0.8000 | recall = 0.8889 | f1 = 0.8421 | auc = 0.9222

extraction = gigapath, seed = 460, fold = 4, lr = 0.0001, weight_decay = 0.001, epochs = 10
train 1: loss = 0.5711
val 1: loss = 0.5343 | acc = 0.7333 | precision = 1.0000 | recall = 0.3333 | f1 = 0.5000 | auc = 0.9444
train 2: loss = 0.3542
val 2: loss = 0.4728 | acc = 0.6667 | precision = 0.6000 | recall = 0.5000 | f1 = 0.5455 | auc = 0.8704
train 3: loss = 0.2494
val 3: loss = 0.4921 | acc = 0.6667 | precision = 0.6000 | recall = 0.5000 | f1 = 0.5455 | auc = 0.8333
train 4: loss = 0.1846
val 4: loss = 0.4543 | acc = 0.8000 | precision = 0.7143 | recall = 0.8333 | f1 = 0.7692 | auc = 0.8519
train 5: loss = 0.1340
val 5: loss = 0.4277 | acc = 0.8000 | precision = 0.7143 | recall = 0.8333 | f1 = 0.7692 | auc = 0.8889
train 6: loss = 0.0773
val 6: loss = 0.5252 | acc = 0.8000 | precision = 0.7143 | recall = 0.8333 | f1 = 0.7692 | auc = 0.8889
train 7: loss = 0.0629
val 7: loss = 0.5135 | acc = 0.6667 | precision = 0.6000 | recall = 0.5000 | f1 = 0.5455 | auc = 0.8704
train 8: loss = 0.0388
val 8: loss = 0.5005 | acc = 0.6667 | precision = 0.6000 | recall = 0.5000 | f1 = 0.5455 | auc = 0.8889
train 9: loss = 0.0308
val 9: loss = 0.4964 | acc = 0.7333 | precision = 0.6667 | recall = 0.6667 | f1 = 0.6667 | auc = 0.8889
train 10: loss = 0.0266
val 10: loss = 0.4966 | acc = 0.7333 | precision = 0.6667 | recall = 0.6667 | f1 = 0.6667 | auc = 0.8889
test: loss = 0.2362 | acc = 0.9310 | precision = 1.0000 | recall = 0.8182 | f1 = 0.9000 | auc = 0.9848

extraction = gigapath, seed = 460, fold = 5, lr = 0.0001, weight_decay = 0.001, epochs = 10
train 1: loss = 0.5739
val 1: loss = 0.4610 | acc = 0.9333 | precision = 1.0000 | recall = 0.7500 | f1 = 0.8571 | auc = 0.9773
train 2: loss = 0.3377
val 2: loss = 0.3347 | acc = 0.8667 | precision = 0.7500 | recall = 0.7500 | f1 = 0.7500 | auc = 0.9773
train 3: loss = 0.2239
val 3: loss = 0.2463 | acc = 0.8000 | precision = 0.6667 | recall = 0.5000 | f1 = 0.5714 | auc = 0.9545
train 4: loss = 0.1519
val 4: loss = 0.1881 | acc = 0.9333 | precision = 0.8000 | recall = 1.0000 | f1 = 0.8889 | auc = 1.0000
train 5: loss = 0.0903
val 5: loss = 0.2246 | acc = 0.9333 | precision = 0.8000 | recall = 1.0000 | f1 = 0.8889 | auc = 0.9773
train 6: loss = 0.0496
val 6: loss = 0.2012 | acc = 0.9333 | precision = 0.8000 | recall = 1.0000 | f1 = 0.8889 | auc = 0.9773
train 7: loss = 0.0339
val 7: loss = 0.1799 | acc = 0.8667 | precision = 0.7500 | recall = 0.7500 | f1 = 0.7500 | auc = 0.9773
train 8: loss = 0.0264
val 8: loss = 0.1854 | acc = 0.8667 | precision = 0.7500 | recall = 0.7500 | f1 = 0.7500 | auc = 0.9545
train 9: loss = 0.0190
val 9: loss = 0.1830 | acc = 0.8667 | precision = 0.7500 | recall = 0.7500 | f1 = 0.7500 | auc = 0.9773
train 10: loss = 0.0170
val 10: loss = 0.1848 | acc = 0.8667 | precision = 0.7500 | recall = 0.7500 | f1 = 0.7500 | auc = 0.9545
test: loss = 0.6589 | acc = 0.6552 | precision = 0.6667 | recall = 0.3333 | f1 = 0.4444 | auc = 0.7745

extraction = uni, seed = 460, fold = 1, lr = 0.0001, weight_decay = 0.001, epochs = 10
train 1: loss = 0.5642
val 1: loss = 0.6202 | acc = 0.6667 | precision = 0.6000 | recall = 0.8571 | f1 = 0.7059 | auc = 0.7500
train 2: loss = 0.3403
val 2: loss = 0.5117 | acc = 0.7333 | precision = 0.8000 | recall = 0.5714 | f1 = 0.6667 | auc = 0.8571
train 3: loss = 0.2232
val 3: loss = 0.4373 | acc = 0.8000 | precision = 0.8333 | recall = 0.7143 | f1 = 0.7692 | auc = 0.8929
train 4: loss = 0.1794
val 4: loss = 0.3835 | acc = 0.9333 | precision = 1.0000 | recall = 0.8571 | f1 = 0.9231 | auc = 0.9107
train 5: loss = 0.1215
val 5: loss = 0.3866 | acc = 0.8667 | precision = 0.8571 | recall = 0.8571 | f1 = 0.8571 | auc = 0.8929
train 6: loss = 0.0883
val 6: loss = 0.4264 | acc = 0.8667 | precision = 1.0000 | recall = 0.7143 | f1 = 0.8333 | auc = 0.9107
train 7: loss = 0.0587
val 7: loss = 0.4736 | acc = 0.8667 | precision = 1.0000 | recall = 0.7143 | f1 = 0.8333 | auc = 0.9107
train 8: loss = 0.0380
val 8: loss = 0.4268 | acc = 0.9333 | precision = 1.0000 | recall = 0.8571 | f1 = 0.9231 | auc = 0.9107
train 9: loss = 0.0295
val 9: loss = 0.4371 | acc = 0.9333 | precision = 1.0000 | recall = 0.8571 | f1 = 0.9231 | auc = 0.9286
train 10: loss = 0.0258
val 10: loss = 0.4338 | acc = 0.9333 | precision = 1.0000 | recall = 0.8571 | f1 = 0.9231 | auc = 0.9286
test: loss = 0.4447 | acc = 0.8276 | precision = 0.8333 | recall = 0.8824 | f1 = 0.8571 | auc = 0.8725

extraction = uni, seed = 460, fold = 2, lr = 0.0001, weight_decay = 0.001, epochs = 10
train 1: loss = 0.5946
val 1: loss = 0.6005 | acc = 0.6667 | precision = 0.6250 | recall = 0.7143 | f1 = 0.6667 | auc = 0.7500
train 2: loss = 0.3596
val 2: loss = 0.5703 | acc = 0.8000 | precision = 1.0000 | recall = 0.5714 | f1 = 0.7273 | auc = 0.8393
train 3: loss = 0.2850
val 3: loss = 0.4829 | acc = 0.8667 | precision = 1.0000 | recall = 0.7143 | f1 = 0.8333 | auc = 0.8571
train 4: loss = 0.2135
val 4: loss = 0.4955 | acc = 0.8000 | precision = 1.0000 | recall = 0.5714 | f1 = 0.7273 | auc = 0.8750
train 5: loss = 0.1755
val 5: loss = 0.4199 | acc = 0.8000 | precision = 0.8333 | recall = 0.7143 | f1 = 0.7692 | auc = 0.8929
train 6: loss = 0.1370
val 6: loss = 0.4992 | acc = 0.8667 | precision = 1.0000 | recall = 0.7143 | f1 = 0.8333 | auc = 0.9107
train 7: loss = 0.1278
val 7: loss = 0.4445 | acc = 0.8667 | precision = 1.0000 | recall = 0.7143 | f1 = 0.8333 | auc = 0.9107
train 8: loss = 0.0807
val 8: loss = 0.4506 | acc = 0.8667 | precision = 1.0000 | recall = 0.7143 | f1 = 0.8333 | auc = 0.9107
train 9: loss = 0.0641
val 9: loss = 0.4020 | acc = 0.8667 | precision = 1.0000 | recall = 0.7143 | f1 = 0.8333 | auc = 0.9107
train 10: loss = 0.0579
val 10: loss = 0.4275 | acc = 0.8667 | precision = 1.0000 | recall = 0.7143 | f1 = 0.8333 | auc = 0.9107
test: loss = 0.2794 | acc = 0.8966 | precision = 0.7857 | recall = 1.0000 | f1 = 0.8800 | auc = 0.9798

extraction = uni, seed = 460, fold = 3, lr = 0.0001, weight_decay = 0.001, epochs = 10
train 1: loss = 0.5955
val 1: loss = 0.5602 | acc = 0.6667 | precision = 0.6667 | recall = 0.7500 | f1 = 0.7059 | auc = 0.7857
train 2: loss = 0.3665
val 2: loss = 0.5458 | acc = 0.7333 | precision = 1.0000 | recall = 0.5000 | f1 = 0.6667 | auc = 0.8393
train 3: loss = 0.2614
val 3: loss = 0.5521 | acc = 0.6667 | precision = 0.8000 | recall = 0.5000 | f1 = 0.6154 | auc = 0.8571
train 4: loss = 0.1841
val 4: loss = 0.4787 | acc = 0.7333 | precision = 0.8333 | recall = 0.6250 | f1 = 0.7143 | auc = 0.8571
train 5: loss = 0.1437
val 5: loss = 0.5503 | acc = 0.8000 | precision = 0.8571 | recall = 0.7500 | f1 = 0.8000 | auc = 0.8571
train 6: loss = 0.1016
val 6: loss = 0.6196 | acc = 0.7333 | precision = 0.8333 | recall = 0.6250 | f1 = 0.7143 | auc = 0.8571
train 7: loss = 0.0889
val 7: loss = 0.6585 | acc = 0.8000 | precision = 0.8571 | recall = 0.7500 | f1 = 0.8000 | auc = 0.8393
train 8: loss = 0.0489
val 8: loss = 0.6559 | acc = 0.8000 | precision = 0.8571 | recall = 0.7500 | f1 = 0.8000 | auc = 0.8571
train 9: loss = 0.0369
val 9: loss = 0.6688 | acc = 0.8000 | precision = 0.8571 | recall = 0.7500 | f1 = 0.8000 | auc = 0.8571
train 10: loss = 0.0312
val 10: loss = 0.7041 | acc = 0.8000 | precision = 0.8571 | recall = 0.7500 | f1 = 0.8000 | auc = 0.8393
test: loss = 0.3460 | acc = 0.8276 | precision = 0.7500 | recall = 0.6667 | f1 = 0.7059 | auc = 0.9056

extraction = uni, seed = 460, fold = 4, lr = 0.0001, weight_decay = 0.001, epochs = 10
train 1: loss = 0.5829
val 1: loss = 0.5086 | acc = 0.8000 | precision = 0.8000 | recall = 0.6667 | f1 = 0.7273 | auc = 0.8333
train 2: loss = 0.3550
val 2: loss = 0.4261 | acc = 0.8667 | precision = 1.0000 | recall = 0.6667 | f1 = 0.8000 | auc = 0.8889
train 3: loss = 0.2494
val 3: loss = 0.5054 | acc = 0.8000 | precision = 0.8000 | recall = 0.6667 | f1 = 0.7273 | auc = 0.8519
train 4: loss = 0.1924
val 4: loss = 0.3989 | acc = 0.7333 | precision = 0.6667 | recall = 0.6667 | f1 = 0.6667 | auc = 0.8704
train 5: loss = 0.1433
val 5: loss = 0.5429 | acc = 0.7333 | precision = 0.6667 | recall = 0.6667 | f1 = 0.6667 | auc = 0.9074
train 6: loss = 0.1040
val 6: loss = 0.4673 | acc = 0.8000 | precision = 0.8000 | recall = 0.6667 | f1 = 0.7273 | auc = 0.9074
train 7: loss = 0.0833
val 7: loss = 0.4979 | acc = 0.8000 | precision = 0.8000 | recall = 0.6667 | f1 = 0.7273 | auc = 0.9074
train 8: loss = 0.0530
val 8: loss = 0.4993 | acc = 0.7333 | precision = 0.6667 | recall = 0.6667 | f1 = 0.6667 | auc = 0.9074
train 9: loss = 0.0436
val 9: loss = 0.5012 | acc = 0.7333 | precision = 0.6667 | recall = 0.6667 | f1 = 0.6667 | auc = 0.9074
train 10: loss = 0.0364
val 10: loss = 0.5166 | acc = 0.8000 | precision = 0.8000 | recall = 0.6667 | f1 = 0.7273 | auc = 0.9074
test: loss = 0.4156 | acc = 0.8621 | precision = 0.8182 | recall = 0.8182 | f1 = 0.8182 | auc = 0.8737

extraction = uni, seed = 460, fold = 5, lr = 0.0001, weight_decay = 0.001, epochs = 10
train 1: loss = 0.5933
val 1: loss = 0.3925 | acc = 0.9333 | precision = 1.0000 | recall = 0.7500 | f1 = 0.8571 | auc = 0.9545
train 2: loss = 0.3422
val 2: loss = 0.3681 | acc = 0.8000 | precision = 0.5714 | recall = 1.0000 | f1 = 0.7273 | auc = 0.9773
train 3: loss = 0.2311
val 3: loss = 0.2665 | acc = 0.8667 | precision = 1.0000 | recall = 0.5000 | f1 = 0.6667 | auc = 0.9773
train 4: loss = 0.1492
val 4: loss = 0.2451 | acc = 0.8667 | precision = 0.7500 | recall = 0.7500 | f1 = 0.7500 | auc = 0.9773
train 5: loss = 0.1033
val 5: loss = 0.4505 | acc = 0.8667 | precision = 0.6667 | recall = 1.0000 | f1 = 0.8000 | auc = 0.9545
train 6: loss = 0.0625
val 6: loss = 0.2209 | acc = 0.8667 | precision = 0.7500 | recall = 0.7500 | f1 = 0.7500 | auc = 0.9773
train 7: loss = 0.0404
val 7: loss = 0.2735 | acc = 0.8000 | precision = 0.6000 | recall = 0.7500 | f1 = 0.6667 | auc = 0.9545
train 8: loss = 0.0276
val 8: loss = 0.2440 | acc = 0.8667 | precision = 0.7500 | recall = 0.7500 | f1 = 0.7500 | auc = 0.9773
train 9: loss = 0.0231
val 9: loss = 0.2705 | acc = 0.8667 | precision = 0.7500 | recall = 0.7500 | f1 = 0.7500 | auc = 0.9545
train 10: loss = 0.0202
val 10: loss = 0.2588 | acc = 0.8667 | precision = 0.7500 | recall = 0.7500 | f1 = 0.7500 | auc = 0.9773
test: loss = 0.7265 | acc = 0.6552 | precision = 0.6250 | recall = 0.4167 | f1 = 0.5000 | auc = 0.7843

extraction = resnet50, seed = 460, fold = 1, lr = 0.0001, weight_decay = 0.001, epochs = 10
train 1: loss = 0.6791
val 1: loss = 0.7077 | acc = 0.5333 | precision = 0.0000 | recall = 0.0000 | f1 = 0.0000 | auc = 0.6607
train 2: loss = 0.6483
val 2: loss = 0.7107 | acc = 0.5333 | precision = 0.0000 | recall = 0.0000 | f1 = 0.0000 | auc = 0.6964
train 3: loss = 0.5945
val 3: loss = 0.7044 | acc = 0.5333 | precision = 0.0000 | recall = 0.0000 | f1 = 0.0000 | auc = 0.6607
train 4: loss = 0.5364
val 4: loss = 0.7102 | acc = 0.5333 | precision = 0.0000 | recall = 0.0000 | f1 = 0.0000 | auc = 0.6429
train 5: loss = 0.4981
val 5: loss = 0.7062 | acc = 0.5333 | precision = 0.0000 | recall = 0.0000 | f1 = 0.0000 | auc = 0.6607
train 6: loss = 0.4861
val 6: loss = 0.7041 | acc = 0.5333 | precision = 0.0000 | recall = 0.0000 | f1 = 0.0000 | auc = 0.6607
train 7: loss = 0.4771
val 7: loss = 0.7161 | acc = 0.5333 | precision = 0.0000 | recall = 0.0000 | f1 = 0.0000 | auc = 0.6607
train 8: loss = 0.4690
val 8: loss = 0.7148 | acc = 0.5333 | precision = 0.0000 | recall = 0.0000 | f1 = 0.0000 | auc = 0.6607
train 9: loss = 0.4669
val 9: loss = 0.7110 | acc = 0.5333 | precision = 0.0000 | recall = 0.0000 | f1 = 0.0000 | auc = 0.6607
train 10: loss = 0.4654
val 10: loss = 0.7114 | acc = 0.5333 | precision = 0.0000 | recall = 0.0000 | f1 = 0.0000 | auc = 0.6607
test: loss = 0.7563 | acc = 0.4138 | precision = 0.0000 | recall = 0.0000 | f1 = 0.0000 | auc = 0.7402

extraction = resnet50, seed = 460, fold = 2, lr = 0.0001, weight_decay = 0.001, epochs = 10
train 1: loss = 0.6937
val 1: loss = 0.6938 | acc = 0.5333 | precision = 0.0000 | recall = 0.0000 | f1 = 0.0000 | auc = 0.6071
train 2: loss = 0.6817
val 2: loss = 0.6952 | acc = 0.5333 | precision = 0.0000 | recall = 0.0000 | f1 = 0.0000 | auc = 0.6786
train 3: loss = 0.6773
val 3: loss = 0.6933 | acc = 0.5333 | precision = 0.0000 | recall = 0.0000 | f1 = 0.0000 | auc = 0.6964
train 4: loss = 0.6496
val 4: loss = 0.6920 | acc = 0.5333 | precision = 0.0000 | recall = 0.0000 | f1 = 0.0000 | auc = 0.6607
train 5: loss = 0.5959
val 5: loss = 0.6911 | acc = 0.5333 | precision = 0.0000 | recall = 0.0000 | f1 = 0.0000 | auc = 0.6429
train 6: loss = 0.5545
val 6: loss = 0.6936 | acc = 0.5333 | precision = 0.0000 | recall = 0.0000 | f1 = 0.0000 | auc = 0.6429
train 7: loss = 0.5300
val 7: loss = 0.6940 | acc = 0.5333 | precision = 0.0000 | recall = 0.0000 | f1 = 0.0000 | auc = 0.6429
train 8: loss = 0.5168
val 8: loss = 0.6933 | acc = 0.5333 | precision = 0.0000 | recall = 0.0000 | f1 = 0.0000 | auc = 0.6250
train 9: loss = 0.5109
val 9: loss = 0.6923 | acc = 0.5333 | precision = 0.0000 | recall = 0.0000 | f1 = 0.0000 | auc = 0.6250
train 10: loss = 0.5076
val 10: loss = 0.6924 | acc = 0.5333 | precision = 0.0000 | recall = 0.0000 | f1 = 0.0000 | auc = 0.6250
test: loss = 0.6624 | acc = 0.6207 | precision = 0.0000 | recall = 0.0000 | f1 = 0.0000 | auc = 0.8384

extraction = resnet50, seed = 460, fold = 3, lr = 0.0001, weight_decay = 0.001, epochs = 10
train 1: loss = 0.6928
val 1: loss = 0.7118 | acc = 0.4667 | precision = 0.0000 | recall = 0.0000 | f1 = 0.0000 | auc = 0.7857
train 2: loss = 0.6726
val 2: loss = 0.7131 | acc = 0.4667 | precision = 0.0000 | recall = 0.0000 | f1 = 0.0000 | auc = 0.7679
train 3: loss = 0.6392
val 3: loss = 0.7093 | acc = 0.4667 | precision = 0.0000 | recall = 0.0000 | f1 = 0.0000 | auc = 0.6964
train 4: loss = 0.6338
val 4: loss = 0.7040 | acc = 0.4667 | precision = 0.0000 | recall = 0.0000 | f1 = 0.0000 | auc = 0.6786
train 5: loss = 0.5465
val 5: loss = 0.7099 | acc = 0.4667 | precision = 0.0000 | recall = 0.0000 | f1 = 0.0000 | auc = 0.6786
train 6: loss = 0.5169
val 6: loss = 0.7133 | acc = 0.4667 | precision = 0.0000 | recall = 0.0000 | f1 = 0.0000 | auc = 0.6786
train 7: loss = 0.5041
val 7: loss = 0.7094 | acc = 0.4667 | precision = 0.0000 | recall = 0.0000 | f1 = 0.0000 | auc = 0.6607
train 8: loss = 0.4956
val 8: loss = 0.7075 | acc = 0.4667 | precision = 0.0000 | recall = 0.0000 | f1 = 0.0000 | auc = 0.6429
train 9: loss = 0.4911
val 9: loss = 0.7058 | acc = 0.4667 | precision = 0.0000 | recall = 0.0000 | f1 = 0.0000 | auc = 0.6250
train 10: loss = 0.4893
val 10: loss = 0.7054 | acc = 0.4667 | precision = 0.0000 | recall = 0.0000 | f1 = 0.0000 | auc = 0.6250
test: loss = 0.6503 | acc = 0.6897 | precision = 0.0000 | recall = 0.0000 | f1 = 0.0000 | auc = 0.7111

extraction = resnet50, seed = 460, fold = 4, lr = 0.0001, weight_decay = 0.001, epochs = 10
train 1: loss = 0.6897
val 1: loss = 0.6701 | acc = 0.6000 | precision = 0.0000 | recall = 0.0000 | f1 = 0.0000 | auc = 0.9074
train 2: loss = 0.6692
val 2: loss = 0.6698 | acc = 0.6000 | precision = 0.0000 | recall = 0.0000 | f1 = 0.0000 | auc = 0.8704
train 3: loss = 0.6746
val 3: loss = 0.6675 | acc = 0.6000 | precision = 0.0000 | recall = 0.0000 | f1 = 0.0000 | auc = 0.8704
train 4: loss = 0.6759
val 4: loss = 0.6731 | acc = 0.6000 | precision = 0.0000 | recall = 0.0000 | f1 = 0.0000 | auc = 0.8519
train 5: loss = 0.6589
val 5: loss = 0.6698 | acc = 0.6000 | precision = 0.0000 | recall = 0.0000 | f1 = 0.0000 | auc = 0.8333
train 6: loss = 0.6418
val 6: loss = 0.6665 | acc = 0.6000 | precision = 0.0000 | recall = 0.0000 | f1 = 0.0000 | auc = 0.8333
train 7: loss = 0.6298
val 7: loss = 0.6654 | acc = 0.6000 | precision = 0.0000 | recall = 0.0000 | f1 = 0.0000 | auc = 0.8333
train 8: loss = 0.6185
val 8: loss = 0.6659 | acc = 0.6000 | precision = 0.0000 | recall = 0.0000 | f1 = 0.0000 | auc = 0.8333
train 9: loss = 0.6148
val 9: loss = 0.6656 | acc = 0.6000 | precision = 0.0000 | recall = 0.0000 | f1 = 0.0000 | auc = 0.8333
train 10: loss = 0.6096
val 10: loss = 0.6655 | acc = 0.6000 | precision = 0.0000 | recall = 0.0000 | f1 = 0.0000 | auc = 0.8333
test: loss = 0.6608 | acc = 0.6207 | precision = 0.0000 | recall = 0.0000 | f1 = 0.0000 | auc = 0.8182

extraction = resnet50, seed = 460, fold = 5, lr = 0.0001, weight_decay = 0.001, epochs = 10
train 1: loss = 0.6892
val 1: loss = 0.6301 | acc = 0.7333 | precision = 0.0000 | recall = 0.0000 | f1 = 0.0000 | auc = 0.9091
train 2: loss = 0.6836
val 2: loss = 0.6376 | acc = 0.7333 | precision = 0.0000 | recall = 0.0000 | f1 = 0.0000 | auc = 0.9091
train 3: loss = 0.6713
val 3: loss = 0.6293 | acc = 0.7333 | precision = 0.0000 | recall = 0.0000 | f1 = 0.0000 | auc = 0.9091
train 4: loss = 0.6439
val 4: loss = 0.6760 | acc = 0.7333 | precision = 0.0000 | recall = 0.0000 | f1 = 0.0000 | auc = 0.8864
train 5: loss = 0.5926
val 5: loss = 0.6466 | acc = 0.7333 | precision = 0.0000 | recall = 0.0000 | f1 = 0.0000 | auc = 0.8864
train 6: loss = 0.5500
val 6: loss = 0.6280 | acc = 0.7333 | precision = 0.0000 | recall = 0.0000 | f1 = 0.0000 | auc = 0.8864
train 7: loss = 0.5276
val 7: loss = 0.6272 | acc = 0.7333 | precision = 0.0000 | recall = 0.0000 | f1 = 0.0000 | auc = 0.8864
train 8: loss = 0.5148
val 8: loss = 0.6349 | acc = 0.7333 | precision = 0.0000 | recall = 0.0000 | f1 = 0.0000 | auc = 0.8864
train 9: loss = 0.5094
val 9: loss = 0.6346 | acc = 0.7333 | precision = 0.0000 | recall = 0.0000 | f1 = 0.0000 | auc = 0.8864
train 10: loss = 0.5060
val 10: loss = 0.6343 | acc = 0.7333 | precision = 0.0000 | recall = 0.0000 | f1 = 0.0000 | auc = 0.8864
test: loss = 0.6740 | acc = 0.5862 | precision = 0.0000 | recall = 0.0000 | f1 = 0.0000 | auc = 0.6765

extraction = gigapath, seed = 2025, fold = 1, lr = 0.0001, weight_decay = 0.001, epochs = 10
train 1: loss = 0.6067
val 1: loss = 0.5399 | acc = 0.8095 | precision = 0.8571 | recall = 0.6667 | f1 = 0.7500 | auc = 0.9444
train 2: loss = 0.4811
val 2: loss = 0.4485 | acc = 0.7143 | precision = 1.0000 | recall = 0.3333 | f1 = 0.5000 | auc = 0.9815
train 3: loss = 0.2858
val 3: loss = 0.3360 | acc = 0.9048 | precision = 1.0000 | recall = 0.7778 | f1 = 0.8750 | auc = 1.0000
train 4: loss = 0.2170
val 4: loss = 0.2750 | acc = 0.9524 | precision = 1.0000 | recall = 0.8889 | f1 = 0.9412 | auc = 0.9907
train 5: loss = 0.1786
val 5: loss = 0.2474 | acc = 0.9048 | precision = 0.8889 | recall = 0.8889 | f1 = 0.8889 | auc = 0.9907
train 6: loss = 0.1367
val 6: loss = 0.2883 | acc = 0.8571 | precision = 1.0000 | recall = 0.6667 | f1 = 0.8000 | auc = 1.0000
train 7: loss = 0.0936
val 7: loss = 0.2018 | acc = 0.9048 | precision = 1.0000 | recall = 0.7778 | f1 = 0.8750 | auc = 1.0000
train 8: loss = 0.0614
val 8: loss = 0.2459 | acc = 0.9048 | precision = 1.0000 | recall = 0.7778 | f1 = 0.8750 | auc = 0.9907
train 9: loss = 0.0427
val 9: loss = 0.2566 | acc = 0.9048 | precision = 1.0000 | recall = 0.7778 | f1 = 0.8750 | auc = 0.9815
train 10: loss = 0.0365
val 10: loss = 0.2509 | acc = 0.9048 | precision = 1.0000 | recall = 0.7778 | f1 = 0.8750 | auc = 0.9815
test: loss = 0.5592 | acc = 0.7317 | precision = 0.6667 | recall = 0.5333 | f1 = 0.5926 | auc = 0.8256

extraction = gigapath, seed = 2025, fold = 2, lr = 0.0001, weight_decay = 0.001, epochs = 10
train 1: loss = 0.6377
val 1: loss = 0.5346 | acc = 0.9524 | precision = 1.0000 | recall = 0.8889 | f1 = 0.9412 | auc = 0.9722
train 2: loss = 0.4929
val 2: loss = 0.5429 | acc = 0.5714 | precision = 0.0000 | recall = 0.0000 | f1 = 0.0000 | auc = 0.9722
train 3: loss = 0.3223
val 3: loss = 0.3418 | acc = 0.9524 | precision = 1.0000 | recall = 0.8889 | f1 = 0.9412 | auc = 1.0000
train 4: loss = 0.2159
val 4: loss = 0.2715 | acc = 1.0000 | precision = 1.0000 | recall = 1.0000 | f1 = 1.0000 | auc = 1.0000
train 5: loss = 0.1713
val 5: loss = 0.3626 | acc = 0.8095 | precision = 0.6923 | recall = 1.0000 | f1 = 0.8182 | auc = 1.0000
train 6: loss = 0.1347
val 6: loss = 0.2336 | acc = 0.9524 | precision = 0.9000 | recall = 1.0000 | f1 = 0.9474 | auc = 1.0000
train 7: loss = 0.0947
val 7: loss = 0.2120 | acc = 0.9524 | precision = 0.9000 | recall = 1.0000 | f1 = 0.9474 | auc = 0.9907
train 8: loss = 0.0635
val 8: loss = 0.2010 | acc = 0.9048 | precision = 0.8889 | recall = 0.8889 | f1 = 0.8889 | auc = 0.9907
train 9: loss = 0.0488
val 9: loss = 0.2054 | acc = 0.9048 | precision = 0.8889 | recall = 0.8889 | f1 = 0.8889 | auc = 0.9815
train 10: loss = 0.0435
val 10: loss = 0.2063 | acc = 0.9048 | precision = 0.8889 | recall = 0.8889 | f1 = 0.8889 | auc = 0.9815
test: loss = 0.7061 | acc = 0.7317 | precision = 0.5000 | recall = 0.6364 | f1 = 0.5600 | auc = 0.7636

extraction = gigapath, seed = 2025, fold = 3, lr = 0.0001, weight_decay = 0.001, epochs = 10
train 1: loss = 0.6335
val 1: loss = 0.5778 | acc = 0.6190 | precision = 0.0000 | recall = 0.0000 | f1 = 0.0000 | auc = 0.8942
train 2: loss = 0.4329
val 2: loss = 0.6661 | acc = 0.6190 | precision = 0.0000 | recall = 0.0000 | f1 = 0.0000 | auc = 0.9231
train 3: loss = 0.3400
val 3: loss = 0.4121 | acc = 0.8571 | precision = 1.0000 | recall = 0.6250 | f1 = 0.7692 | auc = 0.9231
train 4: loss = 0.2445
val 4: loss = 0.3439 | acc = 0.9048 | precision = 1.0000 | recall = 0.7500 | f1 = 0.8571 | auc = 0.9327
train 5: loss = 0.1950
val 5: loss = 0.4841 | acc = 0.6667 | precision = 0.5385 | recall = 0.8750 | f1 = 0.6667 | auc = 0.9038
train 6: loss = 0.1616
val 6: loss = 0.3583 | acc = 0.8095 | precision = 0.7000 | recall = 0.8750 | f1 = 0.7778 | auc = 0.9231
train 7: loss = 0.1311
val 7: loss = 0.3416 | acc = 0.8571 | precision = 1.0000 | recall = 0.6250 | f1 = 0.7692 | auc = 0.9327
train 8: loss = 0.1005
val 8: loss = 0.3405 | acc = 0.8571 | precision = 1.0000 | recall = 0.6250 | f1 = 0.7692 | auc = 0.9231
train 9: loss = 0.0801
val 9: loss = 0.3396 | acc = 0.8571 | precision = 1.0000 | recall = 0.6250 | f1 = 0.7692 | auc = 0.9231
train 10: loss = 0.0711
val 10: loss = 0.3401 | acc = 0.8095 | precision = 0.7500 | recall = 0.7500 | f1 = 0.7500 | auc = 0.9231
test: loss = 0.4266 | acc = 0.8049 | precision = 0.8000 | recall = 0.7059 | f1 = 0.7500 | auc = 0.8971

extraction = gigapath, seed = 2025, fold = 4, lr = 0.0001, weight_decay = 0.001, epochs = 10
train 1: loss = 0.6033
val 1: loss = 0.5590 | acc = 0.7143 | precision = 0.7143 | recall = 0.5556 | f1 = 0.6250 | auc = 0.8611
train 2: loss = 0.4335
val 2: loss = 0.6808 | acc = 0.5714 | precision = 0.0000 | recall = 0.0000 | f1 = 0.0000 | auc = 0.9074
train 3: loss = 0.3272
val 3: loss = 0.4033 | acc = 0.7619 | precision = 0.8333 | recall = 0.5556 | f1 = 0.6667 | auc = 0.9444
train 4: loss = 0.2543
val 4: loss = 0.3467 | acc = 0.8095 | precision = 0.8571 | recall = 0.6667 | f1 = 0.7500 | auc = 0.9630
train 5: loss = 0.2167
val 5: loss = 0.3113 | acc = 0.9048 | precision = 0.8889 | recall = 0.8889 | f1 = 0.8889 | auc = 0.9444
train 6: loss = 0.1506
val 6: loss = 0.3110 | acc = 0.8095 | precision = 0.7778 | recall = 0.7778 | f1 = 0.7778 | auc = 0.9352
train 7: loss = 0.1271
val 7: loss = 0.3730 | acc = 0.8571 | precision = 1.0000 | recall = 0.6667 | f1 = 0.8000 | auc = 0.9537
train 8: loss = 0.0968
val 8: loss = 0.3539 | acc = 0.8571 | precision = 1.0000 | recall = 0.6667 | f1 = 0.8000 | auc = 0.9537
train 9: loss = 0.0759
val 9: loss = 0.3369 | acc = 0.8571 | precision = 1.0000 | recall = 0.6667 | f1 = 0.8000 | auc = 0.9537
train 10: loss = 0.0673
val 10: loss = 0.3387 | acc = 0.8571 | precision = 1.0000 | recall = 0.6667 | f1 = 0.8000 | auc = 0.9444
test: loss = 0.4109 | acc = 0.7805 | precision = 0.6667 | recall = 0.6154 | f1 = 0.6400 | auc = 0.8764

extraction = gigapath, seed = 2025, fold = 5, lr = 0.0001, weight_decay = 0.001, epochs = 10
train 1: loss = 0.5608
val 1: loss = 0.5819 | acc = 0.7619 | precision = 0.8571 | recall = 0.6000 | f1 = 0.7059 | auc = 0.8909
train 2: loss = 0.4722
val 2: loss = 0.4983 | acc = 0.8095 | precision = 0.8750 | recall = 0.7000 | f1 = 0.7778 | auc = 0.9182
train 3: loss = 0.3170
val 3: loss = 0.4568 | acc = 0.7619 | precision = 0.7778 | recall = 0.7000 | f1 = 0.7368 | auc = 0.8636
train 4: loss = 0.2308
val 4: loss = 0.4945 | acc = 0.7619 | precision = 0.7778 | recall = 0.7000 | f1 = 0.7368 | auc = 0.8455
train 5: loss = 0.1766
val 5: loss = 0.5178 | acc = 0.7619 | precision = 0.7273 | recall = 0.8000 | f1 = 0.7619 | auc = 0.8273
train 6: loss = 0.1171
val 6: loss = 0.6361 | acc = 0.7143 | precision = 0.6667 | recall = 0.8000 | f1 = 0.7273 | auc = 0.8182
train 7: loss = 0.1147
val 7: loss = 0.6004 | acc = 0.7619 | precision = 0.7778 | recall = 0.7000 | f1 = 0.7368 | auc = 0.8091
train 8: loss = 0.0787
val 8: loss = 0.6285 | acc = 0.8095 | precision = 0.8750 | recall = 0.7000 | f1 = 0.7778 | auc = 0.8000
train 9: loss = 0.0571
val 9: loss = 0.6321 | acc = 0.7619 | precision = 0.7778 | recall = 0.7000 | f1 = 0.7368 | auc = 0.8091
train 10: loss = 0.0554
val 10: loss = 0.6603 | acc = 0.8095 | precision = 0.8750 | recall = 0.7000 | f1 = 0.7778 | auc = 0.8000
test: loss = 0.3547 | acc = 0.8500 | precision = 0.8000 | recall = 0.6667 | f1 = 0.7273 | auc = 0.9226

extraction = uni, seed = 2025, fold = 1, lr = 0.0001, weight_decay = 0.001, epochs = 10
train 1: loss = 0.5008
val 1: loss = 0.6286 | acc = 0.5714 | precision = 0.0000 | recall = 0.0000 | f1 = 0.0000 | auc = 0.9074
train 2: loss = 0.3271
val 2: loss = 0.5090 | acc = 0.6667 | precision = 1.0000 | recall = 0.2222 | f1 = 0.3636 | auc = 0.9815
train 3: loss = 0.2533
val 3: loss = 0.2960 | acc = 0.9524 | precision = 1.0000 | recall = 0.8889 | f1 = 0.9412 | auc = 1.0000
train 4: loss = 0.2143
val 4: loss = 0.4459 | acc = 0.7143 | precision = 1.0000 | recall = 0.3333 | f1 = 0.5000 | auc = 1.0000
train 5: loss = 0.1638
val 5: loss = 0.1679 | acc = 1.0000 | precision = 1.0000 | recall = 1.0000 | f1 = 1.0000 | auc = 1.0000
train 6: loss = 0.1225
val 6: loss = 0.1236 | acc = 1.0000 | precision = 1.0000 | recall = 1.0000 | f1 = 1.0000 | auc = 1.0000
train 7: loss = 0.0883
val 7: loss = 0.0906 | acc = 1.0000 | precision = 1.0000 | recall = 1.0000 | f1 = 1.0000 | auc = 1.0000
train 8: loss = 0.0667
val 8: loss = 0.0952 | acc = 1.0000 | precision = 1.0000 | recall = 1.0000 | f1 = 1.0000 | auc = 1.0000
train 9: loss = 0.0528
val 9: loss = 0.0943 | acc = 1.0000 | precision = 1.0000 | recall = 1.0000 | f1 = 1.0000 | auc = 1.0000
train 10: loss = 0.0446
val 10: loss = 0.1004 | acc = 1.0000 | precision = 1.0000 | recall = 1.0000 | f1 = 1.0000 | auc = 1.0000
test: loss = 0.7489 | acc = 0.7561 | precision = 0.7778 | recall = 0.4667 | f1 = 0.5833 | auc = 0.8026

extraction = uni, seed = 2025, fold = 2, lr = 0.0001, weight_decay = 0.001, epochs = 10
train 1: loss = 0.4978
val 1: loss = 0.5676 | acc = 0.6190 | precision = 1.0000 | recall = 0.1111 | f1 = 0.2000 | auc = 0.9074
train 2: loss = 0.3290
val 2: loss = 0.4445 | acc = 0.6667 | precision = 1.0000 | recall = 0.2222 | f1 = 0.3636 | auc = 0.9630
train 3: loss = 0.2475
val 3: loss = 0.2570 | acc = 0.9048 | precision = 0.8889 | recall = 0.8889 | f1 = 0.8889 | auc = 0.9815
train 4: loss = 0.1996
val 4: loss = 0.2822 | acc = 0.9048 | precision = 1.0000 | recall = 0.7778 | f1 = 0.8750 | auc = 1.0000
train 5: loss = 0.1360
val 5: loss = 0.2131 | acc = 0.9048 | precision = 0.8182 | recall = 1.0000 | f1 = 0.9000 | auc = 1.0000
train 6: loss = 0.1056
val 6: loss = 0.2039 | acc = 0.9048 | precision = 0.8182 | recall = 1.0000 | f1 = 0.9000 | auc = 1.0000
train 7: loss = 0.0714
val 7: loss = 0.1384 | acc = 0.9524 | precision = 1.0000 | recall = 0.8889 | f1 = 0.9412 | auc = 1.0000
train 8: loss = 0.0420
val 8: loss = 0.1725 | acc = 0.9524 | precision = 1.0000 | recall = 0.8889 | f1 = 0.9412 | auc = 0.9815
train 9: loss = 0.0301
val 9: loss = 0.1479 | acc = 0.9524 | precision = 1.0000 | recall = 0.8889 | f1 = 0.9412 | auc = 1.0000
train 10: loss = 0.0238
val 10: loss = 0.1544 | acc = 0.9524 | precision = 1.0000 | recall = 0.8889 | f1 = 0.9412 | auc = 0.9907
test: loss = 1.0368 | acc = 0.6341 | precision = 0.3750 | recall = 0.5455 | f1 = 0.4444 | auc = 0.7182

extraction = uni, seed = 2025, fold = 3, lr = 0.0001, weight_decay = 0.001, epochs = 10
train 1: loss = 0.5092
val 1: loss = 0.5582 | acc = 0.6667 | precision = 1.0000 | recall = 0.1250 | f1 = 0.2222 | auc = 0.8654
train 2: loss = 0.3366
val 2: loss = 0.5191 | acc = 0.7143 | precision = 1.0000 | recall = 0.2500 | f1 = 0.4000 | auc = 0.8750
train 3: loss = 0.2499
val 3: loss = 0.4699 | acc = 0.7619 | precision = 0.7143 | recall = 0.6250 | f1 = 0.6667 | auc = 0.8269
train 4: loss = 0.2095
val 4: loss = 0.4059 | acc = 0.8095 | precision = 0.8333 | recall = 0.6250 | f1 = 0.7143 | auc = 0.8750
train 5: loss = 0.1569
val 5: loss = 0.4313 | acc = 0.8095 | precision = 0.7500 | recall = 0.7500 | f1 = 0.7500 | auc = 0.8750
train 6: loss = 0.1344
val 6: loss = 0.4620 | acc = 0.7619 | precision = 0.7143 | recall = 0.6250 | f1 = 0.6667 | auc = 0.8365
train 7: loss = 0.0991
val 7: loss = 0.4529 | acc = 0.8095 | precision = 0.8333 | recall = 0.6250 | f1 = 0.7143 | auc = 0.8558
train 8: loss = 0.0769
val 8: loss = 0.5014 | acc = 0.8095 | precision = 0.8333 | recall = 0.6250 | f1 = 0.7143 | auc = 0.8269
train 9: loss = 0.0561
val 9: loss = 0.4985 | acc = 0.8095 | precision = 0.8333 | recall = 0.6250 | f1 = 0.7143 | auc = 0.8269
train 10: loss = 0.0475
val 10: loss = 0.5038 | acc = 0.8095 | precision = 0.8333 | recall = 0.6250 | f1 = 0.7143 | auc = 0.8365
test: loss = 0.5196 | acc = 0.7805 | precision = 0.7500 | recall = 0.7059 | f1 = 0.7273 | auc = 0.8186

extraction = uni, seed = 2025, fold = 4, lr = 0.0001, weight_decay = 0.001, epochs = 10
train 1: loss = 0.5100
val 1: loss = 0.5466 | acc = 0.6667 | precision = 1.0000 | recall = 0.2222 | f1 = 0.3636 | auc = 0.8796
train 2: loss = 0.3521
val 2: loss = 0.4617 | acc = 0.8571 | precision = 0.8750 | recall = 0.7778 | f1 = 0.8235 | auc = 0.9167
train 3: loss = 0.2996
val 3: loss = 0.4300 | acc = 0.8571 | precision = 0.8750 | recall = 0.7778 | f1 = 0.8235 | auc = 0.8981
train 4: loss = 0.2594
val 4: loss = 0.4034 | acc = 0.8571 | precision = 0.8750 | recall = 0.7778 | f1 = 0.8235 | auc = 0.9444
train 5: loss = 0.2075
val 5: loss = 0.3391 | acc = 0.9048 | precision = 0.8889 | recall = 0.8889 | f1 = 0.8889 | auc = 0.9259
train 6: loss = 0.1585
val 6: loss = 0.3410 | acc = 0.9048 | precision = 0.8889 | recall = 0.8889 | f1 = 0.8889 | auc = 0.9167
train 7: loss = 0.1161
val 7: loss = 0.3869 | acc = 0.9048 | precision = 0.8889 | recall = 0.8889 | f1 = 0.8889 | auc = 0.8889
train 8: loss = 0.0910
val 8: loss = 0.3873 | acc = 0.8571 | precision = 0.8000 | recall = 0.8889 | f1 = 0.8421 | auc = 0.8981
train 9: loss = 0.0614
val 9: loss = 0.3836 | acc = 0.9048 | precision = 0.8889 | recall = 0.8889 | f1 = 0.8889 | auc = 0.8704
train 10: loss = 0.0533
val 10: loss = 0.3916 | acc = 0.9048 | precision = 0.8889 | recall = 0.8889 | f1 = 0.8889 | auc = 0.8796
test: loss = 0.3732 | acc = 0.8537 | precision = 0.8889 | recall = 0.6154 | f1 = 0.7273 | auc = 0.9231

extraction = uni, seed = 2025, fold = 5, lr = 0.0001, weight_decay = 0.001, epochs = 10
train 1: loss = 0.5818
val 1: loss = 0.5943 | acc = 0.6190 | precision = 1.0000 | recall = 0.2000 | f1 = 0.3333 | auc = 0.8364
train 2: loss = 0.3637
val 2: loss = 0.6701 | acc = 0.5714 | precision = 1.0000 | recall = 0.1000 | f1 = 0.1818 | auc = 0.9182
train 3: loss = 0.2916
val 3: loss = 0.4798 | acc = 0.7619 | precision = 1.0000 | recall = 0.5000 | f1 = 0.6667 | auc = 0.9364
train 4: loss = 0.2517
val 4: loss = 0.4077 | acc = 0.8095 | precision = 0.7500 | recall = 0.9000 | f1 = 0.8182 | auc = 0.9182
train 5: loss = 0.1913
val 5: loss = 0.3720 | acc = 0.8571 | precision = 1.0000 | recall = 0.7000 | f1 = 0.8235 | auc = 0.9545
train 6: loss = 0.1571
val 6: loss = 0.4391 | acc = 0.8571 | precision = 1.0000 | recall = 0.7000 | f1 = 0.8235 | auc = 0.9727
train 7: loss = 0.1192
val 7: loss = 0.2850 | acc = 0.8571 | precision = 0.8889 | recall = 0.8000 | f1 = 0.8421 | auc = 0.9727
train 8: loss = 0.0937
val 8: loss = 0.3194 | acc = 0.9048 | precision = 1.0000 | recall = 0.8000 | f1 = 0.8889 | auc = 0.9727
train 9: loss = 0.0740
val 9: loss = 0.3227 | acc = 0.8571 | precision = 1.0000 | recall = 0.7000 | f1 = 0.8235 | auc = 0.9727
train 10: loss = 0.0657
val 10: loss = 0.2699 | acc = 0.8571 | precision = 0.8889 | recall = 0.8000 | f1 = 0.8421 | auc = 0.9727
test: loss = 0.4187 | acc = 0.8000 | precision = 0.6667 | recall = 0.6667 | f1 = 0.6667 | auc = 0.8839

extraction = resnet50, seed = 2025, fold = 1, lr = 0.0001, weight_decay = 0.001, epochs = 10
train 1: loss = 0.6454
val 1: loss = 0.7195 | acc = 0.5714 | precision = 0.0000 | recall = 0.0000 | f1 = 0.0000 | auc = 0.5000
train 2: loss = 0.5768
val 2: loss = 0.7157 | acc = 0.5714 | precision = 0.0000 | recall = 0.0000 | f1 = 0.0000 | auc = 0.5833
train 3: loss = 0.4953
val 3: loss = 0.7067 | acc = 0.5714 | precision = 0.0000 | recall = 0.0000 | f1 = 0.0000 | auc = 0.6111
train 4: loss = 0.4765
val 4: loss = 0.7022 | acc = 0.5714 | precision = 0.0000 | recall = 0.0000 | f1 = 0.0000 | auc = 0.6481
train 5: loss = 0.4508
val 5: loss = 0.6910 | acc = 0.5714 | precision = 0.0000 | recall = 0.0000 | f1 = 0.0000 | auc = 0.6574
train 6: loss = 0.4669
val 6: loss = 0.6949 | acc = 0.5714 | precision = 0.0000 | recall = 0.0000 | f1 = 0.0000 | auc = 0.6574
train 7: loss = 0.4598
val 7: loss = 0.6996 | acc = 0.5714 | precision = 0.0000 | recall = 0.0000 | f1 = 0.0000 | auc = 0.6574
train 8: loss = 0.4698
val 8: loss = 0.7068 | acc = 0.5714 | precision = 0.0000 | recall = 0.0000 | f1 = 0.0000 | auc = 0.6574
train 9: loss = 0.4694
val 9: loss = 0.7058 | acc = 0.5714 | precision = 0.0000 | recall = 0.0000 | f1 = 0.0000 | auc = 0.6574
train 10: loss = 0.4758
val 10: loss = 0.7057 | acc = 0.5714 | precision = 0.0000 | recall = 0.0000 | f1 = 0.0000 | auc = 0.6574
test: loss = 0.6522 | acc = 0.6341 | precision = 0.0000 | recall = 0.0000 | f1 = 0.0000 | auc = 0.7077

extraction = resnet50, seed = 2025, fold = 2, lr = 0.0001, weight_decay = 0.001, epochs = 10
train 1: loss = 0.6503
val 1: loss = 0.7042 | acc = 0.5714 | precision = 0.0000 | recall = 0.0000 | f1 = 0.0000 | auc = 0.4815
train 2: loss = 0.5499
val 2: loss = 0.7103 | acc = 0.5714 | precision = 0.0000 | recall = 0.0000 | f1 = 0.0000 | auc = 0.5370
train 3: loss = 0.4864
val 3: loss = 0.7049 | acc = 0.5714 | precision = 0.0000 | recall = 0.0000 | f1 = 0.0000 | auc = 0.5648
train 4: loss = 0.4692
val 4: loss = 0.6896 | acc = 0.5714 | precision = 0.0000 | recall = 0.0000 | f1 = 0.0000 | auc = 0.5833
train 5: loss = 0.4561
val 5: loss = 0.6836 | acc = 0.5714 | precision = 0.0000 | recall = 0.0000 | f1 = 0.0000 | auc = 0.6111
train 6: loss = 0.4551
val 6: loss = 0.6839 | acc = 0.5714 | precision = 0.0000 | recall = 0.0000 | f1 = 0.0000 | auc = 0.6296
train 7: loss = 0.4521
val 7: loss = 0.6918 | acc = 0.5714 | precision = 0.0000 | recall = 0.0000 | f1 = 0.0000 | auc = 0.6019
train 8: loss = 0.4487
val 8: loss = 0.6947 | acc = 0.5714 | precision = 0.0000 | recall = 0.0000 | f1 = 0.0000 | auc = 0.6019
train 9: loss = 0.4474
val 9: loss = 0.6930 | acc = 0.5714 | precision = 0.0000 | recall = 0.0000 | f1 = 0.0000 | auc = 0.6019
train 10: loss = 0.4463
val 10: loss = 0.6932 | acc = 0.5714 | precision = 0.0000 | recall = 0.0000 | f1 = 0.0000 | auc = 0.6111
test: loss = 0.6045 | acc = 0.7317 | precision = 0.0000 | recall = 0.0000 | f1 = 0.0000 | auc = 0.5848

extraction = resnet50, seed = 2025, fold = 3, lr = 0.0001, weight_decay = 0.001, epochs = 10
train 1: loss = 0.6472
val 1: loss = 0.6719 | acc = 0.6190 | precision = 0.0000 | recall = 0.0000 | f1 = 0.0000 | auc = 0.5577
train 2: loss = 0.5644
val 2: loss = 0.6779 | acc = 0.6190 | precision = 0.0000 | recall = 0.0000 | f1 = 0.0000 | auc = 0.5769
train 3: loss = 0.4816
val 3: loss = 0.6909 | acc = 0.6190 | precision = 0.0000 | recall = 0.0000 | f1 = 0.0000 | auc = 0.6154
train 4: loss = 0.4534
val 4: loss = 0.6660 | acc = 0.6190 | precision = 0.0000 | recall = 0.0000 | f1 = 0.0000 | auc = 0.6538
train 5: loss = 0.4423
val 5: loss = 0.6692 | acc = 0.6190 | precision = 0.0000 | recall = 0.0000 | f1 = 0.0000 | auc = 0.6346
train 6: loss = 0.4377
val 6: loss = 0.6671 | acc = 0.6190 | precision = 0.0000 | recall = 0.0000 | f1 = 0.0000 | auc = 0.6635
train 7: loss = 0.4360
val 7: loss = 0.6741 | acc = 0.6190 | precision = 0.0000 | recall = 0.0000 | f1 = 0.0000 | auc = 0.6538
train 8: loss = 0.4326
val 8: loss = 0.6753 | acc = 0.6190 | precision = 0.0000 | recall = 0.0000 | f1 = 0.0000 | auc = 0.6442
train 9: loss = 0.4314
val 9: loss = 0.6734 | acc = 0.6190 | precision = 0.0000 | recall = 0.0000 | f1 = 0.0000 | auc = 0.6538
train 10: loss = 0.4300
val 10: loss = 0.6738 | acc = 0.6190 | precision = 0.0000 | recall = 0.0000 | f1 = 0.0000 | auc = 0.6538
test: loss = 0.6849 | acc = 0.5854 | precision = 0.0000 | recall = 0.0000 | f1 = 0.0000 | auc = 0.8186

extraction = resnet50, seed = 2025, fold = 4, lr = 0.0001, weight_decay = 0.001, epochs = 10
train 1: loss = 0.6594
val 1: loss = 0.6997 | acc = 0.5714 | precision = 0.0000 | recall = 0.0000 | f1 = 0.0000 | auc = 0.6296
train 2: loss = 0.5744
val 2: loss = 0.7108 | acc = 0.5714 | precision = 0.0000 | recall = 0.0000 | f1 = 0.0000 | auc = 0.6574
train 3: loss = 0.4935
val 3: loss = 0.7125 | acc = 0.5714 | precision = 0.0000 | recall = 0.0000 | f1 = 0.0000 | auc = 0.6574
train 4: loss = 0.4662
val 4: loss = 0.7016 | acc = 0.5714 | precision = 0.0000 | recall = 0.0000 | f1 = 0.0000 | auc = 0.6759
train 5: loss = 0.4523
val 5: loss = 0.7001 | acc = 0.5714 | precision = 0.0000 | recall = 0.0000 | f1 = 0.0000 | auc = 0.6759
train 6: loss = 0.4473
val 6: loss = 0.6963 | acc = 0.5714 | precision = 0.0000 | recall = 0.0000 | f1 = 0.0000 | auc = 0.6759
train 7: loss = 0.4461
val 7: loss = 0.7038 | acc = 0.5714 | precision = 0.0000 | recall = 0.0000 | f1 = 0.0000 | auc = 0.6759
train 8: loss = 0.4425
val 8: loss = 0.7000 | acc = 0.5714 | precision = 0.0000 | recall = 0.0000 | f1 = 0.0000 | auc = 0.6759
train 9: loss = 0.4415
val 9: loss = 0.6986 | acc = 0.5714 | precision = 0.0000 | recall = 0.0000 | f1 = 0.0000 | auc = 0.6759
train 10: loss = 0.4397
val 10: loss = 0.6994 | acc = 0.5714 | precision = 0.0000 | recall = 0.0000 | f1 = 0.0000 | auc = 0.6759
test: loss = 0.6248 | acc = 0.6829 | precision = 0.0000 | recall = 0.0000 | f1 = 0.0000 | auc = 0.5330

extraction = resnet50, seed = 2025, fold = 5, lr = 0.0001, weight_decay = 0.001, epochs = 10
train 1: loss = 0.6502
val 1: loss = 0.7328 | acc = 0.5238 | precision = 0.0000 | recall = 0.0000 | f1 = 0.0000 | auc = 0.5545
train 2: loss = 0.5555
val 2: loss = 0.7635 | acc = 0.5238 | precision = 0.0000 | recall = 0.0000 | f1 = 0.0000 | auc = 0.5727
train 3: loss = 0.4838
val 3: loss = 0.7543 | acc = 0.5238 | precision = 0.0000 | recall = 0.0000 | f1 = 0.0000 | auc = 0.6273
train 4: loss = 0.4618
val 4: loss = 0.7270 | acc = 0.5238 | precision = 0.0000 | recall = 0.0000 | f1 = 0.0000 | auc = 0.6636
train 5: loss = 0.4524
val 5: loss = 0.7469 | acc = 0.5238 | precision = 0.0000 | recall = 0.0000 | f1 = 0.0000 | auc = 0.6636
train 6: loss = 0.4480
val 6: loss = 0.7621 | acc = 0.5238 | precision = 0.0000 | recall = 0.0000 | f1 = 0.0000 | auc = 0.6182
train 7: loss = 0.4449
val 7: loss = 0.7445 | acc = 0.5238 | precision = 0.0000 | recall = 0.0000 | f1 = 0.0000 | auc = 0.6545
train 8: loss = 0.4441
val 8: loss = 0.7409 | acc = 0.5238 | precision = 0.0000 | recall = 0.0000 | f1 = 0.0000 | auc = 0.6545
train 9: loss = 0.4419
val 9: loss = 0.7416 | acc = 0.5238 | precision = 0.0000 | recall = 0.0000 | f1 = 0.0000 | auc = 0.6455
train 10: loss = 0.4413
val 10: loss = 0.7395 | acc = 0.5238 | precision = 0.0000 | recall = 0.0000 | f1 = 0.0000 | auc = 0.6455
test: loss = 0.6089 | acc = 0.7000 | precision = 0.0000 | recall = 0.0000 | f1 = 0.0000 | auc = 0.8899

