extraction = gigapath, seed = 123, fold = 1, lr = 0.0001, weight_decay = 0.0005, epochs = 8
train 1: loss = 0.7018
val 1: loss = 0.6228 | acc = 0.7143 | precision = 1.0000 | recall = 0.3333 | f1 = 0.5000 | auc = 1.0000
train 2: loss = 0.6110
val 2: loss = 0.6076 | acc = 0.7857 | precision = 1.0000 | recall = 0.5000 | f1 = 0.6667 | auc = 0.9375
train 3: loss = 0.5454
val 3: loss = 0.5672 | acc = 0.7143 | precision = 0.7500 | recall = 0.5000 | f1 = 0.6000 | auc = 0.8750
train 4: loss = 0.4853
val 4: loss = 0.5644 | acc = 0.7857 | precision = 1.0000 | recall = 0.5000 | f1 = 0.6667 | auc = 0.9583
train 5: loss = 0.4342
val 5: loss = 0.5609 | acc = 0.7857 | precision = 1.0000 | recall = 0.5000 | f1 = 0.6667 | auc = 0.9792
train 6: loss = 0.3988
val 6: loss = 0.5632 | acc = 0.7857 | precision = 1.0000 | recall = 0.5000 | f1 = 0.6667 | auc = 0.9792
train 7: loss = 0.3729
val 7: loss = 0.5575 | acc = 0.8571 | precision = 1.0000 | recall = 0.6667 | f1 = 0.8000 | auc = 0.9792
train 8: loss = 0.3603
val 8: loss = 0.5543 | acc = 0.7857 | precision = 1.0000 | recall = 0.5000 | f1 = 0.6667 | auc = 0.9792
test: loss = 0.6347 | acc = 0.6429 | precision = 0.6471 | recall = 0.7333 | f1 = 0.6875 | auc = 0.7077

extraction = gigapath, seed = 123, fold = 2, lr = 0.0001, weight_decay = 0.0005, epochs = 8
train 1: loss = 0.6899
val 1: loss = 0.6514 | acc = 0.6429 | precision = 0.6000 | recall = 0.8571 | f1 = 0.7059 | auc = 0.8367
train 2: loss = 0.5984
val 2: loss = 0.6277 | acc = 0.7857 | precision = 0.8333 | recall = 0.7143 | f1 = 0.7692 | auc = 0.8163
train 3: loss = 0.5326
val 3: loss = 0.5962 | acc = 0.7143 | precision = 0.7143 | recall = 0.7143 | f1 = 0.7143 | auc = 0.8776
train 4: loss = 0.4794
val 4: loss = 0.5893 | acc = 0.7143 | precision = 0.7143 | recall = 0.7143 | f1 = 0.7143 | auc = 0.8367
train 5: loss = 0.4376
val 5: loss = 0.5948 | acc = 0.7857 | precision = 0.8333 | recall = 0.7143 | f1 = 0.7692 | auc = 0.7959
train 6: loss = 0.4057
val 6: loss = 0.5888 | acc = 0.7143 | precision = 0.7143 | recall = 0.7143 | f1 = 0.7143 | auc = 0.8367
train 7: loss = 0.3763
val 7: loss = 0.5913 | acc = 0.7857 | precision = 0.8333 | recall = 0.7143 | f1 = 0.7692 | auc = 0.8163
train 8: loss = 0.3649
val 8: loss = 0.5961 | acc = 0.7857 | precision = 0.8333 | recall = 0.7143 | f1 = 0.7692 | auc = 0.7959
test: loss = 0.6459 | acc = 0.7143 | precision = 0.6364 | recall = 0.6364 | f1 = 0.6364 | auc = 0.7166

extraction = gigapath, seed = 123, fold = 3, lr = 0.0001, weight_decay = 0.0005, epochs = 8
train 1: loss = 0.6865
val 1: loss = 0.6768 | acc = 0.6429 | precision = 0.5556 | recall = 0.8333 | f1 = 0.6667 | auc = 0.6667
train 2: loss = 0.6055
val 2: loss = 0.6445 | acc = 0.7143 | precision = 0.6250 | recall = 0.8333 | f1 = 0.7143 | auc = 0.7917
train 3: loss = 0.5356
val 3: loss = 0.6596 | acc = 0.7857 | precision = 0.6667 | recall = 1.0000 | f1 = 0.8000 | auc = 0.7917
train 4: loss = 0.4889
val 4: loss = 0.6335 | acc = 0.7143 | precision = 0.6667 | recall = 0.6667 | f1 = 0.6667 | auc = 0.7708
train 5: loss = 0.4426
val 5: loss = 0.6601 | acc = 0.7857 | precision = 0.7143 | recall = 0.8333 | f1 = 0.7692 | auc = 0.7500
train 6: loss = 0.4201
val 6: loss = 0.6531 | acc = 0.7857 | precision = 0.7143 | recall = 0.8333 | f1 = 0.7692 | auc = 0.7708
train 7: loss = 0.3941
val 7: loss = 0.6598 | acc = 0.7857 | precision = 0.7143 | recall = 0.8333 | f1 = 0.7692 | auc = 0.7500
train 8: loss = 0.3831
val 8: loss = 0.6647 | acc = 0.7857 | precision = 0.7143 | recall = 0.8333 | f1 = 0.7692 | auc = 0.7500
test: loss = 0.6063 | acc = 0.7143 | precision = 0.7500 | recall = 0.6429 | f1 = 0.6923 | auc = 0.8061

extraction = gigapath, seed = 123, fold = 4, lr = 0.0001, weight_decay = 0.0005, epochs = 8
train 1: loss = 0.6898
val 1: loss = 0.6974 | acc = 0.3571 | precision = 0.4000 | recall = 0.2500 | f1 = 0.3077 | auc = 0.5833
train 2: loss = 0.5969
val 2: loss = 0.6734 | acc = 0.6429 | precision = 0.8000 | recall = 0.5000 | f1 = 0.6154 | auc = 0.6667
train 3: loss = 0.5121
val 3: loss = 0.6978 | acc = 0.6429 | precision = 1.0000 | recall = 0.3750 | f1 = 0.5455 | auc = 0.7292
train 4: loss = 0.4559
val 4: loss = 0.7166 | acc = 0.5000 | precision = 0.6000 | recall = 0.3750 | f1 = 0.4615 | auc = 0.6042
train 5: loss = 0.4052
val 5: loss = 0.7112 | acc = 0.5714 | precision = 0.6667 | recall = 0.5000 | f1 = 0.5714 | auc = 0.6458
train 6: loss = 0.3818
val 6: loss = 0.7449 | acc = 0.5000 | precision = 0.6000 | recall = 0.3750 | f1 = 0.4615 | auc = 0.5833
train 7: loss = 0.3438
val 7: loss = 0.7652 | acc = 0.5714 | precision = 0.7500 | recall = 0.3750 | f1 = 0.5000 | auc = 0.5625
train 8: loss = 0.3308
val 8: loss = 0.7655 | acc = 0.5714 | precision = 0.7500 | recall = 0.3750 | f1 = 0.5000 | auc = 0.5625
test: loss = 0.6141 | acc = 0.6786 | precision = 0.8000 | recall = 0.5333 | f1 = 0.6400 | auc = 0.8564

extraction = gigapath, seed = 123, fold = 5, lr = 0.0001, weight_decay = 0.0005, epochs = 8
train 1: loss = 0.6892
val 1: loss = 0.6684 | acc = 0.6429 | precision = 0.6364 | recall = 0.8750 | f1 = 0.7368 | auc = 0.7083
train 2: loss = 0.5918
val 2: loss = 0.6755 | acc = 0.5714 | precision = 0.6667 | recall = 0.5000 | f1 = 0.5714 | auc = 0.6458
train 3: loss = 0.5296
val 3: loss = 0.6808 | acc = 0.6429 | precision = 0.8000 | recall = 0.5000 | f1 = 0.6154 | auc = 0.6458
train 4: loss = 0.4671
val 4: loss = 0.7528 | acc = 0.5714 | precision = 0.7500 | recall = 0.3750 | f1 = 0.5000 | auc = 0.5833
train 5: loss = 0.4260
val 5: loss = 0.7374 | acc = 0.5000 | precision = 0.6000 | recall = 0.3750 | f1 = 0.4615 | auc = 0.5625
train 6: loss = 0.3912
val 6: loss = 0.7662 | acc = 0.5000 | precision = 0.6000 | recall = 0.3750 | f1 = 0.4615 | auc = 0.5000
train 7: loss = 0.3657
val 7: loss = 0.7827 | acc = 0.5000 | precision = 0.6000 | recall = 0.3750 | f1 = 0.4615 | auc = 0.5208
train 8: loss = 0.3547
val 8: loss = 0.7863 | acc = 0.5000 | precision = 0.6000 | recall = 0.3750 | f1 = 0.4615 | auc = 0.5208
test: loss = 0.6649 | acc = 0.5556 | precision = 0.4762 | recall = 0.9091 | f1 = 0.6250 | auc = 0.7727

extraction = uni, seed = 123, fold = 1, lr = 0.0001, weight_decay = 0.0005, epochs = 8
train 1: loss = 0.7110
val 1: loss = 0.6364 | acc = 0.6429 | precision = 0.5455 | recall = 1.0000 | f1 = 0.7059 | auc = 0.8333
train 2: loss = 0.5981
val 2: loss = 0.6054 | acc = 0.6429 | precision = 0.5455 | recall = 1.0000 | f1 = 0.7059 | auc = 0.8958
train 3: loss = 0.5237
val 3: loss = 0.5951 | acc = 0.6429 | precision = 0.5455 | recall = 1.0000 | f1 = 0.7059 | auc = 0.8750
train 4: loss = 0.4718
val 4: loss = 0.5853 | acc = 0.7143 | precision = 0.6000 | recall = 1.0000 | f1 = 0.7500 | auc = 0.8750
train 5: loss = 0.4304
val 5: loss = 0.5944 | acc = 0.6429 | precision = 0.5455 | recall = 1.0000 | f1 = 0.7059 | auc = 0.8542
train 6: loss = 0.4070
val 6: loss = 0.5594 | acc = 0.7143 | precision = 0.6000 | recall = 1.0000 | f1 = 0.7500 | auc = 0.8750
train 7: loss = 0.3863
val 7: loss = 0.5687 | acc = 0.7143 | precision = 0.6000 | recall = 1.0000 | f1 = 0.7500 | auc = 0.8542
train 8: loss = 0.3739
val 8: loss = 0.5692 | acc = 0.7143 | precision = 0.6000 | recall = 1.0000 | f1 = 0.7500 | auc = 0.8542
test: loss = 0.5835 | acc = 0.7857 | precision = 0.8462 | recall = 0.7333 | f1 = 0.7857 | auc = 0.8667

extraction = uni, seed = 123, fold = 2, lr = 0.0001, weight_decay = 0.0005, epochs = 8
train 1: loss = 0.7067
val 1: loss = 0.6234 | acc = 0.7857 | precision = 0.7500 | recall = 0.8571 | f1 = 0.8000 | auc = 0.8367
train 2: loss = 0.5890
val 2: loss = 0.5829 | acc = 0.7143 | precision = 0.6667 | recall = 0.8571 | f1 = 0.7500 | auc = 0.8980
train 3: loss = 0.5139
val 3: loss = 0.5554 | acc = 0.7143 | precision = 0.6667 | recall = 0.8571 | f1 = 0.7500 | auc = 0.8571
train 4: loss = 0.4591
val 4: loss = 0.5431 | acc = 0.7143 | precision = 0.6667 | recall = 0.8571 | f1 = 0.7500 | auc = 0.8980
train 5: loss = 0.4132
val 5: loss = 0.5354 | acc = 0.7143 | precision = 0.6667 | recall = 0.8571 | f1 = 0.7500 | auc = 0.8980
train 6: loss = 0.3843
val 6: loss = 0.5283 | acc = 0.7143 | precision = 0.6667 | recall = 0.8571 | f1 = 0.7500 | auc = 0.9184
train 7: loss = 0.3649
val 7: loss = 0.5279 | acc = 0.7143 | precision = 0.6667 | recall = 0.8571 | f1 = 0.7500 | auc = 0.9184
train 8: loss = 0.3524
val 8: loss = 0.5272 | acc = 0.7143 | precision = 0.6667 | recall = 0.8571 | f1 = 0.7500 | auc = 0.9184
test: loss = 0.6217 | acc = 0.6071 | precision = 0.5000 | recall = 0.7273 | f1 = 0.5926 | auc = 0.7647

extraction = uni, seed = 123, fold = 3, lr = 0.0001, weight_decay = 0.0005, epochs = 8
train 1: loss = 0.7124
val 1: loss = 0.5998 | acc = 0.7857 | precision = 1.0000 | recall = 0.5000 | f1 = 0.6667 | auc = 0.9167
train 2: loss = 0.6010
val 2: loss = 0.5615 | acc = 0.8571 | precision = 1.0000 | recall = 0.6667 | f1 = 0.8000 | auc = 0.9375
train 3: loss = 0.5303
val 3: loss = 0.5408 | acc = 0.7857 | precision = 1.0000 | recall = 0.5000 | f1 = 0.6667 | auc = 0.9167
train 4: loss = 0.4858
val 4: loss = 0.5287 | acc = 0.7857 | precision = 0.8000 | recall = 0.6667 | f1 = 0.7273 | auc = 0.9167
train 5: loss = 0.4494
val 5: loss = 0.5222 | acc = 0.7857 | precision = 0.8000 | recall = 0.6667 | f1 = 0.7273 | auc = 0.8958
train 6: loss = 0.4238
val 6: loss = 0.5175 | acc = 0.7857 | precision = 0.8000 | recall = 0.6667 | f1 = 0.7273 | auc = 0.8958
train 7: loss = 0.4077
val 7: loss = 0.5123 | acc = 0.7857 | precision = 0.8000 | recall = 0.6667 | f1 = 0.7273 | auc = 0.8958
train 8: loss = 0.3979
val 8: loss = 0.5116 | acc = 0.7857 | precision = 0.8000 | recall = 0.6667 | f1 = 0.7273 | auc = 0.8958
test: loss = 0.5505 | acc = 0.7500 | precision = 0.7333 | recall = 0.7857 | f1 = 0.7586 | auc = 0.8520

extraction = uni, seed = 123, fold = 4, lr = 0.0001, weight_decay = 0.0005, epochs = 8
train 1: loss = 0.7121
val 1: loss = 0.6394 | acc = 0.6429 | precision = 0.8000 | recall = 0.5000 | f1 = 0.6154 | auc = 0.8542
train 2: loss = 0.5839
val 2: loss = 0.6204 | acc = 0.7143 | precision = 1.0000 | recall = 0.5000 | f1 = 0.6667 | auc = 0.8542
train 3: loss = 0.5095
val 3: loss = 0.6337 | acc = 0.7143 | precision = 1.0000 | recall = 0.5000 | f1 = 0.6667 | auc = 0.8542
train 4: loss = 0.4701
val 4: loss = 0.5920 | acc = 0.7143 | precision = 1.0000 | recall = 0.5000 | f1 = 0.6667 | auc = 0.8750
train 5: loss = 0.4251
val 5: loss = 0.5660 | acc = 0.7857 | precision = 1.0000 | recall = 0.6250 | f1 = 0.7692 | auc = 0.8750
train 6: loss = 0.3949
val 6: loss = 0.5877 | acc = 0.7857 | precision = 1.0000 | recall = 0.6250 | f1 = 0.7692 | auc = 0.8958
train 7: loss = 0.3775
val 7: loss = 0.5755 | acc = 0.7857 | precision = 1.0000 | recall = 0.6250 | f1 = 0.7692 | auc = 0.8750
train 8: loss = 0.3656
val 8: loss = 0.5704 | acc = 0.7857 | precision = 1.0000 | recall = 0.6250 | f1 = 0.7692 | auc = 0.8750
test: loss = 0.6184 | acc = 0.5714 | precision = 0.6667 | recall = 0.4000 | f1 = 0.5000 | auc = 0.8051

extraction = uni, seed = 123, fold = 5, lr = 0.0001, weight_decay = 0.0005, epochs = 8
train 1: loss = 0.7162
val 1: loss = 0.6770 | acc = 0.5000 | precision = 0.6000 | recall = 0.3750 | f1 = 0.4615 | auc = 0.6667
train 2: loss = 0.6036
val 2: loss = 0.6347 | acc = 0.6429 | precision = 0.8000 | recall = 0.5000 | f1 = 0.6154 | auc = 0.7708
train 3: loss = 0.5512
val 3: loss = 0.6276 | acc = 0.6429 | precision = 0.7143 | recall = 0.6250 | f1 = 0.6667 | auc = 0.7500
train 4: loss = 0.4810
val 4: loss = 0.6887 | acc = 0.6429 | precision = 1.0000 | recall = 0.3750 | f1 = 0.5455 | auc = 0.7500
train 5: loss = 0.4486
val 5: loss = 0.6412 | acc = 0.5000 | precision = 0.6000 | recall = 0.3750 | f1 = 0.4615 | auc = 0.7708
train 6: loss = 0.4163
val 6: loss = 0.6448 | acc = 0.5000 | precision = 0.6000 | recall = 0.3750 | f1 = 0.4615 | auc = 0.7708
train 7: loss = 0.3955
val 7: loss = 0.6490 | acc = 0.5000 | precision = 0.6000 | recall = 0.3750 | f1 = 0.4615 | auc = 0.7708
train 8: loss = 0.3879
val 8: loss = 0.6505 | acc = 0.5000 | precision = 0.6000 | recall = 0.3750 | f1 = 0.4615 | auc = 0.7708
test: loss = 0.5721 | acc = 0.7407 | precision = 0.6250 | recall = 0.9091 | f1 = 0.7407 | auc = 0.9261

extraction = resnet50, seed = 123, fold = 1, lr = 0.0001, weight_decay = 0.0005, epochs = 8
train 1: loss = 0.6929
val 1: loss = 0.6857 | acc = 0.5714 | precision = 0.0000 | recall = 0.0000 | f1 = 0.0000 | auc = 0.9792
train 2: loss = 0.6923
val 2: loss = 0.6847 | acc = 0.5714 | precision = 0.0000 | recall = 0.0000 | f1 = 0.0000 | auc = 0.9583
train 3: loss = 0.6904
val 3: loss = 0.6840 | acc = 0.5714 | precision = 0.0000 | recall = 0.0000 | f1 = 0.0000 | auc = 0.8958
train 4: loss = 0.6899
val 4: loss = 0.6838 | acc = 0.5714 | precision = 0.0000 | recall = 0.0000 | f1 = 0.0000 | auc = 0.8750
train 5: loss = 0.6887
val 5: loss = 0.6832 | acc = 0.5714 | precision = 0.0000 | recall = 0.0000 | f1 = 0.0000 | auc = 0.8750
train 6: loss = 0.6876
val 6: loss = 0.6827 | acc = 0.5714 | precision = 0.0000 | recall = 0.0000 | f1 = 0.0000 | auc = 0.8542
train 7: loss = 0.6875
val 7: loss = 0.6827 | acc = 0.5714 | precision = 0.0000 | recall = 0.0000 | f1 = 0.0000 | auc = 0.8542
train 8: loss = 0.6871
val 8: loss = 0.6826 | acc = 0.5714 | precision = 0.0000 | recall = 0.0000 | f1 = 0.0000 | auc = 0.8750
test: loss = 0.6978 | acc = 0.4643 | precision = 0.0000 | recall = 0.0000 | f1 = 0.0000 | auc = 0.6821

extraction = resnet50, seed = 123, fold = 2, lr = 0.0001, weight_decay = 0.0005, epochs = 8
train 1: loss = 0.6950
val 1: loss = 0.6911 | acc = 0.7857 | precision = 0.8333 | recall = 0.7143 | f1 = 0.7692 | auc = 0.8776
train 2: loss = 0.6950
val 2: loss = 0.6906 | acc = 0.5000 | precision = 0.0000 | recall = 0.0000 | f1 = 0.0000 | auc = 0.8367
train 3: loss = 0.6924
val 3: loss = 0.6902 | acc = 0.7857 | precision = 1.0000 | recall = 0.5714 | f1 = 0.7273 | auc = 0.8980
train 4: loss = 0.6916
val 4: loss = 0.6898 | acc = 0.5714 | precision = 1.0000 | recall = 0.1429 | f1 = 0.2500 | auc = 0.9184
train 5: loss = 0.6913
val 5: loss = 0.6896 | acc = 0.7143 | precision = 1.0000 | recall = 0.4286 | f1 = 0.6000 | auc = 0.8776
train 6: loss = 0.6900
val 6: loss = 0.6894 | acc = 0.5000 | precision = 0.0000 | recall = 0.0000 | f1 = 0.0000 | auc = 0.8776
train 7: loss = 0.6897
val 7: loss = 0.6893 | acc = 0.5000 | precision = 0.0000 | recall = 0.0000 | f1 = 0.0000 | auc = 0.8776
train 8: loss = 0.6893
val 8: loss = 0.6893 | acc = 0.5000 | precision = 0.0000 | recall = 0.0000 | f1 = 0.0000 | auc = 0.8776
test: loss = 0.6890 | acc = 0.6071 | precision = 0.0000 | recall = 0.0000 | f1 = 0.0000 | auc = 0.8075

extraction = resnet50, seed = 123, fold = 3, lr = 0.0001, weight_decay = 0.0005, epochs = 8
train 1: loss = 0.6942
val 1: loss = 0.6878 | acc = 0.5714 | precision = 0.0000 | recall = 0.0000 | f1 = 0.0000 | auc = 0.9167
train 2: loss = 0.6927
val 2: loss = 0.6856 | acc = 0.5714 | precision = 0.0000 | recall = 0.0000 | f1 = 0.0000 | auc = 0.9167
train 3: loss = 0.6927
val 3: loss = 0.6864 | acc = 0.5714 | precision = 0.0000 | recall = 0.0000 | f1 = 0.0000 | auc = 0.8958
train 4: loss = 0.6905
val 4: loss = 0.6843 | acc = 0.5714 | precision = 0.0000 | recall = 0.0000 | f1 = 0.0000 | auc = 0.9167
train 5: loss = 0.6902
val 5: loss = 0.6840 | acc = 0.5714 | precision = 0.0000 | recall = 0.0000 | f1 = 0.0000 | auc = 0.8958
train 6: loss = 0.6899
val 6: loss = 0.6837 | acc = 0.5714 | precision = 0.0000 | recall = 0.0000 | f1 = 0.0000 | auc = 0.8958
train 7: loss = 0.6891
val 7: loss = 0.6835 | acc = 0.5714 | precision = 0.0000 | recall = 0.0000 | f1 = 0.0000 | auc = 0.8958
train 8: loss = 0.6888
val 8: loss = 0.6836 | acc = 0.5714 | precision = 0.0000 | recall = 0.0000 | f1 = 0.0000 | auc = 0.8958
test: loss = 0.6916 | acc = 0.5000 | precision = 0.0000 | recall = 0.0000 | f1 = 0.0000 | auc = 0.8265

extraction = resnet50, seed = 123, fold = 4, lr = 0.0001, weight_decay = 0.0005, epochs = 8
train 1: loss = 0.6935
val 1: loss = 0.6998 | acc = 0.4286 | precision = 0.0000 | recall = 0.0000 | f1 = 0.0000 | auc = 0.7083
train 2: loss = 0.6886
val 2: loss = 0.7049 | acc = 0.4286 | precision = 0.0000 | recall = 0.0000 | f1 = 0.0000 | auc = 0.7500
train 3: loss = 0.6889
val 3: loss = 0.7047 | acc = 0.4286 | precision = 0.0000 | recall = 0.0000 | f1 = 0.0000 | auc = 0.7500
train 4: loss = 0.6859
val 4: loss = 0.7113 | acc = 0.4286 | precision = 0.0000 | recall = 0.0000 | f1 = 0.0000 | auc = 0.7708
train 5: loss = 0.6845
val 5: loss = 0.7108 | acc = 0.4286 | precision = 0.0000 | recall = 0.0000 | f1 = 0.0000 | auc = 0.7708
train 6: loss = 0.6843
val 6: loss = 0.7111 | acc = 0.4286 | precision = 0.0000 | recall = 0.0000 | f1 = 0.0000 | auc = 0.7708
train 7: loss = 0.6835
val 7: loss = 0.7114 | acc = 0.4286 | precision = 0.0000 | recall = 0.0000 | f1 = 0.0000 | auc = 0.7917
train 8: loss = 0.6830
val 8: loss = 0.7114 | acc = 0.4286 | precision = 0.0000 | recall = 0.0000 | f1 = 0.0000 | auc = 0.8125
test: loss = 0.6976 | acc = 0.4643 | precision = 0.0000 | recall = 0.0000 | f1 = 0.0000 | auc = 0.5846

extraction = resnet50, seed = 123, fold = 5, lr = 0.0001, weight_decay = 0.0005, epochs = 8
train 1: loss = 0.6938
val 1: loss = 0.6957 | acc = 0.4286 | precision = 0.0000 | recall = 0.0000 | f1 = 0.0000 | auc = 0.5417
train 2: loss = 0.6924
val 2: loss = 0.6965 | acc = 0.4286 | precision = 0.0000 | recall = 0.0000 | f1 = 0.0000 | auc = 0.7292
train 3: loss = 0.6959
val 3: loss = 0.6970 | acc = 0.4286 | precision = 0.0000 | recall = 0.0000 | f1 = 0.0000 | auc = 0.6875
train 4: loss = 0.6921
val 4: loss = 0.6960 | acc = 0.4286 | precision = 0.0000 | recall = 0.0000 | f1 = 0.0000 | auc = 0.6250
train 5: loss = 0.6906
val 5: loss = 0.6963 | acc = 0.4286 | precision = 0.0000 | recall = 0.0000 | f1 = 0.0000 | auc = 0.6667
train 6: loss = 0.6894
val 6: loss = 0.6966 | acc = 0.4286 | precision = 0.0000 | recall = 0.0000 | f1 = 0.0000 | auc = 0.6667
train 7: loss = 0.6888
val 7: loss = 0.6966 | acc = 0.4286 | precision = 0.0000 | recall = 0.0000 | f1 = 0.0000 | auc = 0.6667
train 8: loss = 0.6884
val 8: loss = 0.6968 | acc = 0.4286 | precision = 0.0000 | recall = 0.0000 | f1 = 0.0000 | auc = 0.6667
test: loss = 0.6895 | acc = 0.5926 | precision = 0.0000 | recall = 0.0000 | f1 = 0.0000 | auc = 0.5909

