extraction = gigapath, seed = 123, fold = 1, lr = 0.0001, weight_decay = 0.0002, epochs = 8, distill = AFS
train 1: loss = 1.3717
val 1: loss = 1.3985 | acc = 0.5000 | precision = 0.4615 | recall = 1.0000 | f1 = 0.6316 | auc = 0.7917
train 2: loss = 1.0631
val 2: loss = 1.1769 | acc = 0.5714 | precision = 0.5000 | recall = 1.0000 | f1 = 0.6667 | auc = 0.9167
train 3: loss = 0.8949
val 3: loss = 0.9453 | acc = 0.7857 | precision = 0.7143 | recall = 0.8333 | f1 = 0.7692 | auc = 0.8750
train 4: loss = 0.6337
val 4: loss = 0.8743 | acc = 0.7857 | precision = 0.8000 | recall = 0.6667 | f1 = 0.7273 | auc = 0.8333
train 5: loss = 0.3462
val 5: loss = 1.7115 | acc = 0.7857 | precision = 1.0000 | recall = 0.5000 | f1 = 0.6667 | auc = 0.7083
train 6: loss = 0.3831
val 6: loss = 1.2364 | acc = 0.7857 | precision = 0.8000 | recall = 0.6667 | f1 = 0.7273 | auc = 0.7917
train 7: loss = 0.2252
val 7: loss = 1.2449 | acc = 0.8571 | precision = 1.0000 | recall = 0.6667 | f1 = 0.8000 | auc = 0.8125
train 8: loss = 0.1276
val 8: loss = 1.3652 | acc = 0.8571 | precision = 0.8333 | recall = 0.8333 | f1 = 0.8333 | auc = 0.8333
test: loss = 1.0920 | acc = 0.7143 | precision = 0.8182 | recall = 0.6000 | f1 = 0.6923 | auc = 0.8154

extraction = gigapath, seed = 123, fold = 2, lr = 0.0001, weight_decay = 0.0002, epochs = 8, distill = AFS
train 1: loss = 1.3613
val 1: loss = 1.2844 | acc = 0.6429 | precision = 0.5833 | recall = 1.0000 | f1 = 0.7368 | auc = 0.7755
train 2: loss = 1.0848
val 2: loss = 1.3136 | acc = 0.7143 | precision = 0.6364 | recall = 1.0000 | f1 = 0.7778 | auc = 0.8980
train 3: loss = 0.8507
val 3: loss = 0.9050 | acc = 0.7143 | precision = 0.8000 | recall = 0.5714 | f1 = 0.6667 | auc = 0.9388
train 4: loss = 0.5589
val 4: loss = 0.7703 | acc = 0.7857 | precision = 1.0000 | recall = 0.5714 | f1 = 0.7273 | auc = 0.8980
train 5: loss = 0.3726
val 5: loss = 0.7562 | acc = 0.7857 | precision = 1.0000 | recall = 0.5714 | f1 = 0.7273 | auc = 0.9388
train 6: loss = 0.2651
val 6: loss = 1.1456 | acc = 0.7143 | precision = 0.8000 | recall = 0.5714 | f1 = 0.6667 | auc = 0.8571
train 7: loss = 0.0874
val 7: loss = 1.2398 | acc = 0.7143 | precision = 0.8000 | recall = 0.5714 | f1 = 0.6667 | auc = 0.8163
train 8: loss = 0.0350
val 8: loss = 1.2339 | acc = 0.7143 | precision = 0.8000 | recall = 0.5714 | f1 = 0.6667 | auc = 0.8571
test: loss = 1.1557 | acc = 0.8214 | precision = 0.8000 | recall = 0.7273 | f1 = 0.7619 | auc = 0.7914

extraction = gigapath, seed = 123, fold = 3, lr = 0.0001, weight_decay = 0.0002, epochs = 8, distill = AFS
train 1: loss = 1.4454
val 1: loss = 1.2751 | acc = 0.7143 | precision = 0.6000 | recall = 1.0000 | f1 = 0.7500 | auc = 0.7917
train 2: loss = 1.0227
val 2: loss = 1.4010 | acc = 0.7857 | precision = 0.6667 | recall = 1.0000 | f1 = 0.8000 | auc = 0.7917
train 3: loss = 0.8786
val 3: loss = 0.9837 | acc = 0.7143 | precision = 0.6667 | recall = 0.6667 | f1 = 0.6667 | auc = 0.8333
train 4: loss = 0.5441
val 4: loss = 1.0041 | acc = 0.7143 | precision = 0.6667 | recall = 0.6667 | f1 = 0.6667 | auc = 0.8750
train 5: loss = 0.2772
val 5: loss = 1.5592 | acc = 0.7857 | precision = 0.7143 | recall = 0.8333 | f1 = 0.7692 | auc = 0.8333
train 6: loss = 0.1866
val 6: loss = 1.6759 | acc = 0.7143 | precision = 0.6667 | recall = 0.6667 | f1 = 0.6667 | auc = 0.7917
train 7: loss = 0.0971
val 7: loss = 2.0121 | acc = 0.6429 | precision = 0.5714 | recall = 0.6667 | f1 = 0.6154 | auc = 0.8333
train 8: loss = 0.0406
val 8: loss = 2.5187 | acc = 0.6429 | precision = 0.5556 | recall = 0.8333 | f1 = 0.6667 | auc = 0.8333
test: loss = 1.3038 | acc = 0.6429 | precision = 0.6667 | recall = 0.5714 | f1 = 0.6154 | auc = 0.7602

extraction = gigapath, seed = 123, fold = 4, lr = 0.0001, weight_decay = 0.0002, epochs = 8, distill = AFS
train 1: loss = 1.4351
val 1: loss = 1.2027 | acc = 0.6429 | precision = 0.6364 | recall = 0.8750 | f1 = 0.7368 | auc = 0.7917
train 2: loss = 0.9970
val 2: loss = 1.0972 | acc = 0.8571 | precision = 1.0000 | recall = 0.7500 | f1 = 0.8571 | auc = 0.8333
train 3: loss = 0.7330
val 3: loss = 1.3107 | acc = 0.7143 | precision = 1.0000 | recall = 0.5000 | f1 = 0.6667 | auc = 0.8750
train 4: loss = 0.5129
val 4: loss = 1.3396 | acc = 0.7857 | precision = 1.0000 | recall = 0.6250 | f1 = 0.7692 | auc = 0.8750
train 5: loss = 0.4338
val 5: loss = 0.8440 | acc = 0.7857 | precision = 0.7778 | recall = 0.8750 | f1 = 0.8235 | auc = 0.8958
train 6: loss = 0.2227
val 6: loss = 1.4398 | acc = 0.7857 | precision = 1.0000 | recall = 0.6250 | f1 = 0.7692 | auc = 0.8750
train 7: loss = 0.0850
val 7: loss = 1.3085 | acc = 0.7857 | precision = 1.0000 | recall = 0.6250 | f1 = 0.7692 | auc = 0.8750
train 8: loss = 0.0415
val 8: loss = 1.4309 | acc = 0.9286 | precision = 1.0000 | recall = 0.8750 | f1 = 0.9333 | auc = 0.8750
test: loss = 1.0972 | acc = 0.8214 | precision = 0.7778 | recall = 0.9333 | f1 = 0.8485 | auc = 0.8308

extraction = gigapath, seed = 123, fold = 5, lr = 0.0001, weight_decay = 0.0002, epochs = 8, distill = AFS
train 1: loss = 1.4472
val 1: loss = 1.2295 | acc = 0.5714 | precision = 0.5833 | recall = 0.8750 | f1 = 0.7000 | auc = 0.7500
train 2: loss = 1.0685
val 2: loss = 1.4926 | acc = 0.6429 | precision = 0.6667 | recall = 0.7500 | f1 = 0.7059 | auc = 0.7083
train 3: loss = 0.8766
val 3: loss = 1.2356 | acc = 0.7857 | precision = 0.7778 | recall = 0.8750 | f1 = 0.8235 | auc = 0.8333
train 4: loss = 0.5297
val 4: loss = 1.1203 | acc = 0.7857 | precision = 0.8571 | recall = 0.7500 | f1 = 0.8000 | auc = 0.8542
train 5: loss = 0.3169
val 5: loss = 1.8053 | acc = 0.7143 | precision = 0.7500 | recall = 0.7500 | f1 = 0.7500 | auc = 0.7500
train 6: loss = 0.1742
val 6: loss = 2.1766 | acc = 0.7857 | precision = 0.8571 | recall = 0.7500 | f1 = 0.8000 | auc = 0.7500
train 7: loss = 0.1237
val 7: loss = 2.4448 | acc = 0.7143 | precision = 0.7500 | recall = 0.7500 | f1 = 0.7500 | auc = 0.7917
train 8: loss = 0.0542
val 8: loss = 2.3541 | acc = 0.7143 | precision = 0.7500 | recall = 0.7500 | f1 = 0.7500 | auc = 0.7917
test: loss = 0.9546 | acc = 0.7407 | precision = 0.6429 | recall = 0.8182 | f1 = 0.7200 | auc = 0.8409

extraction = uni, seed = 123, fold = 1, lr = 0.0001, weight_decay = 0.0002, epochs = 8, distill = AFS
train 1: loss = 1.3051
val 1: loss = 1.2888 | acc = 0.5714 | precision = 0.5000 | recall = 1.0000 | f1 = 0.6667 | auc = 0.8958
train 2: loss = 1.0230
val 2: loss = 1.0654 | acc = 0.7857 | precision = 0.8000 | recall = 0.6667 | f1 = 0.7273 | auc = 0.8125
train 3: loss = 0.9097
val 3: loss = 1.5748 | acc = 0.6429 | precision = 0.5455 | recall = 1.0000 | f1 = 0.7059 | auc = 0.8542
train 4: loss = 0.7703
val 4: loss = 1.0747 | acc = 0.7857 | precision = 0.7143 | recall = 0.8333 | f1 = 0.7692 | auc = 0.8542
train 5: loss = 0.5016
val 5: loss = 1.8077 | acc = 0.5714 | precision = 0.5000 | recall = 1.0000 | f1 = 0.6667 | auc = 0.8333
train 6: loss = 0.4527
val 6: loss = 1.7811 | acc = 0.5714 | precision = 0.5000 | recall = 0.8333 | f1 = 0.6250 | auc = 0.8750
train 7: loss = 0.2685
val 7: loss = 1.5173 | acc = 0.7143 | precision = 0.6250 | recall = 0.8333 | f1 = 0.7143 | auc = 0.8125
train 8: loss = 0.1831
val 8: loss = 1.4513 | acc = 0.7143 | precision = 0.6000 | recall = 1.0000 | f1 = 0.7500 | auc = 0.8750
test: loss = 1.3591 | acc = 0.6429 | precision = 0.8571 | recall = 0.4000 | f1 = 0.5455 | auc = 0.8051

extraction = uni, seed = 123, fold = 2, lr = 0.0001, weight_decay = 0.0002, epochs = 8, distill = AFS
train 1: loss = 1.3050
val 1: loss = 1.1894 | acc = 0.6429 | precision = 0.6000 | recall = 0.8571 | f1 = 0.7059 | auc = 0.8367
train 2: loss = 0.9868
val 2: loss = 1.2369 | acc = 0.7857 | precision = 1.0000 | recall = 0.5714 | f1 = 0.7273 | auc = 0.8163
train 3: loss = 0.8441
val 3: loss = 1.1628 | acc = 0.7857 | precision = 0.7500 | recall = 0.8571 | f1 = 0.8000 | auc = 0.8163
train 4: loss = 0.6678
val 4: loss = 1.2050 | acc = 0.7857 | precision = 0.7500 | recall = 0.8571 | f1 = 0.8000 | auc = 0.8163
train 5: loss = 0.4085
val 5: loss = 1.1799 | acc = 0.7857 | precision = 0.7500 | recall = 0.8571 | f1 = 0.8000 | auc = 0.8776
train 6: loss = 0.2593
val 6: loss = 1.1266 | acc = 0.7857 | precision = 0.7500 | recall = 0.8571 | f1 = 0.8000 | auc = 0.8980
train 7: loss = 0.1568
val 7: loss = 1.8760 | acc = 0.7143 | precision = 0.7143 | recall = 0.7143 | f1 = 0.7143 | auc = 0.7551
train 8: loss = 0.0594
val 8: loss = 1.8116 | acc = 0.7857 | precision = 0.7500 | recall = 0.8571 | f1 = 0.8000 | auc = 0.7959
test: loss = 1.8279 | acc = 0.5714 | precision = 0.4706 | recall = 0.7273 | f1 = 0.5714 | auc = 0.7540

extraction = uni, seed = 123, fold = 3, lr = 0.0001, weight_decay = 0.0002, epochs = 8, distill = AFS
train 1: loss = 1.3282
val 1: loss = 1.1728 | acc = 0.6429 | precision = 0.5556 | recall = 0.8333 | f1 = 0.6667 | auc = 0.8542
train 2: loss = 1.0895
val 2: loss = 1.1046 | acc = 0.7857 | precision = 1.0000 | recall = 0.5000 | f1 = 0.6667 | auc = 0.7917
train 3: loss = 0.8216
val 3: loss = 1.1926 | acc = 0.7857 | precision = 1.0000 | recall = 0.5000 | f1 = 0.6667 | auc = 0.7500
train 4: loss = 0.6249
val 4: loss = 1.3319 | acc = 0.7143 | precision = 0.6250 | recall = 0.8333 | f1 = 0.7143 | auc = 0.8125
train 5: loss = 0.3755
val 5: loss = 1.4918 | acc = 0.7143 | precision = 0.6250 | recall = 0.8333 | f1 = 0.7143 | auc = 0.8333
train 6: loss = 0.2721
val 6: loss = 1.4196 | acc = 0.6429 | precision = 0.5556 | recall = 0.8333 | f1 = 0.6667 | auc = 0.8750
train 7: loss = 0.1643
val 7: loss = 1.5339 | acc = 0.6429 | precision = 0.5556 | recall = 0.8333 | f1 = 0.6667 | auc = 0.9167
train 8: loss = 0.0726
val 8: loss = 1.5621 | acc = 0.7857 | precision = 0.7143 | recall = 0.8333 | f1 = 0.7692 | auc = 0.8958
test: loss = 0.9960 | acc = 0.7500 | precision = 0.8889 | recall = 0.5714 | f1 = 0.6957 | auc = 0.8418

extraction = uni, seed = 123, fold = 4, lr = 0.0001, weight_decay = 0.0002, epochs = 8, distill = AFS
train 1: loss = 1.2721
val 1: loss = 1.1414 | acc = 0.7143 | precision = 0.7500 | recall = 0.7500 | f1 = 0.7500 | auc = 0.7708
train 2: loss = 0.9191
val 2: loss = 1.2549 | acc = 0.7857 | precision = 1.0000 | recall = 0.6250 | f1 = 0.7692 | auc = 0.7917
train 3: loss = 0.6872
val 3: loss = 1.6251 | acc = 0.7143 | precision = 1.0000 | recall = 0.5000 | f1 = 0.6667 | auc = 0.7500
train 4: loss = 0.5464
val 4: loss = 0.8738 | acc = 0.7857 | precision = 0.7778 | recall = 0.8750 | f1 = 0.8235 | auc = 0.8958
train 5: loss = 0.3801
val 5: loss = 1.7455 | acc = 0.7857 | precision = 1.0000 | recall = 0.6250 | f1 = 0.7692 | auc = 0.8125
train 6: loss = 0.2641
val 6: loss = 1.5140 | acc = 0.7857 | precision = 1.0000 | recall = 0.6250 | f1 = 0.7692 | auc = 0.8750
train 7: loss = 0.1270
val 7: loss = 2.0673 | acc = 0.8571 | precision = 1.0000 | recall = 0.7500 | f1 = 0.8571 | auc = 0.8333
train 8: loss = 0.1443
val 8: loss = 2.7702 | acc = 0.7143 | precision = 1.0000 | recall = 0.5000 | f1 = 0.6667 | auc = 0.8333
test: loss = 1.2840 | acc = 0.7500 | precision = 0.7222 | recall = 0.8667 | f1 = 0.7879 | auc = 0.7641

extraction = uni, seed = 123, fold = 5, lr = 0.0001, weight_decay = 0.0002, epochs = 8, distill = AFS
train 1: loss = 1.3358
val 1: loss = 1.2262 | acc = 0.6429 | precision = 0.7143 | recall = 0.6250 | f1 = 0.6667 | auc = 0.7083
train 2: loss = 1.0438
val 2: loss = 1.3129 | acc = 0.6429 | precision = 0.7143 | recall = 0.6250 | f1 = 0.6667 | auc = 0.7292
train 3: loss = 0.8899
val 3: loss = 1.7667 | acc = 0.5000 | precision = 0.6667 | recall = 0.2500 | f1 = 0.3636 | auc = 0.6667
train 4: loss = 0.7145
val 4: loss = 1.4099 | acc = 0.7143 | precision = 0.8333 | recall = 0.6250 | f1 = 0.7143 | auc = 0.7917
train 5: loss = 0.5069
val 5: loss = 1.8601 | acc = 0.6429 | precision = 0.8000 | recall = 0.5000 | f1 = 0.6154 | auc = 0.7708
train 6: loss = 0.3698
val 6: loss = 2.6262 | acc = 0.4286 | precision = 0.5000 | recall = 0.2500 | f1 = 0.3333 | auc = 0.6458
train 7: loss = 0.1881
val 7: loss = 2.4314 | acc = 0.6429 | precision = 0.7143 | recall = 0.6250 | f1 = 0.6667 | auc = 0.7292
train 8: loss = 0.0828
val 8: loss = 2.1682 | acc = 0.7143 | precision = 0.8333 | recall = 0.6250 | f1 = 0.7143 | auc = 0.7708
test: loss = 1.1460 | acc = 0.7037 | precision = 0.5789 | recall = 1.0000 | f1 = 0.7333 | auc = 0.9318

extraction = resnet50, seed = 123, fold = 1, lr = 0.0001, weight_decay = 0.0002, epochs = 8, distill = AFS
train 1: loss = 1.3929
val 1: loss = 1.3685 | acc = 0.5714 | precision = 0.0000 | recall = 0.0000 | f1 = 0.0000 | auc = 0.7292
train 2: loss = 1.3867
val 2: loss = 1.3722 | acc = 0.5714 | precision = 0.0000 | recall = 0.0000 | f1 = 0.0000 | auc = 0.6875
train 3: loss = 1.3947
val 3: loss = 1.3739 | acc = 0.5714 | precision = 0.0000 | recall = 0.0000 | f1 = 0.0000 | auc = 0.6875
train 4: loss = 1.3782
val 4: loss = 1.3685 | acc = 0.5714 | precision = 0.0000 | recall = 0.0000 | f1 = 0.0000 | auc = 0.6667
train 5: loss = 1.3746
val 5: loss = 1.3703 | acc = 0.5714 | precision = 0.0000 | recall = 0.0000 | f1 = 0.0000 | auc = 0.6875
train 6: loss = 1.3775
val 6: loss = 1.3616 | acc = 0.5714 | precision = 0.0000 | recall = 0.0000 | f1 = 0.0000 | auc = 0.7083
train 7: loss = 1.3702
val 7: loss = 1.3763 | acc = 0.6429 | precision = 0.5714 | recall = 0.6667 | f1 = 0.6154 | auc = 0.6875
train 8: loss = 1.3674
val 8: loss = 1.3708 | acc = 0.5714 | precision = 0.5000 | recall = 0.1667 | f1 = 0.2500 | auc = 0.6458
test: loss = 1.3956 | acc = 0.4643 | precision = 0.0000 | recall = 0.0000 | f1 = 0.0000 | auc = 0.7128

extraction = resnet50, seed = 123, fold = 2, lr = 0.0001, weight_decay = 0.0002, epochs = 8, distill = AFS
train 1: loss = 1.3937
val 1: loss = 1.3849 | acc = 0.5000 | precision = 0.0000 | recall = 0.0000 | f1 = 0.0000 | auc = 0.7143
train 2: loss = 1.3892
val 2: loss = 1.3823 | acc = 0.5000 | precision = 0.0000 | recall = 0.0000 | f1 = 0.0000 | auc = 0.6939
train 3: loss = 1.3994
val 3: loss = 1.3825 | acc = 0.5000 | precision = 0.5000 | recall = 1.0000 | f1 = 0.6667 | auc = 0.6939
train 4: loss = 1.3818
val 4: loss = 1.3797 | acc = 0.6429 | precision = 0.7500 | recall = 0.4286 | f1 = 0.5455 | auc = 0.6939
train 5: loss = 1.3841
val 5: loss = 1.3774 | acc = 0.5000 | precision = 0.0000 | recall = 0.0000 | f1 = 0.0000 | auc = 0.6939
train 6: loss = 1.3859
val 6: loss = 1.3775 | acc = 0.5000 | precision = 0.0000 | recall = 0.0000 | f1 = 0.0000 | auc = 0.7347
train 7: loss = 1.3747
val 7: loss = 1.3729 | acc = 0.6429 | precision = 0.6000 | recall = 0.8571 | f1 = 0.7059 | auc = 0.6939
train 8: loss = 1.3726
val 8: loss = 1.3765 | acc = 0.5000 | precision = 0.5000 | recall = 1.0000 | f1 = 0.6667 | auc = 0.6939
test: loss = 1.3854 | acc = 0.5357 | precision = 0.4583 | recall = 1.0000 | f1 = 0.6286 | auc = 0.6578

extraction = resnet50, seed = 123, fold = 3, lr = 0.0001, weight_decay = 0.0002, epochs = 8, distill = AFS
train 1: loss = 1.3942
val 1: loss = 1.3730 | acc = 0.5714 | precision = 0.0000 | recall = 0.0000 | f1 = 0.0000 | auc = 0.7500
train 2: loss = 1.3894
val 2: loss = 1.3779 | acc = 0.5714 | precision = 0.0000 | recall = 0.0000 | f1 = 0.0000 | auc = 0.7917
train 3: loss = 1.3853
val 3: loss = 1.3702 | acc = 0.5714 | precision = 0.0000 | recall = 0.0000 | f1 = 0.0000 | auc = 0.8125
train 4: loss = 1.3823
val 4: loss = 1.3643 | acc = 0.5714 | precision = 0.0000 | recall = 0.0000 | f1 = 0.0000 | auc = 0.8333
train 5: loss = 1.3826
val 5: loss = 1.3635 | acc = 0.5714 | precision = 0.0000 | recall = 0.0000 | f1 = 0.0000 | auc = 0.8333
train 6: loss = 1.3927
val 6: loss = 1.3558 | acc = 0.5714 | precision = 0.0000 | recall = 0.0000 | f1 = 0.0000 | auc = 0.8333
train 7: loss = 1.3832
val 7: loss = 1.3666 | acc = 0.5714 | precision = 0.0000 | recall = 0.0000 | f1 = 0.0000 | auc = 0.8125
train 8: loss = 1.3751
val 8: loss = 1.3715 | acc = 0.7143 | precision = 0.6667 | recall = 0.6667 | f1 = 0.6667 | auc = 0.8333
test: loss = 1.3888 | acc = 0.5000 | precision = 0.0000 | recall = 0.0000 | f1 = 0.0000 | auc = 0.7653

extraction = resnet50, seed = 123, fold = 4, lr = 0.0001, weight_decay = 0.0002, epochs = 8, distill = AFS
train 1: loss = 1.3895
val 1: loss = 1.4222 | acc = 0.4286 | precision = 0.0000 | recall = 0.0000 | f1 = 0.0000 | auc = 0.7917
train 2: loss = 1.3778
val 2: loss = 1.4215 | acc = 0.4286 | precision = 0.0000 | recall = 0.0000 | f1 = 0.0000 | auc = 0.8958
train 3: loss = 1.3733
val 3: loss = 1.4342 | acc = 0.4286 | precision = 0.0000 | recall = 0.0000 | f1 = 0.0000 | auc = 0.8958
train 4: loss = 1.3757
val 4: loss = 1.4502 | acc = 0.4286 | precision = 0.0000 | recall = 0.0000 | f1 = 0.0000 | auc = 0.8542
train 5: loss = 1.3684
val 5: loss = 1.4271 | acc = 0.4286 | precision = 0.0000 | recall = 0.0000 | f1 = 0.0000 | auc = 0.8542
train 6: loss = 1.3691
val 6: loss = 1.4777 | acc = 0.4286 | precision = 0.0000 | recall = 0.0000 | f1 = 0.0000 | auc = 0.8750
train 7: loss = 1.3734
val 7: loss = 1.4256 | acc = 0.4286 | precision = 0.0000 | recall = 0.0000 | f1 = 0.0000 | auc = 0.7917
train 8: loss = 1.3584
val 8: loss = 1.4028 | acc = 0.4286 | precision = 0.0000 | recall = 0.0000 | f1 = 0.0000 | auc = 0.7708
test: loss = 1.3923 | acc = 0.4643 | precision = 0.0000 | recall = 0.0000 | f1 = 0.0000 | auc = 0.7026

extraction = resnet50, seed = 123, fold = 5, lr = 0.0001, weight_decay = 0.0002, epochs = 8, distill = AFS
train 1: loss = 1.3950
val 1: loss = 1.4023 | acc = 0.4286 | precision = 0.0000 | recall = 0.0000 | f1 = 0.0000 | auc = 0.8125
train 2: loss = 1.3875
val 2: loss = 1.3883 | acc = 0.4286 | precision = 0.0000 | recall = 0.0000 | f1 = 0.0000 | auc = 0.7917
train 3: loss = 1.3870
val 3: loss = 1.3886 | acc = 0.4286 | precision = 0.0000 | recall = 0.0000 | f1 = 0.0000 | auc = 0.7917
train 4: loss = 1.3833
val 4: loss = 1.3891 | acc = 0.4286 | precision = 0.0000 | recall = 0.0000 | f1 = 0.0000 | auc = 0.8542
train 5: loss = 1.3825
val 5: loss = 1.3854 | acc = 0.4286 | precision = 0.0000 | recall = 0.0000 | f1 = 0.0000 | auc = 0.8125
train 6: loss = 1.3815
val 6: loss = 1.3988 | acc = 0.4286 | precision = 0.0000 | recall = 0.0000 | f1 = 0.0000 | auc = 0.8333
train 7: loss = 1.3745
val 7: loss = 1.3736 | acc = 0.7143 | precision = 0.7500 | recall = 0.7500 | f1 = 0.7500 | auc = 0.7917
train 8: loss = 1.3788
val 8: loss = 1.3678 | acc = 0.7143 | precision = 0.7000 | recall = 0.8750 | f1 = 0.7778 | auc = 0.8125
test: loss = 1.3734 | acc = 0.6296 | precision = 0.5238 | recall = 1.0000 | f1 = 0.6875 | auc = 0.8920

