use_alibi = True, use_rope = False
extraction = gigapath, seed = 123, fold = 1, lr = 0.0001, weight_decay = 0.0005, epochs = 8
train 1: loss = 0.9664
val 1: loss = 0.5742 | acc = 0.6429 | precision = 1.0000 | recall = 0.1667 | f1 = 0.2857 | auc = 0.9375
train 2: loss = 0.6521
val 2: loss = 0.8789 | acc = 0.5714 | precision = 0.0000 | recall = 0.0000 | f1 = 0.0000 | auc = 0.8125
train 3: loss = 0.5940
val 3: loss = 0.4891 | acc = 0.7143 | precision = 0.6667 | recall = 0.6667 | f1 = 0.6667 | auc = 0.8750
train 4: loss = 0.4824
val 4: loss = 0.4234 | acc = 0.8571 | precision = 0.8333 | recall = 0.8333 | f1 = 0.8333 | auc = 0.9375
train 5: loss = 0.2711
val 5: loss = 0.4531 | acc = 0.7857 | precision = 0.6667 | recall = 1.0000 | f1 = 0.8000 | auc = 0.9167
train 6: loss = 0.1188
val 6: loss = 0.4760 | acc = 0.7857 | precision = 0.7143 | recall = 0.8333 | f1 = 0.7692 | auc = 0.9167
train 7: loss = 0.0354
val 7: loss = 0.4166 | acc = 0.7857 | precision = 0.7143 | recall = 0.8333 | f1 = 0.7692 | auc = 0.9167
train 8: loss = 0.0067
val 8: loss = 0.4498 | acc = 0.7857 | precision = 0.7143 | recall = 0.8333 | f1 = 0.7692 | auc = 0.9167
test: loss = 1.3150 | acc = 0.7500 | precision = 0.8333 | recall = 0.6667 | f1 = 0.7407 | auc = 0.7744

extraction = gigapath, seed = 123, fold = 2, lr = 0.0001, weight_decay = 0.0005, epochs = 8
train 1: loss = 0.9634
val 1: loss = 0.7380 | acc = 0.5000 | precision = 0.5000 | recall = 1.0000 | f1 = 0.6667 | auc = 0.7959
train 2: loss = 0.5946
val 2: loss = 0.9382 | acc = 0.7857 | precision = 1.0000 | recall = 0.5714 | f1 = 0.7273 | auc = 0.7551
train 3: loss = 0.4939
val 3: loss = 0.7402 | acc = 0.7857 | precision = 1.0000 | recall = 0.5714 | f1 = 0.7273 | auc = 0.8163
train 4: loss = 0.3484
val 4: loss = 0.4324 | acc = 0.9286 | precision = 1.0000 | recall = 0.8571 | f1 = 0.9231 | auc = 0.8571
train 5: loss = 0.0995
val 5: loss = 0.6499 | acc = 0.7857 | precision = 0.7500 | recall = 0.8571 | f1 = 0.8000 | auc = 0.8776
train 6: loss = 0.0425
val 6: loss = 0.7470 | acc = 0.6429 | precision = 0.6000 | recall = 0.8571 | f1 = 0.7059 | auc = 0.8776
train 7: loss = 0.0236
val 7: loss = 0.8129 | acc = 0.7857 | precision = 1.0000 | recall = 0.5714 | f1 = 0.7273 | auc = 0.8776
train 8: loss = 0.0120
val 8: loss = 0.5672 | acc = 0.9286 | precision = 1.0000 | recall = 0.8571 | f1 = 0.9231 | auc = 0.8776
test: loss = 0.6141 | acc = 0.7500 | precision = 0.6429 | recall = 0.8182 | f1 = 0.7200 | auc = 0.7861

extraction = gigapath, seed = 123, fold = 3, lr = 0.0001, weight_decay = 0.0005, epochs = 8
train 1: loss = 1.0000
val 1: loss = 0.8050 | acc = 0.4286 | precision = 0.4286 | recall = 1.0000 | f1 = 0.6000 | auc = 0.7708
train 2: loss = 0.5726
val 2: loss = 0.5732 | acc = 0.7857 | precision = 0.7143 | recall = 0.8333 | f1 = 0.7692 | auc = 0.7917
train 3: loss = 0.4910
val 3: loss = 0.9379 | acc = 0.7857 | precision = 0.7143 | recall = 0.8333 | f1 = 0.7692 | auc = 0.7500
train 4: loss = 0.4107
val 4: loss = 0.5091 | acc = 0.7857 | precision = 0.8000 | recall = 0.6667 | f1 = 0.7273 | auc = 0.8125
train 5: loss = 0.1990
val 5: loss = 0.9704 | acc = 0.7143 | precision = 0.6250 | recall = 0.8333 | f1 = 0.7143 | auc = 0.8333
train 6: loss = 0.0692
val 6: loss = 1.0972 | acc = 0.7143 | precision = 0.6250 | recall = 0.8333 | f1 = 0.7143 | auc = 0.8333
train 7: loss = 0.0161
val 7: loss = 1.0186 | acc = 0.8571 | precision = 0.8333 | recall = 0.8333 | f1 = 0.8333 | auc = 0.8333
train 8: loss = 0.0064
val 8: loss = 1.0651 | acc = 0.8571 | precision = 0.8333 | recall = 0.8333 | f1 = 0.8333 | auc = 0.8333
test: loss = 0.5818 | acc = 0.8214 | precision = 0.8462 | recall = 0.7857 | f1 = 0.8148 | auc = 0.7908

extraction = gigapath, seed = 123, fold = 4, lr = 0.0001, weight_decay = 0.0005, epochs = 8
train 1: loss = 0.9749
val 1: loss = 0.6466 | acc = 0.5714 | precision = 0.5714 | recall = 1.0000 | f1 = 0.7273 | auc = 0.7917
train 2: loss = 0.5306
val 2: loss = 0.6456 | acc = 0.7857 | precision = 0.8571 | recall = 0.7500 | f1 = 0.8000 | auc = 0.7917
train 3: loss = 0.4430
val 3: loss = 0.7942 | acc = 0.7857 | precision = 0.8571 | recall = 0.7500 | f1 = 0.8000 | auc = 0.7500
train 4: loss = 0.2615
val 4: loss = 0.6665 | acc = 0.7857 | precision = 1.0000 | recall = 0.6250 | f1 = 0.7692 | auc = 0.9375
train 5: loss = 0.2076
val 5: loss = 0.3781 | acc = 0.8571 | precision = 1.0000 | recall = 0.7500 | f1 = 0.8571 | auc = 0.9583
train 6: loss = 0.0517
val 6: loss = 0.7974 | acc = 0.8571 | precision = 1.0000 | recall = 0.7500 | f1 = 0.8571 | auc = 0.8958
train 7: loss = 0.0273
val 7: loss = 1.0850 | acc = 0.8571 | precision = 1.0000 | recall = 0.7500 | f1 = 0.8571 | auc = 0.8958
train 8: loss = 0.0084
val 8: loss = 1.1502 | acc = 0.8571 | precision = 1.0000 | recall = 0.7500 | f1 = 0.8571 | auc = 0.8958
test: loss = 0.6240 | acc = 0.7500 | precision = 0.7857 | recall = 0.7333 | f1 = 0.7586 | auc = 0.8103

extraction = gigapath, seed = 123, fold = 5, lr = 0.0001, weight_decay = 0.0005, epochs = 8
train 1: loss = 0.9533
val 1: loss = 1.2525 | acc = 0.4286 | precision = 0.0000 | recall = 0.0000 | f1 = 0.0000 | auc = 0.8125
train 2: loss = 0.6191
val 2: loss = 0.4979 | acc = 0.7143 | precision = 0.8333 | recall = 0.6250 | f1 = 0.7143 | auc = 0.8750
train 3: loss = 0.5218
val 3: loss = 0.8112 | acc = 0.5714 | precision = 0.5833 | recall = 0.8750 | f1 = 0.7000 | auc = 0.7292
train 4: loss = 0.4578
val 4: loss = 0.9469 | acc = 0.6429 | precision = 0.7143 | recall = 0.6250 | f1 = 0.6667 | auc = 0.7292
train 5: loss = 0.2465
val 5: loss = 0.5611 | acc = 0.6429 | precision = 0.7143 | recall = 0.6250 | f1 = 0.6667 | auc = 0.8750
train 6: loss = 0.0795
val 6: loss = 1.2208 | acc = 0.6429 | precision = 0.7143 | recall = 0.6250 | f1 = 0.6667 | auc = 0.7500
train 7: loss = 0.0275
val 7: loss = 1.2217 | acc = 0.6429 | precision = 0.7143 | recall = 0.6250 | f1 = 0.6667 | auc = 0.8333
train 8: loss = 0.0082
val 8: loss = 1.2825 | acc = 0.6429 | precision = 0.7143 | recall = 0.6250 | f1 = 0.6667 | auc = 0.8333
test: loss = 0.5659 | acc = 0.6667 | precision = 0.5625 | recall = 0.8182 | f1 = 0.6667 | auc = 0.8636

extraction = uni, seed = 123, fold = 1, lr = 0.0001, weight_decay = 0.0005, epochs = 8
train 1: loss = 0.8254
val 1: loss = 0.6811 | acc = 0.5000 | precision = 0.4615 | recall = 1.0000 | f1 = 0.6316 | auc = 0.8333
train 2: loss = 0.6390
val 2: loss = 0.5122 | acc = 0.7857 | precision = 0.8000 | recall = 0.6667 | f1 = 0.7273 | auc = 0.8125
train 3: loss = 0.4193
val 3: loss = 0.5161 | acc = 0.7143 | precision = 0.6000 | recall = 1.0000 | f1 = 0.7500 | auc = 0.9167
train 4: loss = 0.3535
val 4: loss = 0.5775 | acc = 0.7857 | precision = 0.7143 | recall = 0.8333 | f1 = 0.7692 | auc = 0.8125
train 5: loss = 0.1943
val 5: loss = 0.8217 | acc = 0.7143 | precision = 0.6250 | recall = 0.8333 | f1 = 0.7143 | auc = 0.8333
train 6: loss = 0.1052
val 6: loss = 1.1771 | acc = 0.7143 | precision = 0.6250 | recall = 0.8333 | f1 = 0.7143 | auc = 0.8333
train 7: loss = 0.0385
val 7: loss = 1.3431 | acc = 0.6429 | precision = 0.5556 | recall = 0.8333 | f1 = 0.6667 | auc = 0.8958
train 8: loss = 0.0140
val 8: loss = 1.2779 | acc = 0.7857 | precision = 0.7143 | recall = 0.8333 | f1 = 0.7692 | auc = 0.8958
test: loss = 0.5294 | acc = 0.7500 | precision = 0.9000 | recall = 0.6000 | f1 = 0.7200 | auc = 0.8410

extraction = uni, seed = 123, fold = 2, lr = 0.0001, weight_decay = 0.0005, epochs = 8
train 1: loss = 0.8940
val 1: loss = 0.5708 | acc = 0.6429 | precision = 0.6000 | recall = 0.8571 | f1 = 0.7059 | auc = 0.8163
train 2: loss = 0.6181
val 2: loss = 0.5001 | acc = 0.7143 | precision = 0.6667 | recall = 0.8571 | f1 = 0.7500 | auc = 0.8571
train 3: loss = 0.4613
val 3: loss = 0.5502 | acc = 0.6429 | precision = 0.7500 | recall = 0.4286 | f1 = 0.5455 | auc = 0.8367
train 4: loss = 0.3337
val 4: loss = 1.1438 | acc = 0.6429 | precision = 0.6000 | recall = 0.8571 | f1 = 0.7059 | auc = 0.7959
train 5: loss = 0.2514
val 5: loss = 0.7630 | acc = 0.7143 | precision = 0.6667 | recall = 0.8571 | f1 = 0.7500 | auc = 0.8776
train 6: loss = 0.0786
val 6: loss = 0.9185 | acc = 0.7857 | precision = 0.7500 | recall = 0.8571 | f1 = 0.8000 | auc = 0.8367
train 7: loss = 0.0222
val 7: loss = 0.9070 | acc = 0.7857 | precision = 0.7500 | recall = 0.8571 | f1 = 0.8000 | auc = 0.8367
train 8: loss = 0.0135
val 8: loss = 1.0640 | acc = 0.7857 | precision = 0.7500 | recall = 0.8571 | f1 = 0.8000 | auc = 0.8571
test: loss = 0.6540 | acc = 0.6429 | precision = 0.5263 | recall = 0.9091 | f1 = 0.6667 | auc = 0.7701

extraction = uni, seed = 123, fold = 3, lr = 0.0001, weight_decay = 0.0005, epochs = 8
train 1: loss = 0.8286
val 1: loss = 0.7408 | acc = 0.4286 | precision = 0.4167 | recall = 0.8333 | f1 = 0.5556 | auc = 0.7917
train 2: loss = 0.6085
val 2: loss = 0.7826 | acc = 0.7143 | precision = 0.6250 | recall = 0.8333 | f1 = 0.7143 | auc = 0.7500
train 3: loss = 0.4703
val 3: loss = 0.9622 | acc = 0.6429 | precision = 0.6000 | recall = 0.5000 | f1 = 0.5455 | auc = 0.7708
train 4: loss = 0.3743
val 4: loss = 1.1255 | acc = 0.4286 | precision = 0.4167 | recall = 0.8333 | f1 = 0.5556 | auc = 0.7708
train 5: loss = 0.2518
val 5: loss = 1.3369 | acc = 0.7857 | precision = 0.7143 | recall = 0.8333 | f1 = 0.7692 | auc = 0.7708
train 6: loss = 0.1269
val 6: loss = 1.4672 | acc = 0.7143 | precision = 0.6667 | recall = 0.6667 | f1 = 0.6667 | auc = 0.7500
train 7: loss = 0.1488
val 7: loss = 1.0679 | acc = 0.7143 | precision = 0.6667 | recall = 0.6667 | f1 = 0.6667 | auc = 0.7708
train 8: loss = 0.0457
val 8: loss = 1.2579 | acc = 0.7857 | precision = 0.7143 | recall = 0.8333 | f1 = 0.7692 | auc = 0.7708
test: loss = 0.6610 | acc = 0.6071 | precision = 0.5652 | recall = 0.9286 | f1 = 0.7027 | auc = 0.7959

extraction = uni, seed = 123, fold = 4, lr = 0.0001, weight_decay = 0.0005, epochs = 8
train 1: loss = 1.0261
val 1: loss = 0.5825 | acc = 0.6429 | precision = 0.6667 | recall = 0.7500 | f1 = 0.7059 | auc = 0.7917
train 2: loss = 0.5490
val 2: loss = 0.5575 | acc = 0.6429 | precision = 0.6667 | recall = 0.7500 | f1 = 0.7059 | auc = 0.7917
train 3: loss = 0.4809
val 3: loss = 1.4000 | acc = 0.6429 | precision = 1.0000 | recall = 0.3750 | f1 = 0.5455 | auc = 0.7083
train 4: loss = 0.3000
val 4: loss = 0.6149 | acc = 0.7143 | precision = 0.7000 | recall = 0.8750 | f1 = 0.7778 | auc = 0.8125
train 5: loss = 0.2550
val 5: loss = 0.8799 | acc = 0.7143 | precision = 1.0000 | recall = 0.5000 | f1 = 0.6667 | auc = 0.8125
train 6: loss = 0.0626
val 6: loss = 1.4363 | acc = 0.7143 | precision = 1.0000 | recall = 0.5000 | f1 = 0.6667 | auc = 0.8125
train 7: loss = 0.0097
val 7: loss = 1.3637 | acc = 0.7857 | precision = 1.0000 | recall = 0.6250 | f1 = 0.7692 | auc = 0.8125
train 8: loss = 0.0041
val 8: loss = 1.3804 | acc = 0.7857 | precision = 1.0000 | recall = 0.6250 | f1 = 0.7692 | auc = 0.8125
test: loss = 0.6984 | acc = 0.7857 | precision = 0.7368 | recall = 0.9333 | f1 = 0.8235 | auc = 0.7795

extraction = uni, seed = 123, fold = 5, lr = 0.0001, weight_decay = 0.0005, epochs = 8
train 1: loss = 0.9120
val 1: loss = 0.7254 | acc = 0.6429 | precision = 0.6154 | recall = 1.0000 | f1 = 0.7619 | auc = 0.5833
train 2: loss = 0.5554
val 2: loss = 0.9502 | acc = 0.5714 | precision = 1.0000 | recall = 0.2500 | f1 = 0.4000 | auc = 0.5625
train 3: loss = 0.5511
val 3: loss = 1.0906 | acc = 0.5000 | precision = 1.0000 | recall = 0.1250 | f1 = 0.2222 | auc = 0.6667
train 4: loss = 0.4690
val 4: loss = 0.7060 | acc = 0.6429 | precision = 0.6667 | recall = 0.7500 | f1 = 0.7059 | auc = 0.6875
train 5: loss = 0.3075
val 5: loss = 1.1555 | acc = 0.6429 | precision = 0.8000 | recall = 0.5000 | f1 = 0.6154 | auc = 0.6667
train 6: loss = 0.2000
val 6: loss = 1.0772 | acc = 0.7143 | precision = 0.8333 | recall = 0.6250 | f1 = 0.7143 | auc = 0.7083
train 7: loss = 0.0853
val 7: loss = 1.7784 | acc = 0.6429 | precision = 0.8000 | recall = 0.5000 | f1 = 0.6154 | auc = 0.7292
train 8: loss = 0.0536
val 8: loss = 1.5776 | acc = 0.7143 | precision = 0.8333 | recall = 0.6250 | f1 = 0.7143 | auc = 0.7083
test: loss = 0.5549 | acc = 0.7037 | precision = 0.5789 | recall = 1.0000 | f1 = 0.7333 | auc = 0.9375

extraction = resnet50, seed = 123, fold = 1, lr = 0.0001, weight_decay = 0.0005, epochs = 8
train 1: loss = 0.8980
val 1: loss = 0.6921 | acc = 0.5000 | precision = 0.4615 | recall = 1.0000 | f1 = 0.6316 | auc = 0.7500
train 2: loss = 0.8089
val 2: loss = 0.6846 | acc = 0.5714 | precision = 0.0000 | recall = 0.0000 | f1 = 0.0000 | auc = 0.7292
train 3: loss = 0.7462
val 3: loss = 0.6794 | acc = 0.5714 | precision = 0.0000 | recall = 0.0000 | f1 = 0.0000 | auc = 0.7708
train 4: loss = 0.7846
val 4: loss = 0.6952 | acc = 0.4286 | precision = 0.4286 | recall = 1.0000 | f1 = 0.6000 | auc = 0.7500
train 5: loss = 0.7266
val 5: loss = 0.7206 | acc = 0.4286 | precision = 0.4286 | recall = 1.0000 | f1 = 0.6000 | auc = 0.7500
train 6: loss = 0.7258
val 6: loss = 0.6967 | acc = 0.4286 | precision = 0.4286 | recall = 1.0000 | f1 = 0.6000 | auc = 0.7500
train 7: loss = 0.6987
val 7: loss = 0.6815 | acc = 0.5714 | precision = 0.5000 | recall = 0.1667 | f1 = 0.2500 | auc = 0.7083
train 8: loss = 0.6721
val 8: loss = 0.6832 | acc = 0.7143 | precision = 0.6250 | recall = 0.8333 | f1 = 0.7143 | auc = 0.7083
test: loss = 0.7103 | acc = 0.4643 | precision = 0.0000 | recall = 0.0000 | f1 = 0.0000 | auc = 0.6974

extraction = resnet50, seed = 123, fold = 2, lr = 0.0001, weight_decay = 0.0005, epochs = 8
train 1: loss = 0.9817
val 1: loss = 0.7653 | acc = 0.5000 | precision = 0.5000 | recall = 1.0000 | f1 = 0.6667 | auc = 0.6327
train 2: loss = 0.7952
val 2: loss = 0.6981 | acc = 0.5000 | precision = 0.5000 | recall = 1.0000 | f1 = 0.6667 | auc = 0.7347
train 3: loss = 0.7908
val 3: loss = 0.7242 | acc = 0.5000 | precision = 0.0000 | recall = 0.0000 | f1 = 0.0000 | auc = 0.7551
train 4: loss = 0.7532
val 4: loss = 0.6927 | acc = 0.5000 | precision = 0.5000 | recall = 1.0000 | f1 = 0.6667 | auc = 0.7755
train 5: loss = 0.7218
val 5: loss = 0.7005 | acc = 0.5000 | precision = 0.5000 | recall = 1.0000 | f1 = 0.6667 | auc = 0.7755
train 6: loss = 0.7260
val 6: loss = 0.6908 | acc = 0.5000 | precision = 0.5000 | recall = 1.0000 | f1 = 0.6667 | auc = 0.7143
train 7: loss = 0.6979
val 7: loss = 0.6896 | acc = 0.5000 | precision = 0.0000 | recall = 0.0000 | f1 = 0.0000 | auc = 0.6939
train 8: loss = 0.6904
val 8: loss = 0.6894 | acc = 0.5000 | precision = 0.5000 | recall = 1.0000 | f1 = 0.6667 | auc = 0.6939
test: loss = 0.6967 | acc = 0.3929 | precision = 0.3929 | recall = 1.0000 | f1 = 0.5641 | auc = 0.6791

extraction = resnet50, seed = 123, fold = 3, lr = 0.0001, weight_decay = 0.0005, epochs = 8
train 1: loss = 0.9745
val 1: loss = 0.8669 | acc = 0.4286 | precision = 0.4286 | recall = 1.0000 | f1 = 0.6000 | auc = 0.5417
train 2: loss = 0.7853
val 2: loss = 0.6998 | acc = 0.4286 | precision = 0.4286 | recall = 1.0000 | f1 = 0.6000 | auc = 0.5625
train 3: loss = 0.7751
val 3: loss = 0.7003 | acc = 0.5714 | precision = 0.0000 | recall = 0.0000 | f1 = 0.0000 | auc = 0.4792
train 4: loss = 0.7291
val 4: loss = 0.7703 | acc = 0.4286 | precision = 0.4286 | recall = 1.0000 | f1 = 0.6000 | auc = 0.4583
train 5: loss = 0.7372
val 5: loss = 0.6937 | acc = 0.5714 | precision = 0.0000 | recall = 0.0000 | f1 = 0.0000 | auc = 0.5417
train 6: loss = 0.7013
val 6: loss = 0.7514 | acc = 0.4286 | precision = 0.4286 | recall = 1.0000 | f1 = 0.6000 | auc = 0.4375
train 7: loss = 0.6758
val 7: loss = 0.7150 | acc = 0.5000 | precision = 0.4444 | recall = 0.6667 | f1 = 0.5333 | auc = 0.4583
train 8: loss = 0.6328
val 8: loss = 0.7481 | acc = 0.5000 | precision = 0.4545 | recall = 0.8333 | f1 = 0.5882 | auc = 0.4583
test: loss = 0.7109 | acc = 0.5000 | precision = 0.0000 | recall = 0.0000 | f1 = 0.0000 | auc = 0.7143

extraction = resnet50, seed = 123, fold = 4, lr = 0.0001, weight_decay = 0.0005, epochs = 8
train 1: loss = 1.0962
val 1: loss = 0.6893 | acc = 0.5714 | precision = 0.5714 | recall = 1.0000 | f1 = 0.7273 | auc = 0.5625
train 2: loss = 0.7487
val 2: loss = 0.6849 | acc = 0.5714 | precision = 0.5714 | recall = 1.0000 | f1 = 0.7273 | auc = 0.6042
train 3: loss = 0.7560
val 3: loss = 0.8983 | acc = 0.4286 | precision = 0.0000 | recall = 0.0000 | f1 = 0.0000 | auc = 0.5833
train 4: loss = 0.7118
val 4: loss = 0.6821 | acc = 0.5714 | precision = 0.5714 | recall = 1.0000 | f1 = 0.7273 | auc = 0.5833
train 5: loss = 0.7017
val 5: loss = 0.7729 | acc = 0.4286 | precision = 0.0000 | recall = 0.0000 | f1 = 0.0000 | auc = 0.5625
train 6: loss = 0.6951
val 6: loss = 0.6773 | acc = 0.5714 | precision = 0.5714 | recall = 1.0000 | f1 = 0.7273 | auc = 0.5833
train 7: loss = 0.6844
val 7: loss = 0.6743 | acc = 0.5714 | precision = 0.5714 | recall = 1.0000 | f1 = 0.7273 | auc = 0.6042
train 8: loss = 0.6721
val 8: loss = 0.6801 | acc = 0.6429 | precision = 0.7143 | recall = 0.6250 | f1 = 0.6667 | auc = 0.6458
test: loss = 0.6803 | acc = 0.5357 | precision = 0.5357 | recall = 1.0000 | f1 = 0.6977 | auc = 0.6154

extraction = resnet50, seed = 123, fold = 5, lr = 0.0001, weight_decay = 0.0005, epochs = 8
train 1: loss = 0.9754
val 1: loss = 0.8076 | acc = 0.5714 | precision = 0.5714 | recall = 1.0000 | f1 = 0.7273 | auc = 0.2917
train 2: loss = 0.7903
val 2: loss = 0.7709 | acc = 0.4286 | precision = 0.0000 | recall = 0.0000 | f1 = 0.0000 | auc = 0.3750
train 3: loss = 0.7532
val 3: loss = 0.6836 | acc = 0.5714 | precision = 0.5714 | recall = 1.0000 | f1 = 0.7273 | auc = 0.5208
train 4: loss = 0.7232
val 4: loss = 0.7561 | acc = 0.4286 | precision = 0.0000 | recall = 0.0000 | f1 = 0.0000 | auc = 0.6250
train 5: loss = 0.7151
val 5: loss = 0.6839 | acc = 0.5000 | precision = 0.5385 | recall = 0.8750 | f1 = 0.6667 | auc = 0.6458
train 6: loss = 0.7074
val 6: loss = 0.6790 | acc = 0.5714 | precision = 0.5714 | recall = 1.0000 | f1 = 0.7273 | auc = 0.6458
train 7: loss = 0.6781
val 7: loss = 0.7557 | acc = 0.4286 | precision = 0.0000 | recall = 0.0000 | f1 = 0.0000 | auc = 0.6250
train 8: loss = 0.6723
val 8: loss = 0.6984 | acc = 0.5714 | precision = 1.0000 | recall = 0.2500 | f1 = 0.4000 | auc = 0.6042
test: loss = 0.7361 | acc = 0.4074 | precision = 0.4074 | recall = 1.0000 | f1 = 0.5789 | auc = 0.7614

use_alibi = True, use_rope = False, alibi_bias.dtype = float16
extraction = gigapath, seed = 123, fold = 1, lr = 0.0001, weight_decay = 0.001, epochs = 8
train 1: loss = 0.9639
val 1: loss = 0.6102 | acc = 0.6429 | precision = 1.0000 | recall = 0.1667 | f1 = 0.2857 | auc = 0.7708
train 2: loss = 0.6392
val 2: loss = 1.0110 | acc = 0.5714 | precision = 0.0000 | recall = 0.0000 | f1 = 0.0000 | auc = 0.6250
train 3: loss = 0.6080
val 3: loss = 0.5652 | acc = 0.5714 | precision = 0.5000 | recall = 0.6667 | f1 = 0.5714 | auc = 0.6875
train 4: loss = 0.4504
val 4: loss = 0.4480 | acc = 0.7857 | precision = 1.0000 | recall = 0.5000 | f1 = 0.6667 | auc = 0.9167
train 5: loss = 0.2618
val 5: loss = 0.7584 | acc = 0.6429 | precision = 0.5455 | recall = 1.0000 | f1 = 0.7059 | auc = 0.8958
train 6: loss = 0.2132
val 6: loss = 0.5240 | acc = 0.7143 | precision = 0.6250 | recall = 0.8333 | f1 = 0.7143 | auc = 0.8333
train 7: loss = 0.0533
val 7: loss = 0.5685 | acc = 0.7857 | precision = 0.7143 | recall = 0.8333 | f1 = 0.7692 | auc = 0.8542
train 8: loss = 0.0238
val 8: loss = 0.6974 | acc = 0.7857 | precision = 0.7143 | recall = 0.8333 | f1 = 0.7692 | auc = 0.8333
test: loss = 0.6880 | acc = 0.6429 | precision = 0.8571 | recall = 0.4000 | f1 = 0.5455 | auc = 0.7538

extraction = gigapath, seed = 123, fold = 2, lr = 0.0001, weight_decay = 0.001, epochs = 8
train 1: loss = 0.9713
val 1: loss = 0.7411 | acc = 0.5000 | precision = 0.5000 | recall = 1.0000 | f1 = 0.6667 | auc = 0.7143
train 2: loss = 0.6009
val 2: loss = 1.0620 | acc = 0.6429 | precision = 1.0000 | recall = 0.2857 | f1 = 0.4444 | auc = 0.7755
train 3: loss = 0.5164
val 3: loss = 0.6410 | acc = 0.7143 | precision = 1.0000 | recall = 0.4286 | f1 = 0.6000 | auc = 0.8163
train 4: loss = 0.3364
val 4: loss = 0.3770 | acc = 0.8571 | precision = 1.0000 | recall = 0.7143 | f1 = 0.8333 | auc = 0.8980
train 5: loss = 0.1500
val 5: loss = 0.5488 | acc = 0.8571 | precision = 0.8571 | recall = 0.8571 | f1 = 0.8571 | auc = 0.8776
train 6: loss = 0.0108
val 6: loss = 0.6741 | acc = 0.7857 | precision = 0.8333 | recall = 0.7143 | f1 = 0.7692 | auc = 0.8980
train 7: loss = 0.0030
val 7: loss = 0.7106 | acc = 0.7857 | precision = 0.8333 | recall = 0.7143 | f1 = 0.7692 | auc = 0.8980
train 8: loss = 0.0023
val 8: loss = 0.7265 | acc = 0.7857 | precision = 0.8333 | recall = 0.7143 | f1 = 0.7692 | auc = 0.8980
test: loss = 0.5689 | acc = 0.7857 | precision = 0.7778 | recall = 0.6364 | f1 = 0.7000 | auc = 0.8021

extraction = gigapath, seed = 123, fold = 3, lr = 0.0001, weight_decay = 0.001, epochs = 8
train 1: loss = 1.0162
val 1: loss = 0.7872 | acc = 0.4286 | precision = 0.4286 | recall = 1.0000 | f1 = 0.6000 | auc = 0.8750
train 2: loss = 0.6189
val 2: loss = 0.4953 | acc = 0.7143 | precision = 0.6667 | recall = 0.6667 | f1 = 0.6667 | auc = 0.8333
train 3: loss = 0.5063
val 3: loss = 0.7589 | acc = 0.7857 | precision = 0.7143 | recall = 0.8333 | f1 = 0.7692 | auc = 0.8125
train 4: loss = 0.3055
val 4: loss = 0.3580 | acc = 0.7857 | precision = 0.8000 | recall = 0.6667 | f1 = 0.7273 | auc = 0.9167
train 5: loss = 0.2112
val 5: loss = 0.5480 | acc = 0.7143 | precision = 0.6250 | recall = 0.8333 | f1 = 0.7143 | auc = 0.8958
train 6: loss = 0.0855
val 6: loss = 0.6782 | acc = 0.7143 | precision = 0.6250 | recall = 0.8333 | f1 = 0.7143 | auc = 0.9167
train 7: loss = 0.0132
val 7: loss = 0.6844 | acc = 0.7857 | precision = 0.8000 | recall = 0.6667 | f1 = 0.7273 | auc = 0.9167
train 8: loss = 0.0044
val 8: loss = 0.7111 | acc = 0.7857 | precision = 0.8000 | recall = 0.6667 | f1 = 0.7273 | auc = 0.8958
test: loss = 0.7543 | acc = 0.6071 | precision = 0.6667 | recall = 0.4286 | f1 = 0.5217 | auc = 0.7194

extraction = gigapath, seed = 123, fold = 4, lr = 0.0001, weight_decay = 0.001, epochs = 8
train 1: loss = 0.9866
val 1: loss = 0.6306 | acc = 0.5714 | precision = 0.5714 | recall = 1.0000 | f1 = 0.7273 | auc = 0.8542
train 2: loss = 0.5600
val 2: loss = 0.5534 | acc = 0.7857 | precision = 1.0000 | recall = 0.6250 | f1 = 0.7692 | auc = 0.8333
train 3: loss = 0.4352
val 3: loss = 0.5254 | acc = 0.7857 | precision = 0.8571 | recall = 0.7500 | f1 = 0.8000 | auc = 0.8750
train 4: loss = 0.5942
val 4: loss = 0.5489 | acc = 0.7143 | precision = 1.0000 | recall = 0.5000 | f1 = 0.6667 | auc = 0.9583
train 5: loss = 0.3876
val 5: loss = 0.4318 | acc = 0.7857 | precision = 1.0000 | recall = 0.6250 | f1 = 0.7692 | auc = 0.9167
train 6: loss = 0.1205
val 6: loss = 0.4317 | acc = 0.8571 | precision = 1.0000 | recall = 0.7500 | f1 = 0.8571 | auc = 0.9375
train 7: loss = 0.0530
val 7: loss = 0.5856 | acc = 0.7857 | precision = 1.0000 | recall = 0.6250 | f1 = 0.7692 | auc = 0.8958
train 8: loss = 0.0283
val 8: loss = 0.8302 | acc = 0.7857 | precision = 1.0000 | recall = 0.6250 | f1 = 0.7692 | auc = 0.9167
test: loss = 0.6484 | acc = 0.8214 | precision = 0.8125 | recall = 0.8667 | f1 = 0.8387 | auc = 0.8103

extraction = gigapath, seed = 123, fold = 5, lr = 0.0001, weight_decay = 0.001, epochs = 8
train 1: loss = 0.9414
val 1: loss = 1.3577 | acc = 0.4286 | precision = 0.0000 | recall = 0.0000 | f1 = 0.0000 | auc = 0.8750
train 2: loss = 0.6338
val 2: loss = 0.4254 | acc = 0.7143 | precision = 0.8333 | recall = 0.6250 | f1 = 0.7143 | auc = 0.8750
train 3: loss = 0.5483
val 3: loss = 0.7135 | acc = 0.6429 | precision = 0.6154 | recall = 1.0000 | f1 = 0.7619 | auc = 0.8333
train 4: loss = 0.5216
val 4: loss = 0.5976 | acc = 0.7143 | precision = 0.8333 | recall = 0.6250 | f1 = 0.7143 | auc = 0.8750
train 5: loss = 0.2895
val 5: loss = 0.4678 | acc = 0.7143 | precision = 0.8333 | recall = 0.6250 | f1 = 0.7143 | auc = 0.8958
train 6: loss = 0.1770
val 6: loss = 0.6271 | acc = 0.7143 | precision = 0.8333 | recall = 0.6250 | f1 = 0.7143 | auc = 0.8750
train 7: loss = 0.0964
val 7: loss = 0.7900 | acc = 0.7143 | precision = 0.8333 | recall = 0.6250 | f1 = 0.7143 | auc = 0.8958
train 8: loss = 0.0495
val 8: loss = 0.7113 | acc = 0.7143 | precision = 0.8333 | recall = 0.6250 | f1 = 0.7143 | auc = 0.8958
test: loss = 0.5341 | acc = 0.7778 | precision = 0.6923 | recall = 0.8182 | f1 = 0.7500 | auc = 0.8466

extraction = uni, seed = 123, fold = 1, lr = 0.0001, weight_decay = 0.001, epochs = 8
train 1: loss = 0.8099
val 1: loss = 0.7188 | acc = 0.5714 | precision = 0.5000 | recall = 1.0000 | f1 = 0.6667 | auc = 0.7708
train 2: loss = 0.6054
val 2: loss = 0.4946 | acc = 0.6429 | precision = 0.5714 | recall = 0.6667 | f1 = 0.6154 | auc = 0.7917
train 3: loss = 0.4005
val 3: loss = 0.5487 | acc = 0.5714 | precision = 0.5000 | recall = 0.6667 | f1 = 0.5714 | auc = 0.8125
train 4: loss = 0.3239
val 4: loss = 0.7100 | acc = 0.6429 | precision = 0.5556 | recall = 0.8333 | f1 = 0.6667 | auc = 0.7708
train 5: loss = 0.1889
val 5: loss = 1.1209 | acc = 0.6429 | precision = 0.5714 | recall = 0.6667 | f1 = 0.6154 | auc = 0.7917
train 6: loss = 0.1124
val 6: loss = 1.3077 | acc = 0.6429 | precision = 0.5556 | recall = 0.8333 | f1 = 0.6667 | auc = 0.7708
train 7: loss = 0.0407
val 7: loss = 1.3660 | acc = 0.6429 | precision = 0.5556 | recall = 0.8333 | f1 = 0.6667 | auc = 0.8125
train 8: loss = 0.0196
val 8: loss = 1.2569 | acc = 0.6429 | precision = 0.5556 | recall = 0.8333 | f1 = 0.6667 | auc = 0.8125
test: loss = 0.5014 | acc = 0.8571 | precision = 0.9231 | recall = 0.8000 | f1 = 0.8571 | auc = 0.8410

extraction = uni, seed = 123, fold = 2, lr = 0.0001, weight_decay = 0.001, epochs = 8
train 1: loss = 0.8373
val 1: loss = 0.6425 | acc = 0.6429 | precision = 0.6000 | recall = 0.8571 | f1 = 0.7059 | auc = 0.7755
train 2: loss = 0.6415
val 2: loss = 0.5235 | acc = 0.7143 | precision = 0.6667 | recall = 0.8571 | f1 = 0.7500 | auc = 0.8367
train 3: loss = 0.4453
val 3: loss = 0.5004 | acc = 0.7143 | precision = 0.6667 | recall = 0.8571 | f1 = 0.7500 | auc = 0.8980
train 4: loss = 0.2899
val 4: loss = 0.9892 | acc = 0.7143 | precision = 0.6667 | recall = 0.8571 | f1 = 0.7500 | auc = 0.8163
train 5: loss = 0.1236
val 5: loss = 1.2521 | acc = 0.7143 | precision = 0.6667 | recall = 0.8571 | f1 = 0.7500 | auc = 0.8776
train 6: loss = 0.0297
val 6: loss = 0.9559 | acc = 0.7857 | precision = 0.7500 | recall = 0.8571 | f1 = 0.8000 | auc = 0.8571
train 7: loss = 0.0044
val 7: loss = 1.2285 | acc = 0.7857 | precision = 0.7500 | recall = 0.8571 | f1 = 0.8000 | auc = 0.8367
train 8: loss = 0.0021
val 8: loss = 1.2920 | acc = 0.7857 | precision = 0.7500 | recall = 0.8571 | f1 = 0.8000 | auc = 0.8367
test: loss = 0.5481 | acc = 0.7500 | precision = 0.6667 | recall = 0.7273 | f1 = 0.6957 | auc = 0.7754

extraction = uni, seed = 123, fold = 3, lr = 0.0001, weight_decay = 0.001, epochs = 8
train 1: loss = 0.8518
val 1: loss = 0.7004 | acc = 0.5714 | precision = 0.5000 | recall = 0.8333 | f1 = 0.6250 | auc = 0.7917
train 2: loss = 0.6260
val 2: loss = 0.7406 | acc = 0.6429 | precision = 0.5556 | recall = 0.8333 | f1 = 0.6667 | auc = 0.7917
train 3: loss = 0.5091
val 3: loss = 0.7357 | acc = 0.6429 | precision = 0.6000 | recall = 0.5000 | f1 = 0.5455 | auc = 0.8333
train 4: loss = 0.3594
val 4: loss = 1.3592 | acc = 0.5000 | precision = 0.4545 | recall = 0.8333 | f1 = 0.5882 | auc = 0.7917
train 5: loss = 0.2730
val 5: loss = 0.8750 | acc = 0.7857 | precision = 0.8000 | recall = 0.6667 | f1 = 0.7273 | auc = 0.8125
train 6: loss = 0.1508
val 6: loss = 1.1289 | acc = 0.7857 | precision = 0.8000 | recall = 0.6667 | f1 = 0.7273 | auc = 0.7708
train 7: loss = 0.0761
val 7: loss = 1.1891 | acc = 0.6429 | precision = 0.5714 | recall = 0.6667 | f1 = 0.6154 | auc = 0.7917
train 8: loss = 0.0284
val 8: loss = 1.2573 | acc = 0.7143 | precision = 0.6250 | recall = 0.8333 | f1 = 0.7143 | auc = 0.7917
test: loss = 0.6298 | acc = 0.6071 | precision = 0.5652 | recall = 0.9286 | f1 = 0.7027 | auc = 0.8214

extraction = uni, seed = 123, fold = 4, lr = 0.0001, weight_decay = 0.001, epochs = 8
train 1: loss = 1.0334
val 1: loss = 0.5618 | acc = 0.7143 | precision = 0.7500 | recall = 0.7500 | f1 = 0.7500 | auc = 0.8333
train 2: loss = 0.5386
val 2: loss = 0.5770 | acc = 0.7143 | precision = 0.7500 | recall = 0.7500 | f1 = 0.7500 | auc = 0.8125
train 3: loss = 0.4994
val 3: loss = 1.3753 | acc = 0.6429 | precision = 1.0000 | recall = 0.3750 | f1 = 0.5455 | auc = 0.7708
train 4: loss = 0.2856
val 4: loss = 0.4907 | acc = 0.7857 | precision = 0.8571 | recall = 0.7500 | f1 = 0.8000 | auc = 0.8542
train 5: loss = 0.2539
val 5: loss = 0.5785 | acc = 0.7857 | precision = 1.0000 | recall = 0.6250 | f1 = 0.7692 | auc = 0.8750
train 6: loss = 0.1041
val 6: loss = 0.7698 | acc = 0.8571 | precision = 1.0000 | recall = 0.7500 | f1 = 0.8571 | auc = 0.8958
train 7: loss = 0.0300
val 7: loss = 0.9570 | acc = 0.8571 | precision = 1.0000 | recall = 0.7500 | f1 = 0.8571 | auc = 0.8958
train 8: loss = 0.0168
val 8: loss = 0.9452 | acc = 0.8571 | precision = 1.0000 | recall = 0.7500 | f1 = 0.8571 | auc = 0.8958
test: loss = 0.7722 | acc = 0.6786 | precision = 0.7143 | recall = 0.6667 | f1 = 0.6897 | auc = 0.7538

extraction = uni, seed = 123, fold = 5, lr = 0.0001, weight_decay = 0.001, epochs = 8
train 1: loss = 0.8973
val 1: loss = 0.6444 | acc = 0.6429 | precision = 0.6154 | recall = 1.0000 | f1 = 0.7619 | auc = 0.6667
train 2: loss = 0.5593
val 2: loss = 0.8690 | acc = 0.5714 | precision = 1.0000 | recall = 0.2500 | f1 = 0.4000 | auc = 0.7292
train 3: loss = 0.5490
val 3: loss = 1.0562 | acc = 0.5714 | precision = 1.0000 | recall = 0.2500 | f1 = 0.4000 | auc = 0.7500
train 4: loss = 0.5067
val 4: loss = 0.5943 | acc = 0.7143 | precision = 0.7500 | recall = 0.7500 | f1 = 0.7500 | auc = 0.7292
train 5: loss = 0.3569
val 5: loss = 0.7743 | acc = 0.7143 | precision = 0.8333 | recall = 0.6250 | f1 = 0.7143 | auc = 0.7917
train 6: loss = 0.2149
val 6: loss = 0.6486 | acc = 0.7857 | precision = 0.8571 | recall = 0.7500 | f1 = 0.8000 | auc = 0.7917
train 7: loss = 0.0827
val 7: loss = 1.6971 | acc = 0.6429 | precision = 0.8000 | recall = 0.5000 | f1 = 0.6154 | auc = 0.8333
train 8: loss = 0.0567
val 8: loss = 1.3504 | acc = 0.7143 | precision = 0.8333 | recall = 0.6250 | f1 = 0.7143 | auc = 0.7917
test: loss = 0.5036 | acc = 0.7037 | precision = 0.5789 | recall = 1.0000 | f1 = 0.7333 | auc = 0.9659

extraction = resnet50, seed = 123, fold = 1, lr = 0.0001, weight_decay = 0.001, epochs = 8
train 1: loss = 0.8974
val 1: loss = 0.6958 | acc = 0.5000 | precision = 0.4615 | recall = 1.0000 | f1 = 0.6316 | auc = 0.4375
train 2: loss = 0.8088
val 2: loss = 0.6859 | acc = 0.5714 | precision = 0.0000 | recall = 0.0000 | f1 = 0.0000 | auc = 0.5208
train 3: loss = 0.7467
val 3: loss = 0.6816 | acc = 0.5714 | precision = 0.0000 | recall = 0.0000 | f1 = 0.0000 | auc = 0.5625
train 4: loss = 0.7847
val 4: loss = 0.6979 | acc = 0.4286 | precision = 0.4286 | recall = 1.0000 | f1 = 0.6000 | auc = 0.5625
train 5: loss = 0.7275
val 5: loss = 0.7238 | acc = 0.4286 | precision = 0.4286 | recall = 1.0000 | f1 = 0.6000 | auc = 0.5417
train 6: loss = 0.7275
val 6: loss = 0.7002 | acc = 0.4286 | precision = 0.4286 | recall = 1.0000 | f1 = 0.6000 | auc = 0.5625
train 7: loss = 0.7013
val 7: loss = 0.6864 | acc = 0.5714 | precision = 0.5000 | recall = 0.1667 | f1 = 0.2500 | auc = 0.5625
train 8: loss = 0.6772
val 8: loss = 0.6885 | acc = 0.5000 | precision = 0.4000 | recall = 0.3333 | f1 = 0.3636 | auc = 0.5625
test: loss = 0.7104 | acc = 0.4643 | precision = 0.0000 | recall = 0.0000 | f1 = 0.0000 | auc = 0.7487

extraction = resnet50, seed = 123, fold = 2, lr = 0.0001, weight_decay = 0.001, epochs = 8
train 1: loss = 0.9762
val 1: loss = 0.7593 | acc = 0.5000 | precision = 0.5000 | recall = 1.0000 | f1 = 0.6667 | auc = 0.5918
train 2: loss = 0.7965
val 2: loss = 0.6982 | acc = 0.5000 | precision = 0.5000 | recall = 1.0000 | f1 = 0.6667 | auc = 0.6327
train 3: loss = 0.7914
val 3: loss = 0.7251 | acc = 0.5000 | precision = 0.0000 | recall = 0.0000 | f1 = 0.0000 | auc = 0.6531
train 4: loss = 0.7535
val 4: loss = 0.6927 | acc = 0.5000 | precision = 0.5000 | recall = 1.0000 | f1 = 0.6667 | auc = 0.6735
train 5: loss = 0.7217
val 5: loss = 0.7000 | acc = 0.5000 | precision = 0.5000 | recall = 1.0000 | f1 = 0.6667 | auc = 0.6531
train 6: loss = 0.7258
val 6: loss = 0.6908 | acc = 0.5000 | precision = 0.5000 | recall = 1.0000 | f1 = 0.6667 | auc = 0.6531
train 7: loss = 0.6980
val 7: loss = 0.6893 | acc = 0.5000 | precision = 0.0000 | recall = 0.0000 | f1 = 0.0000 | auc = 0.6735
train 8: loss = 0.6903
val 8: loss = 0.6890 | acc = 0.5000 | precision = 0.5000 | recall = 1.0000 | f1 = 0.6667 | auc = 0.6735
test: loss = 0.6993 | acc = 0.3929 | precision = 0.3929 | recall = 1.0000 | f1 = 0.5641 | auc = 0.6471

extraction = resnet50, seed = 123, fold = 3, lr = 0.0001, weight_decay = 0.001, epochs = 8
train 1: loss = 0.9788
val 1: loss = 0.8688 | acc = 0.4286 | precision = 0.4286 | recall = 1.0000 | f1 = 0.6000 | auc = 0.6667
train 2: loss = 0.7862
val 2: loss = 0.6969 | acc = 0.4286 | precision = 0.4286 | recall = 1.0000 | f1 = 0.6000 | auc = 0.7500
train 3: loss = 0.7766
val 3: loss = 0.6981 | acc = 0.5714 | precision = 0.0000 | recall = 0.0000 | f1 = 0.0000 | auc = 0.7917
train 4: loss = 0.7335
val 4: loss = 0.7588 | acc = 0.4286 | precision = 0.4286 | recall = 1.0000 | f1 = 0.6000 | auc = 0.7917
train 5: loss = 0.7440
val 5: loss = 0.6833 | acc = 0.5714 | precision = 0.0000 | recall = 0.0000 | f1 = 0.0000 | auc = 0.8333
train 6: loss = 0.7261
val 6: loss = 0.7021 | acc = 0.4286 | precision = 0.4286 | recall = 1.0000 | f1 = 0.6000 | auc = 0.8333
train 7: loss = 0.7009
val 7: loss = 0.6968 | acc = 0.4286 | precision = 0.4286 | recall = 1.0000 | f1 = 0.6000 | auc = 0.8125
train 8: loss = 0.6965
val 8: loss = 0.6944 | acc = 0.4286 | precision = 0.4286 | recall = 1.0000 | f1 = 0.6000 | auc = 0.8125
test: loss = 0.7147 | acc = 0.5000 | precision = 0.0000 | recall = 0.0000 | f1 = 0.0000 | auc = 0.7959

extraction = resnet50, seed = 123, fold = 4, lr = 0.0001, weight_decay = 0.001, epochs = 8
train 1: loss = 1.1012
val 1: loss = 0.6889 | acc = 0.5714 | precision = 0.5714 | recall = 1.0000 | f1 = 0.7273 | auc = 0.7708
train 2: loss = 0.7492
val 2: loss = 0.6849 | acc = 0.5714 | precision = 0.5714 | recall = 1.0000 | f1 = 0.7273 | auc = 0.7292
train 3: loss = 0.7566
val 3: loss = 0.8969 | acc = 0.4286 | precision = 0.0000 | recall = 0.0000 | f1 = 0.0000 | auc = 0.7083
train 4: loss = 0.7134
val 4: loss = 0.6812 | acc = 0.5714 | precision = 0.5714 | recall = 1.0000 | f1 = 0.7273 | auc = 0.7083
train 5: loss = 0.7056
val 5: loss = 0.7700 | acc = 0.4286 | precision = 0.0000 | recall = 0.0000 | f1 = 0.0000 | auc = 0.7292
train 6: loss = 0.7053
val 6: loss = 0.6802 | acc = 0.5714 | precision = 0.5714 | recall = 1.0000 | f1 = 0.7273 | auc = 0.7292
train 7: loss = 0.7002
val 7: loss = 0.6803 | acc = 0.5714 | precision = 0.5714 | recall = 1.0000 | f1 = 0.7273 | auc = 0.7083
train 8: loss = 0.7009
val 8: loss = 0.6879 | acc = 0.5714 | precision = 0.5833 | recall = 0.8750 | f1 = 0.7000 | auc = 0.7292
test: loss = 0.6898 | acc = 0.5357 | precision = 0.5357 | recall = 1.0000 | f1 = 0.6977 | auc = 0.6462

extraction = resnet50, seed = 123, fold = 5, lr = 0.0001, weight_decay = 0.001, epochs = 8
train 1: loss = 0.9764
val 1: loss = 0.8043 | acc = 0.5714 | precision = 0.5714 | recall = 1.0000 | f1 = 0.7273 | auc = 0.5000
train 2: loss = 0.7906
val 2: loss = 0.7730 | acc = 0.4286 | precision = 0.0000 | recall = 0.0000 | f1 = 0.0000 | auc = 0.5208
train 3: loss = 0.7551
val 3: loss = 0.6822 | acc = 0.5714 | precision = 0.5714 | recall = 1.0000 | f1 = 0.7273 | auc = 0.6458
train 4: loss = 0.7258
val 4: loss = 0.7608 | acc = 0.4286 | precision = 0.0000 | recall = 0.0000 | f1 = 0.0000 | auc = 0.7083
train 5: loss = 0.7192
val 5: loss = 0.6832 | acc = 0.5714 | precision = 0.5714 | recall = 1.0000 | f1 = 0.7273 | auc = 0.7500
train 6: loss = 0.7156
val 6: loss = 0.6799 | acc = 0.5714 | precision = 0.5714 | recall = 1.0000 | f1 = 0.7273 | auc = 0.7292
train 7: loss = 0.6953
val 7: loss = 0.7432 | acc = 0.4286 | precision = 0.0000 | recall = 0.0000 | f1 = 0.0000 | auc = 0.7292
train 8: loss = 0.6943
val 8: loss = 0.7025 | acc = 0.4286 | precision = 0.0000 | recall = 0.0000 | f1 = 0.0000 | auc = 0.6875
test: loss = 0.7360 | acc = 0.4074 | precision = 0.4074 | recall = 1.0000 | f1 = 0.5789 | auc = 0.8636

use_alibi = False, use_rope = True
extraction = gigapath, seed = 123, fold = 1, lr = 0.0001, weight_decay = 0.0005, epochs = 8
train 1: loss = 0.9599
val 1: loss = 0.6157 | acc = 0.6429 | precision = 1.0000 | recall = 0.1667 | f1 = 0.2857 | auc = 0.7500
train 2: loss = 0.6401
val 2: loss = 0.9848 | acc = 0.5714 | precision = 0.0000 | recall = 0.0000 | f1 = 0.0000 | auc = 0.6875
train 3: loss = 0.6138
val 3: loss = 0.5622 | acc = 0.6429 | precision = 0.5714 | recall = 0.6667 | f1 = 0.6154 | auc = 0.7500
train 4: loss = 0.4703
val 4: loss = 0.4674 | acc = 0.7143 | precision = 0.7500 | recall = 0.5000 | f1 = 0.6000 | auc = 0.8750
train 5: loss = 0.3079
val 5: loss = 0.7222 | acc = 0.6429 | precision = 0.5455 | recall = 1.0000 | f1 = 0.7059 | auc = 0.9167
train 6: loss = 0.2356
val 6: loss = 0.5216 | acc = 0.7857 | precision = 0.7143 | recall = 0.8333 | f1 = 0.7692 | auc = 0.8750
train 7: loss = 0.1132
val 7: loss = 0.4537 | acc = 0.7143 | precision = 0.7500 | recall = 0.5000 | f1 = 0.6000 | auc = 0.9167
train 8: loss = 0.0817
val 8: loss = 0.5413 | acc = 0.7857 | precision = 0.7143 | recall = 0.8333 | f1 = 0.7692 | auc = 0.8958
test: loss = 0.9707 | acc = 0.7500 | precision = 0.9000 | recall = 0.6000 | f1 = 0.7200 | auc = 0.7949

extraction = gigapath, seed = 123, fold = 2, lr = 0.0001, weight_decay = 0.0005, epochs = 8
train 1: loss = 0.9696
val 1: loss = 0.7412 | acc = 0.5000 | precision = 0.5000 | recall = 1.0000 | f1 = 0.6667 | auc = 0.7347
train 2: loss = 0.5965
val 2: loss = 1.0381 | acc = 0.6429 | precision = 1.0000 | recall = 0.2857 | f1 = 0.4444 | auc = 0.7959
train 3: loss = 0.5139
val 3: loss = 0.6601 | acc = 0.7143 | precision = 1.0000 | recall = 0.4286 | f1 = 0.6000 | auc = 0.8163
train 4: loss = 0.3856
val 4: loss = 0.4018 | acc = 0.8571 | precision = 0.8571 | recall = 0.8571 | f1 = 0.8571 | auc = 0.9184
train 5: loss = 0.1925
val 5: loss = 0.4838 | acc = 0.8571 | precision = 0.8571 | recall = 0.8571 | f1 = 0.8571 | auc = 0.8571
train 6: loss = 0.1132
val 6: loss = 0.5246 | acc = 0.7857 | precision = 0.7500 | recall = 0.8571 | f1 = 0.8000 | auc = 0.8980
train 7: loss = 0.0372
val 7: loss = 0.6832 | acc = 0.7857 | precision = 1.0000 | recall = 0.5714 | f1 = 0.7273 | auc = 0.8776
train 8: loss = 0.0268
val 8: loss = 0.6323 | acc = 0.8571 | precision = 0.8571 | recall = 0.8571 | f1 = 0.8571 | auc = 0.8980
test: loss = 0.5829 | acc = 0.7143 | precision = 0.6154 | recall = 0.7273 | f1 = 0.6667 | auc = 0.8075

extraction = gigapath, seed = 123, fold = 3, lr = 0.0001, weight_decay = 0.0005, epochs = 8
train 1: loss = 1.0102
val 1: loss = 0.7866 | acc = 0.4286 | precision = 0.4286 | recall = 1.0000 | f1 = 0.6000 | auc = 0.8542
train 2: loss = 0.6199
val 2: loss = 0.4759 | acc = 0.7143 | precision = 0.6667 | recall = 0.6667 | f1 = 0.6667 | auc = 0.8750
train 3: loss = 0.5130
val 3: loss = 0.5772 | acc = 0.7857 | precision = 0.7143 | recall = 0.8333 | f1 = 0.7692 | auc = 0.8542
train 4: loss = 0.3220
val 4: loss = 0.4165 | acc = 0.7143 | precision = 0.7500 | recall = 0.5000 | f1 = 0.6000 | auc = 0.8958
train 5: loss = 0.2842
val 5: loss = 0.7030 | acc = 0.7857 | precision = 0.6667 | recall = 1.0000 | f1 = 0.8000 | auc = 0.8750
train 6: loss = 0.1344
val 6: loss = 0.7188 | acc = 0.7143 | precision = 0.6250 | recall = 0.8333 | f1 = 0.7143 | auc = 0.8958
train 7: loss = 0.0441
val 7: loss = 0.7758 | acc = 0.7143 | precision = 0.6250 | recall = 0.8333 | f1 = 0.7143 | auc = 0.9167
train 8: loss = 0.0180
val 8: loss = 0.8096 | acc = 0.7143 | precision = 0.6250 | recall = 0.8333 | f1 = 0.7143 | auc = 0.8958
test: loss = 0.8822 | acc = 0.5357 | precision = 0.5714 | recall = 0.2857 | f1 = 0.3810 | auc = 0.7296

extraction = gigapath, seed = 123, fold = 4, lr = 0.0001, weight_decay = 0.0005, epochs = 8
train 1: loss = 0.9857
val 1: loss = 0.6342 | acc = 0.5714 | precision = 0.5714 | recall = 1.0000 | f1 = 0.7273 | auc = 0.8333
train 2: loss = 0.5539
val 2: loss = 0.5417 | acc = 0.8571 | precision = 1.0000 | recall = 0.7500 | f1 = 0.8571 | auc = 0.7917
train 3: loss = 0.4507
val 3: loss = 0.5961 | acc = 0.7143 | precision = 0.8333 | recall = 0.6250 | f1 = 0.7143 | auc = 0.8125
train 4: loss = 0.3162
val 4: loss = 0.5071 | acc = 0.7143 | precision = 1.0000 | recall = 0.5000 | f1 = 0.6667 | auc = 0.8542
train 5: loss = 0.3081
val 5: loss = 0.4464 | acc = 0.8571 | precision = 1.0000 | recall = 0.7500 | f1 = 0.8571 | auc = 0.8958
train 6: loss = 0.1357
val 6: loss = 0.3690 | acc = 0.8571 | precision = 1.0000 | recall = 0.7500 | f1 = 0.8571 | auc = 0.9167
train 7: loss = 0.0735
val 7: loss = 0.6136 | acc = 0.8571 | precision = 1.0000 | recall = 0.7500 | f1 = 0.8571 | auc = 0.9167
train 8: loss = 0.0466
val 8: loss = 0.8556 | acc = 0.8571 | precision = 1.0000 | recall = 0.7500 | f1 = 0.8571 | auc = 0.9167
test: loss = 0.5303 | acc = 0.8571 | precision = 0.8235 | recall = 0.9333 | f1 = 0.8750 | auc = 0.8462

extraction = gigapath, seed = 123, fold = 5, lr = 0.0001, weight_decay = 0.0005, epochs = 8
train 1: loss = 0.9362
val 1: loss = 1.3885 | acc = 0.4286 | precision = 0.0000 | recall = 0.0000 | f1 = 0.0000 | auc = 0.8542
train 2: loss = 0.6398
val 2: loss = 0.4489 | acc = 0.7143 | precision = 0.8333 | recall = 0.6250 | f1 = 0.7143 | auc = 0.8958
train 3: loss = 0.5848
val 3: loss = 0.7106 | acc = 0.6429 | precision = 0.6154 | recall = 1.0000 | f1 = 0.7619 | auc = 0.7917
train 4: loss = 0.4964
val 4: loss = 0.6927 | acc = 0.7143 | precision = 0.8333 | recall = 0.6250 | f1 = 0.7143 | auc = 0.8333
train 5: loss = 0.3518
val 5: loss = 0.5869 | acc = 0.6429 | precision = 1.0000 | recall = 0.3750 | f1 = 0.5455 | auc = 0.8750
train 6: loss = 0.2269
val 6: loss = 0.5787 | acc = 0.7143 | precision = 0.8333 | recall = 0.6250 | f1 = 0.7143 | auc = 0.8750
train 7: loss = 0.1592
val 7: loss = 0.6953 | acc = 0.7143 | precision = 0.8333 | recall = 0.6250 | f1 = 0.7143 | auc = 0.8750
train 8: loss = 0.1050
val 8: loss = 0.6815 | acc = 0.7143 | precision = 0.8333 | recall = 0.6250 | f1 = 0.7143 | auc = 0.8750
test: loss = 0.5303 | acc = 0.7778 | precision = 0.6923 | recall = 0.8182 | f1 = 0.7500 | auc = 0.8636

extraction = uni, seed = 123, fold = 1, lr = 0.0001, weight_decay = 0.0005, epochs = 8
train 1: loss = 0.8093
val 1: loss = 0.7232 | acc = 0.5714 | precision = 0.5000 | recall = 1.0000 | f1 = 0.6667 | auc = 0.7708
train 2: loss = 0.6119
val 2: loss = 0.5034 | acc = 0.6429 | precision = 0.5714 | recall = 0.6667 | f1 = 0.6154 | auc = 0.7917
train 3: loss = 0.4249
val 3: loss = 0.5372 | acc = 0.6429 | precision = 0.5556 | recall = 0.8333 | f1 = 0.6667 | auc = 0.8125
train 4: loss = 0.3596
val 4: loss = 0.7423 | acc = 0.5714 | precision = 0.5000 | recall = 0.8333 | f1 = 0.6250 | auc = 0.7708
train 5: loss = 0.2118
val 5: loss = 1.3024 | acc = 0.7143 | precision = 0.6250 | recall = 0.8333 | f1 = 0.7143 | auc = 0.8333
train 6: loss = 0.2339
val 6: loss = 0.7951 | acc = 0.7143 | precision = 0.6250 | recall = 0.8333 | f1 = 0.7143 | auc = 0.8333
train 7: loss = 0.1104
val 7: loss = 1.0534 | acc = 0.6429 | precision = 0.5556 | recall = 0.8333 | f1 = 0.6667 | auc = 0.8333
train 8: loss = 0.0663
val 8: loss = 1.0961 | acc = 0.6429 | precision = 0.5556 | recall = 0.8333 | f1 = 0.6667 | auc = 0.8333
test: loss = 0.4975 | acc = 0.7857 | precision = 0.9091 | recall = 0.6667 | f1 = 0.7692 | auc = 0.8462

extraction = uni, seed = 123, fold = 2, lr = 0.0001, weight_decay = 0.0005, epochs = 8
train 1: loss = 0.8232
val 1: loss = 0.6628 | acc = 0.5714 | precision = 0.5455 | recall = 0.8571 | f1 = 0.6667 | auc = 0.8367
train 2: loss = 0.6437
val 2: loss = 0.6115 | acc = 0.5714 | precision = 0.5455 | recall = 0.8571 | f1 = 0.6667 | auc = 0.8367
train 3: loss = 0.4842
val 3: loss = 0.6258 | acc = 0.6429 | precision = 0.6000 | recall = 0.8571 | f1 = 0.7059 | auc = 0.8776
train 4: loss = 0.3661
val 4: loss = 1.0520 | acc = 0.6429 | precision = 0.6000 | recall = 0.8571 | f1 = 0.7059 | auc = 0.7959
train 5: loss = 0.3316
val 5: loss = 0.7046 | acc = 0.6429 | precision = 0.6000 | recall = 0.8571 | f1 = 0.7059 | auc = 0.8776
train 6: loss = 0.1746
val 6: loss = 0.8196 | acc = 0.8571 | precision = 0.8571 | recall = 0.8571 | f1 = 0.8571 | auc = 0.8571
train 7: loss = 0.1121
val 7: loss = 0.9546 | acc = 0.7143 | precision = 0.6667 | recall = 0.8571 | f1 = 0.7500 | auc = 0.8571
train 8: loss = 0.0595
val 8: loss = 1.0045 | acc = 0.7143 | precision = 0.6667 | recall = 0.8571 | f1 = 0.7500 | auc = 0.8571
test: loss = 0.7932 | acc = 0.5714 | precision = 0.4783 | recall = 1.0000 | f1 = 0.6471 | auc = 0.6898

extraction = uni, seed = 123, fold = 3, lr = 0.0001, weight_decay = 0.0005, epochs = 8
train 1: loss = 0.8501
val 1: loss = 0.6960 | acc = 0.5714 | precision = 0.5000 | recall = 0.8333 | f1 = 0.6250 | auc = 0.7917
train 2: loss = 0.6283
val 2: loss = 0.6954 | acc = 0.6429 | precision = 0.5556 | recall = 0.8333 | f1 = 0.6667 | auc = 0.7917
train 3: loss = 0.5256
val 3: loss = 0.6341 | acc = 0.6429 | precision = 0.6000 | recall = 0.5000 | f1 = 0.5455 | auc = 0.8750
train 4: loss = 0.3827
val 4: loss = 1.1666 | acc = 0.5000 | precision = 0.4615 | recall = 1.0000 | f1 = 0.6316 | auc = 0.8542
train 5: loss = 0.2984
val 5: loss = 0.7637 | acc = 0.7143 | precision = 0.6250 | recall = 0.8333 | f1 = 0.7143 | auc = 0.8333
train 6: loss = 0.1816
val 6: loss = 1.1099 | acc = 0.7143 | precision = 0.6667 | recall = 0.6667 | f1 = 0.6667 | auc = 0.7708
train 7: loss = 0.1868
val 7: loss = 0.9581 | acc = 0.7857 | precision = 0.8000 | recall = 0.6667 | f1 = 0.7273 | auc = 0.7917
train 8: loss = 0.0755
val 8: loss = 1.1131 | acc = 0.7143 | precision = 0.6250 | recall = 0.8333 | f1 = 0.7143 | auc = 0.7917
test: loss = 0.9406 | acc = 0.6786 | precision = 0.6667 | recall = 0.7143 | f1 = 0.6897 | auc = 0.7806

extraction = uni, seed = 123, fold = 4, lr = 0.0001, weight_decay = 0.0005, epochs = 8
train 1: loss = 1.0359
val 1: loss = 0.5684 | acc = 0.7143 | precision = 0.7500 | recall = 0.7500 | f1 = 0.7500 | auc = 0.8333
train 2: loss = 0.5443
val 2: loss = 0.5948 | acc = 0.7143 | precision = 0.7500 | recall = 0.7500 | f1 = 0.7500 | auc = 0.8125
train 3: loss = 0.5158
val 3: loss = 1.3170 | acc = 0.7143 | precision = 1.0000 | recall = 0.5000 | f1 = 0.6667 | auc = 0.7083
train 4: loss = 0.3201
val 4: loss = 0.5832 | acc = 0.7143 | precision = 0.7500 | recall = 0.7500 | f1 = 0.7500 | auc = 0.8125
train 5: loss = 0.2735
val 5: loss = 0.7681 | acc = 0.7857 | precision = 1.0000 | recall = 0.6250 | f1 = 0.7692 | auc = 0.8333
train 6: loss = 0.1336
val 6: loss = 1.0467 | acc = 0.7857 | precision = 1.0000 | recall = 0.6250 | f1 = 0.7692 | auc = 0.8333
train 7: loss = 0.0465
val 7: loss = 1.1755 | acc = 0.7857 | precision = 1.0000 | recall = 0.6250 | f1 = 0.7692 | auc = 0.8333
train 8: loss = 0.0262
val 8: loss = 1.2096 | acc = 0.7857 | precision = 1.0000 | recall = 0.6250 | f1 = 0.7692 | auc = 0.8333
test: loss = 0.6017 | acc = 0.7143 | precision = 0.6842 | recall = 0.8667 | f1 = 0.7647 | auc = 0.7128

extraction = uni, seed = 123, fold = 5, lr = 0.0001, weight_decay = 0.0005, epochs = 8
train 1: loss = 0.8949
val 1: loss = 0.6531 | acc = 0.6429 | precision = 0.6154 | recall = 1.0000 | f1 = 0.7619 | auc = 0.6875
train 2: loss = 0.5627
val 2: loss = 0.9206 | acc = 0.5714 | precision = 1.0000 | recall = 0.2500 | f1 = 0.4000 | auc = 0.6875
train 3: loss = 0.5543
val 3: loss = 1.0357 | acc = 0.5714 | precision = 1.0000 | recall = 0.2500 | f1 = 0.4000 | auc = 0.7083
train 4: loss = 0.5109
val 4: loss = 0.5941 | acc = 0.7143 | precision = 0.7500 | recall = 0.7500 | f1 = 0.7500 | auc = 0.7292
train 5: loss = 0.3890
val 5: loss = 0.7321 | acc = 0.6429 | precision = 0.8000 | recall = 0.5000 | f1 = 0.6154 | auc = 0.7708
train 6: loss = 0.2612
val 6: loss = 0.7169 | acc = 0.7143 | precision = 0.7500 | recall = 0.7500 | f1 = 0.7500 | auc = 0.7708
train 7: loss = 0.1263
val 7: loss = 1.8346 | acc = 0.5714 | precision = 0.7500 | recall = 0.3750 | f1 = 0.5000 | auc = 0.7917
train 8: loss = 0.0998
val 8: loss = 1.3291 | acc = 0.6429 | precision = 0.8000 | recall = 0.5000 | f1 = 0.6154 | auc = 0.7708
test: loss = 0.5263 | acc = 0.7037 | precision = 0.5789 | recall = 1.0000 | f1 = 0.7333 | auc = 0.9659

extraction = resnet50, seed = 123, fold = 1, lr = 0.0001, weight_decay = 0.0005, epochs = 8
train 1: loss = 0.8968
val 1: loss = 0.6955 | acc = 0.5000 | precision = 0.4615 | recall = 1.0000 | f1 = 0.6316 | auc = 0.4792
train 2: loss = 0.8094
val 2: loss = 0.6861 | acc = 0.5714 | precision = 0.0000 | recall = 0.0000 | f1 = 0.0000 | auc = 0.4792
train 3: loss = 0.7472
val 3: loss = 0.6817 | acc = 0.5714 | precision = 0.0000 | recall = 0.0000 | f1 = 0.0000 | auc = 0.6042
train 4: loss = 0.7854
val 4: loss = 0.6978 | acc = 0.4286 | precision = 0.4286 | recall = 1.0000 | f1 = 0.6000 | auc = 0.6042
train 5: loss = 0.7284
val 5: loss = 0.7244 | acc = 0.4286 | precision = 0.4286 | recall = 1.0000 | f1 = 0.6000 | auc = 0.6042
train 6: loss = 0.7295
val 6: loss = 0.6991 | acc = 0.4286 | precision = 0.4286 | recall = 1.0000 | f1 = 0.6000 | auc = 0.6042
train 7: loss = 0.7048
val 7: loss = 0.6860 | acc = 0.5714 | precision = 0.0000 | recall = 0.0000 | f1 = 0.0000 | auc = 0.6250
train 8: loss = 0.6842
val 8: loss = 0.6878 | acc = 0.5714 | precision = 0.5000 | recall = 0.1667 | f1 = 0.2500 | auc = 0.6250
test: loss = 0.7108 | acc = 0.4643 | precision = 0.0000 | recall = 0.0000 | f1 = 0.0000 | auc = 0.7538

extraction = resnet50, seed = 123, fold = 2, lr = 0.0001, weight_decay = 0.0005, epochs = 8
train 1: loss = 0.9763
val 1: loss = 0.7591 | acc = 0.5000 | precision = 0.5000 | recall = 1.0000 | f1 = 0.6667 | auc = 0.5510
train 2: loss = 0.7969
val 2: loss = 0.6984 | acc = 0.5000 | precision = 0.5000 | recall = 1.0000 | f1 = 0.6667 | auc = 0.6122
train 3: loss = 0.7920
val 3: loss = 0.7254 | acc = 0.5000 | precision = 0.0000 | recall = 0.0000 | f1 = 0.0000 | auc = 0.6531
train 4: loss = 0.7540
val 4: loss = 0.6928 | acc = 0.5000 | precision = 0.5000 | recall = 1.0000 | f1 = 0.6667 | auc = 0.6735
train 5: loss = 0.7224
val 5: loss = 0.7001 | acc = 0.5000 | precision = 0.5000 | recall = 1.0000 | f1 = 0.6667 | auc = 0.6735
train 6: loss = 0.7266
val 6: loss = 0.6908 | acc = 0.5000 | precision = 0.5000 | recall = 1.0000 | f1 = 0.6667 | auc = 0.6735
train 7: loss = 0.6989
val 7: loss = 0.6895 | acc = 0.5000 | precision = 0.0000 | recall = 0.0000 | f1 = 0.0000 | auc = 0.6531
train 8: loss = 0.6918
val 8: loss = 0.6892 | acc = 0.5000 | precision = 0.5000 | recall = 1.0000 | f1 = 0.6667 | auc = 0.6531
test: loss = 0.6993 | acc = 0.3929 | precision = 0.3929 | recall = 1.0000 | f1 = 0.5641 | auc = 0.6417

extraction = resnet50, seed = 123, fold = 3, lr = 0.0001, weight_decay = 0.0005, epochs = 8
train 1: loss = 0.9784
val 1: loss = 0.8676 | acc = 0.4286 | precision = 0.4286 | recall = 1.0000 | f1 = 0.6000 | auc = 0.6042
train 2: loss = 0.7867
val 2: loss = 0.6973 | acc = 0.4286 | precision = 0.4286 | recall = 1.0000 | f1 = 0.6000 | auc = 0.7708
train 3: loss = 0.7771
val 3: loss = 0.6983 | acc = 0.5714 | precision = 0.0000 | recall = 0.0000 | f1 = 0.0000 | auc = 0.7917
train 4: loss = 0.7337
val 4: loss = 0.7595 | acc = 0.4286 | precision = 0.4286 | recall = 1.0000 | f1 = 0.6000 | auc = 0.8333
train 5: loss = 0.7443
val 5: loss = 0.6834 | acc = 0.5714 | precision = 0.0000 | recall = 0.0000 | f1 = 0.0000 | auc = 0.8333
train 6: loss = 0.7263
val 6: loss = 0.7023 | acc = 0.4286 | precision = 0.4286 | recall = 1.0000 | f1 = 0.6000 | auc = 0.8333
train 7: loss = 0.7013
val 7: loss = 0.6969 | acc = 0.4286 | precision = 0.4286 | recall = 1.0000 | f1 = 0.6000 | auc = 0.8125
train 8: loss = 0.6968
val 8: loss = 0.6945 | acc = 0.4286 | precision = 0.4286 | recall = 1.0000 | f1 = 0.6000 | auc = 0.8333
test: loss = 0.7151 | acc = 0.5000 | precision = 0.0000 | recall = 0.0000 | f1 = 0.0000 | auc = 0.7755

extraction = resnet50, seed = 123, fold = 4, lr = 0.0001, weight_decay = 0.0005, epochs = 8
train 1: loss = 1.1008
val 1: loss = 0.6892 | acc = 0.5714 | precision = 0.5714 | recall = 1.0000 | f1 = 0.7273 | auc = 0.6875
train 2: loss = 0.7495
val 2: loss = 0.6851 | acc = 0.5714 | precision = 0.5714 | recall = 1.0000 | f1 = 0.7273 | auc = 0.7083
train 3: loss = 0.7569
val 3: loss = 0.8973 | acc = 0.4286 | precision = 0.0000 | recall = 0.0000 | f1 = 0.0000 | auc = 0.6250
train 4: loss = 0.7136
val 4: loss = 0.6815 | acc = 0.5714 | precision = 0.5714 | recall = 1.0000 | f1 = 0.7273 | auc = 0.6458
train 5: loss = 0.7060
val 5: loss = 0.7703 | acc = 0.4286 | precision = 0.0000 | recall = 0.0000 | f1 = 0.0000 | auc = 0.6875
train 6: loss = 0.7061
val 6: loss = 0.6805 | acc = 0.5714 | precision = 0.5714 | recall = 1.0000 | f1 = 0.7273 | auc = 0.6458
train 7: loss = 0.7015
val 7: loss = 0.6803 | acc = 0.5714 | precision = 0.5714 | recall = 1.0000 | f1 = 0.7273 | auc = 0.6667
train 8: loss = 0.7031
val 8: loss = 0.6878 | acc = 0.6429 | precision = 0.6154 | recall = 1.0000 | f1 = 0.7619 | auc = 0.6667
test: loss = 0.6892 | acc = 0.5357 | precision = 0.5357 | recall = 1.0000 | f1 = 0.6977 | auc = 0.6718

extraction = resnet50, seed = 123, fold = 5, lr = 0.0001, weight_decay = 0.0005, epochs = 8
train 1: loss = 0.9766
val 1: loss = 0.8048 | acc = 0.5714 | precision = 0.5714 | recall = 1.0000 | f1 = 0.7273 | auc = 0.3750
train 2: loss = 0.7908
val 2: loss = 0.7723 | acc = 0.4286 | precision = 0.0000 | recall = 0.0000 | f1 = 0.0000 | auc = 0.3958
train 3: loss = 0.7549
val 3: loss = 0.6826 | acc = 0.5714 | precision = 0.5714 | recall = 1.0000 | f1 = 0.7273 | auc = 0.5625
train 4: loss = 0.7259
val 4: loss = 0.7615 | acc = 0.4286 | precision = 0.0000 | recall = 0.0000 | f1 = 0.0000 | auc = 0.6875
train 5: loss = 0.7194
val 5: loss = 0.6838 | acc = 0.5714 | precision = 0.5714 | recall = 1.0000 | f1 = 0.7273 | auc = 0.7292
train 6: loss = 0.7160
val 6: loss = 0.6806 | acc = 0.5714 | precision = 0.5714 | recall = 1.0000 | f1 = 0.7273 | auc = 0.7292
train 7: loss = 0.6962
val 7: loss = 0.7427 | acc = 0.4286 | precision = 0.0000 | recall = 0.0000 | f1 = 0.0000 | auc = 0.7292
train 8: loss = 0.6954
val 8: loss = 0.7035 | acc = 0.4286 | precision = 0.0000 | recall = 0.0000 | f1 = 0.0000 | auc = 0.7292
test: loss = 0.7359 | acc = 0.4074 | precision = 0.4074 | recall = 1.0000 | f1 = 0.5789 | auc = 0.8466

/ 4
extraction = gigapath, seed = 123, fold = 1, lr = 0.0001, weight_decay = 0.001, epochs = 8
train 1: loss = 0.9600
val 1: loss = 0.6098 | acc = 0.7143 | precision = 1.0000 | recall = 0.3333 | f1 = 0.5000 | auc = 0.7708
train 2: loss = 0.6388
val 2: loss = 0.9880 | acc = 0.5714 | precision = 0.0000 | recall = 0.0000 | f1 = 0.0000 | auc = 0.6667
train 3: loss = 0.6097
val 3: loss = 0.5649 | acc = 0.5000 | precision = 0.4444 | recall = 0.6667 | f1 = 0.5333 | auc = 0.7083
train 4: loss = 0.4471
val 4: loss = 0.4400 | acc = 0.7857 | precision = 1.0000 | recall = 0.5000 | f1 = 0.6667 | auc = 0.9167
train 5: loss = 0.2737
val 5: loss = 0.7365 | acc = 0.6429 | precision = 0.5455 | recall = 1.0000 | f1 = 0.7059 | auc = 0.9167
train 6: loss = 0.1983
val 6: loss = 0.5091 | acc = 0.7857 | precision = 0.7143 | recall = 0.8333 | f1 = 0.7692 | auc = 0.8542
train 7: loss = 0.0576
val 7: loss = 0.5129 | acc = 0.7857 | precision = 0.7143 | recall = 0.8333 | f1 = 0.7692 | auc = 0.8542
train 8: loss = 0.0246
val 8: loss = 0.6130 | acc = 0.7857 | precision = 0.7143 | recall = 0.8333 | f1 = 0.7692 | auc = 0.8333
test: loss = 0.6696 | acc = 0.6429 | precision = 0.8571 | recall = 0.4000 | f1 = 0.5455 | auc = 0.7590

extraction = gigapath, seed = 123, fold = 2, lr = 0.0001, weight_decay = 0.001, epochs = 8
train 1: loss = 0.9695
val 1: loss = 0.7387 | acc = 0.5000 | precision = 0.5000 | recall = 1.0000 | f1 = 0.6667 | auc = 0.7143
train 2: loss = 0.5969
val 2: loss = 1.0982 | acc = 0.6429 | precision = 1.0000 | recall = 0.2857 | f1 = 0.4444 | auc = 0.7959
train 3: loss = 0.5143
val 3: loss = 0.6489 | acc = 0.7143 | precision = 1.0000 | recall = 0.4286 | f1 = 0.6000 | auc = 0.8163
train 4: loss = 0.3390
val 4: loss = 0.3500 | acc = 0.8571 | precision = 0.8571 | recall = 0.8571 | f1 = 0.8571 | auc = 0.9388
train 5: loss = 0.1374
val 5: loss = 0.5029 | acc = 0.8571 | precision = 0.8571 | recall = 0.8571 | f1 = 0.8571 | auc = 0.8980
train 6: loss = 0.0103
val 6: loss = 0.6095 | acc = 0.7857 | precision = 0.8333 | recall = 0.7143 | f1 = 0.7692 | auc = 0.9184
train 7: loss = 0.0035
val 7: loss = 0.6784 | acc = 0.7857 | precision = 0.8333 | recall = 0.7143 | f1 = 0.7692 | auc = 0.9184
train 8: loss = 0.0025
val 8: loss = 0.7005 | acc = 0.7857 | precision = 0.8333 | recall = 0.7143 | f1 = 0.7692 | auc = 0.9184
test: loss = 0.5807 | acc = 0.6786 | precision = 0.5714 | recall = 0.7273 | f1 = 0.6400 | auc = 0.8128

extraction = gigapath, seed = 123, fold = 3, lr = 0.0001, weight_decay = 0.001, epochs = 8
train 1: loss = 1.0125
val 1: loss = 0.7823 | acc = 0.4286 | precision = 0.4286 | recall = 1.0000 | f1 = 0.6000 | auc = 0.8750
train 2: loss = 0.6172
val 2: loss = 0.4803 | acc = 0.7143 | precision = 0.6667 | recall = 0.6667 | f1 = 0.6667 | auc = 0.8542
train 3: loss = 0.5035
val 3: loss = 0.6951 | acc = 0.7857 | precision = 0.7143 | recall = 0.8333 | f1 = 0.7692 | auc = 0.8333
train 4: loss = 0.2997
val 4: loss = 0.3823 | acc = 0.7857 | precision = 0.8000 | recall = 0.6667 | f1 = 0.7273 | auc = 0.9167
train 5: loss = 0.2321
val 5: loss = 0.5917 | acc = 0.7143 | precision = 0.6250 | recall = 0.8333 | f1 = 0.7143 | auc = 0.8958
train 6: loss = 0.0806
val 6: loss = 0.8574 | acc = 0.7143 | precision = 0.6250 | recall = 0.8333 | f1 = 0.7143 | auc = 0.8958
train 7: loss = 0.0146
val 7: loss = 0.7180 | acc = 0.7857 | precision = 0.8000 | recall = 0.6667 | f1 = 0.7273 | auc = 0.8750
train 8: loss = 0.0046
val 8: loss = 0.7346 | acc = 0.7857 | precision = 0.8000 | recall = 0.6667 | f1 = 0.7273 | auc = 0.8750
test: loss = 0.8125 | acc = 0.6071 | precision = 0.6667 | recall = 0.4286 | f1 = 0.5217 | auc = 0.7143

extraction = gigapath, seed = 123, fold = 4, lr = 0.0001, weight_decay = 0.001, epochs = 8
train 1: loss = 0.9856
val 1: loss = 0.6296 | acc = 0.5714 | precision = 0.5714 | recall = 1.0000 | f1 = 0.7273 | auc = 0.8333
train 2: loss = 0.5584
val 2: loss = 0.5668 | acc = 0.7857 | precision = 1.0000 | recall = 0.6250 | f1 = 0.7692 | auc = 0.8333
train 3: loss = 0.4349
val 3: loss = 0.4997 | acc = 0.8571 | precision = 1.0000 | recall = 0.7500 | f1 = 0.8571 | auc = 0.8750
train 4: loss = 0.6690
val 4: loss = 0.4826 | acc = 0.7857 | precision = 1.0000 | recall = 0.6250 | f1 = 0.7692 | auc = 0.9792
train 5: loss = 0.4402
val 5: loss = 0.4594 | acc = 0.8571 | precision = 1.0000 | recall = 0.7500 | f1 = 0.8571 | auc = 0.9792
train 6: loss = 0.1758
val 6: loss = 0.5602 | acc = 0.8571 | precision = 1.0000 | recall = 0.7500 | f1 = 0.8571 | auc = 0.8750
train 7: loss = 0.0982
val 7: loss = 0.7407 | acc = 0.8571 | precision = 1.0000 | recall = 0.7500 | f1 = 0.8571 | auc = 0.8750
train 8: loss = 0.0578
val 8: loss = 0.8631 | acc = 0.8571 | precision = 1.0000 | recall = 0.7500 | f1 = 0.8571 | auc = 0.8542
test: loss = 0.4819 | acc = 0.7857 | precision = 0.8000 | recall = 0.8000 | f1 = 0.8000 | auc = 0.8051

extraction = gigapath, seed = 123, fold = 5, lr = 0.0001, weight_decay = 0.001, epochs = 8
train 1: loss = 0.9404
val 1: loss = 1.3637 | acc = 0.4286 | precision = 0.0000 | recall = 0.0000 | f1 = 0.0000 | auc = 0.8750
train 2: loss = 0.6327
val 2: loss = 0.4212 | acc = 0.7143 | precision = 0.8333 | recall = 0.6250 | f1 = 0.7143 | auc = 0.8958
train 3: loss = 0.5551
val 3: loss = 0.7032 | acc = 0.6429 | precision = 0.6154 | recall = 1.0000 | f1 = 0.7619 | auc = 0.8333
train 4: loss = 0.5032
val 4: loss = 0.5982 | acc = 0.7143 | precision = 0.8333 | recall = 0.6250 | f1 = 0.7143 | auc = 0.8542
train 5: loss = 0.2810
val 5: loss = 0.4866 | acc = 0.7143 | precision = 0.8333 | recall = 0.6250 | f1 = 0.7143 | auc = 0.8958
train 6: loss = 0.1896
val 6: loss = 0.5576 | acc = 0.7143 | precision = 0.8333 | recall = 0.6250 | f1 = 0.7143 | auc = 0.8958
train 7: loss = 0.0958
val 7: loss = 0.7003 | acc = 0.7143 | precision = 0.8333 | recall = 0.6250 | f1 = 0.7143 | auc = 0.8958
train 8: loss = 0.0462
val 8: loss = 0.6553 | acc = 0.7143 | precision = 0.8333 | recall = 0.6250 | f1 = 0.7143 | auc = 0.8542
test: loss = 0.5328 | acc = 0.7778 | precision = 0.6923 | recall = 0.8182 | f1 = 0.7500 | auc = 0.8466

extraction = uni, seed = 123, fold = 1, lr = 0.0001, weight_decay = 0.001, epochs = 8
train 1: loss = 0.8052
val 1: loss = 0.7262 | acc = 0.5714 | precision = 0.5000 | recall = 1.0000 | f1 = 0.6667 | auc = 0.7917
train 2: loss = 0.6018
val 2: loss = 0.5004 | acc = 0.6429 | precision = 0.5714 | recall = 0.6667 | f1 = 0.6154 | auc = 0.7917
train 3: loss = 0.3909
val 3: loss = 0.5647 | acc = 0.5714 | precision = 0.5000 | recall = 0.6667 | f1 = 0.5714 | auc = 0.7917
train 4: loss = 0.3197
val 4: loss = 1.0623 | acc = 0.6429 | precision = 0.5556 | recall = 0.8333 | f1 = 0.6667 | auc = 0.7708
train 5: loss = 0.1641
val 5: loss = 1.2184 | acc = 0.6429 | precision = 0.5714 | recall = 0.6667 | f1 = 0.6154 | auc = 0.7500
train 6: loss = 0.1353
val 6: loss = 1.1744 | acc = 0.6429 | precision = 0.5556 | recall = 0.8333 | f1 = 0.6667 | auc = 0.7917
train 7: loss = 0.0345
val 7: loss = 1.3640 | acc = 0.6429 | precision = 0.5556 | recall = 0.8333 | f1 = 0.6667 | auc = 0.8125
train 8: loss = 0.0166
val 8: loss = 1.2922 | acc = 0.6429 | precision = 0.5556 | recall = 0.8333 | f1 = 0.6667 | auc = 0.8333
test: loss = 0.4974 | acc = 0.8571 | precision = 0.9231 | recall = 0.8000 | f1 = 0.8571 | auc = 0.8410

extraction = uni, seed = 123, fold = 2, lr = 0.0001, weight_decay = 0.001, epochs = 8
train 1: loss = 0.8313
val 1: loss = 0.6439 | acc = 0.6429 | precision = 0.6000 | recall = 0.8571 | f1 = 0.7059 | auc = 0.8163
train 2: loss = 0.6386
val 2: loss = 0.5217 | acc = 0.7143 | precision = 0.6667 | recall = 0.8571 | f1 = 0.7500 | auc = 0.8367
train 3: loss = 0.4432
val 3: loss = 0.4919 | acc = 0.7857 | precision = 0.7500 | recall = 0.8571 | f1 = 0.8000 | auc = 0.8776
train 4: loss = 0.2899
val 4: loss = 1.1078 | acc = 0.7143 | precision = 0.6667 | recall = 0.8571 | f1 = 0.7500 | auc = 0.8163
train 5: loss = 0.1196
val 5: loss = 0.9750 | acc = 0.7857 | precision = 0.7500 | recall = 0.8571 | f1 = 0.8000 | auc = 0.8571
train 6: loss = 0.0245
val 6: loss = 0.9355 | acc = 0.7857 | precision = 0.7500 | recall = 0.8571 | f1 = 0.8000 | auc = 0.8776
train 7: loss = 0.0042
val 7: loss = 1.1074 | acc = 0.7857 | precision = 0.7500 | recall = 0.8571 | f1 = 0.8000 | auc = 0.8776
train 8: loss = 0.0020
val 8: loss = 1.1583 | acc = 0.7857 | precision = 0.7500 | recall = 0.8571 | f1 = 0.8000 | auc = 0.8776
test: loss = 0.5389 | acc = 0.7500 | precision = 0.6667 | recall = 0.7273 | f1 = 0.6957 | auc = 0.7861

extraction = uni, seed = 123, fold = 3, lr = 0.0001, weight_decay = 0.001, epochs = 8
train 1: loss = 0.8523
val 1: loss = 0.6920 | acc = 0.5714 | precision = 0.5000 | recall = 0.8333 | f1 = 0.6250 | auc = 0.7708
train 2: loss = 0.6246
val 2: loss = 0.7368 | acc = 0.6429 | precision = 0.5556 | recall = 0.8333 | f1 = 0.6667 | auc = 0.7917
train 3: loss = 0.5087
val 3: loss = 0.6977 | acc = 0.6429 | precision = 0.6000 | recall = 0.5000 | f1 = 0.5455 | auc = 0.8333
train 4: loss = 0.3511
val 4: loss = 1.4695 | acc = 0.6429 | precision = 0.5556 | recall = 0.8333 | f1 = 0.6667 | auc = 0.8333
train 5: loss = 0.2654
val 5: loss = 0.8996 | acc = 0.7857 | precision = 0.8000 | recall = 0.6667 | f1 = 0.7273 | auc = 0.7917
train 6: loss = 0.1191
val 6: loss = 1.1537 | acc = 0.7143 | precision = 0.6667 | recall = 0.6667 | f1 = 0.6667 | auc = 0.7917
train 7: loss = 0.0937
val 7: loss = 1.2047 | acc = 0.7143 | precision = 0.6667 | recall = 0.6667 | f1 = 0.6667 | auc = 0.7917
train 8: loss = 0.0317
val 8: loss = 1.3358 | acc = 0.6429 | precision = 0.5714 | recall = 0.6667 | f1 = 0.6154 | auc = 0.7917
test: loss = 0.6239 | acc = 0.6071 | precision = 0.5652 | recall = 0.9286 | f1 = 0.7027 | auc = 0.8265

extraction = uni, seed = 123, fold = 4, lr = 0.0001, weight_decay = 0.001, epochs = 8
train 1: loss = 1.0355
val 1: loss = 0.5652 | acc = 0.7857 | precision = 0.7778 | recall = 0.8750 | f1 = 0.8235 | auc = 0.8333
train 2: loss = 0.5379
val 2: loss = 0.5890 | acc = 0.7143 | precision = 0.7500 | recall = 0.7500 | f1 = 0.7500 | auc = 0.8125
train 3: loss = 0.5075
val 3: loss = 1.3491 | acc = 0.7143 | precision = 1.0000 | recall = 0.5000 | f1 = 0.6667 | auc = 0.7500
train 4: loss = 0.3013
val 4: loss = 0.4876 | acc = 0.7857 | precision = 0.8571 | recall = 0.7500 | f1 = 0.8000 | auc = 0.8542
train 5: loss = 0.2413
val 5: loss = 0.6411 | acc = 0.7857 | precision = 1.0000 | recall = 0.6250 | f1 = 0.7692 | auc = 0.8542
train 6: loss = 0.1076
val 6: loss = 0.8615 | acc = 0.7857 | precision = 1.0000 | recall = 0.6250 | f1 = 0.7692 | auc = 0.8750
train 7: loss = 0.0259
val 7: loss = 1.0371 | acc = 0.7857 | precision = 1.0000 | recall = 0.6250 | f1 = 0.7692 | auc = 0.8333
train 8: loss = 0.0141
val 8: loss = 1.0033 | acc = 0.8571 | precision = 1.0000 | recall = 0.7500 | f1 = 0.8571 | auc = 0.8542
test: loss = 0.6672 | acc = 0.7143 | precision = 0.7333 | recall = 0.7333 | f1 = 0.7333 | auc = 0.7641

extraction = uni, seed = 123, fold = 5, lr = 0.0001, weight_decay = 0.001, epochs = 8
train 1: loss = 0.8974
val 1: loss = 0.6439 | acc = 0.6429 | precision = 0.6154 | recall = 1.0000 | f1 = 0.7619 | auc = 0.7083
train 2: loss = 0.5598
val 2: loss = 0.8731 | acc = 0.5714 | precision = 1.0000 | recall = 0.2500 | f1 = 0.4000 | auc = 0.6875
train 3: loss = 0.5518
val 3: loss = 1.0418 | acc = 0.5714 | precision = 1.0000 | recall = 0.2500 | f1 = 0.4000 | auc = 0.7292
train 4: loss = 0.5085
val 4: loss = 0.5987 | acc = 0.7143 | precision = 0.7500 | recall = 0.7500 | f1 = 0.7500 | auc = 0.7292
train 5: loss = 0.3683
val 5: loss = 0.7425 | acc = 0.7143 | precision = 0.8333 | recall = 0.6250 | f1 = 0.7143 | auc = 0.7917
train 6: loss = 0.2275
val 6: loss = 0.6590 | acc = 0.7143 | precision = 0.7500 | recall = 0.7500 | f1 = 0.7500 | auc = 0.7708
train 7: loss = 0.0933
val 7: loss = 1.6184 | acc = 0.5714 | precision = 0.7500 | recall = 0.3750 | f1 = 0.5000 | auc = 0.7917
train 8: loss = 0.0648
val 8: loss = 1.2595 | acc = 0.7143 | precision = 0.8333 | recall = 0.6250 | f1 = 0.7143 | auc = 0.7708
test: loss = 0.5156 | acc = 0.6667 | precision = 0.5500 | recall = 1.0000 | f1 = 0.7097 | auc = 0.9716

extraction = resnet50, seed = 123, fold = 1, lr = 0.0001, weight_decay = 0.001, epochs = 8
train 1: loss = 0.8975
val 1: loss = 0.6957 | acc = 0.5000 | precision = 0.4615 | recall = 1.0000 | f1 = 0.6316 | auc = 0.4583
train 2: loss = 0.8090
val 2: loss = 0.6860 | acc = 0.5714 | precision = 0.0000 | recall = 0.0000 | f1 = 0.0000 | auc = 0.5208
train 3: loss = 0.7468
val 3: loss = 0.6814 | acc = 0.5714 | precision = 0.0000 | recall = 0.0000 | f1 = 0.0000 | auc = 0.5833
train 4: loss = 0.7849
val 4: loss = 0.6978 | acc = 0.4286 | precision = 0.4286 | recall = 1.0000 | f1 = 0.6000 | auc = 0.6042
train 5: loss = 0.7276
val 5: loss = 0.7228 | acc = 0.4286 | precision = 0.4286 | recall = 1.0000 | f1 = 0.6000 | auc = 0.5833
train 6: loss = 0.7272
val 6: loss = 0.7000 | acc = 0.4286 | precision = 0.4286 | recall = 1.0000 | f1 = 0.6000 | auc = 0.6250
train 7: loss = 0.7008
val 7: loss = 0.6858 | acc = 0.5714 | precision = 0.5000 | recall = 0.1667 | f1 = 0.2500 | auc = 0.5625
train 8: loss = 0.6762
val 8: loss = 0.6877 | acc = 0.4286 | precision = 0.3333 | recall = 0.3333 | f1 = 0.3333 | auc = 0.5625
test: loss = 0.7104 | acc = 0.4643 | precision = 0.0000 | recall = 0.0000 | f1 = 0.0000 | auc = 0.7641

extraction = resnet50, seed = 123, fold = 2, lr = 0.0001, weight_decay = 0.001, epochs = 8
train 1: loss = 0.9748
val 1: loss = 0.7585 | acc = 0.5000 | precision = 0.5000 | recall = 1.0000 | f1 = 0.6667 | auc = 0.5918
train 2: loss = 0.7968
val 2: loss = 0.6983 | acc = 0.5000 | precision = 0.5000 | recall = 1.0000 | f1 = 0.6667 | auc = 0.5918
train 3: loss = 0.7915
val 3: loss = 0.7251 | acc = 0.5000 | precision = 0.0000 | recall = 0.0000 | f1 = 0.0000 | auc = 0.6531
train 4: loss = 0.7535
val 4: loss = 0.6926 | acc = 0.5000 | precision = 0.5000 | recall = 1.0000 | f1 = 0.6667 | auc = 0.6735
train 5: loss = 0.7216
val 5: loss = 0.6996 | acc = 0.5000 | precision = 0.5000 | recall = 1.0000 | f1 = 0.6667 | auc = 0.6735
train 6: loss = 0.7253
val 6: loss = 0.6905 | acc = 0.5000 | precision = 0.5000 | recall = 1.0000 | f1 = 0.6667 | auc = 0.6531
train 7: loss = 0.6974
val 7: loss = 0.6887 | acc = 0.5714 | precision = 1.0000 | recall = 0.1429 | f1 = 0.2500 | auc = 0.6735
train 8: loss = 0.6892
val 8: loss = 0.6883 | acc = 0.5000 | precision = 0.5000 | recall = 1.0000 | f1 = 0.6667 | auc = 0.6735
test: loss = 0.6996 | acc = 0.3929 | precision = 0.3929 | recall = 1.0000 | f1 = 0.5641 | auc = 0.6310

extraction = resnet50, seed = 123, fold = 3, lr = 0.0001, weight_decay = 0.001, epochs = 8
train 1: loss = 0.9780
val 1: loss = 0.8692 | acc = 0.4286 | precision = 0.4286 | recall = 1.0000 | f1 = 0.6000 | auc = 0.6458
train 2: loss = 0.7862
val 2: loss = 0.6968 | acc = 0.4286 | precision = 0.4286 | recall = 1.0000 | f1 = 0.6000 | auc = 0.7292
train 3: loss = 0.7765
val 3: loss = 0.6980 | acc = 0.5714 | precision = 0.0000 | recall = 0.0000 | f1 = 0.0000 | auc = 0.7500
train 4: loss = 0.7335
val 4: loss = 0.7585 | acc = 0.4286 | precision = 0.4286 | recall = 1.0000 | f1 = 0.6000 | auc = 0.7917
train 5: loss = 0.7439
val 5: loss = 0.6832 | acc = 0.5714 | precision = 0.0000 | recall = 0.0000 | f1 = 0.0000 | auc = 0.8125
train 6: loss = 0.7261
val 6: loss = 0.7020 | acc = 0.4286 | precision = 0.4286 | recall = 1.0000 | f1 = 0.6000 | auc = 0.8125
train 7: loss = 0.7010
val 7: loss = 0.6966 | acc = 0.4286 | precision = 0.4286 | recall = 1.0000 | f1 = 0.6000 | auc = 0.8125
train 8: loss = 0.6966
val 8: loss = 0.6942 | acc = 0.4286 | precision = 0.4286 | recall = 1.0000 | f1 = 0.6000 | auc = 0.8125
test: loss = 0.7144 | acc = 0.5000 | precision = 0.0000 | recall = 0.0000 | f1 = 0.0000 | auc = 0.8112

extraction = resnet50, seed = 123, fold = 4, lr = 0.0001, weight_decay = 0.001, epochs = 8
train 1: loss = 1.1001
val 1: loss = 0.6890 | acc = 0.5714 | precision = 0.5714 | recall = 1.0000 | f1 = 0.7273 | auc = 0.7292
train 2: loss = 0.7493
val 2: loss = 0.6849 | acc = 0.5714 | precision = 0.5714 | recall = 1.0000 | f1 = 0.7273 | auc = 0.7292
train 3: loss = 0.7567
val 3: loss = 0.8968 | acc = 0.4286 | precision = 0.0000 | recall = 0.0000 | f1 = 0.0000 | auc = 0.6875
train 4: loss = 0.7134
val 4: loss = 0.6812 | acc = 0.5714 | precision = 0.5714 | recall = 1.0000 | f1 = 0.7273 | auc = 0.6875
train 5: loss = 0.7057
val 5: loss = 0.7698 | acc = 0.4286 | precision = 0.0000 | recall = 0.0000 | f1 = 0.0000 | auc = 0.7083
train 6: loss = 0.7056
val 6: loss = 0.6798 | acc = 0.5714 | precision = 0.5714 | recall = 1.0000 | f1 = 0.7273 | auc = 0.7292
train 7: loss = 0.7008
val 7: loss = 0.6796 | acc = 0.5714 | precision = 0.5714 | recall = 1.0000 | f1 = 0.7273 | auc = 0.7292
train 8: loss = 0.7018
val 8: loss = 0.6872 | acc = 0.5714 | precision = 0.5833 | recall = 0.8750 | f1 = 0.7000 | auc = 0.7500
test: loss = 0.6886 | acc = 0.5357 | precision = 0.5357 | recall = 1.0000 | f1 = 0.6977 | auc = 0.6718

extraction = resnet50, seed = 123, fold = 5, lr = 0.0001, weight_decay = 0.001, epochs = 8
train 1: loss = 0.9767
val 1: loss = 0.8043 | acc = 0.5714 | precision = 0.5714 | recall = 1.0000 | f1 = 0.7273 | auc = 0.5625
train 2: loss = 0.7907
val 2: loss = 0.7732 | acc = 0.4286 | precision = 0.0000 | recall = 0.0000 | f1 = 0.0000 | auc = 0.5625
train 3: loss = 0.7552
val 3: loss = 0.6821 | acc = 0.5714 | precision = 0.5714 | recall = 1.0000 | f1 = 0.7273 | auc = 0.6875
train 4: loss = 0.7259
val 4: loss = 0.7605 | acc = 0.4286 | precision = 0.0000 | recall = 0.0000 | f1 = 0.0000 | auc = 0.7292
train 5: loss = 0.7193
val 5: loss = 0.6829 | acc = 0.5714 | precision = 0.5714 | recall = 1.0000 | f1 = 0.7273 | auc = 0.7708
train 6: loss = 0.7156
val 6: loss = 0.6795 | acc = 0.5714 | precision = 0.5714 | recall = 1.0000 | f1 = 0.7273 | auc = 0.7500
train 7: loss = 0.6955
val 7: loss = 0.7422 | acc = 0.4286 | precision = 0.0000 | recall = 0.0000 | f1 = 0.0000 | auc = 0.8125
train 8: loss = 0.6946
val 8: loss = 0.7012 | acc = 0.4286 | precision = 0.0000 | recall = 0.0000 | f1 = 0.0000 | auc = 0.7917
test: loss = 0.7362 | acc = 0.4074 | precision = 0.4074 | recall = 1.0000 | f1 = 0.5789 | auc = 0.8693

/ 4, alibi_bias.dtype = float16
extraction = gigapath, seed = 123, fold = 1, lr = 0.0001, weight_decay = 0.001, epochs = 8
train 1: loss = 0.9603
val 1: loss = 0.6098 | acc = 0.7143 | precision = 1.0000 | recall = 0.3333 | f1 = 0.5000 | auc = 0.7708
train 2: loss = 0.6390
val 2: loss = 0.9861 | acc = 0.5714 | precision = 0.0000 | recall = 0.0000 | f1 = 0.0000 | auc = 0.6667
train 3: loss = 0.6099
val 3: loss = 0.5642 | acc = 0.5000 | precision = 0.4444 | recall = 0.6667 | f1 = 0.5333 | auc = 0.7083
train 4: loss = 0.4482
val 4: loss = 0.4406 | acc = 0.7857 | precision = 1.0000 | recall = 0.5000 | f1 = 0.6667 | auc = 0.9167
train 5: loss = 0.2749
val 5: loss = 0.7321 | acc = 0.6429 | precision = 0.5455 | recall = 1.0000 | f1 = 0.7059 | auc = 0.9167
train 6: loss = 0.1991
val 6: loss = 0.5053 | acc = 0.7857 | precision = 0.7143 | recall = 0.8333 | f1 = 0.7692 | auc = 0.8542
train 7: loss = 0.0590
val 7: loss = 0.5080 | acc = 0.7857 | precision = 0.7143 | recall = 0.8333 | f1 = 0.7692 | auc = 0.8542
train 8: loss = 0.0253
val 8: loss = 0.6019 | acc = 0.7857 | precision = 0.7143 | recall = 0.8333 | f1 = 0.7692 | auc = 0.8542
test: loss = 0.6691 | acc = 0.6429 | precision = 0.8571 | recall = 0.4000 | f1 = 0.5455 | auc = 0.7590

extraction = gigapath, seed = 123, fold = 2, lr = 0.0001, weight_decay = 0.001, epochs = 8
train 1: loss = 0.9694
val 1: loss = 0.7384 | acc = 0.5000 | precision = 0.5000 | recall = 1.0000 | f1 = 0.6667 | auc = 0.7143
train 2: loss = 0.5967
val 2: loss = 1.1014 | acc = 0.6429 | precision = 1.0000 | recall = 0.2857 | f1 = 0.4444 | auc = 0.7755
train 3: loss = 0.5145
val 3: loss = 0.6476 | acc = 0.7143 | precision = 1.0000 | recall = 0.4286 | f1 = 0.6000 | auc = 0.8163
train 4: loss = 0.3378
val 4: loss = 0.3497 | acc = 0.8571 | precision = 0.8571 | recall = 0.8571 | f1 = 0.8571 | auc = 0.9388
train 5: loss = 0.1374
val 5: loss = 0.5024 | acc = 0.8571 | precision = 0.8571 | recall = 0.8571 | f1 = 0.8571 | auc = 0.8980
train 6: loss = 0.0106
val 6: loss = 0.6125 | acc = 0.7857 | precision = 0.8333 | recall = 0.7143 | f1 = 0.7692 | auc = 0.9184
train 7: loss = 0.0036
val 7: loss = 0.6866 | acc = 0.7857 | precision = 0.8333 | recall = 0.7143 | f1 = 0.7692 | auc = 0.9184
train 8: loss = 0.0025
val 8: loss = 0.7095 | acc = 0.7857 | precision = 0.8333 | recall = 0.7143 | f1 = 0.7692 | auc = 0.9184
test: loss = 0.5811 | acc = 0.6786 | precision = 0.5714 | recall = 0.7273 | f1 = 0.6400 | auc = 0.8128

extraction = gigapath, seed = 123, fold = 3, lr = 0.0001, weight_decay = 0.001, epochs = 8
train 1: loss = 1.0126
val 1: loss = 0.7823 | acc = 0.4286 | precision = 0.4286 | recall = 1.0000 | f1 = 0.6000 | auc = 0.8750
train 2: loss = 0.6175
val 2: loss = 0.4803 | acc = 0.7143 | precision = 0.6667 | recall = 0.6667 | f1 = 0.6667 | auc = 0.8542
train 3: loss = 0.5042
val 3: loss = 0.6943 | acc = 0.7857 | precision = 0.7143 | recall = 0.8333 | f1 = 0.7692 | auc = 0.8333
train 4: loss = 0.3006
val 4: loss = 0.3790 | acc = 0.7857 | precision = 0.8000 | recall = 0.6667 | f1 = 0.7273 | auc = 0.9167
train 5: loss = 0.2298
val 5: loss = 0.5876 | acc = 0.7143 | precision = 0.6250 | recall = 0.8333 | f1 = 0.7143 | auc = 0.8958
train 6: loss = 0.0831
val 6: loss = 0.8183 | acc = 0.7143 | precision = 0.6250 | recall = 0.8333 | f1 = 0.7143 | auc = 0.8958
train 7: loss = 0.0145
val 7: loss = 0.7103 | acc = 0.7857 | precision = 0.8000 | recall = 0.6667 | f1 = 0.7273 | auc = 0.8750
train 8: loss = 0.0047
val 8: loss = 0.7280 | acc = 0.7857 | precision = 0.8000 | recall = 0.6667 | f1 = 0.7273 | auc = 0.8750
test: loss = 0.8056 | acc = 0.6071 | precision = 0.6667 | recall = 0.4286 | f1 = 0.5217 | auc = 0.7143

extraction = gigapath, seed = 123, fold = 4, lr = 0.0001, weight_decay = 0.001, epochs = 8
train 1: loss = 0.9856
val 1: loss = 0.6294 | acc = 0.5714 | precision = 0.5714 | recall = 1.0000 | f1 = 0.7273 | auc = 0.8333
train 2: loss = 0.5587
val 2: loss = 0.5669 | acc = 0.7857 | precision = 1.0000 | recall = 0.6250 | f1 = 0.7692 | auc = 0.8333
train 3: loss = 0.4349
val 3: loss = 0.4996 | acc = 0.8571 | precision = 1.0000 | recall = 0.7500 | f1 = 0.8571 | auc = 0.8750
train 4: loss = 0.6071
val 4: loss = 0.5239 | acc = 0.7143 | precision = 1.0000 | recall = 0.5000 | f1 = 0.6667 | auc = 1.0000
train 5: loss = 0.4188
val 5: loss = 0.5369 | acc = 0.7857 | precision = 1.0000 | recall = 0.6250 | f1 = 0.7692 | auc = 0.8958
train 6: loss = 0.1429
val 6: loss = 0.6158 | acc = 0.8571 | precision = 1.0000 | recall = 0.7500 | f1 = 0.8571 | auc = 0.8750
train 7: loss = 0.0716
val 7: loss = 0.7645 | acc = 0.8571 | precision = 1.0000 | recall = 0.7500 | f1 = 0.8571 | auc = 0.8750
train 8: loss = 0.0485
val 8: loss = 0.9085 | acc = 0.7857 | precision = 1.0000 | recall = 0.6250 | f1 = 0.7692 | auc = 0.8750
test: loss = 0.7643 | acc = 0.6786 | precision = 0.8000 | recall = 0.5333 | f1 = 0.6400 | auc = 0.8205

extraction = gigapath, seed = 123, fold = 5, lr = 0.0001, weight_decay = 0.001, epochs = 8
train 1: loss = 0.9401
val 1: loss = 1.3641 | acc = 0.4286 | precision = 0.0000 | recall = 0.0000 | f1 = 0.0000 | auc = 0.8750
train 2: loss = 0.6326
val 2: loss = 0.4204 | acc = 0.7143 | precision = 0.8333 | recall = 0.6250 | f1 = 0.7143 | auc = 0.8958
train 3: loss = 0.5550
val 3: loss = 0.7034 | acc = 0.6429 | precision = 0.6154 | recall = 1.0000 | f1 = 0.7619 | auc = 0.8333
train 4: loss = 0.5040
val 4: loss = 0.5987 | acc = 0.7143 | precision = 0.8333 | recall = 0.6250 | f1 = 0.7143 | auc = 0.8542
train 5: loss = 0.2815
val 5: loss = 0.4875 | acc = 0.7143 | precision = 0.8333 | recall = 0.6250 | f1 = 0.7143 | auc = 0.8958
train 6: loss = 0.1892
val 6: loss = 0.5627 | acc = 0.7143 | precision = 0.8333 | recall = 0.6250 | f1 = 0.7143 | auc = 0.8958
train 7: loss = 0.0962
val 7: loss = 0.7041 | acc = 0.7143 | precision = 0.8333 | recall = 0.6250 | f1 = 0.7143 | auc = 0.8958
train 8: loss = 0.0464
val 8: loss = 0.6593 | acc = 0.7143 | precision = 0.8333 | recall = 0.6250 | f1 = 0.7143 | auc = 0.8542
test: loss = 0.5330 | acc = 0.7778 | precision = 0.6923 | recall = 0.8182 | f1 = 0.7500 | auc = 0.8466

extraction = uni, seed = 123, fold = 1, lr = 0.0001, weight_decay = 0.001, epochs = 8
train 1: loss = 0.8051
val 1: loss = 0.7272 | acc = 0.5714 | precision = 0.5000 | recall = 1.0000 | f1 = 0.6667 | auc = 0.7917
train 2: loss = 0.6020
val 2: loss = 0.4997 | acc = 0.6429 | precision = 0.5714 | recall = 0.6667 | f1 = 0.6154 | auc = 0.7917
train 3: loss = 0.3908
val 3: loss = 0.5633 | acc = 0.5714 | precision = 0.5000 | recall = 0.6667 | f1 = 0.5714 | auc = 0.7917
train 4: loss = 0.3192
val 4: loss = 1.0571 | acc = 0.6429 | precision = 0.5556 | recall = 0.8333 | f1 = 0.6667 | auc = 0.7708
train 5: loss = 0.1649
val 5: loss = 1.2048 | acc = 0.6429 | precision = 0.5714 | recall = 0.6667 | f1 = 0.6154 | auc = 0.7500
train 6: loss = 0.1344
val 6: loss = 1.1691 | acc = 0.7143 | precision = 0.6250 | recall = 0.8333 | f1 = 0.7143 | auc = 0.7917
train 7: loss = 0.0349
val 7: loss = 1.3613 | acc = 0.6429 | precision = 0.5556 | recall = 0.8333 | f1 = 0.6667 | auc = 0.8125
train 8: loss = 0.0167
val 8: loss = 1.2804 | acc = 0.6429 | precision = 0.5556 | recall = 0.8333 | f1 = 0.6667 | auc = 0.8333
test: loss = 0.4973 | acc = 0.8571 | precision = 0.9231 | recall = 0.8000 | f1 = 0.8571 | auc = 0.8410

extraction = uni, seed = 123, fold = 2, lr = 0.0001, weight_decay = 0.001, epochs = 8
train 1: loss = 0.8315
val 1: loss = 0.6432 | acc = 0.6429 | precision = 0.6000 | recall = 0.8571 | f1 = 0.7059 | auc = 0.8163
train 2: loss = 0.6386
val 2: loss = 0.5214 | acc = 0.7143 | precision = 0.6667 | recall = 0.8571 | f1 = 0.7500 | auc = 0.8367
train 3: loss = 0.4435
val 3: loss = 0.4928 | acc = 0.7857 | precision = 0.7500 | recall = 0.8571 | f1 = 0.8000 | auc = 0.8776
train 4: loss = 0.2889
val 4: loss = 1.1300 | acc = 0.7143 | precision = 0.6667 | recall = 0.8571 | f1 = 0.7500 | auc = 0.8367
train 5: loss = 0.1197
val 5: loss = 0.9695 | acc = 0.7857 | precision = 0.7500 | recall = 0.8571 | f1 = 0.8000 | auc = 0.8571
train 6: loss = 0.0243
val 6: loss = 0.9570 | acc = 0.7857 | precision = 0.7500 | recall = 0.8571 | f1 = 0.8000 | auc = 0.8776
train 7: loss = 0.0045
val 7: loss = 1.0550 | acc = 0.7857 | precision = 0.7500 | recall = 0.8571 | f1 = 0.8000 | auc = 0.8776
train 8: loss = 0.0023
val 8: loss = 1.2123 | acc = 0.7857 | precision = 0.7500 | recall = 0.8571 | f1 = 0.8000 | auc = 0.8776
test: loss = 0.5346 | acc = 0.7500 | precision = 0.6667 | recall = 0.7273 | f1 = 0.6957 | auc = 0.7861

extraction = uni, seed = 123, fold = 3, lr = 0.0001, weight_decay = 0.001, epochs = 8
train 1: loss = 0.8526
val 1: loss = 0.6918 | acc = 0.5714 | precision = 0.5000 | recall = 0.8333 | f1 = 0.6250 | auc = 0.7708
train 2: loss = 0.6247
val 2: loss = 0.7331 | acc = 0.6429 | precision = 0.5556 | recall = 0.8333 | f1 = 0.6667 | auc = 0.7917
train 3: loss = 0.5089
val 3: loss = 0.6983 | acc = 0.6429 | precision = 0.6000 | recall = 0.5000 | f1 = 0.5455 | auc = 0.8333
train 4: loss = 0.3508
val 4: loss = 1.4693 | acc = 0.5714 | precision = 0.5000 | recall = 0.8333 | f1 = 0.6250 | auc = 0.8333
train 5: loss = 0.2669
val 5: loss = 0.8948 | acc = 0.7857 | precision = 0.8000 | recall = 0.6667 | f1 = 0.7273 | auc = 0.7917
train 6: loss = 0.1290
val 6: loss = 1.1521 | acc = 0.7143 | precision = 0.6667 | recall = 0.6667 | f1 = 0.6667 | auc = 0.7917
train 7: loss = 0.0856
val 7: loss = 1.2233 | acc = 0.7143 | precision = 0.6667 | recall = 0.6667 | f1 = 0.6667 | auc = 0.7917
train 8: loss = 0.0296
val 8: loss = 1.3327 | acc = 0.7143 | precision = 0.6250 | recall = 0.8333 | f1 = 0.7143 | auc = 0.7917
test: loss = 0.6236 | acc = 0.6071 | precision = 0.5652 | recall = 0.9286 | f1 = 0.7027 | auc = 0.8265

extraction = uni, seed = 123, fold = 4, lr = 0.0001, weight_decay = 0.001, epochs = 8
train 1: loss = 1.0357
val 1: loss = 0.5651 | acc = 0.7857 | precision = 0.7778 | recall = 0.8750 | f1 = 0.8235 | auc = 0.8333
train 2: loss = 0.5378
val 2: loss = 0.5890 | acc = 0.7143 | precision = 0.7500 | recall = 0.7500 | f1 = 0.7500 | auc = 0.8125
train 3: loss = 0.5074
val 3: loss = 1.3424 | acc = 0.7143 | precision = 1.0000 | recall = 0.5000 | f1 = 0.6667 | auc = 0.7500
train 4: loss = 0.3009
val 4: loss = 0.4914 | acc = 0.7857 | precision = 0.8571 | recall = 0.7500 | f1 = 0.8000 | auc = 0.8333
train 5: loss = 0.2413
val 5: loss = 0.6381 | acc = 0.7857 | precision = 1.0000 | recall = 0.6250 | f1 = 0.7692 | auc = 0.8542
train 6: loss = 0.1073
val 6: loss = 0.8561 | acc = 0.7857 | precision = 1.0000 | recall = 0.6250 | f1 = 0.7692 | auc = 0.8542
train 7: loss = 0.0259
val 7: loss = 1.0354 | acc = 0.7857 | precision = 1.0000 | recall = 0.6250 | f1 = 0.7692 | auc = 0.8333
train 8: loss = 0.0142
val 8: loss = 0.9977 | acc = 0.8571 | precision = 1.0000 | recall = 0.7500 | f1 = 0.8571 | auc = 0.8542
test: loss = 0.6691 | acc = 0.7143 | precision = 0.7333 | recall = 0.7333 | f1 = 0.7333 | auc = 0.7692

extraction = uni, seed = 123, fold = 5, lr = 0.0001, weight_decay = 0.001, epochs = 8
train 1: loss = 0.8972
val 1: loss = 0.6438 | acc = 0.6429 | precision = 0.6154 | recall = 1.0000 | f1 = 0.7619 | auc = 0.7083
train 2: loss = 0.5596
val 2: loss = 0.8722 | acc = 0.5714 | precision = 1.0000 | recall = 0.2500 | f1 = 0.4000 | auc = 0.6875
train 3: loss = 0.5515
val 3: loss = 1.0454 | acc = 0.5714 | precision = 1.0000 | recall = 0.2500 | f1 = 0.4000 | auc = 0.7292
train 4: loss = 0.5080
val 4: loss = 0.5990 | acc = 0.7143 | precision = 0.7500 | recall = 0.7500 | f1 = 0.7500 | auc = 0.7292
train 5: loss = 0.3676
val 5: loss = 0.7467 | acc = 0.7143 | precision = 0.8333 | recall = 0.6250 | f1 = 0.7143 | auc = 0.7917
train 6: loss = 0.2268
val 6: loss = 0.6621 | acc = 0.7143 | precision = 0.7500 | recall = 0.7500 | f1 = 0.7500 | auc = 0.7708
train 7: loss = 0.0927
val 7: loss = 1.6253 | acc = 0.5714 | precision = 0.7500 | recall = 0.3750 | f1 = 0.5000 | auc = 0.7917
train 8: loss = 0.0638
val 8: loss = 1.2718 | acc = 0.7143 | precision = 0.8333 | recall = 0.6250 | f1 = 0.7143 | auc = 0.7708
test: loss = 0.5163 | acc = 0.6667 | precision = 0.5500 | recall = 1.0000 | f1 = 0.7097 | auc = 0.9716

extraction = resnet50, seed = 123, fold = 1, lr = 0.0001, weight_decay = 0.001, epochs = 8
train 1: loss = 0.8975
val 1: loss = 0.6957 | acc = 0.5000 | precision = 0.4615 | recall = 1.0000 | f1 = 0.6316 | auc = 0.4583
train 2: loss = 0.8089
val 2: loss = 0.6860 | acc = 0.5714 | precision = 0.0000 | recall = 0.0000 | f1 = 0.0000 | auc = 0.5208
train 3: loss = 0.7467
val 3: loss = 0.6814 | acc = 0.5714 | precision = 0.0000 | recall = 0.0000 | f1 = 0.0000 | auc = 0.5833
train 4: loss = 0.7849
val 4: loss = 0.6977 | acc = 0.4286 | precision = 0.4286 | recall = 1.0000 | f1 = 0.6000 | auc = 0.6042
train 5: loss = 0.7275
val 5: loss = 0.7229 | acc = 0.4286 | precision = 0.4286 | recall = 1.0000 | f1 = 0.6000 | auc = 0.5833
train 6: loss = 0.7271
val 6: loss = 0.7001 | acc = 0.4286 | precision = 0.4286 | recall = 1.0000 | f1 = 0.6000 | auc = 0.6042
train 7: loss = 0.7009
val 7: loss = 0.6859 | acc = 0.5714 | precision = 0.5000 | recall = 0.1667 | f1 = 0.2500 | auc = 0.5625
train 8: loss = 0.6763
val 8: loss = 0.6879 | acc = 0.4286 | precision = 0.3333 | recall = 0.3333 | f1 = 0.3333 | auc = 0.5625
test: loss = 0.7103 | acc = 0.4643 | precision = 0.0000 | recall = 0.0000 | f1 = 0.0000 | auc = 0.7641

extraction = resnet50, seed = 123, fold = 2, lr = 0.0001, weight_decay = 0.001, epochs = 8
train 1: loss = 0.9747
val 1: loss = 0.7584 | acc = 0.5000 | precision = 0.5000 | recall = 1.0000 | f1 = 0.6667 | auc = 0.5918
train 2: loss = 0.7968
val 2: loss = 0.6982 | acc = 0.5000 | precision = 0.5000 | recall = 1.0000 | f1 = 0.6667 | auc = 0.5918
train 3: loss = 0.7915
val 3: loss = 0.7251 | acc = 0.5000 | precision = 0.0000 | recall = 0.0000 | f1 = 0.0000 | auc = 0.6531
train 4: loss = 0.7535
val 4: loss = 0.6925 | acc = 0.5000 | precision = 0.5000 | recall = 1.0000 | f1 = 0.6667 | auc = 0.6735
train 5: loss = 0.7216
val 5: loss = 0.6996 | acc = 0.5000 | precision = 0.5000 | recall = 1.0000 | f1 = 0.6667 | auc = 0.6735
train 6: loss = 0.7253
val 6: loss = 0.6905 | acc = 0.5000 | precision = 0.5000 | recall = 1.0000 | f1 = 0.6667 | auc = 0.6531
train 7: loss = 0.6974
val 7: loss = 0.6887 | acc = 0.5714 | precision = 1.0000 | recall = 0.1429 | f1 = 0.2500 | auc = 0.6735
train 8: loss = 0.6892
val 8: loss = 0.6883 | acc = 0.5000 | precision = 0.5000 | recall = 1.0000 | f1 = 0.6667 | auc = 0.6735
test: loss = 0.6996 | acc = 0.3929 | precision = 0.3929 | recall = 1.0000 | f1 = 0.5641 | auc = 0.6310

extraction = resnet50, seed = 123, fold = 3, lr = 0.0001, weight_decay = 0.001, epochs = 8
train 1: loss = 0.9780
val 1: loss = 0.8691 | acc = 0.4286 | precision = 0.4286 | recall = 1.0000 | f1 = 0.6000 | auc = 0.6458
train 2: loss = 0.7862
val 2: loss = 0.6968 | acc = 0.4286 | precision = 0.4286 | recall = 1.0000 | f1 = 0.6000 | auc = 0.7292
train 3: loss = 0.7765
val 3: loss = 0.6980 | acc = 0.5714 | precision = 0.0000 | recall = 0.0000 | f1 = 0.0000 | auc = 0.7500
train 4: loss = 0.7335
val 4: loss = 0.7584 | acc = 0.4286 | precision = 0.4286 | recall = 1.0000 | f1 = 0.6000 | auc = 0.7917
train 5: loss = 0.7439
val 5: loss = 0.6832 | acc = 0.5714 | precision = 0.0000 | recall = 0.0000 | f1 = 0.0000 | auc = 0.8125
train 6: loss = 0.7261
val 6: loss = 0.7018 | acc = 0.4286 | precision = 0.4286 | recall = 1.0000 | f1 = 0.6000 | auc = 0.8125
train 7: loss = 0.7010
val 7: loss = 0.6966 | acc = 0.4286 | precision = 0.4286 | recall = 1.0000 | f1 = 0.6000 | auc = 0.7917
train 8: loss = 0.6966
val 8: loss = 0.6942 | acc = 0.4286 | precision = 0.4286 | recall = 1.0000 | f1 = 0.6000 | auc = 0.8125
test: loss = 0.7143 | acc = 0.5000 | precision = 0.0000 | recall = 0.0000 | f1 = 0.0000 | auc = 0.8163

extraction = resnet50, seed = 123, fold = 4, lr = 0.0001, weight_decay = 0.001, epochs = 8
train 1: loss = 1.1002
val 1: loss = 0.6890 | acc = 0.5714 | precision = 0.5714 | recall = 1.0000 | f1 = 0.7273 | auc = 0.7292
train 2: loss = 0.7493
val 2: loss = 0.6849 | acc = 0.5714 | precision = 0.5714 | recall = 1.0000 | f1 = 0.7273 | auc = 0.7500
train 3: loss = 0.7567
val 3: loss = 0.8968 | acc = 0.4286 | precision = 0.0000 | recall = 0.0000 | f1 = 0.0000 | auc = 0.6875
train 4: loss = 0.7134
val 4: loss = 0.6811 | acc = 0.5714 | precision = 0.5714 | recall = 1.0000 | f1 = 0.7273 | auc = 0.6875
train 5: loss = 0.7057
val 5: loss = 0.7697 | acc = 0.4286 | precision = 0.0000 | recall = 0.0000 | f1 = 0.0000 | auc = 0.7083
train 6: loss = 0.7056
val 6: loss = 0.6798 | acc = 0.5714 | precision = 0.5714 | recall = 1.0000 | f1 = 0.7273 | auc = 0.7292
train 7: loss = 0.7008
val 7: loss = 0.6796 | acc = 0.5714 | precision = 0.5714 | recall = 1.0000 | f1 = 0.7273 | auc = 0.7292
train 8: loss = 0.7017
val 8: loss = 0.6873 | acc = 0.5714 | precision = 0.5833 | recall = 0.8750 | f1 = 0.7000 | auc = 0.7500
test: loss = 0.6886 | acc = 0.5357 | precision = 0.5357 | recall = 1.0000 | f1 = 0.6977 | auc = 0.6667

extraction = resnet50, seed = 123, fold = 5, lr = 0.0001, weight_decay = 0.001, epochs = 8
train 1: loss = 0.9767
val 1: loss = 0.8043 | acc = 0.5714 | precision = 0.5714 | recall = 1.0000 | f1 = 0.7273 | auc = 0.5625
train 2: loss = 0.7907
val 2: loss = 0.7727 | acc = 0.4286 | precision = 0.0000 | recall = 0.0000 | f1 = 0.0000 | auc = 0.5417
train 3: loss = 0.7551
val 3: loss = 0.6820 | acc = 0.5714 | precision = 0.5714 | recall = 1.0000 | f1 = 0.7273 | auc = 0.6875
train 4: loss = 0.7259
val 4: loss = 0.7604 | acc = 0.4286 | precision = 0.0000 | recall = 0.0000 | f1 = 0.0000 | auc = 0.7500
train 5: loss = 0.7193
val 5: loss = 0.6829 | acc = 0.5714 | precision = 0.5714 | recall = 1.0000 | f1 = 0.7273 | auc = 0.7708
train 6: loss = 0.7156
val 6: loss = 0.6795 | acc = 0.5714 | precision = 0.5714 | recall = 1.0000 | f1 = 0.7273 | auc = 0.7708
train 7: loss = 0.6954
val 7: loss = 0.7423 | acc = 0.4286 | precision = 0.0000 | recall = 0.0000 | f1 = 0.0000 | auc = 0.7917
train 8: loss = 0.6945
val 8: loss = 0.7012 | acc = 0.4286 | precision = 0.0000 | recall = 0.0000 | f1 = 0.0000 | auc = 0.7917
test: loss = 0.7363 | acc = 0.4074 | precision = 0.4074 | recall = 1.0000 | f1 = 0.5789 | auc = 0.8693

