extraction = gigapath, seed = 460, fold = 1, lr = 0.0001, weight_decay = 0.001, epochs = 10
train 1: loss = 0.8568
val 1: loss = 1.2065 | acc = 0.6667 | precision = 1.0000 | recall = 0.2857 | f1 = 0.4444 | auc = 0.8929
train 2: loss = 0.4180
val 2: loss = 0.2465 | acc = 0.8000 | precision = 0.7500 | recall = 0.8571 | f1 = 0.8000 | auc = 0.9643
train 3: loss = 0.2234
val 3: loss = 0.3990 | acc = 0.7333 | precision = 0.8000 | recall = 0.5714 | f1 = 0.6667 | auc = 0.9464
train 4: loss = 0.0498
val 4: loss = 0.2451 | acc = 0.8000 | precision = 0.7500 | recall = 0.8571 | f1 = 0.8000 | auc = 0.9643
train 5: loss = 0.0120
val 5: loss = 0.2680 | acc = 0.8667 | precision = 0.8571 | recall = 0.8571 | f1 = 0.8571 | auc = 0.9643
train 6: loss = 0.0054
val 6: loss = 0.2439 | acc = 0.8667 | precision = 0.8571 | recall = 0.8571 | f1 = 0.8571 | auc = 0.9643
train 7: loss = 0.0041
val 7: loss = 0.2545 | acc = 0.8667 | precision = 0.8571 | recall = 0.8571 | f1 = 0.8571 | auc = 0.9643
train 8: loss = 0.0033
val 8: loss = 0.2601 | acc = 0.8667 | precision = 0.8571 | recall = 0.8571 | f1 = 0.8571 | auc = 0.9464
train 9: loss = 0.0030
val 9: loss = 0.2642 | acc = 0.8667 | precision = 0.8571 | recall = 0.8571 | f1 = 0.8571 | auc = 0.9464
train 10: loss = 0.0028
val 10: loss = 0.2667 | acc = 0.8667 | precision = 0.8571 | recall = 0.8571 | f1 = 0.8571 | auc = 0.9464
test: loss = 0.7554 | acc = 0.7931 | precision = 0.8235 | recall = 0.8235 | f1 = 0.8235 | auc = 0.8725

extraction = gigapath, seed = 460, fold = 2, lr = 0.0001, weight_decay = 0.001, epochs = 10
train 1: loss = 1.0617
val 1: loss = 0.4033 | acc = 0.8000 | precision = 0.8333 | recall = 0.7143 | f1 = 0.7692 | auc = 0.9107
train 2: loss = 0.3927
val 2: loss = 0.2262 | acc = 0.8000 | precision = 0.8333 | recall = 0.7143 | f1 = 0.7692 | auc = 0.9643
train 3: loss = 0.1853
val 3: loss = 0.6824 | acc = 0.8000 | precision = 1.0000 | recall = 0.5714 | f1 = 0.7273 | auc = 0.9464
train 4: loss = 0.0933
val 4: loss = 0.2667 | acc = 0.7333 | precision = 0.7143 | recall = 0.7143 | f1 = 0.7143 | auc = 0.9286
train 5: loss = 0.0257
val 5: loss = 0.8984 | acc = 0.8667 | precision = 1.0000 | recall = 0.7143 | f1 = 0.8333 | auc = 0.8929
train 6: loss = 0.0129
val 6: loss = 0.8308 | acc = 0.8667 | precision = 1.0000 | recall = 0.7143 | f1 = 0.8333 | auc = 0.8929
train 7: loss = 0.0053
val 7: loss = 0.6550 | acc = 0.8667 | precision = 1.0000 | recall = 0.7143 | f1 = 0.8333 | auc = 0.9107
train 8: loss = 0.0035
val 8: loss = 0.6642 | acc = 0.8667 | precision = 1.0000 | recall = 0.7143 | f1 = 0.8333 | auc = 0.8929
train 9: loss = 0.0029
val 9: loss = 0.6697 | acc = 0.8667 | precision = 1.0000 | recall = 0.7143 | f1 = 0.8333 | auc = 0.8929
train 10: loss = 0.0028
val 10: loss = 0.6774 | acc = 0.8667 | precision = 1.0000 | recall = 0.7143 | f1 = 0.8333 | auc = 0.8929
test: loss = 0.2901 | acc = 0.8966 | precision = 0.8333 | recall = 0.9091 | f1 = 0.8696 | auc = 0.9444

extraction = gigapath, seed = 460, fold = 3, lr = 0.0001, weight_decay = 0.001, epochs = 10
train 1: loss = 1.0035
val 1: loss = 0.7420 | acc = 0.8000 | precision = 0.7778 | recall = 0.8750 | f1 = 0.8235 | auc = 0.8393
train 2: loss = 0.3083
val 2: loss = 0.6223 | acc = 0.8667 | precision = 0.8000 | recall = 1.0000 | f1 = 0.8889 | auc = 0.8571
train 3: loss = 0.1695
val 3: loss = 1.1017 | acc = 0.6667 | precision = 0.8000 | recall = 0.5000 | f1 = 0.6154 | auc = 0.8393
train 4: loss = 0.0911
val 4: loss = 0.9064 | acc = 0.8000 | precision = 0.7778 | recall = 0.8750 | f1 = 0.8235 | auc = 0.8571
train 5: loss = 0.0214
val 5: loss = 1.4162 | acc = 0.6667 | precision = 0.8000 | recall = 0.5000 | f1 = 0.6154 | auc = 0.8214
train 6: loss = 0.0105
val 6: loss = 1.1482 | acc = 0.8000 | precision = 0.8571 | recall = 0.7500 | f1 = 0.8000 | auc = 0.8571
train 7: loss = 0.0043
val 7: loss = 1.1366 | acc = 0.8000 | precision = 0.8571 | recall = 0.7500 | f1 = 0.8000 | auc = 0.8571
train 8: loss = 0.0033
val 8: loss = 1.1812 | acc = 0.7333 | precision = 0.8333 | recall = 0.6250 | f1 = 0.7143 | auc = 0.8571
train 9: loss = 0.0030
val 9: loss = 1.1872 | acc = 0.7333 | precision = 0.8333 | recall = 0.6250 | f1 = 0.7143 | auc = 0.8571
train 10: loss = 0.0028
val 10: loss = 1.1963 | acc = 0.7333 | precision = 0.8333 | recall = 0.6250 | f1 = 0.7143 | auc = 0.8571
test: loss = 0.7135 | acc = 0.6897 | precision = 0.5000 | recall = 0.7778 | f1 = 0.6087 | auc = 0.8333

extraction = gigapath, seed = 460, fold = 4, lr = 0.0001, weight_decay = 0.001, epochs = 10
train 1: loss = 1.0412
val 1: loss = 1.3041 | acc = 0.5333 | precision = 0.4615 | recall = 1.0000 | f1 = 0.6316 | auc = 0.8148
train 2: loss = 0.3468
val 2: loss = 0.6369 | acc = 0.8667 | precision = 0.8333 | recall = 0.8333 | f1 = 0.8333 | auc = 0.8889
train 3: loss = 0.2254
val 3: loss = 1.6878 | acc = 0.6000 | precision = 0.5000 | recall = 0.1667 | f1 = 0.2500 | auc = 0.8333
train 4: loss = 0.1545
val 4: loss = 1.2366 | acc = 0.7333 | precision = 0.7500 | recall = 0.5000 | f1 = 0.6000 | auc = 0.7963
train 5: loss = 0.0856
val 5: loss = 1.6850 | acc = 0.6667 | precision = 0.6000 | recall = 0.5000 | f1 = 0.5455 | auc = 0.7778
train 6: loss = 0.0347
val 6: loss = 1.5090 | acc = 0.8000 | precision = 0.8000 | recall = 0.6667 | f1 = 0.7273 | auc = 0.7778
train 7: loss = 0.0058
val 7: loss = 1.5514 | acc = 0.8000 | precision = 0.8000 | recall = 0.6667 | f1 = 0.7273 | auc = 0.7778
train 8: loss = 0.0043
val 8: loss = 1.5632 | acc = 0.8000 | precision = 0.8000 | recall = 0.6667 | f1 = 0.7273 | auc = 0.7778
train 9: loss = 0.0037
val 9: loss = 1.5875 | acc = 0.8000 | precision = 0.8000 | recall = 0.6667 | f1 = 0.7273 | auc = 0.7778
train 10: loss = 0.0034
val 10: loss = 1.5976 | acc = 0.8000 | precision = 0.8000 | recall = 0.6667 | f1 = 0.7273 | auc = 0.7778
test: loss = 0.1832 | acc = 0.9310 | precision = 0.9091 | recall = 0.9091 | f1 = 0.9091 | auc = 0.9848

extraction = gigapath, seed = 460, fold = 5, lr = 0.0001, weight_decay = 0.001, epochs = 10
train 1: loss = 0.7936
val 1: loss = 1.3474 | acc = 0.4667 | precision = 0.3333 | recall = 1.0000 | f1 = 0.5000 | auc = 0.9318
train 2: loss = 0.2094
val 2: loss = 0.3833 | acc = 0.9333 | precision = 0.8000 | recall = 1.0000 | f1 = 0.8889 | auc = 0.9318
train 3: loss = 0.1854
val 3: loss = 0.4399 | acc = 0.7333 | precision = 0.5000 | recall = 0.2500 | f1 = 0.3333 | auc = 0.9318
train 4: loss = 0.1904
val 4: loss = 0.3027 | acc = 0.9333 | precision = 0.8000 | recall = 1.0000 | f1 = 0.8889 | auc = 0.9545
train 5: loss = 0.1105
val 5: loss = 0.8077 | acc = 0.8000 | precision = 0.6667 | recall = 0.5000 | f1 = 0.5714 | auc = 0.9091
train 6: loss = 0.0349
val 6: loss = 0.5296 | acc = 0.9333 | precision = 0.8000 | recall = 1.0000 | f1 = 0.8889 | auc = 0.9318
train 7: loss = 0.0049
val 7: loss = 0.5503 | acc = 0.9333 | precision = 0.8000 | recall = 1.0000 | f1 = 0.8889 | auc = 0.9318
train 8: loss = 0.0027
val 8: loss = 0.5669 | acc = 0.9333 | precision = 0.8000 | recall = 1.0000 | f1 = 0.8889 | auc = 0.9318
train 9: loss = 0.0023
val 9: loss = 0.5737 | acc = 0.9333 | precision = 0.8000 | recall = 1.0000 | f1 = 0.8889 | auc = 0.9318
train 10: loss = 0.0022
val 10: loss = 0.5765 | acc = 0.9333 | precision = 0.8000 | recall = 1.0000 | f1 = 0.8889 | auc = 0.9318
test: loss = 1.0518 | acc = 0.6897 | precision = 0.5789 | recall = 0.9167 | f1 = 0.7097 | auc = 0.8627

extraction = uni, seed = 460, fold = 1, lr = 0.0001, weight_decay = 0.001, epochs = 10
train 1: loss = 0.7237
val 1: loss = 0.6085 | acc = 0.8000 | precision = 1.0000 | recall = 0.5714 | f1 = 0.7273 | auc = 0.9643
train 2: loss = 0.3690
val 2: loss = 0.3230 | acc = 0.8667 | precision = 1.0000 | recall = 0.7143 | f1 = 0.8333 | auc = 0.9821
train 3: loss = 0.2255
val 3: loss = 0.6843 | acc = 0.8667 | precision = 1.0000 | recall = 0.7143 | f1 = 0.8333 | auc = 0.8571
train 4: loss = 0.1124
val 4: loss = 0.4634 | acc = 0.8667 | precision = 0.8571 | recall = 0.8571 | f1 = 0.8571 | auc = 0.9464
train 5: loss = 0.0247
val 5: loss = 0.4329 | acc = 0.8667 | precision = 0.8571 | recall = 0.8571 | f1 = 0.8571 | auc = 0.9286
train 6: loss = 0.0104
val 6: loss = 0.4928 | acc = 0.8667 | precision = 0.8571 | recall = 0.8571 | f1 = 0.8571 | auc = 0.9286
train 7: loss = 0.0071
val 7: loss = 0.5161 | acc = 0.8667 | precision = 0.8571 | recall = 0.8571 | f1 = 0.8571 | auc = 0.9286
train 8: loss = 0.0055
val 8: loss = 0.5352 | acc = 0.8667 | precision = 0.8571 | recall = 0.8571 | f1 = 0.8571 | auc = 0.9286
train 9: loss = 0.0049
val 9: loss = 0.5528 | acc = 0.8000 | precision = 0.8333 | recall = 0.7143 | f1 = 0.7692 | auc = 0.9286
train 10: loss = 0.0044
val 10: loss = 0.5548 | acc = 0.8000 | precision = 0.8333 | recall = 0.7143 | f1 = 0.7692 | auc = 0.9286
test: loss = 0.7205 | acc = 0.6552 | precision = 0.7333 | recall = 0.6471 | f1 = 0.6875 | auc = 0.8186

extraction = uni, seed = 460, fold = 2, lr = 0.0001, weight_decay = 0.001, epochs = 10
train 1: loss = 0.8525
val 1: loss = 1.0373 | acc = 0.6667 | precision = 1.0000 | recall = 0.2857 | f1 = 0.4444 | auc = 0.8393
train 2: loss = 0.4330
val 2: loss = 0.5902 | acc = 0.8000 | precision = 1.0000 | recall = 0.5714 | f1 = 0.7273 | auc = 0.9286
train 3: loss = 0.2727
val 3: loss = 1.3049 | acc = 0.8000 | precision = 1.0000 | recall = 0.5714 | f1 = 0.7273 | auc = 0.8393
train 4: loss = 0.2023
val 4: loss = 0.6969 | acc = 0.8000 | precision = 0.8333 | recall = 0.7143 | f1 = 0.7692 | auc = 0.8929
train 5: loss = 0.0596
val 5: loss = 0.6705 | acc = 0.8000 | precision = 0.8333 | recall = 0.7143 | f1 = 0.7692 | auc = 0.9107
train 6: loss = 0.0202
val 6: loss = 0.9387 | acc = 0.7333 | precision = 0.8000 | recall = 0.5714 | f1 = 0.6667 | auc = 0.8750
train 7: loss = 0.0094
val 7: loss = 1.0009 | acc = 0.7333 | precision = 0.8000 | recall = 0.5714 | f1 = 0.6667 | auc = 0.8750
train 8: loss = 0.0064
val 8: loss = 1.0667 | acc = 0.7333 | precision = 0.8000 | recall = 0.5714 | f1 = 0.6667 | auc = 0.8750
train 9: loss = 0.0058
val 9: loss = 1.1139 | acc = 0.7333 | precision = 0.8000 | recall = 0.5714 | f1 = 0.6667 | auc = 0.8750
train 10: loss = 0.0050
val 10: loss = 1.1220 | acc = 0.7333 | precision = 0.8000 | recall = 0.5714 | f1 = 0.6667 | auc = 0.8750
test: loss = 0.2477 | acc = 0.8966 | precision = 1.0000 | recall = 0.7273 | f1 = 0.8421 | auc = 0.9646

extraction = uni, seed = 460, fold = 3, lr = 0.0001, weight_decay = 0.001, epochs = 10
train 1: loss = 0.8296
val 1: loss = 0.9964 | acc = 0.7333 | precision = 1.0000 | recall = 0.5000 | f1 = 0.6667 | auc = 0.7321
train 2: loss = 0.3126
val 2: loss = 0.7100 | acc = 0.7333 | precision = 0.8333 | recall = 0.6250 | f1 = 0.7143 | auc = 0.8750
train 3: loss = 0.1705
val 3: loss = 1.8770 | acc = 0.7333 | precision = 1.0000 | recall = 0.5000 | f1 = 0.6667 | auc = 0.8393
train 4: loss = 0.1676
val 4: loss = 1.1183 | acc = 0.7333 | precision = 0.7500 | recall = 0.7500 | f1 = 0.7500 | auc = 0.7857
train 5: loss = 0.0287
val 5: loss = 1.1985 | acc = 0.7333 | precision = 0.7500 | recall = 0.7500 | f1 = 0.7500 | auc = 0.8214
train 6: loss = 0.0104
val 6: loss = 1.3731 | acc = 0.7333 | precision = 0.7500 | recall = 0.7500 | f1 = 0.7500 | auc = 0.7857
train 7: loss = 0.0055
val 7: loss = 1.4477 | acc = 0.7333 | precision = 0.7500 | recall = 0.7500 | f1 = 0.7500 | auc = 0.7857
train 8: loss = 0.0044
val 8: loss = 1.5051 | acc = 0.7333 | precision = 0.7500 | recall = 0.7500 | f1 = 0.7500 | auc = 0.7857
train 9: loss = 0.0038
val 9: loss = 1.5346 | acc = 0.7333 | precision = 0.7500 | recall = 0.7500 | f1 = 0.7500 | auc = 0.7857
train 10: loss = 0.0034
val 10: loss = 1.5447 | acc = 0.7333 | precision = 0.7500 | recall = 0.7500 | f1 = 0.7500 | auc = 0.7857
test: loss = 0.4628 | acc = 0.8276 | precision = 0.8333 | recall = 0.5556 | f1 = 0.6667 | auc = 0.8722

extraction = uni, seed = 460, fold = 4, lr = 0.0001, weight_decay = 0.001, epochs = 10
train 1: loss = 0.8430
val 1: loss = 0.8824 | acc = 0.7333 | precision = 0.7500 | recall = 0.5000 | f1 = 0.6000 | auc = 0.6852
train 2: loss = 0.3158
val 2: loss = 0.6395 | acc = 0.7333 | precision = 0.6667 | recall = 0.6667 | f1 = 0.6667 | auc = 0.8704
train 3: loss = 0.1372
val 3: loss = 1.1108 | acc = 0.8667 | precision = 1.0000 | recall = 0.6667 | f1 = 0.8000 | auc = 0.8333
train 4: loss = 0.0623
val 4: loss = 1.4518 | acc = 0.7333 | precision = 0.6667 | recall = 0.6667 | f1 = 0.6667 | auc = 0.7963
train 5: loss = 0.0104
val 5: loss = 1.5327 | acc = 0.6667 | precision = 0.5714 | recall = 0.6667 | f1 = 0.6154 | auc = 0.8333
train 6: loss = 0.0053
val 6: loss = 1.6241 | acc = 0.6667 | precision = 0.5714 | recall = 0.6667 | f1 = 0.6154 | auc = 0.8148
train 7: loss = 0.0033
val 7: loss = 1.7173 | acc = 0.6667 | precision = 0.5714 | recall = 0.6667 | f1 = 0.6154 | auc = 0.8148
train 8: loss = 0.0027
val 8: loss = 1.7537 | acc = 0.6667 | precision = 0.5714 | recall = 0.6667 | f1 = 0.6154 | auc = 0.8148
train 9: loss = 0.0023
val 9: loss = 1.7716 | acc = 0.6667 | precision = 0.5714 | recall = 0.6667 | f1 = 0.6154 | auc = 0.8148
train 10: loss = 0.0020
val 10: loss = 1.7887 | acc = 0.6667 | precision = 0.5714 | recall = 0.6667 | f1 = 0.6154 | auc = 0.8148
test: loss = 0.5705 | acc = 0.7931 | precision = 0.7273 | recall = 0.7273 | f1 = 0.7273 | auc = 0.8384

extraction = uni, seed = 460, fold = 5, lr = 0.0001, weight_decay = 0.001, epochs = 10
train 1: loss = 0.8849
val 1: loss = 0.3084 | acc = 0.9333 | precision = 1.0000 | recall = 0.7500 | f1 = 0.8571 | auc = 0.9091
train 2: loss = 0.2985
val 2: loss = 0.4201 | acc = 0.8667 | precision = 0.7500 | recall = 0.7500 | f1 = 0.7500 | auc = 0.9545
train 3: loss = 0.2027
val 3: loss = 0.3940 | acc = 0.8667 | precision = 0.7500 | recall = 0.7500 | f1 = 0.7500 | auc = 0.9545
train 4: loss = 0.1116
val 4: loss = 1.2907 | acc = 0.8000 | precision = 0.5714 | recall = 1.0000 | f1 = 0.7273 | auc = 0.8864
train 5: loss = 0.0334
val 5: loss = 0.8292 | acc = 0.8000 | precision = 0.6000 | recall = 0.7500 | f1 = 0.6667 | auc = 0.9091
train 6: loss = 0.0083
val 6: loss = 0.6956 | acc = 0.8000 | precision = 0.6000 | recall = 0.7500 | f1 = 0.6667 | auc = 0.9545
train 7: loss = 0.0038
val 7: loss = 0.7261 | acc = 0.8000 | precision = 0.6000 | recall = 0.7500 | f1 = 0.6667 | auc = 0.9091
train 8: loss = 0.0031
val 8: loss = 0.7404 | acc = 0.8000 | precision = 0.6000 | recall = 0.7500 | f1 = 0.6667 | auc = 0.9091
train 9: loss = 0.0027
val 9: loss = 0.7568 | acc = 0.8000 | precision = 0.6000 | recall = 0.7500 | f1 = 0.6667 | auc = 0.9091
train 10: loss = 0.0025
val 10: loss = 0.7618 | acc = 0.8000 | precision = 0.6000 | recall = 0.7500 | f1 = 0.6667 | auc = 0.9091
test: loss = 0.7528 | acc = 0.6897 | precision = 0.6667 | recall = 0.5000 | f1 = 0.5714 | auc = 0.7157

extraction = resnet50, seed = 460, fold = 1, lr = 0.0001, weight_decay = 0.001, epochs = 10
train 1: loss = 1.0281
val 1: loss = 0.6641 | acc = 0.5333 | precision = 0.0000 | recall = 0.0000 | f1 = 0.0000 | auc = 0.6964
train 2: loss = 0.8233
val 2: loss = 1.1759 | acc = 0.5333 | precision = 0.0000 | recall = 0.0000 | f1 = 0.0000 | auc = 0.7857
train 3: loss = 0.7223
val 3: loss = 0.8910 | acc = 0.5333 | precision = 0.0000 | recall = 0.0000 | f1 = 0.0000 | auc = 0.7321
train 4: loss = 0.6808
val 4: loss = 0.6285 | acc = 0.6000 | precision = 0.5556 | recall = 0.7143 | f1 = 0.6250 | auc = 0.7321
train 5: loss = 0.5680
val 5: loss = 0.7169 | acc = 0.6000 | precision = 1.0000 | recall = 0.1429 | f1 = 0.2500 | auc = 0.7500
train 6: loss = 0.5203
val 6: loss = 0.9624 | acc = 0.5333 | precision = 0.0000 | recall = 0.0000 | f1 = 0.0000 | auc = 0.7500
train 7: loss = 0.4271
val 7: loss = 0.6578 | acc = 0.6667 | precision = 0.7500 | recall = 0.4286 | f1 = 0.5455 | auc = 0.7500
train 8: loss = 0.3683
val 8: loss = 0.8907 | acc = 0.6667 | precision = 1.0000 | recall = 0.2857 | f1 = 0.4444 | auc = 0.7857
train 9: loss = 0.3163
val 9: loss = 0.6662 | acc = 0.5333 | precision = 0.5000 | recall = 0.4286 | f1 = 0.4615 | auc = 0.7679
train 10: loss = 0.2844
val 10: loss = 0.6649 | acc = 0.6000 | precision = 0.5714 | recall = 0.5714 | f1 = 0.5714 | auc = 0.7679
test: loss = 0.5795 | acc = 0.6897 | precision = 0.6818 | recall = 0.8824 | f1 = 0.7692 | auc = 0.7647

extraction = resnet50, seed = 460, fold = 2, lr = 0.0001, weight_decay = 0.001, epochs = 10
train 1: loss = 1.2882
val 1: loss = 0.8316 | acc = 0.5333 | precision = 0.0000 | recall = 0.0000 | f1 = 0.0000 | auc = 0.6786
train 2: loss = 0.7919
val 2: loss = 0.8086 | acc = 0.5333 | precision = 0.0000 | recall = 0.0000 | f1 = 0.0000 | auc = 0.6250
train 3: loss = 0.7388
val 3: loss = 0.7945 | acc = 0.5333 | precision = 0.0000 | recall = 0.0000 | f1 = 0.0000 | auc = 0.6250
train 4: loss = 0.6934
val 4: loss = 0.7428 | acc = 0.5333 | precision = 0.5000 | recall = 1.0000 | f1 = 0.6667 | auc = 0.6786
train 5: loss = 0.6418
val 5: loss = 0.7836 | acc = 0.5333 | precision = 0.0000 | recall = 0.0000 | f1 = 0.0000 | auc = 0.6786
train 6: loss = 0.5700
val 6: loss = 0.8828 | acc = 0.5333 | precision = 0.0000 | recall = 0.0000 | f1 = 0.0000 | auc = 0.6607
train 7: loss = 0.5185
val 7: loss = 0.7290 | acc = 0.4667 | precision = 0.3333 | recall = 0.1429 | f1 = 0.2000 | auc = 0.6429
train 8: loss = 0.4191
val 8: loss = 0.7292 | acc = 0.5333 | precision = 0.5000 | recall = 0.2857 | f1 = 0.3636 | auc = 0.7321
train 9: loss = 0.3550
val 9: loss = 0.6950 | acc = 0.5333 | precision = 0.5000 | recall = 0.2857 | f1 = 0.3636 | auc = 0.7143
train 10: loss = 0.3141
val 10: loss = 0.6583 | acc = 0.6667 | precision = 0.6667 | recall = 0.5714 | f1 = 0.6154 | auc = 0.7143
test: loss = 0.3744 | acc = 0.7931 | precision = 0.7273 | recall = 0.7273 | f1 = 0.7273 | auc = 0.8939

extraction = resnet50, seed = 460, fold = 3, lr = 0.0001, weight_decay = 0.001, epochs = 10
train 1: loss = 1.3148
val 1: loss = 0.6711 | acc = 0.5333 | precision = 1.0000 | recall = 0.1250 | f1 = 0.2222 | auc = 0.7143
train 2: loss = 0.7231
val 2: loss = 0.7947 | acc = 0.4667 | precision = 0.0000 | recall = 0.0000 | f1 = 0.0000 | auc = 0.7857
train 3: loss = 0.6676
val 3: loss = 0.6728 | acc = 0.6000 | precision = 1.0000 | recall = 0.2500 | f1 = 0.4000 | auc = 0.7857
train 4: loss = 0.6095
val 4: loss = 0.5937 | acc = 0.6000 | precision = 0.6667 | recall = 0.5000 | f1 = 0.5714 | auc = 0.7679
train 5: loss = 0.6200
val 5: loss = 0.5771 | acc = 0.7333 | precision = 0.7000 | recall = 0.8750 | f1 = 0.7778 | auc = 0.7500
train 6: loss = 0.4794
val 6: loss = 0.5610 | acc = 0.6000 | precision = 0.6250 | recall = 0.6250 | f1 = 0.6250 | auc = 0.7679
train 7: loss = 0.4154
val 7: loss = 0.6901 | acc = 0.6000 | precision = 0.7500 | recall = 0.3750 | f1 = 0.5000 | auc = 0.7143
train 8: loss = 0.3564
val 8: loss = 0.6568 | acc = 0.5333 | precision = 0.6000 | recall = 0.3750 | f1 = 0.4615 | auc = 0.7143
train 9: loss = 0.3389
val 9: loss = 0.8021 | acc = 0.7333 | precision = 0.6667 | recall = 1.0000 | f1 = 0.8000 | auc = 0.6964
train 10: loss = 0.2761
val 10: loss = 0.6528 | acc = 0.6000 | precision = 0.6000 | recall = 0.7500 | f1 = 0.6667 | auc = 0.6607
test: loss = 0.5261 | acc = 0.7931 | precision = 0.6364 | recall = 0.7778 | f1 = 0.7000 | auc = 0.7833

extraction = resnet50, seed = 460, fold = 4, lr = 0.0001, weight_decay = 0.001, epochs = 10
train 1: loss = 1.2393
val 1: loss = 0.8293 | acc = 0.6000 | precision = 0.0000 | recall = 0.0000 | f1 = 0.0000 | auc = 0.7593
train 2: loss = 0.7264
val 2: loss = 0.6015 | acc = 0.6000 | precision = 0.0000 | recall = 0.0000 | f1 = 0.0000 | auc = 0.8148
train 3: loss = 0.7121
val 3: loss = 0.5899 | acc = 0.7333 | precision = 0.6667 | recall = 0.6667 | f1 = 0.6667 | auc = 0.8148
train 4: loss = 0.6113
val 4: loss = 0.5602 | acc = 0.6000 | precision = 0.0000 | recall = 0.0000 | f1 = 0.0000 | auc = 0.8889
train 5: loss = 0.7167
val 5: loss = 0.4939 | acc = 0.8000 | precision = 0.8000 | recall = 0.6667 | f1 = 0.7273 | auc = 0.9074
train 6: loss = 0.5292
val 6: loss = 0.5120 | acc = 0.7333 | precision = 0.6000 | recall = 1.0000 | f1 = 0.7500 | auc = 0.9074
train 7: loss = 0.4562
val 7: loss = 0.4375 | acc = 0.7333 | precision = 1.0000 | recall = 0.3333 | f1 = 0.5000 | auc = 0.9444
train 8: loss = 0.3984
val 8: loss = 0.3756 | acc = 0.7333 | precision = 0.6250 | recall = 0.8333 | f1 = 0.7143 | auc = 0.9444
train 9: loss = 0.3442
val 9: loss = 0.4532 | acc = 0.8000 | precision = 0.6667 | recall = 1.0000 | f1 = 0.8000 | auc = 0.9444
train 10: loss = 0.2794
val 10: loss = 0.3828 | acc = 0.7333 | precision = 0.6250 | recall = 0.8333 | f1 = 0.7143 | auc = 0.9259
test: loss = 0.4570 | acc = 0.7586 | precision = 0.7500 | recall = 0.5455 | f1 = 0.6316 | auc = 0.8485

extraction = resnet50, seed = 460, fold = 5, lr = 0.0001, weight_decay = 0.001, epochs = 10
train 1: loss = 1.3580
val 1: loss = 0.7131 | acc = 0.7333 | precision = 0.0000 | recall = 0.0000 | f1 = 0.0000 | auc = 0.6591
train 2: loss = 0.8296
val 2: loss = 0.5821 | acc = 0.7333 | precision = 0.0000 | recall = 0.0000 | f1 = 0.0000 | auc = 0.8182
train 3: loss = 0.7502
val 3: loss = 0.5928 | acc = 0.7333 | precision = 0.5000 | recall = 0.2500 | f1 = 0.3333 | auc = 0.7727
train 4: loss = 0.6427
val 4: loss = 0.6527 | acc = 0.6667 | precision = 0.4444 | recall = 1.0000 | f1 = 0.6154 | auc = 0.8636
train 5: loss = 0.7213
val 5: loss = 0.7793 | acc = 0.3333 | precision = 0.2857 | recall = 1.0000 | f1 = 0.4444 | auc = 0.8636
train 6: loss = 0.7030
val 6: loss = 0.4548 | acc = 0.8667 | precision = 1.0000 | recall = 0.5000 | f1 = 0.6667 | auc = 0.9545
train 7: loss = 0.5178
val 7: loss = 0.3973 | acc = 0.8667 | precision = 0.6667 | recall = 1.0000 | f1 = 0.8000 | auc = 0.9318
train 8: loss = 0.4534
val 8: loss = 0.3549 | acc = 0.8667 | precision = 0.6667 | recall = 1.0000 | f1 = 0.8000 | auc = 0.9773
train 9: loss = 0.4042
val 9: loss = 0.3651 | acc = 0.8667 | precision = 0.6667 | recall = 1.0000 | f1 = 0.8000 | auc = 0.9545
train 10: loss = 0.3353
val 10: loss = 0.3013 | acc = 0.9333 | precision = 0.8000 | recall = 1.0000 | f1 = 0.8889 | auc = 0.9545
test: loss = 0.6350 | acc = 0.6207 | precision = 0.5385 | recall = 0.5833 | f1 = 0.5600 | auc = 0.7402

extraction = gigapath, seed = 2025, fold = 1, lr = 0.0001, weight_decay = 0.001, epochs = 10
train 1: loss = 0.8292
val 1: loss = 0.2757 | acc = 1.0000 | precision = 1.0000 | recall = 1.0000 | f1 = 1.0000 | auc = 1.0000
train 2: loss = 0.3952
val 2: loss = 0.6461 | acc = 0.7619 | precision = 0.6667 | recall = 0.8889 | f1 = 0.7619 | auc = 0.9167
train 3: loss = 0.2025
val 3: loss = 0.2608 | acc = 0.8571 | precision = 0.8000 | recall = 0.8889 | f1 = 0.8421 | auc = 0.9722
train 4: loss = 0.0942
val 4: loss = 0.6417 | acc = 0.8571 | precision = 1.0000 | recall = 0.6667 | f1 = 0.8000 | auc = 0.9352
train 5: loss = 0.0404
val 5: loss = 1.2426 | acc = 0.7143 | precision = 1.0000 | recall = 0.3333 | f1 = 0.5000 | auc = 0.9722
train 6: loss = 0.0434
val 6: loss = 0.4227 | acc = 0.8095 | precision = 0.7778 | recall = 0.7778 | f1 = 0.7778 | auc = 0.9167
train 7: loss = 0.0054
val 7: loss = 0.4946 | acc = 0.8571 | precision = 0.8750 | recall = 0.7778 | f1 = 0.8235 | auc = 0.9167
train 8: loss = 0.0030
val 8: loss = 0.4785 | acc = 0.8571 | precision = 0.8750 | recall = 0.7778 | f1 = 0.8235 | auc = 0.9167
train 9: loss = 0.0024
val 9: loss = 0.4867 | acc = 0.8571 | precision = 0.8750 | recall = 0.7778 | f1 = 0.8235 | auc = 0.9167
train 10: loss = 0.0022
val 10: loss = 0.4850 | acc = 0.8571 | precision = 0.8750 | recall = 0.7778 | f1 = 0.8235 | auc = 0.9167
test: loss = 0.7203 | acc = 0.7317 | precision = 0.6111 | recall = 0.7333 | f1 = 0.6667 | auc = 0.8359

extraction = gigapath, seed = 2025, fold = 2, lr = 0.0001, weight_decay = 0.001, epochs = 10
train 1: loss = 0.8951
val 1: loss = 0.4149 | acc = 0.8095 | precision = 0.6923 | recall = 1.0000 | f1 = 0.8182 | auc = 0.9815
train 2: loss = 0.3535
val 2: loss = 0.9394 | acc = 0.7143 | precision = 0.6154 | recall = 0.8889 | f1 = 0.7273 | auc = 0.8981
train 3: loss = 0.2397
val 3: loss = 0.1456 | acc = 0.9048 | precision = 1.0000 | recall = 0.7778 | f1 = 0.8750 | auc = 1.0000
train 4: loss = 0.1509
val 4: loss = 0.6676 | acc = 0.7143 | precision = 1.0000 | recall = 0.3333 | f1 = 0.5000 | auc = 0.9907
train 5: loss = 0.0564
val 5: loss = 0.1338 | acc = 0.9048 | precision = 1.0000 | recall = 0.7778 | f1 = 0.8750 | auc = 1.0000
train 6: loss = 0.0355
val 6: loss = 0.1670 | acc = 0.9524 | precision = 1.0000 | recall = 0.8889 | f1 = 0.9412 | auc = 0.9815
train 7: loss = 0.0090
val 7: loss = 0.2062 | acc = 0.9524 | precision = 1.0000 | recall = 0.8889 | f1 = 0.9412 | auc = 0.9815
train 8: loss = 0.0054
val 8: loss = 0.2094 | acc = 0.9524 | precision = 1.0000 | recall = 0.8889 | f1 = 0.9412 | auc = 0.9722
train 9: loss = 0.0046
val 9: loss = 0.2127 | acc = 0.9524 | precision = 1.0000 | recall = 0.8889 | f1 = 0.9412 | auc = 0.9630
train 10: loss = 0.0040
val 10: loss = 0.2178 | acc = 0.9524 | precision = 1.0000 | recall = 0.8889 | f1 = 0.9412 | auc = 0.9630
test: loss = 0.9104 | acc = 0.7805 | precision = 0.5714 | recall = 0.7273 | f1 = 0.6400 | auc = 0.7909

extraction = gigapath, seed = 2025, fold = 3, lr = 0.0001, weight_decay = 0.001, epochs = 10
train 1: loss = 0.9540
val 1: loss = 0.4748 | acc = 0.7619 | precision = 0.6364 | recall = 0.8750 | f1 = 0.7368 | auc = 0.8846
train 2: loss = 0.4550
val 2: loss = 0.6501 | acc = 0.6667 | precision = 0.5455 | recall = 0.7500 | f1 = 0.6316 | auc = 0.8365
train 3: loss = 0.2470
val 3: loss = 0.4623 | acc = 0.8095 | precision = 0.7000 | recall = 0.8750 | f1 = 0.7778 | auc = 0.9423
train 4: loss = 0.1230
val 4: loss = 0.9096 | acc = 0.6667 | precision = 0.6667 | recall = 0.2500 | f1 = 0.3636 | auc = 0.9038
train 5: loss = 0.0675
val 5: loss = 0.2023 | acc = 0.8571 | precision = 0.7778 | recall = 0.8750 | f1 = 0.8235 | auc = 0.9808
train 6: loss = 0.0146
val 6: loss = 0.3111 | acc = 0.8571 | precision = 0.7778 | recall = 0.8750 | f1 = 0.8235 | auc = 0.9519
train 7: loss = 0.0058
val 7: loss = 0.2937 | acc = 0.8571 | precision = 0.7778 | recall = 0.8750 | f1 = 0.8235 | auc = 0.9615
train 8: loss = 0.0040
val 8: loss = 0.2967 | acc = 0.8571 | precision = 0.7778 | recall = 0.8750 | f1 = 0.8235 | auc = 0.9519
train 9: loss = 0.0035
val 9: loss = 0.2952 | acc = 0.8571 | precision = 0.7778 | recall = 0.8750 | f1 = 0.8235 | auc = 0.9519
train 10: loss = 0.0030
val 10: loss = 0.2963 | acc = 0.8571 | precision = 0.7778 | recall = 0.8750 | f1 = 0.8235 | auc = 0.9519
test: loss = 0.4222 | acc = 0.8537 | precision = 0.8235 | recall = 0.8235 | f1 = 0.8235 | auc = 0.9265

extraction = gigapath, seed = 2025, fold = 4, lr = 0.0001, weight_decay = 0.001, epochs = 10
train 1: loss = 0.9300
val 1: loss = 0.6088 | acc = 0.7143 | precision = 0.6000 | recall = 1.0000 | f1 = 0.7500 | auc = 0.9444
train 2: loss = 0.4941
val 2: loss = 0.3828 | acc = 0.8095 | precision = 0.8571 | recall = 0.6667 | f1 = 0.7500 | auc = 0.9444
train 3: loss = 0.2102
val 3: loss = 0.4980 | acc = 0.8571 | precision = 0.8750 | recall = 0.7778 | f1 = 0.8235 | auc = 0.8611
train 4: loss = 0.1838
val 4: loss = 0.6863 | acc = 0.9048 | precision = 0.8889 | recall = 0.8889 | f1 = 0.8889 | auc = 0.8519
train 5: loss = 0.0623
val 5: loss = 0.4587 | acc = 0.9048 | precision = 1.0000 | recall = 0.7778 | f1 = 0.8750 | auc = 0.8889
train 6: loss = 0.0156
val 6: loss = 0.4587 | acc = 0.8571 | precision = 0.8750 | recall = 0.7778 | f1 = 0.8235 | auc = 0.8889
train 7: loss = 0.0069
val 7: loss = 0.4581 | acc = 0.8571 | precision = 0.8750 | recall = 0.7778 | f1 = 0.8235 | auc = 0.8889
train 8: loss = 0.0055
val 8: loss = 0.4823 | acc = 0.9048 | precision = 1.0000 | recall = 0.7778 | f1 = 0.8750 | auc = 0.8889
train 9: loss = 0.0044
val 9: loss = 0.4818 | acc = 0.9048 | precision = 1.0000 | recall = 0.7778 | f1 = 0.8750 | auc = 0.8889
train 10: loss = 0.0040
val 10: loss = 0.4776 | acc = 0.9048 | precision = 1.0000 | recall = 0.7778 | f1 = 0.8750 | auc = 0.8889
test: loss = 0.4832 | acc = 0.8049 | precision = 0.8571 | recall = 0.4615 | f1 = 0.6000 | auc = 0.8269

extraction = gigapath, seed = 2025, fold = 5, lr = 0.0001, weight_decay = 0.001, epochs = 10
train 1: loss = 0.9447
val 1: loss = 0.3752 | acc = 0.8571 | precision = 1.0000 | recall = 0.7000 | f1 = 0.8235 | auc = 0.9727
train 2: loss = 0.4230
val 2: loss = 0.5266 | acc = 0.8095 | precision = 1.0000 | recall = 0.6000 | f1 = 0.7500 | auc = 0.8818
train 3: loss = 0.2980
val 3: loss = 0.8618 | acc = 0.8095 | precision = 1.0000 | recall = 0.6000 | f1 = 0.7500 | auc = 0.8636
train 4: loss = 0.1342
val 4: loss = 0.7719 | acc = 0.8095 | precision = 0.8750 | recall = 0.7000 | f1 = 0.7778 | auc = 0.8727
train 5: loss = 0.0319
val 5: loss = 0.7218 | acc = 0.8095 | precision = 1.0000 | recall = 0.6000 | f1 = 0.7500 | auc = 0.8727
train 6: loss = 0.0137
val 6: loss = 0.9705 | acc = 0.8095 | precision = 1.0000 | recall = 0.6000 | f1 = 0.7500 | auc = 0.8727
train 7: loss = 0.0092
val 7: loss = 0.8571 | acc = 0.8095 | precision = 1.0000 | recall = 0.6000 | f1 = 0.7500 | auc = 0.8636
train 8: loss = 0.0057
val 8: loss = 0.8610 | acc = 0.8095 | precision = 1.0000 | recall = 0.6000 | f1 = 0.7500 | auc = 0.8636
train 9: loss = 0.0043
val 9: loss = 0.9034 | acc = 0.8095 | precision = 1.0000 | recall = 0.6000 | f1 = 0.7500 | auc = 0.8636
train 10: loss = 0.0047
val 10: loss = 0.9094 | acc = 0.8095 | precision = 1.0000 | recall = 0.6000 | f1 = 0.7500 | auc = 0.8636
test: loss = 0.4483 | acc = 0.7750 | precision = 0.6154 | recall = 0.6667 | f1 = 0.6400 | auc = 0.8720

extraction = uni, seed = 2025, fold = 1, lr = 0.0001, weight_decay = 0.001, epochs = 10
train 1: loss = 0.6516
val 1: loss = 0.5695 | acc = 0.7619 | precision = 1.0000 | recall = 0.4444 | f1 = 0.6154 | auc = 0.9630
train 2: loss = 0.3886
val 2: loss = 0.2660 | acc = 0.8571 | precision = 1.0000 | recall = 0.6667 | f1 = 0.8000 | auc = 1.0000
train 3: loss = 0.1883
val 3: loss = 0.1964 | acc = 0.9048 | precision = 0.8182 | recall = 1.0000 | f1 = 0.9000 | auc = 0.9630
train 4: loss = 0.0957
val 4: loss = 0.4562 | acc = 0.9048 | precision = 1.0000 | recall = 0.7778 | f1 = 0.8750 | auc = 1.0000
train 5: loss = 0.0205
val 5: loss = 0.4795 | acc = 0.9048 | precision = 1.0000 | recall = 0.7778 | f1 = 0.8750 | auc = 0.9815
train 6: loss = 0.0084
val 6: loss = 0.3185 | acc = 0.9048 | precision = 1.0000 | recall = 0.7778 | f1 = 0.8750 | auc = 0.9815
train 7: loss = 0.0042
val 7: loss = 0.3707 | acc = 0.9048 | precision = 1.0000 | recall = 0.7778 | f1 = 0.8750 | auc = 0.9722
train 8: loss = 0.0038
val 8: loss = 0.3730 | acc = 0.9048 | precision = 1.0000 | recall = 0.7778 | f1 = 0.8750 | auc = 0.9722
train 9: loss = 0.0031
val 9: loss = 0.3858 | acc = 0.9048 | precision = 1.0000 | recall = 0.7778 | f1 = 0.8750 | auc = 0.9722
train 10: loss = 0.0028
val 10: loss = 0.3850 | acc = 0.9048 | precision = 1.0000 | recall = 0.7778 | f1 = 0.8750 | auc = 0.9722
test: loss = 1.0993 | acc = 0.7073 | precision = 0.6154 | recall = 0.5333 | f1 = 0.5714 | auc = 0.7872

extraction = uni, seed = 2025, fold = 2, lr = 0.0001, weight_decay = 0.001, epochs = 10
train 1: loss = 0.6717
val 1: loss = 0.6182 | acc = 0.7619 | precision = 1.0000 | recall = 0.4444 | f1 = 0.6154 | auc = 0.9074
train 2: loss = 0.3692
val 2: loss = 0.1796 | acc = 0.9524 | precision = 0.9000 | recall = 1.0000 | f1 = 0.9474 | auc = 1.0000
train 3: loss = 0.2675
val 3: loss = 0.1721 | acc = 0.9524 | precision = 1.0000 | recall = 0.8889 | f1 = 0.9412 | auc = 0.9722
train 4: loss = 0.1603
val 4: loss = 0.1898 | acc = 0.8571 | precision = 1.0000 | recall = 0.6667 | f1 = 0.8000 | auc = 1.0000
train 5: loss = 0.0706
val 5: loss = 0.2955 | acc = 0.9048 | precision = 1.0000 | recall = 0.7778 | f1 = 0.8750 | auc = 0.9907
train 6: loss = 0.0425
val 6: loss = 0.1470 | acc = 0.9524 | precision = 0.9000 | recall = 1.0000 | f1 = 0.9474 | auc = 1.0000
train 7: loss = 0.0169
val 7: loss = 0.1099 | acc = 0.9524 | precision = 1.0000 | recall = 0.8889 | f1 = 0.9412 | auc = 0.9907
train 8: loss = 0.0079
val 8: loss = 0.1249 | acc = 0.9524 | precision = 1.0000 | recall = 0.8889 | f1 = 0.9412 | auc = 0.9907
train 9: loss = 0.0062
val 9: loss = 0.0965 | acc = 0.9524 | precision = 1.0000 | recall = 0.8889 | f1 = 0.9412 | auc = 0.9907
train 10: loss = 0.0050
val 10: loss = 0.0985 | acc = 0.9524 | precision = 1.0000 | recall = 0.8889 | f1 = 0.9412 | auc = 0.9907
test: loss = 1.1583 | acc = 0.7561 | precision = 0.5455 | recall = 0.5455 | f1 = 0.5455 | auc = 0.7909

extraction = uni, seed = 2025, fold = 3, lr = 0.0001, weight_decay = 0.001, epochs = 10
train 1: loss = 0.7507
val 1: loss = 0.4733 | acc = 0.9048 | precision = 1.0000 | recall = 0.7500 | f1 = 0.8571 | auc = 0.8654
train 2: loss = 0.3920
val 2: loss = 0.6010 | acc = 0.8571 | precision = 0.8571 | recall = 0.7500 | f1 = 0.8000 | auc = 0.8269
train 3: loss = 0.3455
val 3: loss = 0.8091 | acc = 0.8095 | precision = 0.8333 | recall = 0.6250 | f1 = 0.7143 | auc = 0.7404
train 4: loss = 0.1903
val 4: loss = 0.5667 | acc = 0.7619 | precision = 0.8000 | recall = 0.5000 | f1 = 0.6154 | auc = 0.8846
train 5: loss = 0.0334
val 5: loss = 0.7039 | acc = 0.7619 | precision = 0.7143 | recall = 0.6250 | f1 = 0.6667 | auc = 0.8077
train 6: loss = 0.0180
val 6: loss = 0.7252 | acc = 0.7619 | precision = 0.7143 | recall = 0.6250 | f1 = 0.6667 | auc = 0.8173
train 7: loss = 0.0093
val 7: loss = 0.7998 | acc = 0.7143 | precision = 0.6250 | recall = 0.6250 | f1 = 0.6250 | auc = 0.8173
train 8: loss = 0.0072
val 8: loss = 0.8263 | acc = 0.7143 | precision = 0.6250 | recall = 0.6250 | f1 = 0.6250 | auc = 0.8173
train 9: loss = 0.0060
val 9: loss = 0.8553 | acc = 0.7143 | precision = 0.6250 | recall = 0.6250 | f1 = 0.6250 | auc = 0.8173
train 10: loss = 0.0052
val 10: loss = 0.8708 | acc = 0.7143 | precision = 0.6250 | recall = 0.6250 | f1 = 0.6250 | auc = 0.8173
test: loss = 0.4927 | acc = 0.7805 | precision = 0.8333 | recall = 0.5882 | f1 = 0.6897 | auc = 0.8676

extraction = uni, seed = 2025, fold = 4, lr = 0.0001, weight_decay = 0.001, epochs = 10
train 1: loss = 0.8060
val 1: loss = 0.3631 | acc = 0.8571 | precision = 0.8000 | recall = 0.8889 | f1 = 0.8421 | auc = 0.9167
train 2: loss = 0.4598
val 2: loss = 0.5102 | acc = 0.7619 | precision = 0.6667 | recall = 0.8889 | f1 = 0.7619 | auc = 0.9167
train 3: loss = 0.2579
val 3: loss = 0.8524 | acc = 0.9048 | precision = 1.0000 | recall = 0.7778 | f1 = 0.8750 | auc = 0.8704
train 4: loss = 0.1930
val 4: loss = 0.5285 | acc = 0.8571 | precision = 0.8750 | recall = 0.7778 | f1 = 0.8235 | auc = 0.8426
train 5: loss = 0.0527
val 5: loss = 0.9669 | acc = 0.8095 | precision = 1.0000 | recall = 0.5556 | f1 = 0.7143 | auc = 0.8519
train 6: loss = 0.0299
val 6: loss = 0.7985 | acc = 0.8571 | precision = 1.0000 | recall = 0.6667 | f1 = 0.8000 | auc = 0.8519
train 7: loss = 0.0109
val 7: loss = 0.7297 | acc = 0.8571 | precision = 1.0000 | recall = 0.6667 | f1 = 0.8000 | auc = 0.8611
train 8: loss = 0.0060
val 8: loss = 0.8583 | acc = 0.8095 | precision = 1.0000 | recall = 0.5556 | f1 = 0.7143 | auc = 0.8611
train 9: loss = 0.0056
val 9: loss = 0.8388 | acc = 0.8095 | precision = 1.0000 | recall = 0.5556 | f1 = 0.7143 | auc = 0.8611
train 10: loss = 0.0048
val 10: loss = 0.8528 | acc = 0.8095 | precision = 1.0000 | recall = 0.5556 | f1 = 0.7143 | auc = 0.8611
test: loss = 0.4336 | acc = 0.8049 | precision = 0.6667 | recall = 0.7692 | f1 = 0.7143 | auc = 0.9093

extraction = uni, seed = 2025, fold = 5, lr = 0.0001, weight_decay = 0.001, epochs = 10
train 1: loss = 0.8175
val 1: loss = 0.5862 | acc = 0.7143 | precision = 0.8333 | recall = 0.5000 | f1 = 0.6250 | auc = 0.8818
train 2: loss = 0.4845
val 2: loss = 0.3728 | acc = 0.7619 | precision = 0.7273 | recall = 0.8000 | f1 = 0.7619 | auc = 0.9182
train 3: loss = 0.3712
val 3: loss = 0.5176 | acc = 0.8571 | precision = 1.0000 | recall = 0.7000 | f1 = 0.8235 | auc = 0.9000
train 4: loss = 0.2197
val 4: loss = 1.2242 | acc = 0.6667 | precision = 1.0000 | recall = 0.3000 | f1 = 0.4615 | auc = 0.8636
train 5: loss = 0.1255
val 5: loss = 1.1488 | acc = 0.8095 | precision = 1.0000 | recall = 0.6000 | f1 = 0.7500 | auc = 0.8273
train 6: loss = 0.0300
val 6: loss = 0.7447 | acc = 0.8571 | precision = 1.0000 | recall = 0.7000 | f1 = 0.8235 | auc = 0.8364
train 7: loss = 0.0148
val 7: loss = 0.8667 | acc = 0.8571 | precision = 1.0000 | recall = 0.7000 | f1 = 0.8235 | auc = 0.8091
train 8: loss = 0.0098
val 8: loss = 0.9540 | acc = 0.8095 | precision = 1.0000 | recall = 0.6000 | f1 = 0.7500 | auc = 0.8182
train 9: loss = 0.0080
val 9: loss = 0.9758 | acc = 0.8095 | precision = 1.0000 | recall = 0.6000 | f1 = 0.7500 | auc = 0.8091
train 10: loss = 0.0074
val 10: loss = 0.9764 | acc = 0.8095 | precision = 1.0000 | recall = 0.6000 | f1 = 0.7500 | auc = 0.8091
test: loss = 0.3436 | acc = 0.8500 | precision = 0.6667 | recall = 1.0000 | f1 = 0.8000 | auc = 0.9673

extraction = resnet50, seed = 2025, fold = 1, lr = 0.0001, weight_decay = 0.001, epochs = 10
train 1: loss = 0.8813
val 1: loss = 0.6457 | acc = 0.7143 | precision = 0.6000 | recall = 1.0000 | f1 = 0.7500 | auc = 0.7500
train 2: loss = 0.7995
val 2: loss = 0.6125 | acc = 0.5714 | precision = 0.5000 | recall = 0.2222 | f1 = 0.3077 | auc = 0.7870
train 3: loss = 0.6715
val 3: loss = 0.7651 | acc = 0.5714 | precision = 0.0000 | recall = 0.0000 | f1 = 0.0000 | auc = 0.8241
train 4: loss = 0.6554
val 4: loss = 0.5460 | acc = 0.7143 | precision = 1.0000 | recall = 0.3333 | f1 = 0.5000 | auc = 0.8796
train 5: loss = 0.5647
val 5: loss = 1.5325 | acc = 0.5714 | precision = 0.0000 | recall = 0.0000 | f1 = 0.0000 | auc = 0.8611
train 6: loss = 0.4995
val 6: loss = 0.7967 | acc = 0.6190 | precision = 1.0000 | recall = 0.1111 | f1 = 0.2000 | auc = 0.8611
train 7: loss = 0.4543
val 7: loss = 0.4749 | acc = 0.7143 | precision = 1.0000 | recall = 0.3333 | f1 = 0.5000 | auc = 0.9167
train 8: loss = 0.3500
val 8: loss = 0.3266 | acc = 0.8095 | precision = 1.0000 | recall = 0.5556 | f1 = 0.7143 | auc = 1.0000
train 9: loss = 0.2938
val 9: loss = 0.2907 | acc = 0.9048 | precision = 1.0000 | recall = 0.7778 | f1 = 0.8750 | auc = 0.9630
train 10: loss = 0.2405
val 10: loss = 0.3449 | acc = 0.8095 | precision = 1.0000 | recall = 0.5556 | f1 = 0.7143 | auc = 0.9537
test: loss = 0.6921 | acc = 0.6585 | precision = 0.5455 | recall = 0.4000 | f1 = 0.4615 | auc = 0.7077

extraction = resnet50, seed = 2025, fold = 2, lr = 0.0001, weight_decay = 0.001, epochs = 10
train 1: loss = 0.9184
val 1: loss = 0.6444 | acc = 0.6667 | precision = 0.5714 | recall = 0.8889 | f1 = 0.6957 | auc = 0.7037
train 2: loss = 0.7788
val 2: loss = 0.7094 | acc = 0.5238 | precision = 0.4737 | recall = 1.0000 | f1 = 0.6429 | auc = 0.7685
train 3: loss = 0.7248
val 3: loss = 0.6208 | acc = 0.5714 | precision = 0.0000 | recall = 0.0000 | f1 = 0.0000 | auc = 0.8426
train 4: loss = 0.7963
val 4: loss = 0.8660 | acc = 0.5714 | precision = 0.0000 | recall = 0.0000 | f1 = 0.0000 | auc = 0.8889
train 5: loss = 0.6317
val 5: loss = 1.2343 | acc = 0.5714 | precision = 0.0000 | recall = 0.0000 | f1 = 0.0000 | auc = 0.8704
train 6: loss = 0.5577
val 6: loss = 0.4651 | acc = 0.8095 | precision = 0.7778 | recall = 0.7778 | f1 = 0.7778 | auc = 0.8889
train 7: loss = 0.4989
val 7: loss = 0.4266 | acc = 0.9048 | precision = 1.0000 | recall = 0.7778 | f1 = 0.8750 | auc = 0.9074
train 8: loss = 0.4076
val 8: loss = 0.4427 | acc = 0.8571 | precision = 1.0000 | recall = 0.6667 | f1 = 0.8000 | auc = 0.8981
train 9: loss = 0.3774
val 9: loss = 0.3855 | acc = 0.8095 | precision = 0.7273 | recall = 0.8889 | f1 = 0.8000 | auc = 0.9167
train 10: loss = 0.3201
val 10: loss = 0.3644 | acc = 0.9048 | precision = 0.8889 | recall = 0.8889 | f1 = 0.8889 | auc = 0.8981
test: loss = 0.5577 | acc = 0.6829 | precision = 0.4286 | recall = 0.5455 | f1 = 0.4800 | auc = 0.7667

extraction = resnet50, seed = 2025, fold = 3, lr = 0.0001, weight_decay = 0.001, epochs = 10
train 1: loss = 0.9615
val 1: loss = 0.7820 | acc = 0.3810 | precision = 0.3810 | recall = 1.0000 | f1 = 0.5517 | auc = 0.6538
train 2: loss = 0.7689
val 2: loss = 0.6261 | acc = 0.6190 | precision = 0.0000 | recall = 0.0000 | f1 = 0.0000 | auc = 0.6635
train 3: loss = 0.7379
val 3: loss = 0.9674 | acc = 0.6190 | precision = 0.0000 | recall = 0.0000 | f1 = 0.0000 | auc = 0.7019
train 4: loss = 0.7062
val 4: loss = 0.7809 | acc = 0.6190 | precision = 0.0000 | recall = 0.0000 | f1 = 0.0000 | auc = 0.7692
train 5: loss = 0.6380
val 5: loss = 0.9750 | acc = 0.6190 | precision = 0.0000 | recall = 0.0000 | f1 = 0.0000 | auc = 0.7596
train 6: loss = 0.5991
val 6: loss = 0.5278 | acc = 0.7143 | precision = 0.6000 | recall = 0.7500 | f1 = 0.6667 | auc = 0.8462
train 7: loss = 0.4982
val 7: loss = 0.4722 | acc = 0.7143 | precision = 0.6000 | recall = 0.7500 | f1 = 0.6667 | auc = 0.8750
train 8: loss = 0.4170
val 8: loss = 0.4143 | acc = 0.8571 | precision = 0.8571 | recall = 0.7500 | f1 = 0.8000 | auc = 0.8558
train 9: loss = 0.3837
val 9: loss = 0.3974 | acc = 0.9048 | precision = 1.0000 | recall = 0.7500 | f1 = 0.8571 | auc = 0.8942
train 10: loss = 0.3339
val 10: loss = 0.3677 | acc = 0.9048 | precision = 1.0000 | recall = 0.7500 | f1 = 0.8571 | auc = 0.8942
test: loss = 0.5561 | acc = 0.7561 | precision = 0.8889 | recall = 0.4706 | f1 = 0.6154 | auc = 0.8505

extraction = resnet50, seed = 2025, fold = 4, lr = 0.0001, weight_decay = 0.001, epochs = 10
train 1: loss = 1.0778
val 1: loss = 0.6432 | acc = 0.5714 | precision = 0.0000 | recall = 0.0000 | f1 = 0.0000 | auc = 0.7685
train 2: loss = 0.7610
val 2: loss = 0.6346 | acc = 0.5714 | precision = 0.0000 | recall = 0.0000 | f1 = 0.0000 | auc = 0.7315
train 3: loss = 0.7586
val 3: loss = 0.6404 | acc = 0.6190 | precision = 1.0000 | recall = 0.1111 | f1 = 0.2000 | auc = 0.7593
train 4: loss = 0.6813
val 4: loss = 0.8773 | acc = 0.5714 | precision = 0.0000 | recall = 0.0000 | f1 = 0.0000 | auc = 0.7870
train 5: loss = 0.7323
val 5: loss = 1.0034 | acc = 0.5714 | precision = 0.0000 | recall = 0.0000 | f1 = 0.0000 | auc = 0.7778
train 6: loss = 0.5907
val 6: loss = 0.5191 | acc = 0.8571 | precision = 0.8000 | recall = 0.8889 | f1 = 0.8421 | auc = 0.8796
train 7: loss = 0.5074
val 7: loss = 0.5742 | acc = 0.6667 | precision = 0.5625 | recall = 1.0000 | f1 = 0.7200 | auc = 0.8796
train 8: loss = 0.4513
val 8: loss = 0.4683 | acc = 0.7619 | precision = 0.7000 | recall = 0.7778 | f1 = 0.7368 | auc = 0.8519
train 9: loss = 0.4232
val 9: loss = 0.4761 | acc = 0.8095 | precision = 0.8571 | recall = 0.6667 | f1 = 0.7500 | auc = 0.8611
train 10: loss = 0.3755
val 10: loss = 0.4384 | acc = 0.7143 | precision = 0.6154 | recall = 0.8889 | f1 = 0.7273 | auc = 0.9074
test: loss = 0.5220 | acc = 0.7805 | precision = 0.6667 | recall = 0.6154 | f1 = 0.6400 | auc = 0.7665

extraction = resnet50, seed = 2025, fold = 5, lr = 0.0001, weight_decay = 0.001, epochs = 10
train 1: loss = 1.0217
val 1: loss = 0.6536 | acc = 0.6667 | precision = 0.8000 | recall = 0.4000 | f1 = 0.5333 | auc = 0.8182
train 2: loss = 0.7268
val 2: loss = 0.7255 | acc = 0.4762 | precision = 0.4762 | recall = 1.0000 | f1 = 0.6452 | auc = 0.8273
train 3: loss = 0.8236
val 3: loss = 0.6760 | acc = 0.7143 | precision = 1.0000 | recall = 0.4000 | f1 = 0.5714 | auc = 0.7364
train 4: loss = 0.7271
val 4: loss = 1.2040 | acc = 0.5238 | precision = 0.0000 | recall = 0.0000 | f1 = 0.0000 | auc = 0.7818
train 5: loss = 0.6807
val 5: loss = 1.0274 | acc = 0.5238 | precision = 0.0000 | recall = 0.0000 | f1 = 0.0000 | auc = 0.7818
train 6: loss = 0.6420
val 6: loss = 0.7451 | acc = 0.5238 | precision = 0.0000 | recall = 0.0000 | f1 = 0.0000 | auc = 0.8455
train 7: loss = 0.5628
val 7: loss = 0.7852 | acc = 0.5238 | precision = 0.0000 | recall = 0.0000 | f1 = 0.0000 | auc = 0.8545
train 8: loss = 0.5263
val 8: loss = 0.6979 | acc = 0.5714 | precision = 1.0000 | recall = 0.1000 | f1 = 0.1818 | auc = 0.8727
train 9: loss = 0.4512
val 9: loss = 0.5171 | acc = 0.7619 | precision = 1.0000 | recall = 0.5000 | f1 = 0.6667 | auc = 0.8727
train 10: loss = 0.3946
val 10: loss = 0.4879 | acc = 0.8571 | precision = 0.8889 | recall = 0.8000 | f1 = 0.8421 | auc = 0.8727
test: loss = 0.3355 | acc = 0.9000 | precision = 0.8333 | recall = 0.8333 | f1 = 0.8333 | auc = 0.9345

