extraction = gigapath, seed = 123, fold = 1, lr = 0.0001, weight_decay = 0.0005, epochs = 8
train 1: loss = 0.7740
val 1: loss = 0.7467 | acc = 0.4286 | precision = 0.4286 | recall = 1.0000 | f1 = 0.6000 | auc = 0.7708
train 2: loss = 0.4488
val 2: loss = 0.8446 | acc = 0.6429 | precision = 1.0000 | recall = 0.1667 | f1 = 0.2857 | auc = 0.6250
train 3: loss = 0.1221
val 3: loss = 0.4961 | acc = 0.7857 | precision = 0.7143 | recall = 0.8333 | f1 = 0.7692 | auc = 0.8333
train 4: loss = 0.0223
val 4: loss = 0.5910 | acc = 0.7143 | precision = 0.6250 | recall = 0.8333 | f1 = 0.7143 | auc = 0.8958
train 5: loss = 0.0067
val 5: loss = 0.5193 | acc = 0.7857 | precision = 0.7143 | recall = 0.8333 | f1 = 0.7692 | auc = 0.8542
train 6: loss = 0.0043
val 6: loss = 0.5278 | acc = 0.7857 | precision = 0.7143 | recall = 0.8333 | f1 = 0.7692 | auc = 0.8542
train 7: loss = 0.0034
val 7: loss = 0.5306 | acc = 0.7857 | precision = 0.7143 | recall = 0.8333 | f1 = 0.7692 | auc = 0.8542
train 8: loss = 0.0032
val 8: loss = 0.5315 | acc = 0.7857 | precision = 0.7143 | recall = 0.8333 | f1 = 0.7692 | auc = 0.8542
test: loss = 0.4939 | acc = 0.7143 | precision = 0.7059 | recall = 0.8000 | f1 = 0.7500 | auc = 0.8256

extraction = gigapath, seed = 123, fold = 2, lr = 0.0001, weight_decay = 0.0005, epochs = 8
train 1: loss = 0.7277
val 1: loss = 0.6982 | acc = 0.5714 | precision = 0.5385 | recall = 1.0000 | f1 = 0.7000 | auc = 0.8571
train 2: loss = 0.3283
val 2: loss = 1.1896 | acc = 0.6429 | precision = 1.0000 | recall = 0.2857 | f1 = 0.4444 | auc = 0.7551
train 3: loss = 0.1320
val 3: loss = 0.5510 | acc = 0.7143 | precision = 0.8000 | recall = 0.5714 | f1 = 0.6667 | auc = 0.8571
train 4: loss = 0.0131
val 4: loss = 0.4975 | acc = 0.8571 | precision = 0.8571 | recall = 0.8571 | f1 = 0.8571 | auc = 0.8980
train 5: loss = 0.0062
val 5: loss = 0.5287 | acc = 0.7857 | precision = 0.8333 | recall = 0.7143 | f1 = 0.7692 | auc = 0.9184
train 6: loss = 0.0037
val 6: loss = 0.5502 | acc = 0.7857 | precision = 0.8333 | recall = 0.7143 | f1 = 0.7692 | auc = 0.9184
train 7: loss = 0.0030
val 7: loss = 0.5637 | acc = 0.7857 | precision = 0.8333 | recall = 0.7143 | f1 = 0.7692 | auc = 0.9184
train 8: loss = 0.0028
val 8: loss = 0.5705 | acc = 0.7857 | precision = 0.8333 | recall = 0.7143 | f1 = 0.7692 | auc = 0.9184
test: loss = 1.0835 | acc = 0.5714 | precision = 0.4667 | recall = 0.6364 | f1 = 0.5385 | auc = 0.7005

extraction = gigapath, seed = 123, fold = 3, lr = 0.0001, weight_decay = 0.0005, epochs = 8
train 1: loss = 0.6911
val 1: loss = 0.5872 | acc = 0.5714 | precision = 0.5000 | recall = 1.0000 | f1 = 0.6667 | auc = 1.0000
train 2: loss = 0.3264
val 2: loss = 0.5635 | acc = 0.7143 | precision = 0.6250 | recall = 0.8333 | f1 = 0.7143 | auc = 0.8333
train 3: loss = 0.0952
val 3: loss = 0.3761 | acc = 0.7857 | precision = 0.6667 | recall = 1.0000 | f1 = 0.8000 | auc = 0.9167
train 4: loss = 0.0240
val 4: loss = 0.2922 | acc = 0.7143 | precision = 0.6667 | recall = 0.6667 | f1 = 0.6667 | auc = 0.9167
train 5: loss = 0.0067
val 5: loss = 0.4312 | acc = 0.7857 | precision = 0.6667 | recall = 1.0000 | f1 = 0.8000 | auc = 0.8958
train 6: loss = 0.0034
val 6: loss = 0.4230 | acc = 0.7143 | precision = 0.6250 | recall = 0.8333 | f1 = 0.7143 | auc = 0.8958
train 7: loss = 0.0028
val 7: loss = 0.4357 | acc = 0.7143 | precision = 0.6250 | recall = 0.8333 | f1 = 0.7143 | auc = 0.8958
train 8: loss = 0.0024
val 8: loss = 0.4391 | acc = 0.7143 | precision = 0.6250 | recall = 0.8333 | f1 = 0.7143 | auc = 0.8958
test: loss = 0.6220 | acc = 0.7500 | precision = 0.7333 | recall = 0.7857 | f1 = 0.7586 | auc = 0.8520

extraction = gigapath, seed = 123, fold = 4, lr = 0.0001, weight_decay = 0.0005, epochs = 8
train 1: loss = 0.7245
val 1: loss = 0.5702 | acc = 0.7857 | precision = 1.0000 | recall = 0.6250 | f1 = 0.7692 | auc = 0.8542
train 2: loss = 0.3224
val 2: loss = 0.6764 | acc = 0.7857 | precision = 1.0000 | recall = 0.6250 | f1 = 0.7692 | auc = 0.7500
train 3: loss = 0.1177
val 3: loss = 0.6238 | acc = 0.7857 | precision = 1.0000 | recall = 0.6250 | f1 = 0.7692 | auc = 0.8333
train 4: loss = 0.0309
val 4: loss = 0.7518 | acc = 0.7143 | precision = 0.8333 | recall = 0.6250 | f1 = 0.7143 | auc = 0.7708
train 5: loss = 0.0069
val 5: loss = 0.7986 | acc = 0.7857 | precision = 1.0000 | recall = 0.6250 | f1 = 0.7692 | auc = 0.8125
train 6: loss = 0.0036
val 6: loss = 0.8113 | acc = 0.7857 | precision = 1.0000 | recall = 0.6250 | f1 = 0.7692 | auc = 0.8125
train 7: loss = 0.0030
val 7: loss = 0.8200 | acc = 0.7857 | precision = 1.0000 | recall = 0.6250 | f1 = 0.7692 | auc = 0.8125
train 8: loss = 0.0026
val 8: loss = 0.8270 | acc = 0.7857 | precision = 1.0000 | recall = 0.6250 | f1 = 0.7692 | auc = 0.8125
test: loss = 0.5972 | acc = 0.6429 | precision = 0.7778 | recall = 0.4667 | f1 = 0.5833 | auc = 0.8359

extraction = gigapath, seed = 123, fold = 5, lr = 0.0001, weight_decay = 0.0005, epochs = 8
train 1: loss = 0.8110
val 1: loss = 0.7044 | acc = 0.5714 | precision = 1.0000 | recall = 0.2500 | f1 = 0.4000 | auc = 0.8333
train 2: loss = 0.4409
val 2: loss = 0.7040 | acc = 0.5714 | precision = 0.5833 | recall = 0.8750 | f1 = 0.7000 | auc = 0.7917
train 3: loss = 0.1723
val 3: loss = 0.4325 | acc = 0.8571 | precision = 0.8750 | recall = 0.8750 | f1 = 0.8750 | auc = 0.8958
train 4: loss = 0.0391
val 4: loss = 0.6592 | acc = 0.7857 | precision = 0.7778 | recall = 0.8750 | f1 = 0.8235 | auc = 0.8542
train 5: loss = 0.0077
val 5: loss = 0.6982 | acc = 0.7857 | precision = 0.7778 | recall = 0.8750 | f1 = 0.8235 | auc = 0.8750
train 6: loss = 0.0049
val 6: loss = 0.7167 | acc = 0.7857 | precision = 0.7778 | recall = 0.8750 | f1 = 0.8235 | auc = 0.8750
train 7: loss = 0.0039
val 7: loss = 0.7299 | acc = 0.7857 | precision = 0.7778 | recall = 0.8750 | f1 = 0.8235 | auc = 0.8750
train 8: loss = 0.0034
val 8: loss = 0.7352 | acc = 0.7857 | precision = 0.7778 | recall = 0.8750 | f1 = 0.8235 | auc = 0.8750
test: loss = 0.5820 | acc = 0.7037 | precision = 0.6154 | recall = 0.7273 | f1 = 0.6667 | auc = 0.8295

extraction = uni, seed = 123, fold = 1, lr = 0.0001, weight_decay = 0.0005, epochs = 8
train 1: loss = 0.6944
val 1: loss = 0.5164 | acc = 0.7857 | precision = 0.8000 | recall = 0.6667 | f1 = 0.7273 | auc = 0.8333
train 2: loss = 0.3539
val 2: loss = 0.9646 | acc = 0.5000 | precision = 0.4615 | recall = 1.0000 | f1 = 0.6316 | auc = 0.8958
train 3: loss = 0.1892
val 3: loss = 0.5964 | acc = 0.6429 | precision = 0.6000 | recall = 0.5000 | f1 = 0.5455 | auc = 0.6875
train 4: loss = 0.0588
val 4: loss = 0.6565 | acc = 0.5714 | precision = 0.5000 | recall = 0.8333 | f1 = 0.6250 | auc = 0.8125
train 5: loss = 0.0186
val 5: loss = 0.4985 | acc = 0.7143 | precision = 0.6667 | recall = 0.6667 | f1 = 0.6667 | auc = 0.7917
train 6: loss = 0.0089
val 6: loss = 0.5175 | acc = 0.7143 | precision = 0.6667 | recall = 0.6667 | f1 = 0.6667 | auc = 0.7708
train 7: loss = 0.0062
val 7: loss = 0.5247 | acc = 0.7143 | precision = 0.6667 | recall = 0.6667 | f1 = 0.6667 | auc = 0.7708
train 8: loss = 0.0057
val 8: loss = 0.5299 | acc = 0.7143 | precision = 0.6667 | recall = 0.6667 | f1 = 0.6667 | auc = 0.7708
test: loss = 0.6588 | acc = 0.7500 | precision = 0.7222 | recall = 0.8667 | f1 = 0.7879 | auc = 0.8410

extraction = uni, seed = 123, fold = 2, lr = 0.0001, weight_decay = 0.0005, epochs = 8
train 1: loss = 0.6621
val 1: loss = 0.7398 | acc = 0.6429 | precision = 1.0000 | recall = 0.2857 | f1 = 0.4444 | auc = 0.8163
train 2: loss = 0.3653
val 2: loss = 0.8161 | acc = 0.6429 | precision = 0.6000 | recall = 0.8571 | f1 = 0.7059 | auc = 0.8776
train 3: loss = 0.1631
val 3: loss = 0.9004 | acc = 0.7143 | precision = 0.6364 | recall = 1.0000 | f1 = 0.7778 | auc = 0.8571
train 4: loss = 0.0810
val 4: loss = 0.6139 | acc = 0.7857 | precision = 0.8333 | recall = 0.7143 | f1 = 0.7692 | auc = 0.8367
train 5: loss = 0.0197
val 5: loss = 0.6412 | acc = 0.7857 | precision = 0.8333 | recall = 0.7143 | f1 = 0.7692 | auc = 0.8571
train 6: loss = 0.0063
val 6: loss = 0.6653 | acc = 0.7857 | precision = 0.8333 | recall = 0.7143 | f1 = 0.7692 | auc = 0.8367
train 7: loss = 0.0047
val 7: loss = 0.6826 | acc = 0.7857 | precision = 0.8333 | recall = 0.7143 | f1 = 0.7692 | auc = 0.8367
train 8: loss = 0.0038
val 8: loss = 0.6884 | acc = 0.7857 | precision = 0.8333 | recall = 0.7143 | f1 = 0.7692 | auc = 0.8367
test: loss = 0.8948 | acc = 0.6786 | precision = 0.5833 | recall = 0.6364 | f1 = 0.6087 | auc = 0.7326

extraction = uni, seed = 123, fold = 3, lr = 0.0001, weight_decay = 0.0005, epochs = 8
train 1: loss = 0.7317
val 1: loss = 0.5927 | acc = 0.7143 | precision = 1.0000 | recall = 0.3333 | f1 = 0.5000 | auc = 0.8333
train 2: loss = 0.3619
val 2: loss = 0.8605 | acc = 0.6429 | precision = 0.5455 | recall = 1.0000 | f1 = 0.7059 | auc = 0.8750
train 3: loss = 0.1468
val 3: loss = 0.9675 | acc = 0.6429 | precision = 0.5455 | recall = 1.0000 | f1 = 0.7059 | auc = 0.9167
train 4: loss = 0.0431
val 4: loss = 0.4524 | acc = 0.7857 | precision = 0.7143 | recall = 0.8333 | f1 = 0.7692 | auc = 0.8958
train 5: loss = 0.0146
val 5: loss = 0.5435 | acc = 0.7143 | precision = 0.6250 | recall = 0.8333 | f1 = 0.7143 | auc = 0.9375
train 6: loss = 0.0056
val 6: loss = 0.5563 | acc = 0.7143 | precision = 0.6250 | recall = 0.8333 | f1 = 0.7143 | auc = 0.9375
train 7: loss = 0.0041
val 7: loss = 0.5586 | acc = 0.7143 | precision = 0.6250 | recall = 0.8333 | f1 = 0.7143 | auc = 0.9375
train 8: loss = 0.0035
val 8: loss = 0.5625 | acc = 0.7143 | precision = 0.6250 | recall = 0.8333 | f1 = 0.7143 | auc = 0.9375
test: loss = 0.8050 | acc = 0.7143 | precision = 0.7143 | recall = 0.7143 | f1 = 0.7143 | auc = 0.7602

extraction = uni, seed = 123, fold = 4, lr = 0.0001, weight_decay = 0.0005, epochs = 8
train 1: loss = 0.6355
val 1: loss = 0.9884 | acc = 0.5714 | precision = 1.0000 | recall = 0.2500 | f1 = 0.4000 | auc = 0.8542
train 2: loss = 0.3515
val 2: loss = 0.4851 | acc = 0.7857 | precision = 0.8571 | recall = 0.7500 | f1 = 0.8000 | auc = 0.8542
train 3: loss = 0.1092
val 3: loss = 0.6332 | acc = 0.8571 | precision = 1.0000 | recall = 0.7500 | f1 = 0.8571 | auc = 0.8333
train 4: loss = 0.0251
val 4: loss = 1.3980 | acc = 0.6429 | precision = 1.0000 | recall = 0.3750 | f1 = 0.5455 | auc = 0.8333
train 5: loss = 0.0151
val 5: loss = 0.7225 | acc = 0.7143 | precision = 0.7500 | recall = 0.7500 | f1 = 0.7500 | auc = 0.8333
train 6: loss = 0.0037
val 6: loss = 0.7897 | acc = 0.8571 | precision = 1.0000 | recall = 0.7500 | f1 = 0.8571 | auc = 0.8333
train 7: loss = 0.0027
val 7: loss = 0.8145 | acc = 0.8571 | precision = 1.0000 | recall = 0.7500 | f1 = 0.8571 | auc = 0.8333
train 8: loss = 0.0025
val 8: loss = 0.8177 | acc = 0.8571 | precision = 1.0000 | recall = 0.7500 | f1 = 0.8571 | auc = 0.8333
test: loss = 0.5916 | acc = 0.6429 | precision = 0.6923 | recall = 0.6000 | f1 = 0.6429 | auc = 0.7692

extraction = uni, seed = 123, fold = 5, lr = 0.0001, weight_decay = 0.0005, epochs = 8
train 1: loss = 0.6997
val 1: loss = 0.6532 | acc = 0.6429 | precision = 0.8000 | recall = 0.5000 | f1 = 0.6154 | auc = 0.7917
train 2: loss = 0.3359
val 2: loss = 0.8542 | acc = 0.5714 | precision = 0.6667 | recall = 0.5000 | f1 = 0.5714 | auc = 0.5417
train 3: loss = 0.1076
val 3: loss = 1.0000 | acc = 0.6429 | precision = 0.8000 | recall = 0.5000 | f1 = 0.6154 | auc = 0.6458
train 4: loss = 0.0273
val 4: loss = 0.9878 | acc = 0.6429 | precision = 0.8000 | recall = 0.5000 | f1 = 0.6154 | auc = 0.7083
train 5: loss = 0.0080
val 5: loss = 1.1515 | acc = 0.6429 | precision = 0.8000 | recall = 0.5000 | f1 = 0.6154 | auc = 0.7292
train 6: loss = 0.0045
val 6: loss = 1.1788 | acc = 0.6429 | precision = 0.8000 | recall = 0.5000 | f1 = 0.6154 | auc = 0.7292
train 7: loss = 0.0035
val 7: loss = 1.1957 | acc = 0.6429 | precision = 0.8000 | recall = 0.5000 | f1 = 0.6154 | auc = 0.7292
train 8: loss = 0.0031
val 8: loss = 1.2058 | acc = 0.6429 | precision = 0.8000 | recall = 0.5000 | f1 = 0.6154 | auc = 0.7292
test: loss = 0.4405 | acc = 0.8519 | precision = 0.8182 | recall = 0.8182 | f1 = 0.8182 | auc = 0.8920

extraction = resnet50, seed = 123, fold = 1, lr = 0.0001, weight_decay = 0.0005, epochs = 8
train 1: loss = 0.8423
val 1: loss = 0.7173 | acc = 0.5714 | precision = 0.0000 | recall = 0.0000 | f1 = 0.0000 | auc = 0.4792
train 2: loss = 0.7456
val 2: loss = 0.7919 | acc = 0.4286 | precision = 0.4286 | recall = 1.0000 | f1 = 0.6000 | auc = 0.3958
train 3: loss = 0.6560
val 3: loss = 0.7368 | acc = 0.5000 | precision = 0.4545 | recall = 0.8333 | f1 = 0.5882 | auc = 0.4792
train 4: loss = 0.5621
val 4: loss = 0.7591 | acc = 0.5000 | precision = 0.3333 | recall = 0.1667 | f1 = 0.2222 | auc = 0.3750
train 5: loss = 0.4123
val 5: loss = 0.7960 | acc = 0.5714 | precision = 0.5000 | recall = 0.8333 | f1 = 0.6250 | auc = 0.5417
train 6: loss = 0.2862
val 6: loss = 0.7949 | acc = 0.5714 | precision = 0.5000 | recall = 0.1667 | f1 = 0.2500 | auc = 0.4583
train 7: loss = 0.1580
val 7: loss = 0.7382 | acc = 0.5000 | precision = 0.3333 | recall = 0.1667 | f1 = 0.2222 | auc = 0.6250
train 8: loss = 0.1053
val 8: loss = 0.7037 | acc = 0.6429 | precision = 0.5714 | recall = 0.6667 | f1 = 0.6154 | auc = 0.6667
test: loss = 0.8408 | acc = 0.6429 | precision = 0.6316 | recall = 0.8000 | f1 = 0.7059 | auc = 0.6718

extraction = resnet50, seed = 123, fold = 2, lr = 0.0001, weight_decay = 0.0005, epochs = 8
train 1: loss = 0.7955
val 1: loss = 0.9518 | acc = 0.5000 | precision = 0.0000 | recall = 0.0000 | f1 = 0.0000 | auc = 0.5510
train 2: loss = 0.7462
val 2: loss = 0.8314 | acc = 0.5000 | precision = 0.5000 | recall = 1.0000 | f1 = 0.6667 | auc = 0.5306
train 3: loss = 0.6735
val 3: loss = 0.6912 | acc = 0.6429 | precision = 0.5833 | recall = 1.0000 | f1 = 0.7368 | auc = 0.5102
train 4: loss = 0.5947
val 4: loss = 0.6945 | acc = 0.7143 | precision = 0.6364 | recall = 1.0000 | f1 = 0.7778 | auc = 0.6122
train 5: loss = 0.4444
val 5: loss = 0.7264 | acc = 0.5000 | precision = 0.5000 | recall = 0.5714 | f1 = 0.5333 | auc = 0.6327
train 6: loss = 0.2295
val 6: loss = 0.8029 | acc = 0.5000 | precision = 0.5000 | recall = 0.1429 | f1 = 0.2222 | auc = 0.6327
train 7: loss = 0.1267
val 7: loss = 0.7992 | acc = 0.6429 | precision = 0.6667 | recall = 0.5714 | f1 = 0.6154 | auc = 0.6327
train 8: loss = 0.0825
val 8: loss = 0.7910 | acc = 0.6429 | precision = 0.6667 | recall = 0.5714 | f1 = 0.6154 | auc = 0.6327
test: loss = 0.7585 | acc = 0.5000 | precision = 0.4348 | recall = 0.9091 | f1 = 0.5882 | auc = 0.5187

extraction = resnet50, seed = 123, fold = 3, lr = 0.0001, weight_decay = 0.0005, epochs = 8
train 1: loss = 0.8031
val 1: loss = 0.7297 | acc = 0.5714 | precision = 0.0000 | recall = 0.0000 | f1 = 0.0000 | auc = 0.4792
train 2: loss = 0.6876
val 2: loss = 1.1089 | acc = 0.4286 | precision = 0.4286 | recall = 1.0000 | f1 = 0.6000 | auc = 0.4583
train 3: loss = 0.7179
val 3: loss = 0.9110 | acc = 0.4286 | precision = 0.4286 | recall = 1.0000 | f1 = 0.6000 | auc = 0.4167
train 4: loss = 0.6545
val 4: loss = 0.6841 | acc = 0.6429 | precision = 0.6667 | recall = 0.3333 | f1 = 0.4444 | auc = 0.5000
train 5: loss = 0.5832
val 5: loss = 0.8635 | acc = 0.5000 | precision = 0.4615 | recall = 1.0000 | f1 = 0.6316 | auc = 0.5625
train 6: loss = 0.4509
val 6: loss = 0.6003 | acc = 0.5714 | precision = 0.5000 | recall = 0.5000 | f1 = 0.5000 | auc = 0.7292
train 7: loss = 0.2828
val 7: loss = 0.6385 | acc = 0.5714 | precision = 0.5000 | recall = 0.6667 | f1 = 0.5714 | auc = 0.7500
train 8: loss = 0.2104
val 8: loss = 0.6636 | acc = 0.6429 | precision = 0.5556 | recall = 0.8333 | f1 = 0.6667 | auc = 0.7708
test: loss = 0.7252 | acc = 0.5357 | precision = 0.5556 | recall = 0.3571 | f1 = 0.4348 | auc = 0.6480

extraction = resnet50, seed = 123, fold = 4, lr = 0.0001, weight_decay = 0.0005, epochs = 8
train 1: loss = 0.7070
val 1: loss = 1.0841 | acc = 0.4286 | precision = 0.0000 | recall = 0.0000 | f1 = 0.0000 | auc = 0.5208
train 2: loss = 0.7424
val 2: loss = 0.6585 | acc = 0.6429 | precision = 0.6154 | recall = 1.0000 | f1 = 0.7619 | auc = 0.6667
train 3: loss = 0.6238
val 3: loss = 0.6431 | acc = 0.6429 | precision = 0.6154 | recall = 1.0000 | f1 = 0.7619 | auc = 0.6667
train 4: loss = 0.6112
val 4: loss = 0.6335 | acc = 0.5714 | precision = 0.6667 | recall = 0.5000 | f1 = 0.5714 | auc = 0.6667
train 5: loss = 0.4393
val 5: loss = 0.5695 | acc = 0.5714 | precision = 0.6000 | recall = 0.7500 | f1 = 0.6667 | auc = 0.7292
train 6: loss = 0.2811
val 6: loss = 0.5435 | acc = 0.6429 | precision = 0.7143 | recall = 0.6250 | f1 = 0.6667 | auc = 0.7708
train 7: loss = 0.1491
val 7: loss = 0.5440 | acc = 0.7143 | precision = 0.7500 | recall = 0.7500 | f1 = 0.7500 | auc = 0.7917
train 8: loss = 0.1002
val 8: loss = 0.5713 | acc = 0.7143 | precision = 0.8333 | recall = 0.6250 | f1 = 0.7143 | auc = 0.7917
test: loss = 0.7421 | acc = 0.6071 | precision = 0.6429 | recall = 0.6000 | f1 = 0.6207 | auc = 0.5949

extraction = resnet50, seed = 123, fold = 5, lr = 0.0001, weight_decay = 0.0005, epochs = 8
train 1: loss = 0.8035
val 1: loss = 0.6703 | acc = 0.7143 | precision = 0.6667 | recall = 1.0000 | f1 = 0.8000 | auc = 0.6042
train 2: loss = 0.6723
val 2: loss = 0.6638 | acc = 0.6429 | precision = 0.6364 | recall = 0.8750 | f1 = 0.7368 | auc = 0.5417
train 3: loss = 0.6703
val 3: loss = 0.6728 | acc = 0.5714 | precision = 0.5833 | recall = 0.8750 | f1 = 0.7000 | auc = 0.5625
train 4: loss = 0.6446
val 4: loss = 0.6682 | acc = 0.6429 | precision = 0.7143 | recall = 0.6250 | f1 = 0.6667 | auc = 0.6875
train 5: loss = 0.5440
val 5: loss = 0.6920 | acc = 0.5714 | precision = 0.6250 | recall = 0.6250 | f1 = 0.6250 | auc = 0.6458
train 6: loss = 0.3958
val 6: loss = 0.7545 | acc = 0.5000 | precision = 0.6667 | recall = 0.2500 | f1 = 0.3636 | auc = 0.6875
train 7: loss = 0.2495
val 7: loss = 0.6955 | acc = 0.7143 | precision = 0.8333 | recall = 0.6250 | f1 = 0.7143 | auc = 0.6042
train 8: loss = 0.1747
val 8: loss = 0.7358 | acc = 0.7143 | precision = 0.8333 | recall = 0.6250 | f1 = 0.7143 | auc = 0.6250
test: loss = 0.7382 | acc = 0.4074 | precision = 0.3810 | recall = 0.7273 | f1 = 0.5000 | auc = 0.5625

